TN:
SF:src\app.controller.ts
FN:10,(anonymous_2)
FN:15,(anonymous_3)
FN:20,(anonymous_4)
FN:34,(anonymous_5)
FN:48,(anonymous_6)
FN:63,(anonymous_7)
FN:77,(anonymous_8)
FN:91,(anonymous_9)
FN:105,(anonymous_10)
FN:119,(anonymous_11)
FN:133,(anonymous_12)
FN:147,(anonymous_13)
FN:161,(anonymous_14)
FN:175,(anonymous_15)
FN:189,(anonymous_16)
FN:203,(anonymous_17)
FN:217,(anonymous_18)
FNF:17
FNH:17
FNDA:16,(anonymous_2)
FNDA:1,(anonymous_3)
FNDA:1,(anonymous_4)
FNDA:1,(anonymous_5)
FNDA:1,(anonymous_6)
FNDA:1,(anonymous_7)
FNDA:1,(anonymous_8)
FNDA:1,(anonymous_9)
FNDA:1,(anonymous_10)
FNDA:1,(anonymous_11)
FNDA:1,(anonymous_12)
FNDA:1,(anonymous_13)
FNDA:1,(anonymous_14)
FNDA:1,(anonymous_15)
FNDA:1,(anonymous_16)
FNDA:1,(anonymous_17)
FNDA:1,(anonymous_18)
DA:2,2
DA:3,2
DA:4,2
DA:5,2
DA:6,2
DA:9,2
DA:10,16
DA:11,16
DA:12,16
DA:15,2
DA:16,1
DA:17,1
DA:20,2
DA:21,1
DA:22,1
DA:23,1
DA:24,0
DA:31,1
DA:34,2
DA:35,1
DA:36,1
DA:37,1
DA:38,0
DA:45,1
DA:48,2
DA:49,1
DA:50,1
DA:52,1
DA:53,0
DA:60,1
DA:63,2
DA:64,1
DA:65,1
DA:66,1
DA:67,0
DA:74,1
DA:77,2
DA:78,1
DA:79,1
DA:80,1
DA:81,0
DA:88,1
DA:91,2
DA:92,1
DA:93,1
DA:94,1
DA:95,0
DA:102,1
DA:105,2
DA:106,1
DA:107,1
DA:108,1
DA:109,0
DA:116,1
DA:119,2
DA:120,1
DA:121,1
DA:122,1
DA:123,0
DA:130,1
DA:133,2
DA:134,1
DA:135,1
DA:136,1
DA:137,0
DA:144,1
DA:147,2
DA:148,1
DA:149,1
DA:150,1
DA:151,0
DA:158,1
DA:161,2
DA:162,1
DA:163,1
DA:164,1
DA:165,0
DA:172,1
DA:175,2
DA:176,1
DA:177,1
DA:178,1
DA:179,0
DA:186,1
DA:189,2
DA:190,1
DA:191,1
DA:192,1
DA:193,0
DA:200,1
DA:203,2
DA:204,1
DA:205,1
DA:206,1
DA:207,0
DA:214,1
DA:217,2
DA:218,1
DA:219,1
DA:220,1
DA:221,0
DA:228,1
LF:102
LH:87
BRDA:23,0,0,0
BRDA:37,1,0,0
BRDA:52,2,0,0
BRDA:66,3,0,0
BRDA:80,4,0,0
BRDA:94,5,0,0
BRDA:108,6,0,0
BRDA:122,7,0,0
BRDA:136,8,0,0
BRDA:150,9,0,0
BRDA:164,10,0,0
BRDA:178,11,0,0
BRDA:192,12,0,0
BRDA:206,13,0,0
BRDA:220,14,0,0
BRF:15
BRH:0
end_of_record
TN:
SF:src\main.ts
FN:6,bootstrap
FNF:1
FNH:1
FNDA:1,bootstrap
DA:2,1
DA:3,1
DA:4,1
DA:7,1
DA:14,1
DA:16,1
LF:6
LH:6
BRF:0
BRH:0
end_of_record
TN:
SF:src\redis.provider.ts
FN:8,(anonymous_0)
FNF:1
FNH:1
FNDA:2,(anonymous_0)
DA:3,3
DA:4,3
DA:6,3
DA:9,2
DA:10,2
DA:11,1
DA:13,1
LF:7
LH:7
BRDA:10,0,0,1
BRF:1
BRH:1
end_of_record
TN:
SF:src\entity\organisation.entity.ts
FN:14,(anonymous_2)
FN:14,(anonymous_3)
FN:17,(anonymous_4)
FN:17,(anonymous_5)
FNF:4
FNH:0
FNDA:0,(anonymous_2)
FNDA:0,(anonymous_3)
FNDA:0,(anonymous_4)
FNDA:0,(anonymous_5)
DA:2,5
DA:3,5
DA:4,5
DA:7,5
DA:8,5
DA:11,5
DA:14,5
DA:17,5
LF:8
LH:8
BRF:0
BRH:0
end_of_record
TN:
SF:src\entity\user.entity.ts
FN:31,(anonymous_2)
FN:31,(anonymous_3)
FN:35,(anonymous_4)
FN:35,(anonymous_5)
FNF:4
FNH:0
FNDA:0,(anonymous_2)
FNDA:0,(anonymous_3)
FNDA:0,(anonymous_4)
FNDA:0,(anonymous_5)
DA:2,5
DA:3,5
DA:4,5
DA:9,5
DA:10,5
DA:13,5
DA:16,5
DA:19,5
DA:22,5
DA:25,5
DA:28,5
DA:31,5
DA:35,5
DA:39,5
LF:14
LH:14
BRF:0
BRH:0
end_of_record
TN:
SF:src\entity\userGroup.entity.ts
FN:17,(anonymous_2)
FN:17,(anonymous_3)
FN:21,(anonymous_4)
FN:21,(anonymous_5)
FNF:4
FNH:0
FNDA:0,(anonymous_2)
FNDA:0,(anonymous_3)
FNDA:0,(anonymous_4)
FNDA:0,(anonymous_5)
DA:2,5
DA:3,5
DA:4,5
DA:7,5
DA:8,5
DA:11,5
DA:14,5
DA:17,5
DA:21,5
DA:24,5
DA:27,5
LF:11
LH:11
BRF:0
BRH:0
end_of_record
TN:
SF:src\services\auth.service.ts
FN:16,(anonymous_5)
FN:20,(anonymous_6)
FN:59,(anonymous_7)
FN:74,(anonymous_8)
FN:99,(anonymous_9)
FN:127,(anonymous_10)
FNF:6
FNH:5
FNDA:9,(anonymous_5)
FNDA:2,(anonymous_6)
FNDA:2,(anonymous_7)
FNDA:0,(anonymous_8)
FNDA:2,(anonymous_9)
FNDA:2,(anonymous_10)
DA:2,3
DA:3,3
DA:4,3
DA:5,3
DA:6,3
DA:7,3
DA:8,3
DA:9,3
DA:10,3
DA:11,3
DA:12,3
DA:15,3
DA:16,9
DA:17,9
DA:18,9
DA:21,2
DA:22,0
DA:25,2
DA:26,2
DA:27,2
DA:28,2
DA:29,2
DA:30,2
DA:31,2
DA:34,2
DA:37,2
DA:38,2
DA:41,1
DA:42,1
DA:45,1
DA:47,1
DA:50,0
DA:54,0
DA:60,2
DA:61,2
DA:62,1
DA:65,1
DA:66,1
DA:67,1
DA:68,1
DA:69,1
DA:70,1
DA:76,0
DA:84,0
DA:85,0
DA:88,0
DA:96,0
DA:101,2
DA:102,2
DA:103,1
DA:107,1
DA:108,1
DA:109,1
DA:110,0
DA:115,1
DA:116,1
DA:117,1
DA:118,1
DA:121,1
DA:123,1
DA:129,2
DA:130,2
DA:132,2
DA:133,1
DA:138,1
DA:139,1
DA:140,1
DA:141,1
DA:142,1
DA:144,1
DA:145,1
DA:148,1
DA:149,0
DA:158,1
DA:163,1
DA:164,1
DA:165,1
DA:168,1
LF:78
LH:68
BRDA:21,0,0,0
BRDA:21,1,0,2
BRDA:21,1,1,2
BRDA:21,1,2,2
BRDA:21,1,3,2
BRDA:26,2,0,2
BRDA:26,2,1,0
BRDA:28,3,0,2
BRDA:28,3,1,0
BRDA:61,4,0,1
BRDA:102,5,0,1
BRDA:109,6,0,0
BRDA:132,7,0,1
BRDA:141,8,0,1
BRDA:148,9,0,0
BRF:15
BRH:10
end_of_record
TN:
SF:src\services\user-data-products-management.service.ts
FN:16,(anonymous_4)
FN:21,(anonymous_5)
FN:149,(anonymous_6)
FNF:3
FNH:3
FNDA:13,(anonymous_4)
FNDA:6,(anonymous_5)
FNDA:6,(anonymous_6)
DA:2,3
DA:3,3
DA:4,3
DA:5,3
DA:6,3
DA:7,3
DA:8,3
DA:9,3
DA:10,3
DA:15,3
DA:16,13
DA:17,13
DA:18,13
DA:19,13
DA:22,6
DA:23,1
DA:30,5
DA:31,3
DA:32,3
DA:37,3
DA:38,3
DA:41,3
DA:42,1
DA:43,1
DA:44,1
DA:51,1
DA:52,1
DA:53,1
DA:54,1
DA:55,0
DA:56,0
DA:57,0
DA:58,0
DA:60,0
DA:63,1
DA:64,1
DA:65,0
DA:68,1
DA:69,1
DA:70,1
DA:71,1
DA:74,0
DA:75,0
DA:79,2
DA:80,2
DA:85,2
DA:86,2
DA:87,1
DA:90,1
DA:91,1
DA:92,1
DA:93,1
DA:94,1
DA:99,1
DA:100,1
DA:103,1
DA:104,0
DA:105,0
DA:106,0
DA:113,0
DA:114,0
DA:115,0
DA:116,0
DA:117,0
DA:118,0
DA:119,0
DA:120,0
DA:122,0
DA:125,0
DA:126,0
DA:127,0
DA:130,0
DA:131,0
DA:132,0
DA:135,0
DA:136,0
DA:140,1
DA:141,1
DA:146,0
DA:150,6
DA:152,2
DA:153,2
DA:155,2
DA:156,2
DA:157,1
DA:160,1
DA:161,1
DA:162,1
DA:164,4
DA:166,3
DA:167,3
DA:168,3
DA:169,3
DA:171,2
DA:172,2
DA:174,2
DA:175,2
DA:176,1
DA:179,1
DA:180,1
DA:181,1
DA:184,1
DA:188,1
LF:103
LH:74
BRDA:22,0,0,1
BRDA:22,1,0,6
BRDA:22,1,1,5
BRDA:30,2,0,3
BRDA:30,2,1,2
BRDA:53,3,0,1
BRDA:53,3,1,0
BRDA:55,4,0,0
BRDA:55,4,1,0
BRDA:57,5,0,0
BRDA:57,5,1,0
BRDA:64,6,0,0
BRDA:86,7,0,1
BRDA:92,8,0,1
BRDA:115,9,0,0
BRDA:115,9,1,0
BRDA:117,10,0,0
BRDA:117,10,1,0
BRDA:119,11,0,0
BRDA:119,11,1,0
BRDA:126,12,0,0
BRDA:150,13,0,2
BRDA:150,13,1,4
BRDA:152,14,0,2
BRDA:156,15,0,1
BRDA:164,16,0,3
BRDA:164,16,1,1
BRDA:169,17,0,2
BRDA:169,17,1,1
BRDA:171,18,0,2
BRDA:175,19,0,1
BRF:31
BRH:18
end_of_record
TN:
SF:src\services\user-organisation-mangement.service.ts
FN:16,(anonymous_4)
FN:21,(anonymous_5)
FN:52,(anonymous_6)
FN:94,(anonymous_7)
FN:105,(anonymous_8)
FN:181,(anonymous_9)
FN:235,(anonymous_10)
FN:285,(anonymous_11)
FN:310,(anonymous_12)
FN:317,(anonymous_13)
FN:344,(anonymous_14)
FN:351,(anonymous_15)
FN:384,(anonymous_16)
FN:401,(anonymous_17)
FN:403,(anonymous_18)
FN:416,(anonymous_19)
FN:455,(anonymous_20)
FN:472,(anonymous_21)
FN:474,(anonymous_22)
FN:486,(anonymous_23)
FN:524,(anonymous_24)
FN:559,(anonymous_25)
FN:586,(anonymous_26)
FN:593,(anonymous_27)
FN:608,(anonymous_28)
FN:646,(anonymous_29)
FN:652,(anonymous_30)
FNF:27
FNH:22
FNDA:51,(anonymous_4)
FNDA:3,(anonymous_5)
FNDA:3,(anonymous_6)
FNDA:2,(anonymous_7)
FNDA:6,(anonymous_8)
FNDA:6,(anonymous_9)
FNDA:4,(anonymous_10)
FNDA:0,(anonymous_11)
FNDA:0,(anonymous_12)
FNDA:0,(anonymous_13)
FNDA:0,(anonymous_14)
FNDA:6,(anonymous_15)
FNDA:2,(anonymous_16)
FNDA:1,(anonymous_17)
FNDA:1,(anonymous_18)
FNDA:7,(anonymous_19)
FNDA:2,(anonymous_20)
FNDA:3,(anonymous_21)
FNDA:2,(anonymous_22)
FNDA:6,(anonymous_23)
FNDA:1,(anonymous_24)
FNDA:4,(anonymous_25)
FNDA:1,(anonymous_26)
FNDA:1,(anonymous_27)
FNDA:5,(anonymous_28)
FNDA:0,(anonymous_29)
FNDA:1,(anonymous_30)
DA:2,3
DA:3,3
DA:4,3
DA:5,3
DA:6,3
DA:7,3
DA:8,3
DA:9,3
DA:10,3
DA:11,3
DA:12,3
DA:13,3
DA:15,3
DA:16,51
DA:17,51
DA:18,51
DA:19,51
DA:24,3
DA:25,3
DA:26,1
DA:31,2
DA:32,2
DA:33,2
DA:37,2
DA:38,1
DA:43,1
DA:45,1
DA:47,1
DA:53,3
DA:54,3
DA:55,1
DA:60,2
DA:61,2
DA:62,2
DA:66,2
DA:67,1
DA:72,1
DA:73,1
DA:74,1
DA:75,1
DA:76,1
DA:77,1
DA:78,1
DA:79,1
DA:80,2
DA:81,2
DA:82,2
DA:83,2
DA:88,2
DA:89,2
DA:90,2
DA:93,1
DA:94,2
DA:95,1
DA:96,1
DA:99,1
DA:108,6
DA:109,6
DA:110,1
DA:115,5
DA:116,5
DA:117,5
DA:121,5
DA:122,1
DA:127,4
DA:129,4
DA:130,1
DA:137,3
DA:138,3
DA:139,1
DA:145,2
DA:146,1
DA:153,1
DA:154,1
DA:155,1
DA:158,1
DA:159,1
DA:160,1
DA:161,1
DA:163,1
DA:166,1
DA:167,1
DA:168,1
DA:169,1
DA:171,1
DA:173,1
DA:175,1
DA:183,6
DA:184,6
DA:185,1
DA:190,5
DA:191,5
DA:192,1
DA:197,4
DA:198,4
DA:200,4
DA:201,3
DA:202,3
DA:203,1
DA:208,2
DA:209,1
DA:214,1
DA:215,1
DA:216,1
DA:217,1
DA:220,1
DA:222,1
DA:228,1
DA:237,4
DA:238,4
DA:239,1
DA:244,3
DA:245,3
DA:246,3
DA:247,3
DA:248,3
DA:250,3
DA:251,3
DA:252,1
DA:257,2
DA:258,1
DA:260,1
DA:261,1
DA:262,1
DA:263,1
DA:269,1
DA:272,1
DA:273,1
DA:275,1
DA:276,1
DA:287,0
DA:295,0
DA:296,0
DA:297,0
DA:299,0
DA:310,0
DA:311,0
DA:312,0
DA:319,0
DA:327,0
DA:328,0
DA:329,0
DA:332,0
DA:344,0
DA:345,0
DA:346,0
DA:353,6
DA:354,6
DA:355,1
DA:360,5
DA:363,5
DA:367,5
DA:368,1
DA:375,4
DA:376,4
DA:377,1
DA:384,3
DA:385,3
DA:386,1
DA:393,2
DA:394,1
DA:401,1
DA:403,1
DA:406,1
DA:407,1
DA:408,1
DA:410,1
DA:418,7
DA:419,7
DA:420,1
DA:425,6
DA:426,6
DA:429,6
DA:430,1
DA:437,5
DA:438,5
DA:439,1
DA:446,4
DA:447,4
DA:448,1
DA:455,3
DA:456,3
DA:457,1
DA:464,2
DA:465,0
DA:472,3
DA:474,2
DA:477,2
DA:478,2
DA:480,2
DA:489,6
DA:490,6
DA:491,1
DA:498,5
DA:500,5
DA:503,5
DA:507,5
DA:508,1
DA:515,4
DA:516,4
DA:517,1
DA:524,3
DA:525,3
DA:526,1
DA:533,2
DA:534,2
DA:535,1
DA:543,1
DA:544,1
DA:547,1
DA:551,1
DA:552,1
DA:553,1
DA:560,4
DA:561,4
DA:562,1
DA:567,3
DA:569,3
DA:570,3
DA:571,1
DA:577,2
DA:578,2
DA:579,1
DA:586,1
DA:587,1
DA:590,1
DA:591,1
DA:592,1
DA:593,1
DA:594,1
DA:600,1
DA:601,1
DA:602,1
DA:603,1
DA:604,1
DA:605,1
DA:610,5
DA:611,5
DA:612,1
DA:617,4
DA:618,4
DA:621,4
DA:622,1
DA:629,3
DA:630,3
DA:631,1
DA:638,2
DA:639,2
DA:640,1
DA:646,1
DA:647,1
DA:650,1
DA:651,1
DA:652,1
DA:653,1
DA:658,1
DA:659,1
DA:660,1
DA:661,1
LF:259
LH:242
BRDA:25,0,0,1
BRDA:37,1,0,1
BRDA:54,2,0,1
BRDA:66,3,0,1
BRDA:76,4,0,1
BRDA:81,5,0,2
BRDA:109,6,0,1
BRDA:121,7,0,1
BRDA:129,8,0,1
BRDA:129,9,0,4
BRDA:129,9,1,1
BRDA:138,10,0,1
BRDA:145,11,0,1
BRDA:184,12,0,1
BRDA:191,13,0,1
BRDA:197,14,0,0
BRDA:197,14,1,4
BRDA:197,15,0,4
BRDA:197,15,1,4
BRDA:200,16,0,3
BRDA:200,16,1,1
BRDA:202,17,0,1
BRDA:202,17,1,2
BRDA:208,18,0,1
BRDA:238,19,0,1
BRDA:248,20,0,3
BRDA:248,21,0,3
BRDA:248,21,1,0
BRDA:251,22,0,1
BRDA:251,22,1,2
BRDA:257,23,0,1
BRDA:257,23,1,1
BRDA:311,24,0,0
BRDA:345,25,0,0
BRDA:354,26,0,1
BRDA:367,27,0,1
BRDA:376,28,0,1
BRDA:385,29,0,1
BRDA:393,30,0,1
BRDA:393,31,0,2
BRDA:393,31,1,1
BRDA:419,32,0,1
BRDA:429,33,0,1
BRDA:438,34,0,1
BRDA:447,35,0,1
BRDA:456,36,0,1
BRDA:464,37,0,0
BRDA:464,38,0,2
BRDA:464,38,1,0
BRDA:490,39,0,1
BRDA:507,40,0,1
BRDA:516,41,0,1
BRDA:525,42,0,1
BRDA:533,43,0,2
BRDA:533,44,0,2
BRDA:533,44,1,2
BRDA:534,45,0,1
BRDA:534,46,0,0
BRDA:534,46,1,2
BRDA:534,47,0,2
BRDA:534,47,1,2
BRDA:534,48,0,0
BRDA:534,48,1,2
BRDA:534,49,0,2
BRDA:534,49,1,2
BRDA:561,50,0,1
BRDA:570,51,0,1
BRDA:578,52,0,1
BRDA:590,53,0,1
BRDA:592,54,0,1
BRDA:611,55,0,1
BRDA:621,56,0,1
BRDA:630,57,0,1
BRDA:639,58,0,1
BRDA:650,59,0,1
BRF:75
BRH:67
end_of_record
