TN:
SF:src\app.controller.ts
FN:12,(anonymous_2)
FN:19,(anonymous_3)
FN:24,(anonymous_4)
FN:38,(anonymous_5)
FN:52,(anonymous_6)
FN:67,(anonymous_7)
FN:83,(anonymous_8)
FN:98,(anonymous_9)
FN:113,(anonymous_10)
FN:126,(anonymous_11)
FN:139,(anonymous_12)
FN:152,(anonymous_13)
FN:165,(anonymous_14)
FN:179,(anonymous_15)
FN:193,(anonymous_16)
FN:207,(anonymous_17)
FN:221,(anonymous_18)
FN:235,(anonymous_19)
FN:249,(anonymous_20)
FN:263,(anonymous_21)
FN:277,(anonymous_22)
FN:291,(anonymous_23)
FN:305,(anonymous_24)
FN:319,(anonymous_25)
FN:333,(anonymous_26)
FN:347,(anonymous_27)
FNF:26
FNH:26
FNDA:25,(anonymous_2)
FNDA:1,(anonymous_3)
FNDA:1,(anonymous_4)
FNDA:1,(anonymous_5)
FNDA:1,(anonymous_6)
FNDA:1,(anonymous_7)
FNDA:1,(anonymous_8)
FNDA:1,(anonymous_9)
FNDA:1,(anonymous_10)
FNDA:1,(anonymous_11)
FNDA:1,(anonymous_12)
FNDA:1,(anonymous_13)
FNDA:1,(anonymous_14)
FNDA:1,(anonymous_15)
FNDA:1,(anonymous_16)
FNDA:1,(anonymous_17)
FNDA:1,(anonymous_18)
FNDA:1,(anonymous_19)
FNDA:1,(anonymous_20)
FNDA:1,(anonymous_21)
FNDA:1,(anonymous_22)
FNDA:1,(anonymous_23)
FNDA:1,(anonymous_24)
FNDA:1,(anonymous_25)
FNDA:1,(anonymous_26)
FNDA:1,(anonymous_27)
DA:2,2
DA:3,2
DA:4,2
DA:5,2
DA:6,2
DA:7,2
DA:8,2
DA:11,2
DA:12,25
DA:13,25
DA:14,25
DA:15,25
DA:16,25
DA:19,2
DA:20,1
DA:21,1
DA:24,2
DA:25,1
DA:26,1
DA:27,1
DA:28,0
DA:35,1
DA:38,2
DA:39,1
DA:40,1
DA:41,1
DA:42,0
DA:49,1
DA:52,2
DA:53,1
DA:54,1
DA:56,1
DA:57,0
DA:64,1
DA:67,2
DA:68,1
DA:69,1
DA:71,1
DA:72,0
DA:79,1
DA:83,2
DA:84,1
DA:85,1
DA:87,1
DA:88,0
DA:95,1
DA:98,2
DA:99,1
DA:100,1
DA:102,1
DA:103,0
DA:110,1
DA:113,2
DA:114,1
DA:115,1
DA:116,0
DA:123,1
DA:126,2
DA:127,1
DA:128,1
DA:129,0
DA:136,1
DA:139,2
DA:140,1
DA:141,1
DA:142,0
DA:149,1
DA:152,2
DA:153,1
DA:154,1
DA:155,0
DA:162,1
DA:165,2
DA:166,1
DA:167,1
DA:168,1
DA:169,0
DA:176,1
DA:179,2
DA:180,1
DA:181,1
DA:182,1
DA:183,0
DA:190,1
DA:193,2
DA:194,1
DA:195,1
DA:196,1
DA:197,0
DA:204,1
DA:207,2
DA:208,1
DA:209,1
DA:210,1
DA:211,0
DA:218,1
DA:221,2
DA:222,1
DA:223,1
DA:224,1
DA:225,0
DA:232,1
DA:235,2
DA:236,1
DA:237,1
DA:238,1
DA:239,0
DA:246,1
DA:249,2
DA:250,1
DA:251,1
DA:252,1
DA:253,0
DA:260,1
DA:263,2
DA:264,1
DA:265,1
DA:266,1
DA:267,0
DA:274,1
DA:277,2
DA:278,1
DA:279,1
DA:280,1
DA:281,0
DA:288,1
DA:291,2
DA:292,1
DA:293,1
DA:294,1
DA:295,0
DA:302,1
DA:305,2
DA:306,1
DA:307,1
DA:308,1
DA:309,0
DA:316,1
DA:319,2
DA:320,1
DA:321,1
DA:322,1
DA:323,0
DA:330,1
DA:333,2
DA:334,1
DA:335,1
DA:336,1
DA:337,0
DA:344,1
DA:347,2
DA:348,1
DA:349,1
DA:350,1
DA:351,0
DA:358,1
LF:156
LH:132
BRDA:27,0,0,0
BRDA:41,1,0,0
BRDA:56,2,0,0
BRDA:71,3,0,0
BRDA:87,4,0,0
BRDA:102,5,0,0
BRDA:115,6,0,0
BRDA:128,7,0,0
BRDA:141,8,0,0
BRDA:154,9,0,0
BRDA:168,10,0,0
BRDA:182,11,0,0
BRDA:196,12,0,0
BRDA:210,13,0,0
BRDA:224,14,0,0
BRDA:238,15,0,0
BRDA:252,16,0,0
BRDA:266,17,0,0
BRDA:280,18,0,0
BRDA:294,19,0,0
BRDA:308,20,0,0
BRDA:322,21,0,0
BRDA:336,22,0,0
BRDA:350,23,0,0
BRF:24
BRH:0
end_of_record
TN:
SF:src\main.ts
FN:6,bootstrap
FNF:1
FNH:1
FNDA:1,bootstrap
DA:2,1
DA:3,1
DA:4,1
DA:7,1
DA:14,1
DA:16,1
LF:6
LH:6
BRDA:10,0,0,1
BRDA:10,0,1,1
BRF:2
BRH:2
end_of_record
TN:
SF:src\redis.provider.ts
FN:8,(anonymous_0)
FNF:1
FNH:1
FNDA:2,(anonymous_0)
DA:3,3
DA:4,3
DA:6,3
DA:9,2
DA:10,2
DA:11,1
DA:13,1
LF:7
LH:7
BRDA:10,0,0,1
BRDA:16,1,0,1
BRDA:16,1,1,0
BRDA:17,2,0,1
BRDA:17,2,1,0
BRF:5
BRH:3
end_of_record
TN:
SF:src\entity\dashboard.entity.ts
FN:16,(anonymous_2)
FN:16,(anonymous_3)
FNF:2
FNH:0
FNDA:0,(anonymous_2)
FNDA:0,(anonymous_3)
DA:2,7
DA:3,7
DA:6,7
DA:7,7
DA:10,7
DA:13,7
DA:16,7
DA:20,7
LF:8
LH:8
BRF:0
BRH:0
end_of_record
TN:
SF:src\entity\organisation.entity.ts
FN:14,(anonymous_2)
FN:14,(anonymous_3)
FN:17,(anonymous_4)
FN:17,(anonymous_5)
FNF:4
FNH:0
FNDA:0,(anonymous_2)
FNDA:0,(anonymous_3)
FNDA:0,(anonymous_4)
FNDA:0,(anonymous_5)
DA:2,7
DA:3,7
DA:4,7
DA:7,7
DA:8,7
DA:11,7
DA:14,7
DA:17,7
LF:8
LH:8
BRF:0
BRH:0
end_of_record
TN:
SF:src\entity\user.entity.ts
FN:33,(anonymous_2)
FN:33,(anonymous_3)
FN:37,(anonymous_4)
FN:37,(anonymous_5)
FN:41,(anonymous_6)
FN:41,(anonymous_7)
FNF:6
FNH:0
FNDA:0,(anonymous_2)
FNDA:0,(anonymous_3)
FNDA:0,(anonymous_4)
FNDA:0,(anonymous_5)
FNDA:0,(anonymous_6)
FNDA:0,(anonymous_7)
DA:2,7
DA:3,7
DA:4,7
DA:5,7
DA:8,7
DA:9,7
DA:12,7
DA:15,7
DA:18,7
DA:21,7
DA:24,7
DA:27,7
DA:30,7
DA:33,7
DA:37,7
DA:41,7
DA:45,7
LF:17
LH:17
BRF:0
BRH:0
end_of_record
TN:
SF:src\entity\userGroup.entity.ts
FN:17,(anonymous_2)
FN:17,(anonymous_3)
FN:21,(anonymous_4)
FN:21,(anonymous_5)
FNF:4
FNH:0
FNDA:0,(anonymous_2)
FNDA:0,(anonymous_3)
FNDA:0,(anonymous_4)
FNDA:0,(anonymous_5)
DA:2,7
DA:3,7
DA:4,7
DA:7,7
DA:8,7
DA:11,7
DA:14,7
DA:17,7
DA:21,7
DA:24,7
DA:27,7
LF:11
LH:11
BRF:0
BRH:0
end_of_record
TN:
SF:src\entity\watch.entity.ts
FNF:0
FNH:0
DA:1,3
DA:4,3
DA:5,3
DA:8,3
DA:11,3
DA:14,3
DA:17,3
LF:7
LH:7
BRF:0
BRH:0
end_of_record
TN:
SF:src\services\auth\auth.service.ts
FN:17,(anonymous_5)
FN:21,(anonymous_6)
FN:68,(anonymous_7)
FN:87,(anonymous_8)
FN:128,(anonymous_9)
FN:162,(anonymous_10)
FN:212,(anonymous_11)
FN:244,(anonymous_12)
FN:286,(anonymous_13)
FN:316,(anonymous_14)
FNF:10
FNH:9
FNDA:25,(anonymous_5)
FNDA:2,(anonymous_6)
FNDA:2,(anonymous_7)
FNDA:0,(anonymous_8)
FNDA:2,(anonymous_9)
FNDA:2,(anonymous_10)
FNDA:3,(anonymous_11)
FNDA:4,(anonymous_12)
FNDA:4,(anonymous_13)
FNDA:5,(anonymous_14)
DA:2,3
DA:3,3
DA:4,3
DA:7,3
DA:8,3
DA:9,3
DA:10,3
DA:11,3
DA:12,3
DA:13,3
DA:16,3
DA:17,25
DA:18,25
DA:19,25
DA:22,2
DA:23,0
DA:28,2
DA:29,2
DA:30,2
DA:31,2
DA:32,2
DA:33,2
DA:34,2
DA:37,2
DA:40,2
DA:41,2
DA:44,1
DA:45,1
DA:48,1
DA:50,1
DA:55,0
DA:61,0
DA:69,2
DA:70,2
DA:71,1
DA:76,1
DA:77,1
DA:78,1
DA:79,1
DA:80,1
DA:81,1
DA:89,0
DA:97,0
DA:114,0
DA:117,0
DA:125,0
DA:130,2
DA:131,2
DA:132,1
DA:138,1
DA:139,1
DA:140,1
DA:141,0
DA:148,1
DA:149,1
DA:150,1
DA:151,1
DA:154,1
DA:156,1
DA:164,2
DA:165,2
DA:168,2
DA:169,1
DA:174,1
DA:176,1
DA:177,1
DA:178,1
DA:179,1
DA:180,1
DA:182,1
DA:183,1
DA:186,1
DA:187,0
DA:196,1
DA:201,1
DA:202,1
DA:203,1
DA:206,1
DA:215,3
DA:216,3
DA:217,1
DA:222,2
DA:223,2
DA:224,2
DA:228,2
DA:229,1
DA:234,1
DA:236,1
DA:238,1
DA:245,4
DA:246,4
DA:247,4
DA:248,1
DA:253,3
DA:255,3
DA:256,3
DA:257,1
DA:266,2
DA:267,1
DA:273,1
DA:274,1
DA:275,1
DA:276,1
DA:277,1
DA:278,1
DA:280,1
DA:287,4
DA:288,4
DA:289,1
DA:294,3
DA:296,3
DA:297,3
DA:298,1
DA:303,2
DA:304,1
DA:309,1
DA:317,5
DA:318,5
DA:319,1
DA:324,4
DA:326,4
DA:327,4
DA:328,1
DA:334,3
DA:337,3
DA:338,1
DA:344,2
DA:346,2
DA:347,1
DA:352,1
DA:353,1
DA:354,1
DA:355,1
DA:356,1
DA:357,1
DA:358,1
DA:359,1
DA:361,1
DA:363,1
LF:139
LH:129
BRDA:22,0,0,0
BRDA:22,1,0,2
BRDA:22,1,1,2
BRDA:22,1,2,2
BRDA:22,1,3,2
BRDA:29,2,0,2
BRDA:29,2,1,0
BRDA:31,3,0,2
BRDA:31,3,1,0
BRDA:70,4,0,1
BRDA:131,5,0,1
BRDA:140,6,0,0
BRDA:168,7,0,1
BRDA:179,8,0,1
BRDA:186,9,0,0
BRDA:216,10,0,1
BRDA:228,11,0,1
BRDA:247,12,0,1
BRDA:256,13,0,1
BRDA:266,14,0,1
BRDA:266,15,0,2
BRDA:266,15,1,1
BRDA:266,16,0,1
BRDA:266,16,1,1
BRDA:266,17,0,2
BRDA:266,17,1,1
BRDA:288,18,0,1
BRDA:297,19,0,1
BRDA:303,20,0,1
BRDA:303,20,1,1
BRDA:318,21,0,1
BRDA:327,22,0,1
BRDA:337,23,0,1
BRDA:346,24,0,1
BRF:34
BRH:29
end_of_record
TN:
SF:src\services\user-dashboard\user-dashboard-management.service.ts
FN:14,(anonymous_4)
FN:20,(anonymous_5)
FN:74,(anonymous_6)
FN:131,(anonymous_7)
FN:199,(anonymous_8)
FNF:5
FNH:5
FNDA:20,(anonymous_4)
FNDA:5,(anonymous_5)
FNDA:5,(anonymous_6)
FNDA:5,(anonymous_7)
FNDA:5,(anonymous_8)
DA:2,3
DA:3,3
DA:5,3
DA:6,3
DA:7,3
DA:8,3
DA:9,3
DA:10,3
DA:13,3
DA:14,20
DA:15,20
DA:16,20
DA:17,20
DA:18,20
DA:21,5
DA:22,5
DA:23,1
DA:28,4
DA:29,4
DA:30,4
DA:34,4
DA:35,1
DA:41,3
DA:42,1
DA:43,1
DA:50,2
DA:51,1
DA:54,2
DA:55,2
DA:56,2
DA:57,2
DA:58,2
DA:60,2
DA:61,2
DA:63,2
DA:64,2
DA:65,2
DA:67,2
DA:75,5
DA:76,5
DA:77,1
DA:82,4
DA:83,4
DA:84,4
DA:88,4
DA:89,1
DA:94,3
DA:95,1
DA:101,2
DA:102,2
DA:103,2
DA:104,1
DA:108,2
DA:109,1
DA:110,1
DA:111,1
DA:112,1
DA:113,1
DA:114,1
DA:115,1
DA:116,1
DA:124,1
DA:132,5
DA:133,5
DA:134,1
DA:139,4
DA:140,4
DA:141,4
DA:145,4
DA:146,1
DA:152,3
DA:153,3
DA:154,3
DA:155,2
DA:159,3
DA:160,3
DA:161,3
DA:162,2
DA:164,1
DA:171,2
DA:172,1
DA:173,1
DA:174,1
DA:175,1
DA:176,1
DA:177,1
DA:178,0
DA:180,1
DA:181,1
DA:186,1
DA:192,1
DA:200,5
DA:201,5
DA:202,1
DA:207,4
DA:208,4
DA:209,4
DA:213,4
DA:214,1
DA:219,3
DA:220,1
DA:226,2
DA:227,2
DA:228,2
DA:229,1
DA:230,1
DA:231,1
DA:237,2
DA:238,1
DA:239,1
DA:240,1
DA:241,1
DA:242,1
DA:243,1
DA:244,0
DA:246,1
DA:247,1
DA:248,1
DA:249,1
DA:250,1
DA:251,1
DA:261,1
LF:122
LH:120
BRDA:22,0,0,1
BRDA:34,1,0,1
BRDA:42,2,0,1
BRDA:50,3,0,1
BRDA:50,4,0,2
BRDA:50,4,1,1
BRDA:76,5,0,1
BRDA:88,6,0,1
BRDA:94,7,0,1
BRDA:94,8,0,3
BRDA:94,8,1,2
BRDA:103,9,0,1
BRDA:108,10,0,1
BRDA:108,10,1,1
BRDA:110,11,0,1
BRDA:133,12,0,1
BRDA:145,13,0,1
BRDA:154,14,0,2
BRDA:161,15,0,2
BRDA:161,15,1,1
BRDA:171,16,0,1
BRDA:171,16,1,1
BRDA:172,17,0,1
BRDA:175,18,0,1
BRDA:177,19,0,0
BRDA:201,20,0,1
BRDA:213,21,0,1
BRDA:219,22,0,1
BRDA:219,23,0,3
BRDA:219,23,1,2
BRDA:228,24,0,1
BRDA:230,25,0,1
BRDA:237,26,0,1
BRDA:237,26,1,1
BRDA:239,27,0,1
BRDA:241,28,0,1
BRDA:243,29,0,0
BRF:37
BRH:35
end_of_record
TN:
SF:src\services\user-data-products\user-data-products-management.service.ts
FN:15,(anonymous_4)
FN:21,(anonymous_5)
FN:174,(anonymous_6)
FN:230,(anonymous_7)
FN:281,(anonymous_8)
FNF:5
FNH:5
FNDA:18,(anonymous_4)
FNDA:3,(anonymous_5)
FNDA:5,(anonymous_6)
FNDA:5,(anonymous_7)
FNDA:5,(anonymous_8)
DA:2,3
DA:3,3
DA:5,3
DA:6,3
DA:7,3
DA:8,3
DA:9,3
DA:10,3
DA:11,3
DA:14,3
DA:15,18
DA:16,18
DA:17,18
DA:18,18
DA:19,18
DA:22,3
DA:23,0
DA:30,3
DA:31,1
DA:32,1
DA:37,1
DA:38,1
DA:41,1
DA:42,1
DA:43,1
DA:44,1
DA:51,1
DA:52,1
DA:53,1
DA:54,0
DA:55,1
DA:56,0
DA:57,1
DA:58,0
DA:60,1
DA:65,0
DA:66,0
DA:67,0
DA:72,0
DA:73,0
DA:74,0
DA:75,0
DA:76,0
DA:77,0
DA:78,0
DA:83,0
DA:84,0
DA:90,0
DA:91,0
DA:98,2
DA:99,2
DA:100,2
DA:105,0
DA:106,0
DA:107,0
DA:108,0
DA:109,0
DA:114,0
DA:115,0
DA:118,0
DA:119,0
DA:120,0
DA:121,0
DA:128,0
DA:129,0
DA:130,0
DA:131,0
DA:132,0
DA:133,0
DA:134,0
DA:135,0
DA:137,0
DA:142,0
DA:143,0
DA:144,0
DA:149,0
DA:150,0
DA:151,0
DA:156,0
DA:157,0
DA:163,0
DA:164,0
DA:171,0
DA:175,5
DA:177,2
DA:178,2
DA:180,2
DA:181,2
DA:182,1
DA:187,1
DA:188,1
DA:189,1
DA:193,3
DA:195,2
DA:196,2
DA:197,2
DA:198,2
DA:200,1
DA:201,1
DA:203,1
DA:204,1
DA:205,1
DA:210,0
DA:211,0
DA:212,0
DA:217,1
DA:223,1
DA:231,5
DA:232,5
DA:233,1
DA:238,4
DA:239,4
DA:240,4
DA:244,4
DA:245,1
DA:251,3
DA:255,3
DA:256,1
DA:257,1
DA:258,1
DA:259,1
DA:266,2
DA:267,2
DA:268,2
DA:269,2
DA:270,2
DA:272,2
DA:274,2
DA:282,5
DA:283,5
DA:284,5
DA:285,5
DA:286,2
DA:289,3
LF:134
LH:82
BRDA:22,0,0,0
BRDA:22,1,0,3
BRDA:22,1,1,3
BRDA:30,2,0,1
BRDA:30,2,1,2
BRDA:53,3,0,0
BRDA:53,3,1,1
BRDA:55,4,0,0
BRDA:55,4,1,1
BRDA:57,5,0,0
BRDA:57,5,1,1
BRDA:66,6,0,0
BRDA:99,7,0,2
BRDA:107,8,0,0
BRDA:130,9,0,0
BRDA:130,9,1,0
BRDA:132,10,0,0
BRDA:132,10,1,0
BRDA:134,11,0,0
BRDA:134,11,1,0
BRDA:143,12,0,0
BRDA:175,13,0,2
BRDA:175,13,1,3
BRDA:177,14,0,2
BRDA:181,15,0,1
BRDA:193,16,0,2
BRDA:193,16,1,1
BRDA:198,17,0,1
BRDA:198,17,1,1
BRDA:200,18,0,1
BRDA:204,19,0,1
BRDA:232,20,0,1
BRDA:244,21,0,1
BRDA:255,22,0,1
BRDA:285,23,0,2
BRDA:285,23,1,3
BRDA:285,24,0,5
BRDA:285,24,1,3
BRF:38
BRH:25
end_of_record
TN:
SF:src\services\user-organisation\user-organisation-mangement.service.ts
FN:12,(anonymous_4)
FN:17,(anonymous_5)
FN:61,(anonymous_6)
FN:95,(anonymous_7)
FN:111,(anonymous_8)
FN:188,(anonymous_9)
FN:215,(anonymous_10)
FN:222,(anonymous_11)
FN:237,(anonymous_12)
FN:275,(anonymous_13)
FN:281,(anonymous_14)
FNF:11
FNH:9
FNDA:21,(anonymous_4)
FNDA:5,(anonymous_5)
FNDA:0,(anonymous_6)
FNDA:7,(anonymous_7)
FNDA:6,(anonymous_8)
FNDA:4,(anonymous_9)
FNDA:1,(anonymous_10)
FNDA:1,(anonymous_11)
FNDA:5,(anonymous_12)
FNDA:0,(anonymous_13)
FNDA:1,(anonymous_14)
DA:2,3
DA:3,3
DA:4,3
DA:5,3
DA:6,3
DA:7,3
DA:8,3
DA:9,3
DA:11,3
DA:12,21
DA:13,21
DA:14,21
DA:15,21
DA:18,5
DA:19,5
DA:20,1
DA:25,4
DA:26,4
DA:27,4
DA:31,4
DA:32,1
DA:37,3
DA:38,3
DA:39,3
DA:40,3
DA:41,3
DA:42,3
DA:43,4
DA:44,0
DA:45,0
DA:46,0
DA:47,0
DA:48,0
DA:49,0
DA:50,0
DA:55,0
DA:56,0
DA:57,0
DA:60,0
DA:61,0
DA:62,0
DA:63,0
DA:64,0
DA:66,0
DA:72,4
DA:73,6
DA:74,6
DA:75,0
DA:80,6
DA:81,7
DA:82,7
DA:83,7
DA:84,7
DA:89,7
DA:90,7
DA:91,7
DA:94,6
DA:95,7
DA:96,6
DA:97,6
DA:98,6
DA:104,3
DA:114,6
DA:115,6
DA:116,1
DA:121,5
DA:122,5
DA:123,5
DA:127,5
DA:128,1
DA:133,4
DA:135,4
DA:136,1
DA:143,3
DA:144,3
DA:145,1
DA:151,2
DA:152,1
DA:159,1
DA:160,1
DA:161,1
DA:164,1
DA:165,1
DA:166,1
DA:167,1
DA:169,1
DA:172,1
DA:173,1
DA:174,1
DA:175,1
DA:177,1
DA:178,1
DA:180,1
DA:182,1
DA:189,4
DA:190,4
DA:191,1
DA:196,3
DA:198,3
DA:199,3
DA:200,1
DA:206,2
DA:207,2
DA:208,1
DA:215,1
DA:216,1
DA:219,1
DA:220,1
DA:221,1
DA:222,1
DA:223,1
DA:229,1
DA:230,1
DA:231,1
DA:232,1
DA:233,1
DA:234,1
DA:239,5
DA:240,5
DA:241,1
DA:246,4
DA:247,4
DA:250,4
DA:251,1
DA:258,3
DA:259,3
DA:260,1
DA:267,2
DA:268,2
DA:269,1
DA:275,1
DA:276,1
DA:279,1
DA:280,1
DA:281,1
DA:282,1
DA:287,1
DA:288,1
DA:289,1
DA:290,1
LF:140
LH:123
BRDA:19,0,0,1
BRDA:31,1,0,1
BRDA:41,2,0,3
BRDA:43,3,0,0
BRDA:43,3,1,4
BRDA:48,4,0,0
BRDA:74,5,0,0
BRDA:74,5,1,6
BRDA:82,6,0,7
BRDA:115,7,0,1
BRDA:127,8,0,1
BRDA:135,9,0,1
BRDA:135,10,0,4
BRDA:135,10,1,1
BRDA:144,11,0,1
BRDA:151,12,0,1
BRDA:190,13,0,1
BRDA:199,14,0,1
BRDA:207,15,0,1
BRDA:219,16,0,1
BRDA:221,17,0,1
BRDA:240,18,0,1
BRDA:250,19,0,1
BRDA:259,20,0,1
BRDA:268,21,0,1
BRDA:279,22,0,1
BRF:26
BRH:23
end_of_record
TN:
SF:src\services\user-userGroup\user-userGroup-management.service.ts
FN:16,(anonymous_4)
FN:21,(anonymous_5)
FN:89,(anonymous_6)
FN:139,(anonymous_7)
FN:185,(anonymous_8)
FN:192,(anonymous_9)
FN:259,(anonymous_10)
FN:266,(anonymous_11)
FN:299,(anonymous_12)
FN:316,(anonymous_13)
FN:318,(anonymous_14)
FN:333,(anonymous_15)
FN:372,(anonymous_16)
FN:389,(anonymous_17)
FN:391,(anonymous_18)
FN:403,(anonymous_19)
FN:441,(anonymous_20)
FNF:17
FNH:13
FNDA:30,(anonymous_4)
FNDA:6,(anonymous_5)
FNDA:4,(anonymous_6)
FNDA:0,(anonymous_7)
FNDA:0,(anonymous_8)
FNDA:0,(anonymous_9)
FNDA:0,(anonymous_10)
FNDA:6,(anonymous_11)
FNDA:2,(anonymous_12)
FNDA:1,(anonymous_13)
FNDA:1,(anonymous_14)
FNDA:7,(anonymous_15)
FNDA:2,(anonymous_16)
FNDA:3,(anonymous_17)
FNDA:2,(anonymous_18)
FNDA:6,(anonymous_19)
FNDA:1,(anonymous_20)
DA:2,3
DA:3,3
DA:4,3
DA:5,3
DA:6,3
DA:7,3
DA:8,3
DA:9,3
DA:10,3
DA:11,3
DA:15,3
DA:16,30
DA:17,30
DA:18,30
DA:19,30
DA:23,6
DA:24,6
DA:25,1
DA:30,5
DA:31,5
DA:32,1
DA:37,4
DA:38,4
DA:40,4
DA:41,3
DA:42,3
DA:43,1
DA:48,2
DA:49,1
DA:54,1
DA:55,1
DA:56,1
DA:57,0
DA:58,0
DA:61,1
DA:62,1
DA:63,1
DA:64,1
DA:65,1
DA:68,1
DA:70,1
DA:75,0
DA:82,1
DA:91,4
DA:92,4
DA:93,1
DA:98,3
DA:99,3
DA:100,3
DA:101,3
DA:102,3
DA:104,3
DA:105,3
DA:106,1
DA:111,2
DA:112,1
DA:114,1
DA:115,1
DA:116,1
DA:117,1
DA:123,1
DA:126,1
DA:127,1
DA:129,1
DA:130,1
DA:141,0
DA:149,0
DA:171,0
DA:172,0
DA:174,0
DA:185,0
DA:186,0
DA:187,0
DA:194,0
DA:203,0
DA:224,0
DA:225,0
DA:228,0
DA:259,0
DA:260,0
DA:261,0
DA:268,6
DA:269,6
DA:270,1
DA:275,5
DA:278,5
DA:282,5
DA:283,1
DA:290,4
DA:291,4
DA:292,1
DA:299,3
DA:300,3
DA:301,1
DA:308,2
DA:309,1
DA:316,1
DA:318,1
DA:321,1
DA:322,1
DA:323,1
DA:324,1
DA:325,1
DA:327,1
DA:335,7
DA:336,7
DA:337,1
DA:342,6
DA:343,6
DA:346,6
DA:347,1
DA:354,5
DA:355,5
DA:356,1
DA:363,4
DA:364,4
DA:365,1
DA:372,3
DA:373,3
DA:374,1
DA:381,2
DA:382,0
DA:389,3
DA:391,2
DA:394,2
DA:395,2
DA:397,2
DA:406,6
DA:407,6
DA:408,1
DA:415,5
DA:417,5
DA:420,5
DA:424,5
DA:425,1
DA:432,4
DA:433,4
DA:434,1
DA:441,3
DA:442,3
DA:443,1
DA:450,2
DA:451,2
DA:452,1
DA:460,1
DA:461,1
DA:464,1
DA:468,1
DA:469,1
DA:470,1
LF:150
LH:130
BRDA:24,0,0,1
BRDA:31,1,0,1
BRDA:37,2,0,0
BRDA:37,2,1,4
BRDA:37,3,0,4
BRDA:37,3,1,4
BRDA:40,4,0,3
BRDA:40,4,1,1
BRDA:42,5,0,1
BRDA:42,5,1,2
BRDA:48,6,0,1
BRDA:57,7,0,0
BRDA:61,8,0,1
BRDA:61,8,1,0
BRDA:92,9,0,1
BRDA:102,10,0,3
BRDA:102,11,0,3
BRDA:102,11,1,0
BRDA:105,12,0,1
BRDA:105,12,1,2
BRDA:111,13,0,1
BRDA:111,13,1,1
BRDA:186,14,0,0
BRDA:260,15,0,0
BRDA:269,16,0,1
BRDA:282,17,0,1
BRDA:291,18,0,1
BRDA:300,19,0,1
BRDA:308,20,0,1
BRDA:308,21,0,2
BRDA:308,21,1,1
BRDA:336,22,0,1
BRDA:346,23,0,1
BRDA:355,24,0,1
BRDA:364,25,0,1
BRDA:373,26,0,1
BRDA:381,27,0,0
BRDA:381,28,0,2
BRDA:381,28,1,0
BRDA:407,29,0,1
BRDA:424,30,0,1
BRDA:433,31,0,1
BRDA:442,32,0,1
BRDA:450,33,0,2
BRDA:450,34,0,2
BRDA:450,34,1,2
BRDA:451,35,0,1
BRDA:451,36,0,0
BRDA:451,36,1,2
BRDA:451,37,0,2
BRDA:451,37,1,2
BRDA:451,38,0,0
BRDA:451,38,1,2
BRDA:451,39,0,2
BRDA:451,39,1,2
BRF:55
BRH:45
end_of_record
