{"/Users/ingeodendaal/Documents/COS301/Capstone/Avalanche 3.0/Avalancche3.0/zacr/src/app.controller.ts": {"path":"/Users/ingeodendaal/Documents/COS301/Capstone/Avalanche 3.0/Avalancche3.0/zacr/src/app.controller.ts","statementMap":{"0":{"start":{"line":2,"column":0},"end":{"line":2,"column":56}},"1":{"start":{"line":3,"column":0},"end":{"line":3,"column":69}},"2":{"start":{"line":4,"column":0},"end":{"line":4,"column":73}},"3":{"start":{"line":5,"column":0},"end":{"line":5,"column":71}},"4":{"start":{"line":6,"column":0},"end":{"line":6,"column":47}},"5":{"start":{"line":7,"column":0},"end":{"line":7,"column":94}},"6":{"start":{"line":8,"column":0},"end":{"line":8,"column":62}},"7":{"start":{"line":9,"column":0},"end":{"line":9,"column":81}},"8":{"start":{"line":10,"column":0},"end":{"line":10,"column":77}},"9":{"start":{"line":12,"column":7},"end":{"line":129,"column":null}},"10":{"start":{"line":13,"column":31},"end":{"line":13,"column":52}},"11":{"start":{"line":14,"column":21},"end":{"line":14,"column":42}},"12":{"start":{"line":15,"column":21},"end":{"line":15,"column":34}},"13":{"start":{"line":16,"column":21},"end":{"line":16,"column":49}},"14":{"start":{"line":17,"column":21},"end":{"line":17,"column":38}},"15":{"start":{"line":18,"column":21},"end":{"line":18,"column":42}},"16":{"start":{"line":19,"column":21},"end":{"line":19,"column":43}},"17":{"start":{"line":23,"column":4},"end":{"line":23,"column":40}},"18":{"start":{"line":24,"column":19},"end":{"line":24,"column":91}},"19":{"start":{"line":25,"column":4},"end":{"line":31,"column":null}},"20":{"start":{"line":26,"column":6},"end":{"line":30,"column":9}},"21":{"start":{"line":33,"column":4},"end":{"line":33,"column":18}},"22":{"start":{"line":38,"column":4},"end":{"line":38,"column":40}},"23":{"start":{"line":39,"column":19},"end":{"line":39,"column":98}},"24":{"start":{"line":40,"column":4},"end":{"line":46,"column":null}},"25":{"start":{"line":41,"column":6},"end":{"line":45,"column":9}},"26":{"start":{"line":48,"column":4},"end":{"line":48,"column":18}},"27":{"start":{"line":53,"column":19},"end":{"line":53,"column":89}},"28":{"start":{"line":54,"column":4},"end":{"line":60,"column":null}},"29":{"start":{"line":55,"column":6},"end":{"line":59,"column":9}},"30":{"start":{"line":62,"column":4},"end":{"line":62,"column":18}},"31":{"start":{"line":67,"column":19},"end":{"line":67,"column":73}},"32":{"start":{"line":68,"column":4},"end":{"line":74,"column":null}},"33":{"start":{"line":69,"column":6},"end":{"line":73,"column":9}},"34":{"start":{"line":76,"column":4},"end":{"line":76,"column":18}},"35":{"start":{"line":81,"column":19},"end":{"line":81,"column":70}},"36":{"start":{"line":82,"column":4},"end":{"line":88,"column":null}},"37":{"start":{"line":83,"column":6},"end":{"line":87,"column":9}},"38":{"start":{"line":90,"column":4},"end":{"line":90,"column":18}},"39":{"start":{"line":95,"column":19},"end":{"line":95,"column":70}},"40":{"start":{"line":96,"column":4},"end":{"line":102,"column":null}},"41":{"start":{"line":97,"column":6},"end":{"line":101,"column":9}},"42":{"start":{"line":104,"column":4},"end":{"line":104,"column":18}},"43":{"start":{"line":109,"column":4},"end":{"line":112,"column":6}},"44":{"start":{"line":117,"column":4},"end":{"line":117,"column":51}},"45":{"start":{"line":122,"column":4},"end":{"line":122,"column":55}},"46":{"start":{"line":127,"column":4},"end":{"line":127,"column":63}},"47":{"start":{"line":22,"column":8},"end":{"line":34,"column":null}},"48":{"start":{"line":37,"column":8},"end":{"line":49,"column":null}},"49":{"start":{"line":52,"column":8},"end":{"line":63,"column":null}},"50":{"start":{"line":66,"column":8},"end":{"line":77,"column":null}},"51":{"start":{"line":80,"column":8},"end":{"line":91,"column":null}},"52":{"start":{"line":94,"column":8},"end":{"line":105,"column":null}},"53":{"start":{"line":108,"column":8},"end":{"line":113,"column":null}},"54":{"start":{"line":116,"column":8},"end":{"line":118,"column":null}},"55":{"start":{"line":121,"column":8},"end":{"line":123,"column":null}},"56":{"start":{"line":126,"column":8},"end":{"line":128,"column":null}},"57":{"start":{"line":12,"column":13},"end":{"line":129,"column":null}},"58":{"start":{"line":12,"column":13},"end":{"line":12,"column":26}}},"fnMap":{"0":{"name":"(anonymous_2)","decl":{"start":{"line":13,"column":2},"end":{"line":13,"column":31}},"loc":{"start":{"line":19,"column":63},"end":{"line":19,"column":67}}},"1":{"name":"(anonymous_3)","decl":{"start":{"line":22,"column":2},"end":{"line":22,"column":7}},"loc":{"start":{"line":22,"column":30},"end":{"line":34,"column":3}}},"2":{"name":"(anonymous_4)","decl":{"start":{"line":37,"column":2},"end":{"line":37,"column":7}},"loc":{"start":{"line":37,"column":37},"end":{"line":49,"column":3}}},"3":{"name":"(anonymous_5)","decl":{"start":{"line":52,"column":2},"end":{"line":52,"column":7}},"loc":{"start":{"line":52,"column":29},"end":{"line":63,"column":3}}},"4":{"name":"(anonymous_6)","decl":{"start":{"line":66,"column":2},"end":{"line":66,"column":7}},"loc":{"start":{"line":66,"column":21},"end":{"line":77,"column":3}}},"5":{"name":"(anonymous_7)","decl":{"start":{"line":80,"column":2},"end":{"line":80,"column":7}},"loc":{"start":{"line":80,"column":41},"end":{"line":91,"column":3}}},"6":{"name":"(anonymous_8)","decl":{"start":{"line":94,"column":2},"end":{"line":94,"column":7}},"loc":{"start":{"line":94,"column":42},"end":{"line":105,"column":3}}},"7":{"name":"(anonymous_9)","decl":{"start":{"line":108,"column":2},"end":{"line":108,"column":7}},"loc":{"start":{"line":108,"column":38},"end":{"line":113,"column":3}}},"8":{"name":"(anonymous_10)","decl":{"start":{"line":116,"column":2},"end":{"line":116,"column":7}},"loc":{"start":{"line":116,"column":26},"end":{"line":118,"column":3}}},"9":{"name":"(anonymous_11)","decl":{"start":{"line":121,"column":2},"end":{"line":121,"column":7}},"loc":{"start":{"line":121,"column":19},"end":{"line":123,"column":3}}},"10":{"name":"(anonymous_12)","decl":{"start":{"line":126,"column":2},"end":{"line":126,"column":7}},"loc":{"start":{"line":126,"column":30},"end":{"line":128,"column":3}}}},"branchMap":{"0":{"loc":{"start":{"line":25,"column":4},"end":{"line":31,"column":null}},"type":"if","locations":[{"start":{"line":25,"column":4},"end":{"line":31,"column":null}}]},"1":{"loc":{"start":{"line":40,"column":4},"end":{"line":46,"column":null}},"type":"if","locations":[{"start":{"line":40,"column":4},"end":{"line":46,"column":null}}]},"2":{"loc":{"start":{"line":54,"column":4},"end":{"line":60,"column":null}},"type":"if","locations":[{"start":{"line":54,"column":4},"end":{"line":60,"column":null}}]},"3":{"loc":{"start":{"line":68,"column":4},"end":{"line":74,"column":null}},"type":"if","locations":[{"start":{"line":68,"column":4},"end":{"line":74,"column":null}}]},"4":{"loc":{"start":{"line":82,"column":4},"end":{"line":88,"column":null}},"type":"if","locations":[{"start":{"line":82,"column":4},"end":{"line":88,"column":null}}]},"5":{"loc":{"start":{"line":96,"column":4},"end":{"line":102,"column":null}},"type":"if","locations":[{"start":{"line":96,"column":4},"end":{"line":102,"column":null}}]}},"s":{"0":2,"1":2,"2":2,"3":2,"4":2,"5":2,"6":2,"7":2,"8":2,"9":2,"10":10,"11":10,"12":10,"13":10,"14":10,"15":10,"16":10,"17":1,"18":1,"19":1,"20":0,"21":1,"22":1,"23":1,"24":1,"25":0,"26":1,"27":1,"28":1,"29":0,"30":1,"31":1,"32":1,"33":0,"34":1,"35":1,"36":1,"37":0,"38":1,"39":1,"40":1,"41":0,"42":1,"43":1,"44":1,"45":1,"46":1,"47":2,"48":2,"49":2,"50":2,"51":2,"52":2,"53":2,"54":2,"55":2,"56":2,"57":2,"58":2},"f":{"0":10,"1":1,"2":1,"3":1,"4":1,"5":1,"6":1,"7":1,"8":1,"9":1,"10":1},"b":{"0":[0],"1":[0],"2":[0],"3":[0],"4":[0],"5":[0]}}
,"/Users/ingeodendaal/Documents/COS301/Capstone/Avalanche 3.0/Avalancche3.0/zacr/src/main.ts": {"path":"/Users/ingeodendaal/Documents/COS301/Capstone/Avalanche 3.0/Avalancche3.0/zacr/src/main.ts","statementMap":{"0":{"start":{"line":2,"column":0},"end":{"line":2,"column":43}},"1":{"start":{"line":3,"column":0},"end":{"line":3,"column":71}},"2":{"start":{"line":4,"column":0},"end":{"line":4,"column":41}},"3":{"start":{"line":7,"column":14},"end":{"line":13,"column":4}},"4":{"start":{"line":14,"column":2},"end":{"line":14,"column":15}},"5":{"start":{"line":16,"column":0},"end":{"line":16,"column":12}}},"fnMap":{"0":{"name":"bootstrap","decl":{"start":{"line":6,"column":15},"end":{"line":6,"column":24}},"loc":{"start":{"line":6,"column":24},"end":{"line":15,"column":1}}}},"branchMap":{"0":{"loc":{"start":{"line":10,"column":12},"end":{"line":10,"column":43}},"type":"binary-expr","locations":[{"start":{"line":10,"column":12},"end":{"line":10,"column":28}},{"start":{"line":10,"column":32},"end":{"line":10,"column":43}}]}},"s":{"0":1,"1":1,"2":1,"3":1,"4":1,"5":1},"f":{"0":1},"b":{"0":[1,1]}}
,"/Users/ingeodendaal/Documents/COS301/Capstone/Avalanche 3.0/Avalancche3.0/zacr/src/redis.provider.ts": {"path":"/Users/ingeodendaal/Documents/COS301/Capstone/Avalanche 3.0/Avalancche3.0/zacr/src/redis.provider.ts","statementMap":{"0":{"start":{"line":3,"column":0},"end":{"line":3,"column":47}},"1":{"start":{"line":4,"column":0},"end":{"line":4,"column":28}},"2":{"start":{"line":6,"column":13},"end":{"line":22,"column":2}},"3":{"start":{"line":9,"column":22},"end":{"line":9,"column":61}},"4":{"start":{"line":10,"column":4},"end":{"line":12,"column":null}},"5":{"start":{"line":11,"column":6},"end":{"line":11,"column":67}},"6":{"start":{"line":13,"column":4},"end":{"line":19,"column":7}}},"fnMap":{"0":{"name":"(anonymous_0)","decl":{"start":{"line":8,"column":14},"end":{"line":8,"column":15}},"loc":{"start":{"line":8,"column":54},"end":{"line":20,"column":3}}}},"branchMap":{"0":{"loc":{"start":{"line":10,"column":4},"end":{"line":12,"column":null}},"type":"if","locations":[{"start":{"line":10,"column":4},"end":{"line":12,"column":null}}]}},"s":{"0":3,"1":3,"2":3,"3":2,"4":2,"5":1,"6":1},"f":{"0":2},"b":{"0":[1]}}
,"/Users/ingeodendaal/Documents/COS301/Capstone/Avalanche 3.0/Avalancche3.0/zacr/src/age/age.service.ts": {"path":"/Users/ingeodendaal/Documents/COS301/Capstone/Avalanche 3.0/Avalancche3.0/zacr/src/age/age.service.ts","statementMap":{"0":{"start":{"line":1,"column":0},"end":{"line":1,"column":52}},"1":{"start":{"line":2,"column":0},"end":{"line":2,"column":28}},"2":{"start":{"line":3,"column":0},"end":{"line":3,"column":41}},"3":{"start":{"line":4,"column":0},"end":{"line":4,"column":66}},"4":{"start":{"line":6,"column":0},"end":{"line":6,"column":63}},"5":{"start":{"line":7,"column":0},"end":{"line":7,"column":74}},"6":{"start":{"line":11,"column":7},"end":{"line":91,"column":null}},"7":{"start":{"line":13,"column":12},"end":{"line":13,"column":24}},"8":{"start":{"line":14,"column":38},"end":{"line":14,"column":45}},"9":{"start":{"line":15,"column":21},"end":{"line":15,"column":39}},"10":{"start":{"line":16,"column":21},"end":{"line":16,"column":49}},"11":{"start":{"line":17,"column":21},"end":{"line":17,"column":45}},"12":{"start":{"line":21,"column":4},"end":{"line":67,"column":null}},"13":{"start":{"line":22,"column":6},"end":{"line":22,"column":45}},"14":{"start":{"line":23,"column":6},"end":{"line":23,"column":40}},"15":{"start":{"line":24,"column":6},"end":{"line":24,"column":27}},"16":{"start":{"line":25,"column":23},"end":{"line":25,"column":55}},"17":{"start":{"line":27,"column":26},"end":{"line":27,"column":65}},"18":{"start":{"line":29,"column":6},"end":{"line":53,"column":null}},"19":{"start":{"line":32,"column":8},"end":{"line":41,"column":null}},"20":{"start":{"line":33,"column":10},"end":{"line":33,"column":68}},"21":{"start":{"line":35,"column":10},"end":{"line":40,"column":12}},"22":{"start":{"line":43,"column":8},"end":{"line":45,"column":10}},"23":{"start":{"line":47,"column":8},"end":{"line":52,"column":10}},"24":{"start":{"line":55,"column":6},"end":{"line":59,"column":8}},"25":{"start":{"line":61,"column":6},"end":{"line":66,"column":8}},"26":{"start":{"line":71,"column":15},"end":{"line":71,"column":30}},"27":{"start":{"line":72,"column":4},"end":{"line":76,"column":null}},"28":{"start":{"line":73,"column":6},"end":{"line":73,"column":70}},"29":{"start":{"line":75,"column":6},"end":{"line":75,"column":32}},"30":{"start":{"line":77,"column":20},"end":{"line":77,"column":38}},"31":{"start":{"line":78,"column":20},"end":{"line":78,"column":38}},"32":{"start":{"line":79,"column":17},"end":{"line":79,"column":19}},"33":{"start":{"line":80,"column":4},"end":{"line":88,"column":null}},"34":{"start":{"line":81,"column":6},"end":{"line":81,"column":51}},"35":{"start":{"line":82,"column":11},"end":{"line":88,"column":null}},"36":{"start":{"line":83,"column":6},"end":{"line":83,"column":57}},"37":{"start":{"line":84,"column":11},"end":{"line":88,"column":null}},"38":{"start":{"line":85,"column":6},"end":{"line":85,"column":65}},"39":{"start":{"line":86,"column":11},"end":{"line":88,"column":null}},"40":{"start":{"line":87,"column":6},"end":{"line":87,"column":71}},"41":{"start":{"line":89,"column":4},"end":{"line":89,"column":58}},"42":{"start":{"line":11,"column":13},"end":{"line":91,"column":null}},"43":{"start":{"line":11,"column":13},"end":{"line":11,"column":23}}},"fnMap":{"0":{"name":"(anonymous_4)","decl":{"start":{"line":12,"column":2},"end":{"line":12,"column":null}},"loc":{"start":{"line":17,"column":63},"end":{"line":18,"column":6}}},"1":{"name":"(anonymous_5)","decl":{"start":{"line":20,"column":2},"end":{"line":20,"column":7}},"loc":{"start":{"line":20,"column":46},"end":{"line":68,"column":3}}},"2":{"name":"(anonymous_6)","decl":{"start":{"line":70,"column":2},"end":{"line":70,"column":14}},"loc":{"start":{"line":70,"column":30},"end":{"line":90,"column":3}}}},"branchMap":{"0":{"loc":{"start":{"line":29,"column":6},"end":{"line":53,"column":null}},"type":"if","locations":[{"start":{"line":29,"column":6},"end":{"line":53,"column":null}}]},"1":{"loc":{"start":{"line":72,"column":4},"end":{"line":76,"column":null}},"type":"if","locations":[{"start":{"line":72,"column":4},"end":{"line":76,"column":null}},{"start":{"line":74,"column":11},"end":{"line":76,"column":null}}]},"2":{"loc":{"start":{"line":80,"column":4},"end":{"line":88,"column":null}},"type":"if","locations":[{"start":{"line":80,"column":4},"end":{"line":88,"column":null}},{"start":{"line":82,"column":11},"end":{"line":88,"column":null}}]},"3":{"loc":{"start":{"line":80,"column":8},"end":{"line":80,"column":44}},"type":"binary-expr","locations":[{"start":{"line":80,"column":8},"end":{"line":80,"column":24}},{"start":{"line":80,"column":28},"end":{"line":80,"column":44}}]},"4":{"loc":{"start":{"line":82,"column":11},"end":{"line":88,"column":null}},"type":"if","locations":[{"start":{"line":82,"column":11},"end":{"line":88,"column":null}},{"start":{"line":84,"column":11},"end":{"line":88,"column":null}}]},"5":{"loc":{"start":{"line":82,"column":15},"end":{"line":82,"column":52}},"type":"binary-expr","locations":[{"start":{"line":82,"column":15},"end":{"line":82,"column":32}},{"start":{"line":82,"column":36},"end":{"line":82,"column":52}}]},"6":{"loc":{"start":{"line":84,"column":11},"end":{"line":88,"column":null}},"type":"if","locations":[{"start":{"line":84,"column":11},"end":{"line":88,"column":null}},{"start":{"line":86,"column":11},"end":{"line":88,"column":null}}]},"7":{"loc":{"start":{"line":84,"column":15},"end":{"line":84,"column":52}},"type":"binary-expr","locations":[{"start":{"line":84,"column":15},"end":{"line":84,"column":31}},{"start":{"line":84,"column":35},"end":{"line":84,"column":52}}]},"8":{"loc":{"start":{"line":86,"column":11},"end":{"line":88,"column":null}},"type":"if","locations":[{"start":{"line":86,"column":11},"end":{"line":88,"column":null}}]},"9":{"loc":{"start":{"line":86,"column":15},"end":{"line":86,"column":53}},"type":"binary-expr","locations":[{"start":{"line":86,"column":15},"end":{"line":86,"column":32}},{"start":{"line":86,"column":36},"end":{"line":86,"column":53}}]}},"s":{"0":2,"1":2,"2":2,"3":2,"4":2,"5":2,"6":2,"7":0,"8":0,"9":0,"10":0,"11":0,"12":0,"13":0,"14":0,"15":0,"16":0,"17":0,"18":0,"19":0,"20":0,"21":0,"22":0,"23":0,"24":0,"25":0,"26":0,"27":0,"28":0,"29":0,"30":0,"31":0,"32":0,"33":0,"34":0,"35":0,"36":0,"37":0,"38":0,"39":0,"40":0,"41":0,"42":2,"43":2},"f":{"0":0,"1":0,"2":0},"b":{"0":[0],"1":[0,0],"2":[0,0],"3":[0,0],"4":[0,0],"5":[0,0],"6":[0,0],"7":[0,0],"8":[0],"9":[0,0]}}
,"/Users/ingeodendaal/Documents/COS301/Capstone/Avalanche 3.0/Avalancche3.0/zacr/src/analysis/analysis.service.ts": {"path":"/Users/ingeodendaal/Documents/COS301/Capstone/Avalanche 3.0/Avalancche3.0/zacr/src/analysis/analysis.service.ts","statementMap":{"0":{"start":{"line":1,"column":0},"end":{"line":1,"column":44}},"1":{"start":{"line":2,"column":0},"end":{"line":2,"column":40}},"2":{"start":{"line":5,"column":7},"end":{"line":64,"column":null}},"3":{"start":{"line":7,"column":4},"end":{"line":9,"column":null}},"4":{"start":{"line":8,"column":6},"end":{"line":8,"column":38}},"5":{"start":{"line":11,"column":17},"end":{"line":11,"column":71}},"6":{"start":{"line":12,"column":4},"end":{"line":14,"column":null}},"7":{"start":{"line":13,"column":6},"end":{"line":13,"column":63}},"8":{"start":{"line":17,"column":6},"end":{"line":17,"column":76}},"9":{"start":{"line":19,"column":23},"end":{"line":19,"column":36}},"10":{"start":{"line":21,"column":4},"end":{"line":51,"column":null}},"11":{"start":{"line":22,"column":19},"end":{"line":22,"column":72}},"12":{"start":{"line":23,"column":26},"end":{"line":24,"column":null}},"13":{"start":{"line":24,"column":8},"end":{"line":24,"column":59}},"14":{"start":{"line":27,"column":24},"end":{"line":28,"column":null}},"15":{"start":{"line":28,"column":8},"end":{"line":28,"column":51}},"16":{"start":{"line":32,"column":29},"end":{"line":33,"column":null}},"17":{"start":{"line":33,"column":38},"end":{"line":33,"column":59}},"18":{"start":{"line":35,"column":33},"end":{"line":35,"column":72}},"19":{"start":{"line":38,"column":19},"end":{"line":38,"column":37}},"20":{"start":{"line":39,"column":18},"end":{"line":39,"column":35}},"21":{"start":{"line":40,"column":18},"end":{"line":40,"column":35}},"22":{"start":{"line":42,"column":21},"end":{"line":45,"column":9}},"23":{"start":{"line":42,"column":42},"end":{"line":44,"column":null}},"24":{"start":{"line":47,"column":6},"end":{"line":50,"column":8}},"25":{"start":{"line":53,"column":4},"end":{"line":53,"column":55}},"26":{"start":{"line":54,"column":4},"end":{"line":54,"column":38}},"27":{"start":{"line":58,"column":4},"end":{"line":62,"column":11}},"28":{"start":{"line":59,"column":21},"end":{"line":59,"column":52}},"29":{"start":{"line":60,"column":6},"end":{"line":60,"column":66}},"30":{"start":{"line":61,"column":6},"end":{"line":61,"column":25}},"31":{"start":{"line":5,"column":13},"end":{"line":64,"column":null}},"32":{"start":{"line":5,"column":13},"end":{"line":5,"column":28}}},"fnMap":{"0":{"name":"(anonymous_1)","decl":{"start":{"line":6,"column":2},"end":{"line":6,"column":7}},"loc":{"start":{"line":6,"column":31},"end":{"line":55,"column":3}}},"1":{"name":"(anonymous_2)","decl":{"start":{"line":23,"column":35},"end":{"line":23,"column":36}},"loc":{"start":{"line":24,"column":8},"end":{"line":24,"column":59}}},"2":{"name":"(anonymous_3)","decl":{"start":{"line":27,"column":33},"end":{"line":27,"column":34}},"loc":{"start":{"line":28,"column":8},"end":{"line":28,"column":51}}},"3":{"name":"(anonymous_4)","decl":{"start":{"line":33,"column":24},"end":{"line":33,"column":25}},"loc":{"start":{"line":33,"column":38},"end":{"line":33,"column":59}}},"4":{"name":"(anonymous_5)","decl":{"start":{"line":42,"column":30},"end":{"line":42,"column":31}},"loc":{"start":{"line":42,"column":42},"end":{"line":44,"column":null}}},"5":{"name":"(anonymous_6)","decl":{"start":{"line":57,"column":2},"end":{"line":57,"column":15}},"loc":{"start":{"line":57,"column":31},"end":{"line":63,"column":3}}},"6":{"name":"(anonymous_7)","decl":{"start":{"line":58,"column":27},"end":{"line":58,"column":28}},"loc":{"start":{"line":58,"column":48},"end":{"line":62,"column":5}}}},"branchMap":{"0":{"loc":{"start":{"line":7,"column":4},"end":{"line":9,"column":null}},"type":"if","locations":[{"start":{"line":7,"column":4},"end":{"line":9,"column":null}}]},"1":{"loc":{"start":{"line":7,"column":8},"end":{"line":7,"column":70}},"type":"binary-expr","locations":[{"start":{"line":7,"column":8},"end":{"line":7,"column":17}},{"start":{"line":7,"column":21},"end":{"line":7,"column":45}},{"start":{"line":7,"column":49},"end":{"line":7,"column":70}}]},"2":{"loc":{"start":{"line":12,"column":4},"end":{"line":14,"column":null}},"type":"if","locations":[{"start":{"line":12,"column":4},"end":{"line":14,"column":null}}]},"3":{"loc":{"start":{"line":17,"column":6},"end":{"line":17,"column":76}},"type":"cond-expr","locations":[{"start":{"line":17,"column":26},"end":{"line":17,"column":54}},{"start":{"line":17,"column":57},"end":{"line":17,"column":76}}]},"4":{"loc":{"start":{"line":60,"column":29},"end":{"line":60,"column":54}},"type":"binary-expr","locations":[{"start":{"line":60,"column":29},"end":{"line":60,"column":48}},{"start":{"line":60,"column":52},"end":{"line":60,"column":54}}]}},"s":{"0":4,"1":4,"2":4,"3":4,"4":1,"5":3,"6":3,"7":1,"8":2,"9":2,"10":2,"11":2,"12":2,"13":2,"14":2,"15":2,"16":2,"17":2,"18":2,"19":2,"20":2,"21":2,"22":2,"23":2,"24":2,"25":2,"26":2,"27":2,"28":2,"29":2,"30":2,"31":4,"32":4},"f":{"0":4,"1":2,"2":2,"3":2,"4":2,"5":2,"6":2},"b":{"0":[1],"1":[4,4,4],"2":[1],"3":[2,0],"4":[2,2]}}
,"/Users/ingeodendaal/Documents/COS301/Capstone/Avalanche 3.0/Avalancche3.0/zacr/src/data-format/data-format.service.ts": {"path":"/Users/ingeodendaal/Documents/COS301/Capstone/Avalanche 3.0/Avalancche3.0/zacr/src/data-format/data-format.service.ts","statementMap":{"0":{"start":{"line":2,"column":0},"end":{"line":2,"column":44}},"1":{"start":{"line":3,"column":0},"end":{"line":3,"column":34}},"2":{"start":{"line":6,"column":7},"end":{"line":18,"column":null}},"3":{"start":{"line":8,"column":4},"end":{"line":16,"column":null}},"4":{"start":{"line":10,"column":23},"end":{"line":10,"column":39}},"5":{"start":{"line":11,"column":6},"end":{"line":11,"column":22}},"6":{"start":{"line":15,"column":6},"end":{"line":15,"column":42}},"7":{"start":{"line":6,"column":13},"end":{"line":18,"column":null}},"8":{"start":{"line":6,"column":13},"end":{"line":6,"column":30}}},"fnMap":{"0":{"name":"(anonymous_1)","decl":{"start":{"line":7,"column":2},"end":{"line":7,"column":7}},"loc":{"start":{"line":7,"column":26},"end":{"line":17,"column":3}}}},"branchMap":{},"s":{"0":2,"1":2,"2":2,"3":2,"4":2,"5":1,"6":1,"7":2,"8":2},"f":{"0":2},"b":{}}
,"/Users/ingeodendaal/Documents/COS301/Capstone/Avalanche 3.0/Avalancche3.0/zacr/src/domainNameAnalysis/domain-name-analysis.service.ts": {"path":"/Users/ingeodendaal/Documents/COS301/Capstone/Avalanche 3.0/Avalancche3.0/zacr/src/domainNameAnalysis/domain-name-analysis.service.ts","statementMap":{"0":{"start":{"line":1,"column":0},"end":{"line":1,"column":44}},"1":{"start":{"line":2,"column":0},"end":{"line":2,"column":28}},"2":{"start":{"line":3,"column":0},"end":{"line":3,"column":52}},"3":{"start":{"line":4,"column":0},"end":{"line":4,"column":37}},"4":{"start":{"line":5,"column":0},"end":{"line":5,"column":66}},"5":{"start":{"line":6,"column":0},"end":{"line":6,"column":74}},"6":{"start":{"line":9,"column":7},"end":{"line":203,"column":null}},"7":{"start":{"line":11,"column":12},"end":{"line":11,"column":25}},"8":{"start":{"line":12,"column":38},"end":{"line":12,"column":45}},"9":{"start":{"line":13,"column":21},"end":{"line":13,"column":39}},"10":{"start":{"line":14,"column":21},"end":{"line":14,"column":45}},"11":{"start":{"line":18,"column":4},"end":{"line":82,"column":null}},"12":{"start":{"line":19,"column":6},"end":{"line":19,"column":24}},"13":{"start":{"line":20,"column":22},"end":{"line":20,"column":50}},"14":{"start":{"line":21,"column":6},"end":{"line":21,"column":27}},"15":{"start":{"line":22,"column":18},"end":{"line":22,"column":34}},"16":{"start":{"line":23,"column":26},"end":{"line":23,"column":50}},"17":{"start":{"line":25,"column":23},"end":{"line":25,"column":62}},"18":{"start":{"line":26,"column":6},"end":{"line":26,"column":28}},"19":{"start":{"line":27,"column":26},"end":{"line":27,"column":65}},"20":{"start":{"line":29,"column":6},"end":{"line":60,"column":null}},"21":{"start":{"line":31,"column":8},"end":{"line":40,"column":null}},"22":{"start":{"line":32,"column":10},"end":{"line":32,"column":68}},"23":{"start":{"line":34,"column":10},"end":{"line":39,"column":12}},"24":{"start":{"line":41,"column":8},"end":{"line":41,"column":56}},"25":{"start":{"line":42,"column":8},"end":{"line":42,"column":55}},"26":{"start":{"line":43,"column":8},"end":{"line":43,"column":28}},"27":{"start":{"line":44,"column":25},"end":{"line":46,"column":null}},"28":{"start":{"line":48,"column":29},"end":{"line":48,"column":58}},"29":{"start":{"line":49,"column":8},"end":{"line":49,"column":34}},"30":{"start":{"line":50,"column":8},"end":{"line":53,"column":12}},"31":{"start":{"line":54,"column":8},"end":{"line":59,"column":10}},"32":{"start":{"line":62,"column":6},"end":{"line":74,"column":8}},"33":{"start":{"line":76,"column":6},"end":{"line":81,"column":8}},"34":{"start":{"line":86,"column":4},"end":{"line":134,"column":null}},"35":{"start":{"line":87,"column":6},"end":{"line":87,"column":54}},"36":{"start":{"line":89,"column":6},"end":{"line":89,"column":40}},"37":{"start":{"line":90,"column":6},"end":{"line":90,"column":27}},"38":{"start":{"line":91,"column":23},"end":{"line":91,"column":85}},"39":{"start":{"line":93,"column":26},"end":{"line":93,"column":65}},"40":{"start":{"line":95,"column":6},"end":{"line":121,"column":null}},"41":{"start":{"line":98,"column":8},"end":{"line":107,"column":null}},"42":{"start":{"line":99,"column":10},"end":{"line":99,"column":68}},"43":{"start":{"line":101,"column":10},"end":{"line":106,"column":12}},"44":{"start":{"line":111,"column":8},"end":{"line":114,"column":12}},"45":{"start":{"line":115,"column":8},"end":{"line":120,"column":10}},"46":{"start":{"line":122,"column":6},"end":{"line":126,"column":8}},"47":{"start":{"line":128,"column":6},"end":{"line":133,"column":8}},"48":{"start":{"line":138,"column":20},"end":{"line":138,"column":40}},"49":{"start":{"line":139,"column":4},"end":{"line":150,"column":null}},"50":{"start":{"line":140,"column":6},"end":{"line":147,"column":null}},"51":{"start":{"line":141,"column":23},"end":{"line":141,"column":25}},"52":{"start":{"line":142,"column":8},"end":{"line":144,"column":null}},"53":{"start":{"line":143,"column":10},"end":{"line":143,"column":25}},"54":{"start":{"line":145,"column":8},"end":{"line":145,"column":39}},"55":{"start":{"line":146,"column":8},"end":{"line":146,"column":40}},"56":{"start":{"line":149,"column":6},"end":{"line":149,"column":44}},"57":{"start":{"line":152,"column":15},"end":{"line":152,"column":30}},"58":{"start":{"line":153,"column":4},"end":{"line":164,"column":null}},"59":{"start":{"line":154,"column":6},"end":{"line":160,"column":null}},"60":{"start":{"line":155,"column":24},"end":{"line":155,"column":26}},"61":{"start":{"line":156,"column":8},"end":{"line":158,"column":null}},"62":{"start":{"line":157,"column":10},"end":{"line":157,"column":26}},"63":{"start":{"line":159,"column":8},"end":{"line":159,"column":35}},"64":{"start":{"line":161,"column":6},"end":{"line":161,"column":28}},"65":{"start":{"line":163,"column":6},"end":{"line":163,"column":31}},"66":{"start":{"line":167,"column":4},"end":{"line":178,"column":null}},"67":{"start":{"line":168,"column":6},"end":{"line":168,"column":28}},"68":{"start":{"line":169,"column":6},"end":{"line":169,"column":58}},"69":{"start":{"line":170,"column":6},"end":{"line":170,"column":51}},"70":{"start":{"line":172,"column":6},"end":{"line":172,"column":47}},"71":{"start":{"line":173,"column":18},"end":{"line":173,"column":44}},"72":{"start":{"line":174,"column":6},"end":{"line":174,"column":47}},"73":{"start":{"line":175,"column":16},"end":{"line":175,"column":37}},"74":{"start":{"line":176,"column":6},"end":{"line":176,"column":39}},"75":{"start":{"line":177,"column":6},"end":{"line":177,"column":69}},"76":{"start":{"line":181,"column":4},"end":{"line":192,"column":null}},"77":{"start":{"line":182,"column":6},"end":{"line":182,"column":26}},"78":{"start":{"line":183,"column":6},"end":{"line":183,"column":54}},"79":{"start":{"line":184,"column":6},"end":{"line":184,"column":47}},"80":{"start":{"line":186,"column":6},"end":{"line":186,"column":43}},"81":{"start":{"line":187,"column":18},"end":{"line":187,"column":42}},"82":{"start":{"line":188,"column":6},"end":{"line":188,"column":47}},"83":{"start":{"line":189,"column":16},"end":{"line":189,"column":35}},"84":{"start":{"line":190,"column":6},"end":{"line":190,"column":39}},"85":{"start":{"line":191,"column":6},"end":{"line":191,"column":65}},"86":{"start":{"line":194,"column":4},"end":{"line":201,"column":6}},"87":{"start":{"line":9,"column":13},"end":{"line":203,"column":null}},"88":{"start":{"line":9,"column":13},"end":{"line":9,"column":38}}},"fnMap":{"0":{"name":"(anonymous_4)","decl":{"start":{"line":10,"column":2},"end":{"line":10,"column":null}},"loc":{"start":{"line":14,"column":63},"end":{"line":15,"column":6}}},"1":{"name":"(anonymous_5)","decl":{"start":{"line":17,"column":2},"end":{"line":17,"column":7}},"loc":{"start":{"line":17,"column":26},"end":{"line":83,"column":3}}},"2":{"name":"(anonymous_6)","decl":{"start":{"line":85,"column":2},"end":{"line":85,"column":7}},"loc":{"start":{"line":85,"column":55},"end":{"line":135,"column":3}}},"3":{"name":"(anonymous_7)","decl":{"start":{"line":137,"column":2},"end":{"line":137,"column":23}},"loc":{"start":{"line":137,"column":39},"end":{"line":202,"column":3}}}},"branchMap":{"0":{"loc":{"start":{"line":29,"column":6},"end":{"line":60,"column":null}},"type":"if","locations":[{"start":{"line":29,"column":6},"end":{"line":60,"column":null}}]},"1":{"loc":{"start":{"line":95,"column":6},"end":{"line":121,"column":null}},"type":"if","locations":[{"start":{"line":95,"column":6},"end":{"line":121,"column":null}}]},"2":{"loc":{"start":{"line":139,"column":4},"end":{"line":150,"column":null}},"type":"if","locations":[{"start":{"line":139,"column":4},"end":{"line":150,"column":null}},{"start":{"line":148,"column":11},"end":{"line":150,"column":null}}]},"3":{"loc":{"start":{"line":140,"column":6},"end":{"line":147,"column":null}},"type":"if","locations":[{"start":{"line":140,"column":6},"end":{"line":147,"column":null}}]},"4":{"loc":{"start":{"line":153,"column":4},"end":{"line":164,"column":null}},"type":"if","locations":[{"start":{"line":153,"column":4},"end":{"line":164,"column":null}},{"start":{"line":162,"column":11},"end":{"line":164,"column":null}}]},"5":{"loc":{"start":{"line":154,"column":6},"end":{"line":160,"column":null}},"type":"if","locations":[{"start":{"line":154,"column":6},"end":{"line":160,"column":null}}]},"6":{"loc":{"start":{"line":167,"column":4},"end":{"line":178,"column":null}},"type":"if","locations":[{"start":{"line":167,"column":4},"end":{"line":178,"column":null}},{"start":{"line":171,"column":11},"end":{"line":178,"column":null}}]},"7":{"loc":{"start":{"line":174,"column":14},"end":{"line":174,"column":46}},"type":"cond-expr","locations":[{"start":{"line":174,"column":27},"end":{"line":174,"column":38}},{"start":{"line":174,"column":41},"end":{"line":174,"column":46}}]},"8":{"loc":{"start":{"line":176,"column":12},"end":{"line":176,"column":38}},"type":"cond-expr","locations":[{"start":{"line":176,"column":23},"end":{"line":176,"column":32}},{"start":{"line":176,"column":35},"end":{"line":176,"column":38}}]},"9":{"loc":{"start":{"line":181,"column":4},"end":{"line":192,"column":null}},"type":"if","locations":[{"start":{"line":181,"column":4},"end":{"line":192,"column":null}},{"start":{"line":185,"column":11},"end":{"line":192,"column":null}}]},"10":{"loc":{"start":{"line":188,"column":14},"end":{"line":188,"column":46}},"type":"cond-expr","locations":[{"start":{"line":188,"column":27},"end":{"line":188,"column":38}},{"start":{"line":188,"column":41},"end":{"line":188,"column":46}}]},"11":{"loc":{"start":{"line":190,"column":12},"end":{"line":190,"column":38}},"type":"cond-expr","locations":[{"start":{"line":190,"column":23},"end":{"line":190,"column":32}},{"start":{"line":190,"column":35},"end":{"line":190,"column":38}}]}},"s":{"0":2,"1":2,"2":2,"3":2,"4":2,"5":2,"6":2,"7":0,"8":0,"9":0,"10":0,"11":0,"12":0,"13":0,"14":0,"15":0,"16":0,"17":0,"18":0,"19":0,"20":0,"21":0,"22":0,"23":0,"24":0,"25":0,"26":0,"27":0,"28":0,"29":0,"30":0,"31":0,"32":0,"33":0,"34":0,"35":0,"36":0,"37":0,"38":0,"39":0,"40":0,"41":0,"42":0,"43":0,"44":0,"45":0,"46":0,"47":0,"48":0,"49":0,"50":0,"51":0,"52":0,"53":0,"54":0,"55":0,"56":0,"57":0,"58":0,"59":0,"60":0,"61":0,"62":0,"63":0,"64":0,"65":0,"66":0,"67":0,"68":0,"69":0,"70":0,"71":0,"72":0,"73":0,"74":0,"75":0,"76":0,"77":0,"78":0,"79":0,"80":0,"81":0,"82":0,"83":0,"84":0,"85":0,"86":0,"87":2,"88":2},"f":{"0":0,"1":0,"2":0,"3":0},"b":{"0":[0],"1":[0],"2":[0,0],"3":[0],"4":[0,0],"5":[0],"6":[0,0],"7":[0,0],"8":[0,0],"9":[0,0],"10":[0,0],"11":[0,0]}}
,"/Users/ingeodendaal/Documents/COS301/Capstone/Avalanche 3.0/Avalancche3.0/zacr/src/domainWatch/domain-watch-analysis.service.ts": {"path":"/Users/ingeodendaal/Documents/COS301/Capstone/Avalanche 3.0/Avalancche3.0/zacr/src/domainWatch/domain-watch-analysis.service.ts","statementMap":{"0":{"start":{"line":1,"column":0},"end":{"line":1,"column":44}},"1":{"start":{"line":2,"column":0},"end":{"line":2,"column":44}},"2":{"start":{"line":4,"column":0},"end":{"line":4,"column":66}},"3":{"start":{"line":5,"column":0},"end":{"line":5,"column":74}},"4":{"start":{"line":8,"column":7},"end":{"line":48,"column":null}},"5":{"start":{"line":10,"column":12},"end":{"line":10,"column":25}},"6":{"start":{"line":11,"column":21},"end":{"line":11,"column":39}},"7":{"start":{"line":12,"column":21},"end":{"line":12,"column":45}},"8":{"start":{"line":16,"column":21},"end":{"line":16,"column":50}},"9":{"start":{"line":18,"column":4},"end":{"line":27,"column":null}},"10":{"start":{"line":19,"column":6},"end":{"line":19,"column":64}},"11":{"start":{"line":21,"column":6},"end":{"line":26,"column":8}},"12":{"start":{"line":28,"column":4},"end":{"line":28,"column":27}},"13":{"start":{"line":29,"column":4},"end":{"line":29,"column":25}},"14":{"start":{"line":33,"column":21},"end":{"line":33,"column":41}},"15":{"start":{"line":35,"column":4},"end":{"line":44,"column":null}},"16":{"start":{"line":36,"column":6},"end":{"line":36,"column":64}},"17":{"start":{"line":38,"column":6},"end":{"line":43,"column":8}},"18":{"start":{"line":45,"column":4},"end":{"line":45,"column":27}},"19":{"start":{"line":46,"column":4},"end":{"line":46,"column":25}},"20":{"start":{"line":8,"column":13},"end":{"line":48,"column":null}},"21":{"start":{"line":8,"column":13},"end":{"line":8,"column":31}}},"fnMap":{"0":{"name":"(anonymous_2)","decl":{"start":{"line":9,"column":2},"end":{"line":9,"column":null}},"loc":{"start":{"line":12,"column":63},"end":{"line":13,"column":6}}},"1":{"name":"(anonymous_3)","decl":{"start":{"line":15,"column":2},"end":{"line":15,"column":7}},"loc":{"start":{"line":15,"column":15},"end":{"line":30,"column":3}}},"2":{"name":"(anonymous_4)","decl":{"start":{"line":32,"column":2},"end":{"line":32,"column":7}},"loc":{"start":{"line":32,"column":19},"end":{"line":47,"column":3}}}},"branchMap":{},"s":{"0":2,"1":2,"2":2,"3":2,"4":2,"5":0,"6":0,"7":0,"8":0,"9":0,"10":0,"11":0,"12":0,"13":0,"14":0,"15":0,"16":0,"17":0,"18":0,"19":0,"20":2,"21":2},"f":{"0":0,"1":0,"2":0},"b":{}}
,"/Users/ingeodendaal/Documents/COS301/Capstone/Avalanche 3.0/Avalancche3.0/zacr/src/graph-format/graph-format.service.ts": {"path":"/Users/ingeodendaal/Documents/COS301/Capstone/Avalanche 3.0/Avalancche3.0/zacr/src/graph-format/graph-format.service.ts","statementMap":{"0":{"start":{"line":1,"column":0},"end":{"line":1,"column":44}},"1":{"start":{"line":4,"column":7},"end":{"line":255,"column":null}},"2":{"start":{"line":22,"column":20},"end":{"line":22,"column":78}},"3":{"start":{"line":23,"column":4},"end":{"line":34,"column":null}},"4":{"start":{"line":24,"column":19},"end":{"line":24,"column":42}},"5":{"start":{"line":25,"column":6},"end":{"line":31,"column":null}},"6":{"start":{"line":26,"column":8},"end":{"line":26,"column":78}},"7":{"start":{"line":27,"column":13},"end":{"line":31,"column":null}},"8":{"start":{"line":28,"column":8},"end":{"line":28,"column":77}},"9":{"start":{"line":30,"column":8},"end":{"line":30,"column":73}},"10":{"start":{"line":33,"column":6},"end":{"line":33,"column":43}},"11":{"start":{"line":38,"column":20},"end":{"line":38,"column":78}},"12":{"start":{"line":39,"column":4},"end":{"line":70,"column":null}},"13":{"start":{"line":40,"column":19},"end":{"line":40,"column":42}},"14":{"start":{"line":41,"column":6},"end":{"line":67,"column":null}},"15":{"start":{"line":42,"column":26},"end":{"line":42,"column":33}},"16":{"start":{"line":43,"column":25},"end":{"line":43,"column":32}},"17":{"start":{"line":44,"column":23},"end":{"line":44,"column":30}},"18":{"start":{"line":45,"column":23},"end":{"line":45,"column":25}},"19":{"start":{"line":46,"column":25},"end":{"line":46,"column":27}},"20":{"start":{"line":48,"column":8},"end":{"line":59,"column":11}},"21":{"start":{"line":49,"column":10},"end":{"line":51,"column":null}},"22":{"start":{"line":50,"column":12},"end":{"line":50,"column":41}},"23":{"start":{"line":52,"column":10},"end":{"line":57,"column":null}},"24":{"start":{"line":53,"column":12},"end":{"line":56,"column":14}},"25":{"start":{"line":58,"column":10},"end":{"line":58,"column":62}},"26":{"start":{"line":61,"column":8},"end":{"line":64,"column":11}},"27":{"start":{"line":66,"column":8},"end":{"line":66,"column":73}},"28":{"start":{"line":69,"column":6},"end":{"line":69,"column":43}},"29":{"start":{"line":74,"column":20},"end":{"line":74,"column":66}},"30":{"start":{"line":75,"column":4},"end":{"line":89,"column":null}},"31":{"start":{"line":76,"column":19},"end":{"line":76,"column":42}},"32":{"start":{"line":77,"column":6},"end":{"line":86,"column":null}},"33":{"start":{"line":78,"column":8},"end":{"line":83,"column":10}},"34":{"start":{"line":85,"column":8},"end":{"line":85,"column":73}},"35":{"start":{"line":88,"column":6},"end":{"line":88,"column":43}},"36":{"start":{"line":93,"column":20},"end":{"line":93,"column":66}},"37":{"start":{"line":94,"column":4},"end":{"line":105,"column":null}},"38":{"start":{"line":95,"column":19},"end":{"line":95,"column":42}},"39":{"start":{"line":96,"column":6},"end":{"line":102,"column":null}},"40":{"start":{"line":97,"column":8},"end":{"line":97,"column":76}},"41":{"start":{"line":98,"column":13},"end":{"line":102,"column":null}},"42":{"start":{"line":99,"column":8},"end":{"line":99,"column":66}},"43":{"start":{"line":101,"column":8},"end":{"line":101,"column":73}},"44":{"start":{"line":104,"column":6},"end":{"line":104,"column":43}},"45":{"start":{"line":109,"column":20},"end":{"line":109,"column":44}},"46":{"start":{"line":110,"column":4},"end":{"line":122,"column":null}},"47":{"start":{"line":111,"column":19},"end":{"line":111,"column":42}},"48":{"start":{"line":112,"column":6},"end":{"line":119,"column":null}},"49":{"start":{"line":113,"column":27},"end":{"line":113,"column":78}},"50":{"start":{"line":114,"column":8},"end":{"line":114,"column":72}},"51":{"start":{"line":116,"column":8},"end":{"line":118,"column":10}},"52":{"start":{"line":121,"column":6},"end":{"line":121,"column":43}},"53":{"start":{"line":126,"column":20},"end":{"line":126,"column":60}},"54":{"start":{"line":127,"column":4},"end":{"line":143,"column":null}},"55":{"start":{"line":128,"column":19},"end":{"line":128,"column":42}},"56":{"start":{"line":129,"column":6},"end":{"line":140,"column":null}},"57":{"start":{"line":130,"column":8},"end":{"line":135,"column":10}},"58":{"start":{"line":137,"column":8},"end":{"line":139,"column":10}},"59":{"start":{"line":142,"column":6},"end":{"line":142,"column":43}},"60":{"start":{"line":147,"column":4},"end":{"line":147,"column":22}},"61":{"start":{"line":148,"column":20},"end":{"line":148,"column":75}},"62":{"start":{"line":149,"column":4},"end":{"line":167,"column":null}},"63":{"start":{"line":150,"column":19},"end":{"line":150,"column":42}},"64":{"start":{"line":151,"column":6},"end":{"line":164,"column":null}},"65":{"start":{"line":152,"column":8},"end":{"line":157,"column":10}},"66":{"start":{"line":158,"column":13},"end":{"line":164,"column":null}},"67":{"start":{"line":159,"column":8},"end":{"line":159,"column":75}},"68":{"start":{"line":161,"column":8},"end":{"line":163,"column":10}},"69":{"start":{"line":166,"column":6},"end":{"line":166,"column":43}},"70":{"start":{"line":176,"column":20},"end":{"line":176,"column":57}},"71":{"start":{"line":177,"column":21},"end":{"line":177,"column":28}},"72":{"start":{"line":178,"column":19},"end":{"line":178,"column":26}},"73":{"start":{"line":179,"column":19},"end":{"line":179,"column":21}},"74":{"start":{"line":180,"column":21},"end":{"line":180,"column":23}},"75":{"start":{"line":182,"column":4},"end":{"line":193,"column":7}},"76":{"start":{"line":183,"column":6},"end":{"line":185,"column":null}},"77":{"start":{"line":184,"column":8},"end":{"line":184,"column":37}},"78":{"start":{"line":186,"column":6},"end":{"line":191,"column":null}},"79":{"start":{"line":187,"column":8},"end":{"line":190,"column":10}},"80":{"start":{"line":192,"column":6},"end":{"line":192,"column":47}},"81":{"start":{"line":195,"column":4},"end":{"line":198,"column":7}},"82":{"start":{"line":202,"column":20},"end":{"line":202,"column":57}},"83":{"start":{"line":203,"column":22},"end":{"line":203,"column":29}},"84":{"start":{"line":204,"column":21},"end":{"line":204,"column":28}},"85":{"start":{"line":205,"column":19},"end":{"line":205,"column":26}},"86":{"start":{"line":206,"column":19},"end":{"line":206,"column":21}},"87":{"start":{"line":207,"column":21},"end":{"line":207,"column":23}},"88":{"start":{"line":209,"column":4},"end":{"line":220,"column":7}},"89":{"start":{"line":210,"column":6},"end":{"line":212,"column":null}},"90":{"start":{"line":211,"column":8},"end":{"line":211,"column":37}},"91":{"start":{"line":213,"column":6},"end":{"line":218,"column":null}},"92":{"start":{"line":214,"column":8},"end":{"line":217,"column":10}},"93":{"start":{"line":219,"column":6},"end":{"line":219,"column":58}},"94":{"start":{"line":222,"column":4},"end":{"line":225,"column":7}},"95":{"start":{"line":229,"column":20},"end":{"line":229,"column":57}},"96":{"start":{"line":230,"column":22},"end":{"line":230,"column":29}},"97":{"start":{"line":231,"column":21},"end":{"line":231,"column":28}},"98":{"start":{"line":232,"column":23},"end":{"line":232,"column":30}},"99":{"start":{"line":233,"column":19},"end":{"line":233,"column":26}},"100":{"start":{"line":234,"column":19},"end":{"line":234,"column":21}},"101":{"start":{"line":235,"column":21},"end":{"line":235,"column":23}},"102":{"start":{"line":237,"column":4},"end":{"line":248,"column":7}},"103":{"start":{"line":238,"column":6},"end":{"line":240,"column":null}},"104":{"start":{"line":239,"column":8},"end":{"line":239,"column":37}},"105":{"start":{"line":241,"column":6},"end":{"line":246,"column":null}},"106":{"start":{"line":242,"column":8},"end":{"line":245,"column":10}},"107":{"start":{"line":247,"column":6},"end":{"line":247,"column":58}},"108":{"start":{"line":250,"column":4},"end":{"line":253,"column":7}},"109":{"start":{"line":4,"column":13},"end":{"line":255,"column":null}},"110":{"start":{"line":4,"column":13},"end":{"line":4,"column":31}}},"fnMap":{"0":{"name":"(anonymous_1)","decl":{"start":{"line":21,"column":2},"end":{"line":21,"column":7}},"loc":{"start":{"line":21,"column":39},"end":{"line":35,"column":3}}},"1":{"name":"(anonymous_2)","decl":{"start":{"line":37,"column":2},"end":{"line":37,"column":7}},"loc":{"start":{"line":37,"column":46},"end":{"line":71,"column":3}}},"2":{"name":"(anonymous_3)","decl":{"start":{"line":48,"column":24},"end":{"line":48,"column":25}},"loc":{"start":{"line":48,"column":34},"end":{"line":59,"column":9}}},"3":{"name":"(anonymous_4)","decl":{"start":{"line":73,"column":2},"end":{"line":73,"column":7}},"loc":{"start":{"line":73,"column":38},"end":{"line":90,"column":3}}},"4":{"name":"(anonymous_5)","decl":{"start":{"line":92,"column":2},"end":{"line":92,"column":7}},"loc":{"start":{"line":92,"column":38},"end":{"line":106,"column":3}}},"5":{"name":"(anonymous_6)","decl":{"start":{"line":108,"column":2},"end":{"line":108,"column":7}},"loc":{"start":{"line":108,"column":45},"end":{"line":123,"column":3}}},"6":{"name":"(anonymous_7)","decl":{"start":{"line":125,"column":2},"end":{"line":125,"column":7}},"loc":{"start":{"line":125,"column":47},"end":{"line":144,"column":3}}},"7":{"name":"(anonymous_8)","decl":{"start":{"line":146,"column":2},"end":{"line":146,"column":7}},"loc":{"start":{"line":146,"column":39},"end":{"line":168,"column":3}}},"8":{"name":"(anonymous_9)","decl":{"start":{"line":170,"column":2},"end":{"line":170,"column":18}},"loc":{"start":{"line":174,"column":17},"end":{"line":199,"column":3}}},"9":{"name":"(anonymous_10)","decl":{"start":{"line":182,"column":20},"end":{"line":182,"column":21}},"loc":{"start":{"line":182,"column":30},"end":{"line":193,"column":5}}},"10":{"name":"(anonymous_11)","decl":{"start":{"line":201,"column":2},"end":{"line":201,"column":20}},"loc":{"start":{"line":201,"column":63},"end":{"line":226,"column":3}}},"11":{"name":"(anonymous_12)","decl":{"start":{"line":209,"column":20},"end":{"line":209,"column":21}},"loc":{"start":{"line":209,"column":30},"end":{"line":220,"column":5}}},"12":{"name":"(anonymous_13)","decl":{"start":{"line":228,"column":2},"end":{"line":228,"column":19}},"loc":{"start":{"line":228,"column":62},"end":{"line":254,"column":3}}},"13":{"name":"(anonymous_14)","decl":{"start":{"line":237,"column":20},"end":{"line":237,"column":21}},"loc":{"start":{"line":237,"column":30},"end":{"line":248,"column":5}}}},"branchMap":{"0":{"loc":{"start":{"line":23,"column":4},"end":{"line":34,"column":null}},"type":"if","locations":[{"start":{"line":23,"column":4},"end":{"line":34,"column":null}},{"start":{"line":32,"column":11},"end":{"line":34,"column":null}}]},"1":{"loc":{"start":{"line":25,"column":6},"end":{"line":31,"column":null}},"type":"if","locations":[{"start":{"line":25,"column":6},"end":{"line":31,"column":null}},{"start":{"line":27,"column":13},"end":{"line":31,"column":null}}]},"2":{"loc":{"start":{"line":27,"column":13},"end":{"line":31,"column":null}},"type":"if","locations":[{"start":{"line":27,"column":13},"end":{"line":31,"column":null}},{"start":{"line":29,"column":13},"end":{"line":31,"column":null}}]},"3":{"loc":{"start":{"line":39,"column":4},"end":{"line":70,"column":null}},"type":"if","locations":[{"start":{"line":39,"column":4},"end":{"line":70,"column":null}},{"start":{"line":68,"column":11},"end":{"line":70,"column":null}}]},"4":{"loc":{"start":{"line":41,"column":6},"end":{"line":67,"column":null}},"type":"if","locations":[{"start":{"line":41,"column":6},"end":{"line":67,"column":null}},{"start":{"line":65,"column":13},"end":{"line":67,"column":null}}]},"5":{"loc":{"start":{"line":49,"column":10},"end":{"line":51,"column":null}},"type":"if","locations":[{"start":{"line":49,"column":10},"end":{"line":51,"column":null}}]},"6":{"loc":{"start":{"line":52,"column":10},"end":{"line":57,"column":null}},"type":"if","locations":[{"start":{"line":52,"column":10},"end":{"line":57,"column":null}}]},"7":{"loc":{"start":{"line":75,"column":4},"end":{"line":89,"column":null}},"type":"if","locations":[{"start":{"line":75,"column":4},"end":{"line":89,"column":null}},{"start":{"line":87,"column":11},"end":{"line":89,"column":null}}]},"8":{"loc":{"start":{"line":77,"column":6},"end":{"line":86,"column":null}},"type":"if","locations":[{"start":{"line":77,"column":6},"end":{"line":86,"column":null}},{"start":{"line":84,"column":13},"end":{"line":86,"column":null}}]},"9":{"loc":{"start":{"line":94,"column":4},"end":{"line":105,"column":null}},"type":"if","locations":[{"start":{"line":94,"column":4},"end":{"line":105,"column":null}},{"start":{"line":103,"column":11},"end":{"line":105,"column":null}}]},"10":{"loc":{"start":{"line":96,"column":6},"end":{"line":102,"column":null}},"type":"if","locations":[{"start":{"line":96,"column":6},"end":{"line":102,"column":null}},{"start":{"line":98,"column":13},"end":{"line":102,"column":null}}]},"11":{"loc":{"start":{"line":98,"column":13},"end":{"line":102,"column":null}},"type":"if","locations":[{"start":{"line":98,"column":13},"end":{"line":102,"column":null}},{"start":{"line":100,"column":13},"end":{"line":102,"column":null}}]},"12":{"loc":{"start":{"line":110,"column":4},"end":{"line":122,"column":null}},"type":"if","locations":[{"start":{"line":110,"column":4},"end":{"line":122,"column":null}},{"start":{"line":120,"column":11},"end":{"line":122,"column":null}}]},"13":{"loc":{"start":{"line":112,"column":6},"end":{"line":119,"column":null}},"type":"if","locations":[{"start":{"line":112,"column":6},"end":{"line":119,"column":null}},{"start":{"line":115,"column":13},"end":{"line":119,"column":null}}]},"14":{"loc":{"start":{"line":127,"column":4},"end":{"line":143,"column":null}},"type":"if","locations":[{"start":{"line":127,"column":4},"end":{"line":143,"column":null}},{"start":{"line":141,"column":11},"end":{"line":143,"column":null}}]},"15":{"loc":{"start":{"line":129,"column":6},"end":{"line":140,"column":null}},"type":"if","locations":[{"start":{"line":129,"column":6},"end":{"line":140,"column":null}},{"start":{"line":136,"column":13},"end":{"line":140,"column":null}}]},"16":{"loc":{"start":{"line":149,"column":4},"end":{"line":167,"column":null}},"type":"if","locations":[{"start":{"line":149,"column":4},"end":{"line":167,"column":null}},{"start":{"line":165,"column":11},"end":{"line":167,"column":null}}]},"17":{"loc":{"start":{"line":151,"column":6},"end":{"line":164,"column":null}},"type":"if","locations":[{"start":{"line":151,"column":6},"end":{"line":164,"column":null}},{"start":{"line":158,"column":13},"end":{"line":164,"column":null}}]},"18":{"loc":{"start":{"line":158,"column":13},"end":{"line":164,"column":null}},"type":"if","locations":[{"start":{"line":158,"column":13},"end":{"line":164,"column":null}},{"start":{"line":160,"column":13},"end":{"line":164,"column":null}}]},"19":{"loc":{"start":{"line":183,"column":6},"end":{"line":185,"column":null}},"type":"if","locations":[{"start":{"line":183,"column":6},"end":{"line":185,"column":null}}]},"20":{"loc":{"start":{"line":186,"column":6},"end":{"line":191,"column":null}},"type":"if","locations":[{"start":{"line":186,"column":6},"end":{"line":191,"column":null}}]},"21":{"loc":{"start":{"line":210,"column":6},"end":{"line":212,"column":null}},"type":"if","locations":[{"start":{"line":210,"column":6},"end":{"line":212,"column":null}}]},"22":{"loc":{"start":{"line":213,"column":6},"end":{"line":218,"column":null}},"type":"if","locations":[{"start":{"line":213,"column":6},"end":{"line":218,"column":null}}]},"23":{"loc":{"start":{"line":238,"column":6},"end":{"line":240,"column":null}},"type":"if","locations":[{"start":{"line":238,"column":6},"end":{"line":240,"column":null}}]},"24":{"loc":{"start":{"line":241,"column":6},"end":{"line":246,"column":null}},"type":"if","locations":[{"start":{"line":241,"column":6},"end":{"line":246,"column":null}}]}},"s":{"0":5,"1":5,"2":3,"3":2,"4":2,"5":2,"6":1,"7":1,"8":1,"9":0,"10":0,"11":0,"12":0,"13":0,"14":0,"15":0,"16":0,"17":0,"18":0,"19":0,"20":0,"21":0,"22":0,"23":0,"24":0,"25":0,"26":0,"27":0,"28":0,"29":2,"30":1,"31":1,"32":1,"33":1,"34":0,"35":0,"36":3,"37":2,"38":2,"39":2,"40":1,"41":1,"42":1,"43":0,"44":0,"45":0,"46":0,"47":0,"48":0,"49":0,"50":0,"51":0,"52":0,"53":0,"54":0,"55":0,"56":0,"57":0,"58":0,"59":0,"60":0,"61":0,"62":0,"63":0,"64":0,"65":0,"66":0,"67":0,"68":0,"69":0,"70":2,"71":2,"72":2,"73":2,"74":2,"75":2,"76":10,"77":10,"78":10,"79":2,"80":10,"81":2,"82":2,"83":2,"84":2,"85":2,"86":2,"87":2,"88":2,"89":6,"90":3,"91":6,"92":4,"93":6,"94":2,"95":1,"96":1,"97":1,"98":1,"99":1,"100":1,"101":1,"102":1,"103":6,"104":3,"105":6,"106":2,"107":6,"108":1,"109":5,"110":5},"f":{"0":3,"1":0,"2":0,"3":2,"4":3,"5":0,"6":0,"7":0,"8":2,"9":10,"10":2,"11":6,"12":1,"13":6},"b":{"0":[2,0],"1":[1,1],"2":[1,0],"3":[0,0],"4":[0,0],"5":[0],"6":[0],"7":[1,0],"8":[1,0],"9":[2,0],"10":[1,1],"11":[1,0],"12":[0,0],"13":[0,0],"14":[0,0],"15":[0,0],"16":[0,0],"17":[0,0],"18":[0,0],"19":[10],"20":[2],"21":[3],"22":[4],"23":[3],"24":[2]}}
,"/Users/ingeodendaal/Documents/COS301/Capstone/Avalanche 3.0/Avalancche3.0/zacr/src/marketShare/marketShare.service.ts": {"path":"/Users/ingeodendaal/Documents/COS301/Capstone/Avalanche 3.0/Avalancche3.0/zacr/src/marketShare/marketShare.service.ts","statementMap":{"0":{"start":{"line":1,"column":0},"end":{"line":1,"column":52}},"1":{"start":{"line":2,"column":0},"end":{"line":2,"column":28}},"2":{"start":{"line":3,"column":0},"end":{"line":3,"column":41}},"3":{"start":{"line":4,"column":0},"end":{"line":4,"column":66}},"4":{"start":{"line":5,"column":0},"end":{"line":5,"column":74}},"5":{"start":{"line":8,"column":7},"end":{"line":103,"column":null}},"6":{"start":{"line":10,"column":12},"end":{"line":10,"column":24}},"7":{"start":{"line":11,"column":38},"end":{"line":11,"column":45}},"8":{"start":{"line":12,"column":21},"end":{"line":12,"column":39}},"9":{"start":{"line":13,"column":21},"end":{"line":13,"column":45}},"10":{"start":{"line":17,"column":4},"end":{"line":64,"column":null}},"11":{"start":{"line":18,"column":6},"end":{"line":18,"column":53}},"12":{"start":{"line":20,"column":6},"end":{"line":20,"column":40}},"13":{"start":{"line":21,"column":6},"end":{"line":21,"column":27}},"14":{"start":{"line":22,"column":23},"end":{"line":22,"column":55}},"15":{"start":{"line":24,"column":26},"end":{"line":24,"column":65}},"16":{"start":{"line":26,"column":6},"end":{"line":48,"column":null}},"17":{"start":{"line":28,"column":8},"end":{"line":37,"column":null}},"18":{"start":{"line":29,"column":10},"end":{"line":29,"column":68}},"19":{"start":{"line":31,"column":10},"end":{"line":36,"column":12}},"20":{"start":{"line":38,"column":8},"end":{"line":40,"column":10}},"21":{"start":{"line":42,"column":8},"end":{"line":47,"column":10}},"22":{"start":{"line":49,"column":6},"end":{"line":56,"column":8}},"23":{"start":{"line":58,"column":6},"end":{"line":63,"column":8}},"24":{"start":{"line":68,"column":15},"end":{"line":68,"column":30}},"25":{"start":{"line":69,"column":4},"end":{"line":71,"column":null}},"26":{"start":{"line":70,"column":6},"end":{"line":70,"column":74}},"27":{"start":{"line":73,"column":20},"end":{"line":73,"column":40}},"28":{"start":{"line":74,"column":4},"end":{"line":85,"column":null}},"29":{"start":{"line":75,"column":6},"end":{"line":82,"column":null}},"30":{"start":{"line":76,"column":23},"end":{"line":76,"column":25}},"31":{"start":{"line":77,"column":8},"end":{"line":79,"column":null}},"32":{"start":{"line":78,"column":10},"end":{"line":78,"column":25}},"33":{"start":{"line":80,"column":8},"end":{"line":80,"column":39}},"34":{"start":{"line":81,"column":8},"end":{"line":81,"column":43}},"35":{"start":{"line":84,"column":6},"end":{"line":84,"column":44}},"36":{"start":{"line":87,"column":15},"end":{"line":87,"column":30}},"37":{"start":{"line":88,"column":4},"end":{"line":99,"column":null}},"38":{"start":{"line":89,"column":6},"end":{"line":95,"column":null}},"39":{"start":{"line":90,"column":24},"end":{"line":90,"column":26}},"40":{"start":{"line":91,"column":8},"end":{"line":93,"column":null}},"41":{"start":{"line":92,"column":10},"end":{"line":92,"column":26}},"42":{"start":{"line":94,"column":8},"end":{"line":94,"column":35}},"43":{"start":{"line":96,"column":6},"end":{"line":96,"column":28}},"44":{"start":{"line":98,"column":6},"end":{"line":98,"column":27}},"45":{"start":{"line":101,"column":4},"end":{"line":101,"column":65}},"46":{"start":{"line":8,"column":13},"end":{"line":103,"column":null}},"47":{"start":{"line":8,"column":13},"end":{"line":8,"column":31}}},"fnMap":{"0":{"name":"(anonymous_4)","decl":{"start":{"line":9,"column":2},"end":{"line":9,"column":null}},"loc":{"start":{"line":13,"column":63},"end":{"line":14,"column":6}}},"1":{"name":"(anonymous_5)","decl":{"start":{"line":16,"column":2},"end":{"line":16,"column":7}},"loc":{"start":{"line":16,"column":54},"end":{"line":65,"column":3}}},"2":{"name":"(anonymous_6)","decl":{"start":{"line":67,"column":2},"end":{"line":67,"column":22}},"loc":{"start":{"line":67,"column":38},"end":{"line":102,"column":3}}}},"branchMap":{"0":{"loc":{"start":{"line":26,"column":6},"end":{"line":48,"column":null}},"type":"if","locations":[{"start":{"line":26,"column":6},"end":{"line":48,"column":null}}]},"1":{"loc":{"start":{"line":69,"column":4},"end":{"line":71,"column":null}},"type":"if","locations":[{"start":{"line":69,"column":4},"end":{"line":71,"column":null}}]},"2":{"loc":{"start":{"line":74,"column":4},"end":{"line":85,"column":null}},"type":"if","locations":[{"start":{"line":74,"column":4},"end":{"line":85,"column":null}},{"start":{"line":83,"column":11},"end":{"line":85,"column":null}}]},"3":{"loc":{"start":{"line":75,"column":6},"end":{"line":82,"column":null}},"type":"if","locations":[{"start":{"line":75,"column":6},"end":{"line":82,"column":null}}]},"4":{"loc":{"start":{"line":88,"column":4},"end":{"line":99,"column":null}},"type":"if","locations":[{"start":{"line":88,"column":4},"end":{"line":99,"column":null}},{"start":{"line":97,"column":11},"end":{"line":99,"column":null}}]},"5":{"loc":{"start":{"line":89,"column":6},"end":{"line":95,"column":null}},"type":"if","locations":[{"start":{"line":89,"column":6},"end":{"line":95,"column":null}}]}},"s":{"0":3,"1":3,"2":3,"3":3,"4":3,"5":3,"6":0,"7":0,"8":0,"9":0,"10":0,"11":0,"12":0,"13":0,"14":0,"15":0,"16":0,"17":0,"18":0,"19":0,"20":0,"21":0,"22":0,"23":0,"24":0,"25":0,"26":0,"27":0,"28":0,"29":0,"30":0,"31":0,"32":0,"33":0,"34":0,"35":0,"36":0,"37":0,"38":0,"39":0,"40":0,"41":0,"42":0,"43":0,"44":0,"45":0,"46":3,"47":3},"f":{"0":0,"1":0,"2":0},"b":{"0":[0],"1":[0],"2":[0,0],"3":[0],"4":[0,0],"5":[0]}}
,"/Users/ingeodendaal/Documents/COS301/Capstone/Avalanche 3.0/Avalancche3.0/zacr/src/movement/movement.service.ts": {"path":"/Users/ingeodendaal/Documents/COS301/Capstone/Avalanche 3.0/Avalancche3.0/zacr/src/movement/movement.service.ts","statementMap":{"0":{"start":{"line":1,"column":0},"end":{"line":1,"column":52}},"1":{"start":{"line":2,"column":0},"end":{"line":2,"column":28}},"2":{"start":{"line":3,"column":0},"end":{"line":3,"column":41}},"3":{"start":{"line":4,"column":0},"end":{"line":4,"column":66}},"4":{"start":{"line":6,"column":0},"end":{"line":6,"column":63}},"5":{"start":{"line":7,"column":0},"end":{"line":7,"column":74}},"6":{"start":{"line":10,"column":7},"end":{"line":149,"column":null}},"7":{"start":{"line":12,"column":12},"end":{"line":12,"column":24}},"8":{"start":{"line":13,"column":38},"end":{"line":13,"column":45}},"9":{"start":{"line":14,"column":21},"end":{"line":14,"column":39}},"10":{"start":{"line":15,"column":21},"end":{"line":15,"column":49}},"11":{"start":{"line":16,"column":21},"end":{"line":16,"column":45}},"12":{"start":{"line":20,"column":4},"end":{"line":68,"column":null}},"13":{"start":{"line":21,"column":6},"end":{"line":21,"column":53}},"14":{"start":{"line":23,"column":6},"end":{"line":23,"column":40}},"15":{"start":{"line":24,"column":6},"end":{"line":24,"column":27}},"16":{"start":{"line":25,"column":23},"end":{"line":25,"column":64}},"17":{"start":{"line":27,"column":26},"end":{"line":27,"column":65}},"18":{"start":{"line":29,"column":6},"end":{"line":52,"column":null}},"19":{"start":{"line":31,"column":8},"end":{"line":40,"column":null}},"20":{"start":{"line":32,"column":10},"end":{"line":32,"column":68}},"21":{"start":{"line":34,"column":10},"end":{"line":39,"column":12}},"22":{"start":{"line":42,"column":8},"end":{"line":44,"column":10}},"23":{"start":{"line":46,"column":8},"end":{"line":51,"column":10}},"24":{"start":{"line":54,"column":6},"end":{"line":54,"column":36}},"25":{"start":{"line":56,"column":6},"end":{"line":60,"column":8}},"26":{"start":{"line":62,"column":6},"end":{"line":67,"column":8}},"27":{"start":{"line":72,"column":20},"end":{"line":72,"column":40}},"28":{"start":{"line":73,"column":4},"end":{"line":83,"column":null}},"29":{"start":{"line":74,"column":6},"end":{"line":80,"column":null}},"30":{"start":{"line":75,"column":23},"end":{"line":75,"column":25}},"31":{"start":{"line":76,"column":8},"end":{"line":78,"column":null}},"32":{"start":{"line":77,"column":10},"end":{"line":77,"column":25}},"33":{"start":{"line":79,"column":8},"end":{"line":79,"column":39}},"34":{"start":{"line":82,"column":6},"end":{"line":82,"column":37}},"35":{"start":{"line":85,"column":15},"end":{"line":85,"column":30}},"36":{"start":{"line":86,"column":4},"end":{"line":97,"column":null}},"37":{"start":{"line":87,"column":6},"end":{"line":93,"column":null}},"38":{"start":{"line":88,"column":24},"end":{"line":88,"column":26}},"39":{"start":{"line":89,"column":8},"end":{"line":91,"column":null}},"40":{"start":{"line":90,"column":10},"end":{"line":90,"column":26}},"41":{"start":{"line":92,"column":8},"end":{"line":92,"column":35}},"42":{"start":{"line":94,"column":6},"end":{"line":94,"column":28}},"43":{"start":{"line":96,"column":6},"end":{"line":96,"column":38}},"44":{"start":{"line":100,"column":4},"end":{"line":111,"column":null}},"45":{"start":{"line":101,"column":6},"end":{"line":101,"column":28}},"46":{"start":{"line":102,"column":6},"end":{"line":102,"column":58}},"47":{"start":{"line":103,"column":6},"end":{"line":103,"column":51}},"48":{"start":{"line":105,"column":6},"end":{"line":105,"column":47}},"49":{"start":{"line":106,"column":18},"end":{"line":106,"column":44}},"50":{"start":{"line":107,"column":6},"end":{"line":107,"column":47}},"51":{"start":{"line":108,"column":16},"end":{"line":108,"column":37}},"52":{"start":{"line":109,"column":6},"end":{"line":109,"column":39}},"53":{"start":{"line":110,"column":6},"end":{"line":110,"column":69}},"54":{"start":{"line":114,"column":4},"end":{"line":125,"column":null}},"55":{"start":{"line":115,"column":6},"end":{"line":115,"column":26}},"56":{"start":{"line":116,"column":6},"end":{"line":116,"column":54}},"57":{"start":{"line":117,"column":6},"end":{"line":117,"column":47}},"58":{"start":{"line":119,"column":6},"end":{"line":119,"column":43}},"59":{"start":{"line":120,"column":18},"end":{"line":120,"column":42}},"60":{"start":{"line":121,"column":6},"end":{"line":121,"column":47}},"61":{"start":{"line":122,"column":16},"end":{"line":122,"column":35}},"62":{"start":{"line":123,"column":6},"end":{"line":123,"column":39}},"63":{"start":{"line":124,"column":6},"end":{"line":124,"column":65}},"64":{"start":{"line":127,"column":22},"end":{"line":127,"column":32}},"65":{"start":{"line":128,"column":19},"end":{"line":128,"column":41}},"66":{"start":{"line":130,"column":4},"end":{"line":136,"column":null}},"67":{"start":{"line":131,"column":6},"end":{"line":131,"column":30}},"68":{"start":{"line":132,"column":11},"end":{"line":136,"column":null}},"69":{"start":{"line":133,"column":6},"end":{"line":133,"column":30}},"70":{"start":{"line":134,"column":11},"end":{"line":136,"column":null}},"71":{"start":{"line":135,"column":6},"end":{"line":135,"column":29}},"72":{"start":{"line":138,"column":4},"end":{"line":147,"column":6}},"73":{"start":{"line":10,"column":13},"end":{"line":149,"column":null}},"74":{"start":{"line":10,"column":13},"end":{"line":10,"column":28}}},"fnMap":{"0":{"name":"(anonymous_4)","decl":{"start":{"line":11,"column":2},"end":{"line":11,"column":null}},"loc":{"start":{"line":16,"column":63},"end":{"line":17,"column":6}}},"1":{"name":"(anonymous_5)","decl":{"start":{"line":19,"column":2},"end":{"line":19,"column":7}},"loc":{"start":{"line":19,"column":56},"end":{"line":69,"column":3}}},"2":{"name":"(anonymous_6)","decl":{"start":{"line":71,"column":2},"end":{"line":71,"column":22}},"loc":{"start":{"line":71,"column":38},"end":{"line":148,"column":3}}}},"branchMap":{"0":{"loc":{"start":{"line":29,"column":6},"end":{"line":52,"column":null}},"type":"if","locations":[{"start":{"line":29,"column":6},"end":{"line":52,"column":null}}]},"1":{"loc":{"start":{"line":73,"column":4},"end":{"line":83,"column":null}},"type":"if","locations":[{"start":{"line":73,"column":4},"end":{"line":83,"column":null}},{"start":{"line":81,"column":11},"end":{"line":83,"column":null}}]},"2":{"loc":{"start":{"line":74,"column":6},"end":{"line":80,"column":null}},"type":"if","locations":[{"start":{"line":74,"column":6},"end":{"line":80,"column":null}}]},"3":{"loc":{"start":{"line":86,"column":4},"end":{"line":97,"column":null}},"type":"if","locations":[{"start":{"line":86,"column":4},"end":{"line":97,"column":null}},{"start":{"line":95,"column":11},"end":{"line":97,"column":null}}]},"4":{"loc":{"start":{"line":87,"column":6},"end":{"line":93,"column":null}},"type":"if","locations":[{"start":{"line":87,"column":6},"end":{"line":93,"column":null}}]},"5":{"loc":{"start":{"line":100,"column":4},"end":{"line":111,"column":null}},"type":"if","locations":[{"start":{"line":100,"column":4},"end":{"line":111,"column":null}},{"start":{"line":104,"column":11},"end":{"line":111,"column":null}}]},"6":{"loc":{"start":{"line":107,"column":14},"end":{"line":107,"column":46}},"type":"cond-expr","locations":[{"start":{"line":107,"column":27},"end":{"line":107,"column":38}},{"start":{"line":107,"column":41},"end":{"line":107,"column":46}}]},"7":{"loc":{"start":{"line":109,"column":12},"end":{"line":109,"column":38}},"type":"cond-expr","locations":[{"start":{"line":109,"column":23},"end":{"line":109,"column":32}},{"start":{"line":109,"column":35},"end":{"line":109,"column":38}}]},"8":{"loc":{"start":{"line":114,"column":4},"end":{"line":125,"column":null}},"type":"if","locations":[{"start":{"line":114,"column":4},"end":{"line":125,"column":null}},{"start":{"line":118,"column":11},"end":{"line":125,"column":null}}]},"9":{"loc":{"start":{"line":121,"column":14},"end":{"line":121,"column":46}},"type":"cond-expr","locations":[{"start":{"line":121,"column":27},"end":{"line":121,"column":38}},{"start":{"line":121,"column":41},"end":{"line":121,"column":46}}]},"10":{"loc":{"start":{"line":123,"column":12},"end":{"line":123,"column":38}},"type":"cond-expr","locations":[{"start":{"line":123,"column":23},"end":{"line":123,"column":32}},{"start":{"line":123,"column":35},"end":{"line":123,"column":38}}]},"11":{"loc":{"start":{"line":130,"column":4},"end":{"line":136,"column":null}},"type":"if","locations":[{"start":{"line":130,"column":4},"end":{"line":136,"column":null}},{"start":{"line":132,"column":11},"end":{"line":136,"column":null}}]},"12":{"loc":{"start":{"line":132,"column":11},"end":{"line":136,"column":null}},"type":"if","locations":[{"start":{"line":132,"column":11},"end":{"line":136,"column":null}},{"start":{"line":134,"column":11},"end":{"line":136,"column":null}}]},"13":{"loc":{"start":{"line":134,"column":11},"end":{"line":136,"column":null}},"type":"if","locations":[{"start":{"line":134,"column":11},"end":{"line":136,"column":null}}]}},"s":{"0":2,"1":2,"2":2,"3":2,"4":2,"5":2,"6":2,"7":0,"8":0,"9":0,"10":0,"11":0,"12":0,"13":0,"14":0,"15":0,"16":0,"17":0,"18":0,"19":0,"20":0,"21":0,"22":0,"23":0,"24":0,"25":0,"26":0,"27":0,"28":0,"29":0,"30":0,"31":0,"32":0,"33":0,"34":0,"35":0,"36":0,"37":0,"38":0,"39":0,"40":0,"41":0,"42":0,"43":0,"44":0,"45":0,"46":0,"47":0,"48":0,"49":0,"50":0,"51":0,"52":0,"53":0,"54":0,"55":0,"56":0,"57":0,"58":0,"59":0,"60":0,"61":0,"62":0,"63":0,"64":0,"65":0,"66":0,"67":0,"68":0,"69":0,"70":0,"71":0,"72":0,"73":2,"74":2},"f":{"0":0,"1":0,"2":0},"b":{"0":[0],"1":[0,0],"2":[0],"3":[0,0],"4":[0],"5":[0,0],"6":[0,0],"7":[0,0],"8":[0,0],"9":[0,0],"10":[0,0],"11":[0,0],"12":[0,0],"13":[0]}}
,"/Users/ingeodendaal/Documents/COS301/Capstone/Avalanche 3.0/Avalancche3.0/zacr/src/registrarName/registrarName.service.ts": {"path":"/Users/ingeodendaal/Documents/COS301/Capstone/Avalanche 3.0/Avalancche3.0/zacr/src/registrarName/registrarName.service.ts","statementMap":{"0":{"start":{"line":1,"column":0},"end":{"line":1,"column":44}},"1":{"start":{"line":2,"column":0},"end":{"line":2,"column":66}},"2":{"start":{"line":5,"column":7},"end":{"line":42,"column":null}},"3":{"start":{"line":6,"column":31},"end":{"line":6,"column":49}},"4":{"start":{"line":9,"column":4},"end":{"line":40,"column":null}},"5":{"start":{"line":10,"column":23},"end":{"line":12,"column":44}},"6":{"start":{"line":15,"column":6},"end":{"line":24,"column":null}},"7":{"start":{"line":16,"column":8},"end":{"line":16,"column":66}},"8":{"start":{"line":18,"column":8},"end":{"line":23,"column":10}},"9":{"start":{"line":26,"column":6},"end":{"line":32,"column":8}},"10":{"start":{"line":34,"column":6},"end":{"line":39,"column":8}},"11":{"start":{"line":5,"column":13},"end":{"line":42,"column":null}},"12":{"start":{"line":5,"column":13},"end":{"line":5,"column":33}}},"fnMap":{"0":{"name":"(anonymous_2)","decl":{"start":{"line":6,"column":2},"end":{"line":6,"column":31}},"loc":{"start":{"line":6,"column":65},"end":{"line":6,"column":69}}},"1":{"name":"(anonymous_3)","decl":{"start":{"line":8,"column":2},"end":{"line":8,"column":7}},"loc":{"start":{"line":8,"column":34},"end":{"line":41,"column":3}}}},"branchMap":{},"s":{"0":2,"1":2,"2":2,"3":0,"4":0,"5":0,"6":0,"7":0,"8":0,"9":0,"10":0,"11":2,"12":2},"f":{"0":0,"1":0},"b":{}}
,"/Users/ingeodendaal/Documents/COS301/Capstone/Avalanche 3.0/Avalancche3.0/zacr/src/snowflake/snowflake.service.ts": {"path":"/Users/ingeodendaal/Documents/COS301/Capstone/Avalanche 3.0/Avalancche3.0/zacr/src/snowflake/snowflake.service.ts","statementMap":{"0":{"start":{"line":2,"column":0},"end":{"line":2,"column":52}},"1":{"start":{"line":12,"column":7},"end":{"line":39,"column":null}},"2":{"start":{"line":14,"column":53},"end":{"line":14,"column":null}},"3":{"start":{"line":22,"column":4},"end":{"line":37,"column":7}},"4":{"start":{"line":23,"column":6},"end":{"line":36,"column":9}},"5":{"start":{"line":26,"column":10},"end":{"line":34,"column":null}},"6":{"start":{"line":27,"column":12},"end":{"line":29,"column":14}},"7":{"start":{"line":30,"column":12},"end":{"line":30,"column":24}},"8":{"start":{"line":32,"column":12},"end":{"line":32,"column":60}},"9":{"start":{"line":33,"column":12},"end":{"line":33,"column":26}},"10":{"start":{"line":12,"column":13},"end":{"line":39,"column":null}},"11":{"start":{"line":12,"column":13},"end":{"line":12,"column":29}}},"fnMap":{"0":{"name":"(anonymous_4)","decl":{"start":{"line":13,"column":2},"end":{"line":13,"column":null}},"loc":{"start":{"line":14,"column":72},"end":{"line":15,"column":6}}},"1":{"name":"(anonymous_5)","decl":{"start":{"line":21,"column":2},"end":{"line":21,"column":9}},"loc":{"start":{"line":21,"column":23},"end":{"line":38,"column":3}}},"2":{"name":"(anonymous_6)","decl":{"start":{"line":22,"column":23},"end":{"line":22,"column":24}},"loc":{"start":{"line":22,"column":43},"end":{"line":37,"column":5}}},"3":{"name":"(anonymous_7)","decl":{"start":{"line":25,"column":18},"end":{"line":25,"column":19}},"loc":{"start":{"line":25,"column":38},"end":{"line":35,"column":9}}}},"branchMap":{"0":{"loc":{"start":{"line":26,"column":10},"end":{"line":34,"column":null}},"type":"if","locations":[{"start":{"line":26,"column":10},"end":{"line":34,"column":null}},{"start":{"line":31,"column":17},"end":{"line":34,"column":null}}]}},"s":{"0":5,"1":5,"2":9,"3":8,"4":8,"5":8,"6":4,"7":4,"8":4,"9":4,"10":5,"11":5},"f":{"0":9,"1":8,"2":8,"3":8},"b":{"0":[4,4]}}
,"/Users/ingeodendaal/Documents/COS301/Capstone/Avalanche 3.0/Avalancche3.0/zacr/src/transactions/transactions.service.ts": {"path":"/Users/ingeodendaal/Documents/COS301/Capstone/Avalanche 3.0/Avalancche3.0/zacr/src/transactions/transactions.service.ts","statementMap":{"0":{"start":{"line":1,"column":0},"end":{"line":1,"column":52}},"1":{"start":{"line":2,"column":0},"end":{"line":2,"column":28}},"2":{"start":{"line":3,"column":0},"end":{"line":3,"column":41}},"3":{"start":{"line":4,"column":0},"end":{"line":4,"column":66}},"4":{"start":{"line":6,"column":0},"end":{"line":6,"column":63}},"5":{"start":{"line":7,"column":0},"end":{"line":7,"column":74}},"6":{"start":{"line":10,"column":7},"end":{"line":192,"column":null}},"7":{"start":{"line":12,"column":12},"end":{"line":12,"column":24}},"8":{"start":{"line":13,"column":38},"end":{"line":13,"column":45}},"9":{"start":{"line":14,"column":21},"end":{"line":14,"column":39}},"10":{"start":{"line":15,"column":21},"end":{"line":15,"column":49}},"11":{"start":{"line":16,"column":21},"end":{"line":16,"column":45}},"12":{"start":{"line":20,"column":4},"end":{"line":71,"column":null}},"13":{"start":{"line":21,"column":6},"end":{"line":21,"column":61}},"14":{"start":{"line":23,"column":6},"end":{"line":23,"column":40}},"15":{"start":{"line":24,"column":6},"end":{"line":24,"column":27}},"16":{"start":{"line":25,"column":23},"end":{"line":25,"column":67}},"17":{"start":{"line":27,"column":26},"end":{"line":27,"column":65}},"18":{"start":{"line":29,"column":6},"end":{"line":52,"column":null}},"19":{"start":{"line":32,"column":8},"end":{"line":41,"column":null}},"20":{"start":{"line":33,"column":10},"end":{"line":33,"column":68}},"21":{"start":{"line":35,"column":10},"end":{"line":40,"column":12}},"22":{"start":{"line":43,"column":8},"end":{"line":45,"column":10}},"23":{"start":{"line":46,"column":8},"end":{"line":51,"column":10}},"24":{"start":{"line":54,"column":6},"end":{"line":63,"column":8}},"25":{"start":{"line":65,"column":6},"end":{"line":70,"column":8}},"26":{"start":{"line":75,"column":4},"end":{"line":127,"column":null}},"27":{"start":{"line":76,"column":6},"end":{"line":76,"column":60}},"28":{"start":{"line":77,"column":24},"end":{"line":77,"column":59}},"29":{"start":{"line":78,"column":6},"end":{"line":78,"column":33}},"30":{"start":{"line":79,"column":6},"end":{"line":79,"column":42}},"31":{"start":{"line":80,"column":6},"end":{"line":80,"column":27}},"32":{"start":{"line":81,"column":23},"end":{"line":81,"column":67}},"33":{"start":{"line":83,"column":26},"end":{"line":83,"column":65}},"34":{"start":{"line":85,"column":6},"end":{"line":109,"column":null}},"35":{"start":{"line":87,"column":8},"end":{"line":96,"column":null}},"36":{"start":{"line":88,"column":10},"end":{"line":88,"column":68}},"37":{"start":{"line":90,"column":10},"end":{"line":95,"column":12}},"38":{"start":{"line":97,"column":8},"end":{"line":97,"column":31}},"39":{"start":{"line":98,"column":8},"end":{"line":101,"column":12}},"40":{"start":{"line":103,"column":8},"end":{"line":108,"column":10}},"41":{"start":{"line":110,"column":6},"end":{"line":119,"column":8}},"42":{"start":{"line":121,"column":6},"end":{"line":126,"column":8}},"43":{"start":{"line":132,"column":4},"end":{"line":143,"column":null}},"44":{"start":{"line":133,"column":6},"end":{"line":133,"column":28}},"45":{"start":{"line":134,"column":6},"end":{"line":134,"column":58}},"46":{"start":{"line":135,"column":6},"end":{"line":135,"column":51}},"47":{"start":{"line":137,"column":6},"end":{"line":137,"column":47}},"48":{"start":{"line":138,"column":18},"end":{"line":138,"column":44}},"49":{"start":{"line":139,"column":6},"end":{"line":139,"column":47}},"50":{"start":{"line":140,"column":16},"end":{"line":140,"column":37}},"51":{"start":{"line":141,"column":6},"end":{"line":141,"column":39}},"52":{"start":{"line":142,"column":6},"end":{"line":142,"column":69}},"53":{"start":{"line":146,"column":4},"end":{"line":157,"column":null}},"54":{"start":{"line":147,"column":6},"end":{"line":147,"column":26}},"55":{"start":{"line":148,"column":6},"end":{"line":148,"column":54}},"56":{"start":{"line":149,"column":6},"end":{"line":149,"column":47}},"57":{"start":{"line":151,"column":6},"end":{"line":151,"column":43}},"58":{"start":{"line":152,"column":18},"end":{"line":152,"column":42}},"59":{"start":{"line":153,"column":6},"end":{"line":153,"column":47}},"60":{"start":{"line":154,"column":16},"end":{"line":154,"column":35}},"61":{"start":{"line":155,"column":6},"end":{"line":155,"column":39}},"62":{"start":{"line":156,"column":6},"end":{"line":156,"column":65}},"63":{"start":{"line":159,"column":22},"end":{"line":159,"column":31}},"64":{"start":{"line":160,"column":19},"end":{"line":160,"column":41}},"65":{"start":{"line":162,"column":4},"end":{"line":168,"column":null}},"66":{"start":{"line":163,"column":6},"end":{"line":163,"column":29}},"67":{"start":{"line":164,"column":11},"end":{"line":168,"column":null}},"68":{"start":{"line":165,"column":6},"end":{"line":165,"column":29}},"69":{"start":{"line":166,"column":11},"end":{"line":168,"column":null}},"70":{"start":{"line":167,"column":6},"end":{"line":167,"column":28}},"71":{"start":{"line":170,"column":15},"end":{"line":170,"column":30}},"72":{"start":{"line":171,"column":4},"end":{"line":175,"column":null}},"73":{"start":{"line":172,"column":6},"end":{"line":172,"column":28}},"74":{"start":{"line":174,"column":6},"end":{"line":174,"column":42}},"75":{"start":{"line":177,"column":14},"end":{"line":177,"column":16}},"76":{"start":{"line":178,"column":4},"end":{"line":180,"column":null}},"77":{"start":{"line":179,"column":6},"end":{"line":179,"column":29}},"78":{"start":{"line":181,"column":4},"end":{"line":190,"column":6}},"79":{"start":{"line":10,"column":13},"end":{"line":192,"column":null}},"80":{"start":{"line":10,"column":13},"end":{"line":10,"column":31}}},"fnMap":{"0":{"name":"(anonymous_4)","decl":{"start":{"line":11,"column":2},"end":{"line":11,"column":null}},"loc":{"start":{"line":16,"column":63},"end":{"line":17,"column":6}}},"1":{"name":"(anonymous_5)","decl":{"start":{"line":19,"column":2},"end":{"line":19,"column":7}},"loc":{"start":{"line":19,"column":55},"end":{"line":72,"column":3}}},"2":{"name":"(anonymous_6)","decl":{"start":{"line":74,"column":2},"end":{"line":74,"column":7}},"loc":{"start":{"line":74,"column":59},"end":{"line":128,"column":3}}},"3":{"name":"(anonymous_7)","decl":{"start":{"line":130,"column":2},"end":{"line":130,"column":23}},"loc":{"start":{"line":130,"column":53},"end":{"line":191,"column":3}}}},"branchMap":{"0":{"loc":{"start":{"line":29,"column":6},"end":{"line":52,"column":null}},"type":"if","locations":[{"start":{"line":29,"column":6},"end":{"line":52,"column":null}}]},"1":{"loc":{"start":{"line":85,"column":6},"end":{"line":109,"column":null}},"type":"if","locations":[{"start":{"line":85,"column":6},"end":{"line":109,"column":null}}]},"2":{"loc":{"start":{"line":132,"column":4},"end":{"line":143,"column":null}},"type":"if","locations":[{"start":{"line":132,"column":4},"end":{"line":143,"column":null}},{"start":{"line":136,"column":11},"end":{"line":143,"column":null}}]},"3":{"loc":{"start":{"line":139,"column":14},"end":{"line":139,"column":46}},"type":"cond-expr","locations":[{"start":{"line":139,"column":27},"end":{"line":139,"column":38}},{"start":{"line":139,"column":41},"end":{"line":139,"column":46}}]},"4":{"loc":{"start":{"line":141,"column":12},"end":{"line":141,"column":38}},"type":"cond-expr","locations":[{"start":{"line":141,"column":23},"end":{"line":141,"column":32}},{"start":{"line":141,"column":35},"end":{"line":141,"column":38}}]},"5":{"loc":{"start":{"line":146,"column":4},"end":{"line":157,"column":null}},"type":"if","locations":[{"start":{"line":146,"column":4},"end":{"line":157,"column":null}},{"start":{"line":150,"column":11},"end":{"line":157,"column":null}}]},"6":{"loc":{"start":{"line":153,"column":14},"end":{"line":153,"column":46}},"type":"cond-expr","locations":[{"start":{"line":153,"column":27},"end":{"line":153,"column":38}},{"start":{"line":153,"column":41},"end":{"line":153,"column":46}}]},"7":{"loc":{"start":{"line":155,"column":12},"end":{"line":155,"column":38}},"type":"cond-expr","locations":[{"start":{"line":155,"column":23},"end":{"line":155,"column":32}},{"start":{"line":155,"column":35},"end":{"line":155,"column":38}}]},"8":{"loc":{"start":{"line":162,"column":4},"end":{"line":168,"column":null}},"type":"if","locations":[{"start":{"line":162,"column":4},"end":{"line":168,"column":null}},{"start":{"line":164,"column":11},"end":{"line":168,"column":null}}]},"9":{"loc":{"start":{"line":164,"column":11},"end":{"line":168,"column":null}},"type":"if","locations":[{"start":{"line":164,"column":11},"end":{"line":168,"column":null}},{"start":{"line":166,"column":11},"end":{"line":168,"column":null}}]},"10":{"loc":{"start":{"line":166,"column":11},"end":{"line":168,"column":null}},"type":"if","locations":[{"start":{"line":166,"column":11},"end":{"line":168,"column":null}}]},"11":{"loc":{"start":{"line":171,"column":4},"end":{"line":175,"column":null}},"type":"if","locations":[{"start":{"line":171,"column":4},"end":{"line":175,"column":null}},{"start":{"line":173,"column":11},"end":{"line":175,"column":null}}]},"12":{"loc":{"start":{"line":178,"column":4},"end":{"line":180,"column":null}},"type":"if","locations":[{"start":{"line":178,"column":4},"end":{"line":180,"column":null}}]}},"s":{"0":3,"1":3,"2":3,"3":3,"4":3,"5":3,"6":3,"7":11,"8":11,"9":11,"10":11,"11":11,"12":3,"13":3,"14":3,"15":3,"16":3,"17":3,"18":3,"19":2,"20":2,"21":1,"22":1,"23":1,"24":2,"25":2,"26":4,"27":4,"28":4,"29":4,"30":4,"31":4,"32":4,"33":4,"34":4,"35":3,"36":3,"37":1,"38":2,"39":2,"40":2,"41":3,"42":1,"43":11,"44":8,"45":8,"46":8,"47":3,"48":3,"49":3,"50":3,"51":3,"52":3,"53":11,"54":10,"55":10,"56":10,"57":1,"58":1,"59":1,"60":1,"61":1,"62":1,"63":11,"64":11,"65":11,"66":1,"67":10,"68":1,"69":9,"70":1,"71":11,"72":11,"73":3,"74":8,"75":11,"76":11,"77":7,"78":11,"79":3,"80":3},"f":{"0":11,"1":3,"2":4,"3":11},"b":{"0":[2],"1":[3],"2":[8,3],"3":[3,0],"4":[0,3],"5":[10,1],"6":[1,0],"7":[0,1],"8":[1,10],"9":[1,9],"10":[1],"11":[3,8],"12":[7]}}
}
