{"C:\\Users\\markb\\OneDrive\\Documents\\GitHub\\Avalanche\\zacr\\src\\app.controller.ts": {"path":"C:\\Users\\markb\\OneDrive\\Documents\\GitHub\\Avalanche\\zacr\\src\\app.controller.ts","statementMap":{"0":{"start":{"line":2,"column":0},"end":{"line":2,"column":56}},"1":{"start":{"line":3,"column":0},"end":{"line":3,"column":69}},"2":{"start":{"line":4,"column":0},"end":{"line":4,"column":73}},"3":{"start":{"line":5,"column":0},"end":{"line":5,"column":71}},"4":{"start":{"line":6,"column":0},"end":{"line":6,"column":47}},"5":{"start":{"line":7,"column":0},"end":{"line":7,"column":94}},"6":{"start":{"line":8,"column":0},"end":{"line":8,"column":62}},"7":{"start":{"line":9,"column":0},"end":{"line":9,"column":81}},"8":{"start":{"line":10,"column":0},"end":{"line":10,"column":77}},"9":{"start":{"line":12,"column":7},"end":{"line":169,"column":null}},"10":{"start":{"line":13,"column":31},"end":{"line":13,"column":52}},"11":{"start":{"line":14,"column":21},"end":{"line":14,"column":42}},"12":{"start":{"line":15,"column":21},"end":{"line":15,"column":34}},"13":{"start":{"line":16,"column":21},"end":{"line":16,"column":49}},"14":{"start":{"line":17,"column":21},"end":{"line":17,"column":38}},"15":{"start":{"line":18,"column":21},"end":{"line":18,"column":42}},"16":{"start":{"line":19,"column":21},"end":{"line":19,"column":43}},"17":{"start":{"line":23,"column":4},"end":{"line":23,"column":40}},"18":{"start":{"line":24,"column":19},"end":{"line":24,"column":91}},"19":{"start":{"line":25,"column":4},"end":{"line":31,"column":null}},"20":{"start":{"line":26,"column":6},"end":{"line":30,"column":9}},"21":{"start":{"line":33,"column":4},"end":{"line":33,"column":18}},"22":{"start":{"line":38,"column":4},"end":{"line":38,"column":40}},"23":{"start":{"line":39,"column":19},"end":{"line":39,"column":98}},"24":{"start":{"line":40,"column":4},"end":{"line":46,"column":null}},"25":{"start":{"line":41,"column":6},"end":{"line":45,"column":9}},"26":{"start":{"line":48,"column":4},"end":{"line":48,"column":18}},"27":{"start":{"line":53,"column":19},"end":{"line":53,"column":89}},"28":{"start":{"line":54,"column":4},"end":{"line":60,"column":null}},"29":{"start":{"line":55,"column":6},"end":{"line":59,"column":9}},"30":{"start":{"line":62,"column":4},"end":{"line":62,"column":18}},"31":{"start":{"line":67,"column":19},"end":{"line":67,"column":73}},"32":{"start":{"line":68,"column":4},"end":{"line":74,"column":null}},"33":{"start":{"line":69,"column":6},"end":{"line":73,"column":9}},"34":{"start":{"line":76,"column":4},"end":{"line":76,"column":18}},"35":{"start":{"line":81,"column":19},"end":{"line":81,"column":70}},"36":{"start":{"line":82,"column":4},"end":{"line":88,"column":null}},"37":{"start":{"line":83,"column":6},"end":{"line":87,"column":9}},"38":{"start":{"line":90,"column":4},"end":{"line":90,"column":18}},"39":{"start":{"line":95,"column":19},"end":{"line":97,"column":null}},"40":{"start":{"line":99,"column":4},"end":{"line":105,"column":null}},"41":{"start":{"line":100,"column":6},"end":{"line":104,"column":9}},"42":{"start":{"line":107,"column":4},"end":{"line":107,"column":18}},"43":{"start":{"line":112,"column":20},"end":{"line":114,"column":null}},"44":{"start":{"line":117,"column":4},"end":{"line":123,"column":null}},"45":{"start":{"line":118,"column":6},"end":{"line":122,"column":9}},"46":{"start":{"line":125,"column":4},"end":{"line":125,"column":18}},"47":{"start":{"line":130,"column":19},"end":{"line":130,"column":58}},"48":{"start":{"line":131,"column":4},"end":{"line":137,"column":null}},"49":{"start":{"line":132,"column":6},"end":{"line":136,"column":9}},"50":{"start":{"line":139,"column":4},"end":{"line":139,"column":18}},"51":{"start":{"line":144,"column":20},"end":{"line":144,"column":63}},"52":{"start":{"line":145,"column":4},"end":{"line":151,"column":null}},"53":{"start":{"line":146,"column":6},"end":{"line":150,"column":9}},"54":{"start":{"line":153,"column":4},"end":{"line":153,"column":18}},"55":{"start":{"line":158,"column":19},"end":{"line":158,"column":70}},"56":{"start":{"line":159,"column":4},"end":{"line":165,"column":null}},"57":{"start":{"line":160,"column":6},"end":{"line":164,"column":9}},"58":{"start":{"line":167,"column":4},"end":{"line":167,"column":18}},"59":{"start":{"line":22,"column":8},"end":{"line":34,"column":null}},"60":{"start":{"line":37,"column":8},"end":{"line":49,"column":null}},"61":{"start":{"line":52,"column":8},"end":{"line":63,"column":null}},"62":{"start":{"line":66,"column":8},"end":{"line":77,"column":null}},"63":{"start":{"line":80,"column":8},"end":{"line":91,"column":null}},"64":{"start":{"line":94,"column":8},"end":{"line":108,"column":null}},"65":{"start":{"line":111,"column":8},"end":{"line":126,"column":null}},"66":{"start":{"line":129,"column":8},"end":{"line":140,"column":null}},"67":{"start":{"line":143,"column":8},"end":{"line":154,"column":null}},"68":{"start":{"line":157,"column":8},"end":{"line":168,"column":null}},"69":{"start":{"line":12,"column":13},"end":{"line":169,"column":null}},"70":{"start":{"line":12,"column":13},"end":{"line":12,"column":26}}},"fnMap":{"0":{"name":"(anonymous_2)","decl":{"start":{"line":13,"column":2},"end":{"line":13,"column":31}},"loc":{"start":{"line":19,"column":63},"end":{"line":19,"column":67}}},"1":{"name":"(anonymous_3)","decl":{"start":{"line":22,"column":2},"end":{"line":22,"column":7}},"loc":{"start":{"line":22,"column":30},"end":{"line":34,"column":3}}},"2":{"name":"(anonymous_4)","decl":{"start":{"line":37,"column":2},"end":{"line":37,"column":7}},"loc":{"start":{"line":37,"column":37},"end":{"line":49,"column":3}}},"3":{"name":"(anonymous_5)","decl":{"start":{"line":52,"column":2},"end":{"line":52,"column":7}},"loc":{"start":{"line":52,"column":29},"end":{"line":63,"column":3}}},"4":{"name":"(anonymous_6)","decl":{"start":{"line":66,"column":2},"end":{"line":66,"column":7}},"loc":{"start":{"line":66,"column":21},"end":{"line":77,"column":3}}},"5":{"name":"(anonymous_7)","decl":{"start":{"line":80,"column":2},"end":{"line":80,"column":7}},"loc":{"start":{"line":80,"column":41},"end":{"line":91,"column":3}}},"6":{"name":"(anonymous_8)","decl":{"start":{"line":94,"column":2},"end":{"line":94,"column":7}},"loc":{"start":{"line":94,"column":42},"end":{"line":108,"column":3}}},"7":{"name":"(anonymous_9)","decl":{"start":{"line":111,"column":2},"end":{"line":111,"column":7}},"loc":{"start":{"line":111,"column":38},"end":{"line":126,"column":3}}},"8":{"name":"(anonymous_10)","decl":{"start":{"line":129,"column":2},"end":{"line":129,"column":7}},"loc":{"start":{"line":129,"column":26},"end":{"line":140,"column":3}}},"9":{"name":"(anonymous_11)","decl":{"start":{"line":143,"column":2},"end":{"line":143,"column":7}},"loc":{"start":{"line":143,"column":19},"end":{"line":154,"column":3}}},"10":{"name":"(anonymous_12)","decl":{"start":{"line":157,"column":2},"end":{"line":157,"column":7}},"loc":{"start":{"line":157,"column":30},"end":{"line":168,"column":3}}}},"branchMap":{"0":{"loc":{"start":{"line":25,"column":4},"end":{"line":31,"column":null}},"type":"if","locations":[{"start":{"line":25,"column":4},"end":{"line":31,"column":null}}]},"1":{"loc":{"start":{"line":40,"column":4},"end":{"line":46,"column":null}},"type":"if","locations":[{"start":{"line":40,"column":4},"end":{"line":46,"column":null}}]},"2":{"loc":{"start":{"line":54,"column":4},"end":{"line":60,"column":null}},"type":"if","locations":[{"start":{"line":54,"column":4},"end":{"line":60,"column":null}}]},"3":{"loc":{"start":{"line":68,"column":4},"end":{"line":74,"column":null}},"type":"if","locations":[{"start":{"line":68,"column":4},"end":{"line":74,"column":null}}]},"4":{"loc":{"start":{"line":82,"column":4},"end":{"line":88,"column":null}},"type":"if","locations":[{"start":{"line":82,"column":4},"end":{"line":88,"column":null}}]},"5":{"loc":{"start":{"line":99,"column":4},"end":{"line":105,"column":null}},"type":"if","locations":[{"start":{"line":99,"column":4},"end":{"line":105,"column":null}}]},"6":{"loc":{"start":{"line":117,"column":4},"end":{"line":123,"column":null}},"type":"if","locations":[{"start":{"line":117,"column":4},"end":{"line":123,"column":null}}]},"7":{"loc":{"start":{"line":131,"column":4},"end":{"line":137,"column":null}},"type":"if","locations":[{"start":{"line":131,"column":4},"end":{"line":137,"column":null}}]},"8":{"loc":{"start":{"line":145,"column":4},"end":{"line":151,"column":null}},"type":"if","locations":[{"start":{"line":145,"column":4},"end":{"line":151,"column":null}}]},"9":{"loc":{"start":{"line":159,"column":4},"end":{"line":165,"column":null}},"type":"if","locations":[{"start":{"line":159,"column":4},"end":{"line":165,"column":null}}]}},"s":{"0":2,"1":2,"2":2,"3":2,"4":2,"5":2,"6":2,"7":2,"8":2,"9":2,"10":20,"11":20,"12":20,"13":20,"14":20,"15":20,"16":20,"17":2,"18":2,"19":2,"20":1,"21":1,"22":2,"23":2,"24":2,"25":1,"26":1,"27":2,"28":2,"29":1,"30":1,"31":2,"32":2,"33":1,"34":1,"35":2,"36":2,"37":1,"38":1,"39":2,"40":2,"41":1,"42":1,"43":2,"44":2,"45":1,"46":1,"47":2,"48":2,"49":1,"50":1,"51":2,"52":2,"53":1,"54":1,"55":2,"56":2,"57":1,"58":1,"59":2,"60":2,"61":2,"62":2,"63":2,"64":2,"65":2,"66":2,"67":2,"68":2,"69":2,"70":2},"f":{"0":20,"1":2,"2":2,"3":2,"4":2,"5":2,"6":2,"7":2,"8":2,"9":2,"10":2},"b":{"0":[1],"1":[1],"2":[1],"3":[1],"4":[1],"5":[1],"6":[1],"7":[1],"8":[1],"9":[1]}}
,"C:\\Users\\markb\\OneDrive\\Documents\\GitHub\\Avalanche\\zacr\\src\\main.ts": {"path":"C:\\Users\\markb\\OneDrive\\Documents\\GitHub\\Avalanche\\zacr\\src\\main.ts","statementMap":{"0":{"start":{"line":2,"column":0},"end":{"line":2,"column":43}},"1":{"start":{"line":3,"column":0},"end":{"line":3,"column":71}},"2":{"start":{"line":4,"column":0},"end":{"line":4,"column":41}},"3":{"start":{"line":7,"column":14},"end":{"line":13,"column":4}},"4":{"start":{"line":14,"column":2},"end":{"line":14,"column":15}},"5":{"start":{"line":16,"column":0},"end":{"line":16,"column":12}}},"fnMap":{"0":{"name":"bootstrap","decl":{"start":{"line":6,"column":15},"end":{"line":6,"column":24}},"loc":{"start":{"line":6,"column":24},"end":{"line":15,"column":1}}}},"branchMap":{"0":{"loc":{"start":{"line":10,"column":12},"end":{"line":10,"column":43}},"type":"binary-expr","locations":[{"start":{"line":10,"column":12},"end":{"line":10,"column":28}},{"start":{"line":10,"column":32},"end":{"line":10,"column":43}}]}},"s":{"0":1,"1":1,"2":1,"3":1,"4":1,"5":1},"f":{"0":1},"b":{"0":[1,1]}}
,"C:\\Users\\markb\\OneDrive\\Documents\\GitHub\\Avalanche\\zacr\\src\\redis.provider.ts": {"path":"C:\\Users\\markb\\OneDrive\\Documents\\GitHub\\Avalanche\\zacr\\src\\redis.provider.ts","statementMap":{"0":{"start":{"line":3,"column":0},"end":{"line":3,"column":47}},"1":{"start":{"line":4,"column":0},"end":{"line":4,"column":28}},"2":{"start":{"line":6,"column":13},"end":{"line":22,"column":2}},"3":{"start":{"line":9,"column":22},"end":{"line":9,"column":61}},"4":{"start":{"line":10,"column":4},"end":{"line":12,"column":null}},"5":{"start":{"line":11,"column":6},"end":{"line":11,"column":67}},"6":{"start":{"line":13,"column":4},"end":{"line":19,"column":7}}},"fnMap":{"0":{"name":"(anonymous_0)","decl":{"start":{"line":8,"column":14},"end":{"line":8,"column":15}},"loc":{"start":{"line":8,"column":54},"end":{"line":20,"column":3}}}},"branchMap":{"0":{"loc":{"start":{"line":10,"column":4},"end":{"line":12,"column":null}},"type":"if","locations":[{"start":{"line":10,"column":4},"end":{"line":12,"column":null}}]}},"s":{"0":3,"1":3,"2":3,"3":2,"4":2,"5":1,"6":1},"f":{"0":2},"b":{"0":[1]}}
,"C:\\Users\\markb\\OneDrive\\Documents\\GitHub\\Avalanche\\zacr\\src\\age\\age.service.ts": {"path":"C:\\Users\\markb\\OneDrive\\Documents\\GitHub\\Avalanche\\zacr\\src\\age\\age.service.ts","statementMap":{"0":{"start":{"line":1,"column":0},"end":{"line":1,"column":52}},"1":{"start":{"line":2,"column":0},"end":{"line":2,"column":28}},"2":{"start":{"line":3,"column":0},"end":{"line":3,"column":41}},"3":{"start":{"line":4,"column":0},"end":{"line":4,"column":66}},"4":{"start":{"line":6,"column":0},"end":{"line":6,"column":63}},"5":{"start":{"line":7,"column":0},"end":{"line":7,"column":74}},"6":{"start":{"line":11,"column":7},"end":{"line":96,"column":null}},"7":{"start":{"line":13,"column":12},"end":{"line":13,"column":24}},"8":{"start":{"line":14,"column":38},"end":{"line":14,"column":45}},"9":{"start":{"line":15,"column":21},"end":{"line":15,"column":39}},"10":{"start":{"line":16,"column":21},"end":{"line":16,"column":49}},"11":{"start":{"line":17,"column":21},"end":{"line":17,"column":45}},"12":{"start":{"line":21,"column":4},"end":{"line":72,"column":null}},"13":{"start":{"line":22,"column":6},"end":{"line":22,"column":45}},"14":{"start":{"line":23,"column":6},"end":{"line":23,"column":40}},"15":{"start":{"line":24,"column":6},"end":{"line":24,"column":27}},"16":{"start":{"line":25,"column":23},"end":{"line":25,"column":55}},"17":{"start":{"line":27,"column":26},"end":{"line":27,"column":65}},"18":{"start":{"line":29,"column":6},"end":{"line":53,"column":null}},"19":{"start":{"line":32,"column":8},"end":{"line":41,"column":null}},"20":{"start":{"line":33,"column":10},"end":{"line":33,"column":68}},"21":{"start":{"line":35,"column":10},"end":{"line":40,"column":12}},"22":{"start":{"line":43,"column":8},"end":{"line":45,"column":10}},"23":{"start":{"line":47,"column":8},"end":{"line":52,"column":10}},"24":{"start":{"line":55,"column":6},"end":{"line":64,"column":8}},"25":{"start":{"line":66,"column":6},"end":{"line":71,"column":8}},"26":{"start":{"line":76,"column":15},"end":{"line":76,"column":30}},"27":{"start":{"line":77,"column":4},"end":{"line":81,"column":null}},"28":{"start":{"line":78,"column":6},"end":{"line":78,"column":70}},"29":{"start":{"line":80,"column":6},"end":{"line":80,"column":32}},"30":{"start":{"line":82,"column":20},"end":{"line":82,"column":38}},"31":{"start":{"line":83,"column":20},"end":{"line":83,"column":38}},"32":{"start":{"line":84,"column":17},"end":{"line":84,"column":19}},"33":{"start":{"line":85,"column":4},"end":{"line":93,"column":null}},"34":{"start":{"line":86,"column":6},"end":{"line":86,"column":51}},"35":{"start":{"line":87,"column":11},"end":{"line":93,"column":null}},"36":{"start":{"line":88,"column":6},"end":{"line":88,"column":57}},"37":{"start":{"line":89,"column":11},"end":{"line":93,"column":null}},"38":{"start":{"line":90,"column":6},"end":{"line":90,"column":65}},"39":{"start":{"line":91,"column":11},"end":{"line":93,"column":null}},"40":{"start":{"line":92,"column":6},"end":{"line":92,"column":71}},"41":{"start":{"line":94,"column":4},"end":{"line":94,"column":57}},"42":{"start":{"line":11,"column":13},"end":{"line":96,"column":null}},"43":{"start":{"line":11,"column":13},"end":{"line":11,"column":23}}},"fnMap":{"0":{"name":"(anonymous_4)","decl":{"start":{"line":12,"column":2},"end":{"line":12,"column":null}},"loc":{"start":{"line":17,"column":63},"end":{"line":18,"column":6}}},"1":{"name":"(anonymous_5)","decl":{"start":{"line":20,"column":2},"end":{"line":20,"column":7}},"loc":{"start":{"line":20,"column":46},"end":{"line":73,"column":3}}},"2":{"name":"(anonymous_6)","decl":{"start":{"line":75,"column":2},"end":{"line":75,"column":14}},"loc":{"start":{"line":75,"column":27},"end":{"line":95,"column":3}}}},"branchMap":{"0":{"loc":{"start":{"line":29,"column":6},"end":{"line":53,"column":null}},"type":"if","locations":[{"start":{"line":29,"column":6},"end":{"line":53,"column":null}}]},"1":{"loc":{"start":{"line":77,"column":4},"end":{"line":81,"column":null}},"type":"if","locations":[{"start":{"line":77,"column":4},"end":{"line":81,"column":null}},{"start":{"line":79,"column":11},"end":{"line":81,"column":null}}]},"2":{"loc":{"start":{"line":85,"column":4},"end":{"line":93,"column":null}},"type":"if","locations":[{"start":{"line":85,"column":4},"end":{"line":93,"column":null}},{"start":{"line":87,"column":11},"end":{"line":93,"column":null}}]},"3":{"loc":{"start":{"line":85,"column":8},"end":{"line":85,"column":44}},"type":"binary-expr","locations":[{"start":{"line":85,"column":8},"end":{"line":85,"column":24}},{"start":{"line":85,"column":28},"end":{"line":85,"column":44}}]},"4":{"loc":{"start":{"line":87,"column":11},"end":{"line":93,"column":null}},"type":"if","locations":[{"start":{"line":87,"column":11},"end":{"line":93,"column":null}},{"start":{"line":89,"column":11},"end":{"line":93,"column":null}}]},"5":{"loc":{"start":{"line":87,"column":15},"end":{"line":87,"column":52}},"type":"binary-expr","locations":[{"start":{"line":87,"column":15},"end":{"line":87,"column":32}},{"start":{"line":87,"column":36},"end":{"line":87,"column":52}}]},"6":{"loc":{"start":{"line":89,"column":11},"end":{"line":93,"column":null}},"type":"if","locations":[{"start":{"line":89,"column":11},"end":{"line":93,"column":null}},{"start":{"line":91,"column":11},"end":{"line":93,"column":null}}]},"7":{"loc":{"start":{"line":89,"column":15},"end":{"line":89,"column":52}},"type":"binary-expr","locations":[{"start":{"line":89,"column":15},"end":{"line":89,"column":31}},{"start":{"line":89,"column":35},"end":{"line":89,"column":52}}]},"8":{"loc":{"start":{"line":91,"column":11},"end":{"line":93,"column":null}},"type":"if","locations":[{"start":{"line":91,"column":11},"end":{"line":93,"column":null}}]},"9":{"loc":{"start":{"line":91,"column":15},"end":{"line":91,"column":53}},"type":"binary-expr","locations":[{"start":{"line":91,"column":15},"end":{"line":91,"column":32}},{"start":{"line":91,"column":36},"end":{"line":91,"column":53}}]}},"s":{"0":3,"1":3,"2":3,"3":3,"4":3,"5":3,"6":3,"7":11,"8":11,"9":11,"10":11,"11":11,"12":4,"13":4,"14":4,"15":4,"16":4,"17":4,"18":4,"19":3,"20":3,"21":1,"22":2,"23":2,"24":3,"25":1,"26":11,"27":11,"28":2,"29":9,"30":11,"31":11,"32":11,"33":11,"34":1,"35":10,"36":1,"37":9,"38":2,"39":7,"40":1,"41":11,"42":3,"43":3},"f":{"0":11,"1":4,"2":11},"b":{"0":[3],"1":[2,9],"2":[1,10],"3":[11,3],"4":[1,9],"5":[10,2],"6":[2,7],"7":[9,2],"8":[1],"9":[7,1]}}
,"C:\\Users\\markb\\OneDrive\\Documents\\GitHub\\Avalanche\\zacr\\src\\analysis\\analysis.service.ts": {"path":"C:\\Users\\markb\\OneDrive\\Documents\\GitHub\\Avalanche\\zacr\\src\\analysis\\analysis.service.ts","statementMap":{"0":{"start":{"line":1,"column":0},"end":{"line":1,"column":44}},"1":{"start":{"line":2,"column":0},"end":{"line":2,"column":40}},"2":{"start":{"line":5,"column":7},"end":{"line":64,"column":null}},"3":{"start":{"line":7,"column":4},"end":{"line":9,"column":null}},"4":{"start":{"line":8,"column":6},"end":{"line":8,"column":38}},"5":{"start":{"line":11,"column":17},"end":{"line":11,"column":71}},"6":{"start":{"line":12,"column":4},"end":{"line":14,"column":null}},"7":{"start":{"line":13,"column":6},"end":{"line":13,"column":63}},"8":{"start":{"line":17,"column":6},"end":{"line":17,"column":76}},"9":{"start":{"line":19,"column":23},"end":{"line":19,"column":36}},"10":{"start":{"line":21,"column":4},"end":{"line":51,"column":null}},"11":{"start":{"line":22,"column":19},"end":{"line":22,"column":72}},"12":{"start":{"line":23,"column":26},"end":{"line":24,"column":null}},"13":{"start":{"line":24,"column":8},"end":{"line":24,"column":59}},"14":{"start":{"line":27,"column":24},"end":{"line":28,"column":null}},"15":{"start":{"line":28,"column":8},"end":{"line":28,"column":51}},"16":{"start":{"line":32,"column":29},"end":{"line":33,"column":null}},"17":{"start":{"line":33,"column":38},"end":{"line":33,"column":59}},"18":{"start":{"line":35,"column":33},"end":{"line":35,"column":72}},"19":{"start":{"line":38,"column":19},"end":{"line":38,"column":37}},"20":{"start":{"line":39,"column":18},"end":{"line":39,"column":35}},"21":{"start":{"line":40,"column":18},"end":{"line":40,"column":35}},"22":{"start":{"line":42,"column":21},"end":{"line":45,"column":9}},"23":{"start":{"line":42,"column":42},"end":{"line":44,"column":null}},"24":{"start":{"line":47,"column":6},"end":{"line":50,"column":8}},"25":{"start":{"line":53,"column":4},"end":{"line":53,"column":55}},"26":{"start":{"line":54,"column":4},"end":{"line":54,"column":38}},"27":{"start":{"line":58,"column":4},"end":{"line":62,"column":11}},"28":{"start":{"line":59,"column":21},"end":{"line":59,"column":52}},"29":{"start":{"line":60,"column":6},"end":{"line":60,"column":66}},"30":{"start":{"line":61,"column":6},"end":{"line":61,"column":25}},"31":{"start":{"line":5,"column":13},"end":{"line":64,"column":null}},"32":{"start":{"line":5,"column":13},"end":{"line":5,"column":28}}},"fnMap":{"0":{"name":"(anonymous_1)","decl":{"start":{"line":6,"column":2},"end":{"line":6,"column":7}},"loc":{"start":{"line":6,"column":31},"end":{"line":55,"column":3}}},"1":{"name":"(anonymous_2)","decl":{"start":{"line":23,"column":35},"end":{"line":23,"column":36}},"loc":{"start":{"line":24,"column":8},"end":{"line":24,"column":59}}},"2":{"name":"(anonymous_3)","decl":{"start":{"line":27,"column":33},"end":{"line":27,"column":34}},"loc":{"start":{"line":28,"column":8},"end":{"line":28,"column":51}}},"3":{"name":"(anonymous_4)","decl":{"start":{"line":33,"column":24},"end":{"line":33,"column":25}},"loc":{"start":{"line":33,"column":38},"end":{"line":33,"column":59}}},"4":{"name":"(anonymous_5)","decl":{"start":{"line":42,"column":30},"end":{"line":42,"column":31}},"loc":{"start":{"line":42,"column":42},"end":{"line":44,"column":null}}},"5":{"name":"(anonymous_6)","decl":{"start":{"line":57,"column":2},"end":{"line":57,"column":15}},"loc":{"start":{"line":57,"column":31},"end":{"line":63,"column":3}}},"6":{"name":"(anonymous_7)","decl":{"start":{"line":58,"column":27},"end":{"line":58,"column":28}},"loc":{"start":{"line":58,"column":48},"end":{"line":62,"column":5}}}},"branchMap":{"0":{"loc":{"start":{"line":7,"column":4},"end":{"line":9,"column":null}},"type":"if","locations":[{"start":{"line":7,"column":4},"end":{"line":9,"column":null}}]},"1":{"loc":{"start":{"line":7,"column":8},"end":{"line":7,"column":70}},"type":"binary-expr","locations":[{"start":{"line":7,"column":8},"end":{"line":7,"column":17}},{"start":{"line":7,"column":21},"end":{"line":7,"column":45}},{"start":{"line":7,"column":49},"end":{"line":7,"column":70}}]},"2":{"loc":{"start":{"line":12,"column":4},"end":{"line":14,"column":null}},"type":"if","locations":[{"start":{"line":12,"column":4},"end":{"line":14,"column":null}}]},"3":{"loc":{"start":{"line":17,"column":6},"end":{"line":17,"column":76}},"type":"cond-expr","locations":[{"start":{"line":17,"column":26},"end":{"line":17,"column":54}},{"start":{"line":17,"column":57},"end":{"line":17,"column":76}}]},"4":{"loc":{"start":{"line":60,"column":29},"end":{"line":60,"column":54}},"type":"binary-expr","locations":[{"start":{"line":60,"column":29},"end":{"line":60,"column":48}},{"start":{"line":60,"column":52},"end":{"line":60,"column":54}}]}},"s":{"0":6,"1":6,"2":6,"3":5,"4":1,"5":4,"6":4,"7":1,"8":3,"9":3,"10":3,"11":3,"12":3,"13":3,"14":3,"15":3,"16":3,"17":3,"18":3,"19":3,"20":3,"21":3,"22":3,"23":3,"24":3,"25":3,"26":3,"27":2,"28":2,"29":2,"30":2,"31":6,"32":6},"f":{"0":5,"1":3,"2":3,"3":3,"4":3,"5":2,"6":2},"b":{"0":[1],"1":[5,5,5],"2":[1],"3":[2,1],"4":[2,2]}}
,"C:\\Users\\markb\\OneDrive\\Documents\\GitHub\\Avalanche\\zacr\\src\\data-format\\data-format.service.ts": {"path":"C:\\Users\\markb\\OneDrive\\Documents\\GitHub\\Avalanche\\zacr\\src\\data-format\\data-format.service.ts","statementMap":{"0":{"start":{"line":2,"column":0},"end":{"line":2,"column":44}},"1":{"start":{"line":3,"column":0},"end":{"line":3,"column":34}},"2":{"start":{"line":6,"column":7},"end":{"line":18,"column":null}},"3":{"start":{"line":8,"column":4},"end":{"line":16,"column":null}},"4":{"start":{"line":10,"column":23},"end":{"line":10,"column":39}},"5":{"start":{"line":11,"column":6},"end":{"line":11,"column":22}},"6":{"start":{"line":15,"column":6},"end":{"line":15,"column":42}},"7":{"start":{"line":6,"column":13},"end":{"line":18,"column":null}},"8":{"start":{"line":6,"column":13},"end":{"line":6,"column":30}}},"fnMap":{"0":{"name":"(anonymous_1)","decl":{"start":{"line":7,"column":2},"end":{"line":7,"column":7}},"loc":{"start":{"line":7,"column":26},"end":{"line":17,"column":3}}}},"branchMap":{},"s":{"0":2,"1":2,"2":2,"3":2,"4":2,"5":1,"6":1,"7":2,"8":2},"f":{"0":2},"b":{}}
,"C:\\Users\\markb\\OneDrive\\Documents\\GitHub\\Avalanche\\zacr\\src\\domainNameAnalysis\\domain-name-analysis.service.ts": {"path":"C:\\Users\\markb\\OneDrive\\Documents\\GitHub\\Avalanche\\zacr\\src\\domainNameAnalysis\\domain-name-analysis.service.ts","statementMap":{"0":{"start":{"line":1,"column":0},"end":{"line":1,"column":44}},"1":{"start":{"line":2,"column":0},"end":{"line":2,"column":28}},"2":{"start":{"line":3,"column":0},"end":{"line":3,"column":52}},"3":{"start":{"line":4,"column":0},"end":{"line":4,"column":37}},"4":{"start":{"line":5,"column":0},"end":{"line":5,"column":66}},"5":{"start":{"line":6,"column":0},"end":{"line":6,"column":74}},"6":{"start":{"line":9,"column":7},"end":{"line":210,"column":null}},"7":{"start":{"line":11,"column":12},"end":{"line":11,"column":25}},"8":{"start":{"line":12,"column":38},"end":{"line":12,"column":45}},"9":{"start":{"line":13,"column":21},"end":{"line":13,"column":39}},"10":{"start":{"line":14,"column":21},"end":{"line":14,"column":45}},"11":{"start":{"line":18,"column":4},"end":{"line":84,"column":null}},"12":{"start":{"line":19,"column":6},"end":{"line":19,"column":24}},"13":{"start":{"line":20,"column":22},"end":{"line":20,"column":50}},"14":{"start":{"line":21,"column":6},"end":{"line":21,"column":27}},"15":{"start":{"line":22,"column":18},"end":{"line":22,"column":34}},"16":{"start":{"line":23,"column":26},"end":{"line":23,"column":50}},"17":{"start":{"line":25,"column":23},"end":{"line":25,"column":62}},"18":{"start":{"line":26,"column":6},"end":{"line":26,"column":28}},"19":{"start":{"line":27,"column":26},"end":{"line":27,"column":65}},"20":{"start":{"line":29,"column":6},"end":{"line":60,"column":null}},"21":{"start":{"line":31,"column":8},"end":{"line":40,"column":null}},"22":{"start":{"line":32,"column":10},"end":{"line":32,"column":68}},"23":{"start":{"line":34,"column":10},"end":{"line":39,"column":12}},"24":{"start":{"line":41,"column":8},"end":{"line":41,"column":56}},"25":{"start":{"line":42,"column":8},"end":{"line":42,"column":55}},"26":{"start":{"line":43,"column":8},"end":{"line":43,"column":28}},"27":{"start":{"line":44,"column":25},"end":{"line":46,"column":null}},"28":{"start":{"line":48,"column":29},"end":{"line":48,"column":58}},"29":{"start":{"line":49,"column":8},"end":{"line":49,"column":34}},"30":{"start":{"line":50,"column":8},"end":{"line":53,"column":12}},"31":{"start":{"line":54,"column":8},"end":{"line":59,"column":10}},"32":{"start":{"line":62,"column":6},"end":{"line":76,"column":8}},"33":{"start":{"line":78,"column":6},"end":{"line":83,"column":8}},"34":{"start":{"line":88,"column":4},"end":{"line":141,"column":null}},"35":{"start":{"line":89,"column":6},"end":{"line":89,"column":54}},"36":{"start":{"line":91,"column":6},"end":{"line":91,"column":40}},"37":{"start":{"line":92,"column":6},"end":{"line":92,"column":27}},"38":{"start":{"line":93,"column":23},"end":{"line":93,"column":85}},"39":{"start":{"line":95,"column":26},"end":{"line":95,"column":65}},"40":{"start":{"line":97,"column":6},"end":{"line":123,"column":null}},"41":{"start":{"line":100,"column":8},"end":{"line":109,"column":null}},"42":{"start":{"line":101,"column":10},"end":{"line":101,"column":68}},"43":{"start":{"line":103,"column":10},"end":{"line":108,"column":12}},"44":{"start":{"line":113,"column":8},"end":{"line":116,"column":12}},"45":{"start":{"line":117,"column":8},"end":{"line":122,"column":10}},"46":{"start":{"line":124,"column":6},"end":{"line":133,"column":8}},"47":{"start":{"line":135,"column":6},"end":{"line":140,"column":8}},"48":{"start":{"line":145,"column":20},"end":{"line":145,"column":40}},"49":{"start":{"line":146,"column":4},"end":{"line":157,"column":null}},"50":{"start":{"line":147,"column":6},"end":{"line":154,"column":null}},"51":{"start":{"line":148,"column":23},"end":{"line":148,"column":25}},"52":{"start":{"line":149,"column":8},"end":{"line":151,"column":null}},"53":{"start":{"line":150,"column":10},"end":{"line":150,"column":25}},"54":{"start":{"line":152,"column":8},"end":{"line":152,"column":38}},"55":{"start":{"line":153,"column":8},"end":{"line":153,"column":40}},"56":{"start":{"line":156,"column":6},"end":{"line":156,"column":43}},"57":{"start":{"line":159,"column":15},"end":{"line":159,"column":30}},"58":{"start":{"line":160,"column":4},"end":{"line":171,"column":null}},"59":{"start":{"line":161,"column":6},"end":{"line":167,"column":null}},"60":{"start":{"line":162,"column":24},"end":{"line":162,"column":26}},"61":{"start":{"line":163,"column":8},"end":{"line":165,"column":null}},"62":{"start":{"line":164,"column":10},"end":{"line":164,"column":26}},"63":{"start":{"line":166,"column":8},"end":{"line":166,"column":34}},"64":{"start":{"line":168,"column":6},"end":{"line":168,"column":28}},"65":{"start":{"line":170,"column":6},"end":{"line":170,"column":30}},"66":{"start":{"line":174,"column":4},"end":{"line":185,"column":null}},"67":{"start":{"line":175,"column":6},"end":{"line":175,"column":28}},"68":{"start":{"line":176,"column":6},"end":{"line":176,"column":58}},"69":{"start":{"line":177,"column":6},"end":{"line":177,"column":51}},"70":{"start":{"line":179,"column":6},"end":{"line":179,"column":47}},"71":{"start":{"line":180,"column":18},"end":{"line":180,"column":44}},"72":{"start":{"line":181,"column":6},"end":{"line":181,"column":47}},"73":{"start":{"line":182,"column":16},"end":{"line":182,"column":37}},"74":{"start":{"line":183,"column":6},"end":{"line":183,"column":39}},"75":{"start":{"line":184,"column":6},"end":{"line":184,"column":69}},"76":{"start":{"line":188,"column":4},"end":{"line":199,"column":null}},"77":{"start":{"line":189,"column":6},"end":{"line":189,"column":26}},"78":{"start":{"line":190,"column":6},"end":{"line":190,"column":54}},"79":{"start":{"line":191,"column":6},"end":{"line":191,"column":47}},"80":{"start":{"line":193,"column":6},"end":{"line":193,"column":43}},"81":{"start":{"line":194,"column":18},"end":{"line":194,"column":42}},"82":{"start":{"line":195,"column":6},"end":{"line":195,"column":47}},"83":{"start":{"line":196,"column":16},"end":{"line":196,"column":35}},"84":{"start":{"line":197,"column":6},"end":{"line":197,"column":39}},"85":{"start":{"line":198,"column":6},"end":{"line":198,"column":65}},"86":{"start":{"line":201,"column":4},"end":{"line":208,"column":6}},"87":{"start":{"line":9,"column":13},"end":{"line":210,"column":null}},"88":{"start":{"line":9,"column":13},"end":{"line":9,"column":38}}},"fnMap":{"0":{"name":"(anonymous_4)","decl":{"start":{"line":10,"column":2},"end":{"line":10,"column":null}},"loc":{"start":{"line":14,"column":63},"end":{"line":15,"column":6}}},"1":{"name":"(anonymous_5)","decl":{"start":{"line":17,"column":2},"end":{"line":17,"column":7}},"loc":{"start":{"line":17,"column":26},"end":{"line":85,"column":3}}},"2":{"name":"(anonymous_6)","decl":{"start":{"line":87,"column":2},"end":{"line":87,"column":7}},"loc":{"start":{"line":87,"column":55},"end":{"line":142,"column":3}}},"3":{"name":"(anonymous_7)","decl":{"start":{"line":144,"column":2},"end":{"line":144,"column":23}},"loc":{"start":{"line":144,"column":36},"end":{"line":209,"column":3}}}},"branchMap":{"0":{"loc":{"start":{"line":29,"column":6},"end":{"line":60,"column":null}},"type":"if","locations":[{"start":{"line":29,"column":6},"end":{"line":60,"column":null}}]},"1":{"loc":{"start":{"line":97,"column":6},"end":{"line":123,"column":null}},"type":"if","locations":[{"start":{"line":97,"column":6},"end":{"line":123,"column":null}}]},"2":{"loc":{"start":{"line":146,"column":4},"end":{"line":157,"column":null}},"type":"if","locations":[{"start":{"line":146,"column":4},"end":{"line":157,"column":null}},{"start":{"line":155,"column":11},"end":{"line":157,"column":null}}]},"3":{"loc":{"start":{"line":147,"column":6},"end":{"line":154,"column":null}},"type":"if","locations":[{"start":{"line":147,"column":6},"end":{"line":154,"column":null}}]},"4":{"loc":{"start":{"line":160,"column":4},"end":{"line":171,"column":null}},"type":"if","locations":[{"start":{"line":160,"column":4},"end":{"line":171,"column":null}},{"start":{"line":169,"column":11},"end":{"line":171,"column":null}}]},"5":{"loc":{"start":{"line":161,"column":6},"end":{"line":167,"column":null}},"type":"if","locations":[{"start":{"line":161,"column":6},"end":{"line":167,"column":null}}]},"6":{"loc":{"start":{"line":174,"column":4},"end":{"line":185,"column":null}},"type":"if","locations":[{"start":{"line":174,"column":4},"end":{"line":185,"column":null}},{"start":{"line":178,"column":11},"end":{"line":185,"column":null}}]},"7":{"loc":{"start":{"line":181,"column":14},"end":{"line":181,"column":46}},"type":"cond-expr","locations":[{"start":{"line":181,"column":27},"end":{"line":181,"column":38}},{"start":{"line":181,"column":41},"end":{"line":181,"column":46}}]},"8":{"loc":{"start":{"line":183,"column":12},"end":{"line":183,"column":38}},"type":"cond-expr","locations":[{"start":{"line":183,"column":23},"end":{"line":183,"column":32}},{"start":{"line":183,"column":35},"end":{"line":183,"column":38}}]},"9":{"loc":{"start":{"line":188,"column":4},"end":{"line":199,"column":null}},"type":"if","locations":[{"start":{"line":188,"column":4},"end":{"line":199,"column":null}},{"start":{"line":192,"column":11},"end":{"line":199,"column":null}}]},"10":{"loc":{"start":{"line":195,"column":14},"end":{"line":195,"column":46}},"type":"cond-expr","locations":[{"start":{"line":195,"column":27},"end":{"line":195,"column":38}},{"start":{"line":195,"column":41},"end":{"line":195,"column":46}}]},"11":{"loc":{"start":{"line":197,"column":12},"end":{"line":197,"column":38}},"type":"cond-expr","locations":[{"start":{"line":197,"column":23},"end":{"line":197,"column":32}},{"start":{"line":197,"column":35},"end":{"line":197,"column":38}}]}},"s":{"0":3,"1":3,"2":3,"3":3,"4":3,"5":3,"6":3,"7":13,"8":13,"9":13,"10":13,"11":4,"12":4,"13":4,"14":4,"15":4,"16":4,"17":4,"18":4,"19":4,"20":4,"21":3,"22":3,"23":1,"24":2,"25":2,"26":2,"27":2,"28":2,"29":2,"30":2,"31":1,"32":2,"33":1,"34":4,"35":4,"36":4,"37":4,"38":4,"39":4,"40":3,"41":2,"42":2,"43":1,"44":1,"45":1,"46":1,"47":2,"48":9,"49":9,"50":3,"51":3,"52":3,"53":6,"54":3,"55":3,"56":6,"57":9,"58":9,"59":2,"60":2,"61":2,"62":5,"63":2,"64":2,"65":7,"66":9,"67":6,"68":6,"69":6,"70":3,"71":3,"72":3,"73":3,"74":3,"75":3,"76":9,"77":6,"78":6,"79":6,"80":3,"81":3,"82":3,"83":3,"84":3,"85":3,"86":9,"87":3,"88":3},"f":{"0":13,"1":4,"2":4,"3":9},"b":{"0":[3],"1":[2],"2":[3,6],"3":[3],"4":[2,7],"5":[2],"6":[6,3],"7":[3,0],"8":[3,0],"9":[6,3],"10":[1,2],"11":[0,3]}}
,"C:\\Users\\markb\\OneDrive\\Documents\\GitHub\\Avalanche\\zacr\\src\\domainWatch\\domain-watch-analysis.service.ts": {"path":"C:\\Users\\markb\\OneDrive\\Documents\\GitHub\\Avalanche\\zacr\\src\\domainWatch\\domain-watch-analysis.service.ts","statementMap":{"0":{"start":{"line":1,"column":0},"end":{"line":1,"column":44}},"1":{"start":{"line":2,"column":0},"end":{"line":2,"column":44}},"2":{"start":{"line":4,"column":0},"end":{"line":4,"column":66}},"3":{"start":{"line":5,"column":0},"end":{"line":5,"column":74}},"4":{"start":{"line":8,"column":7},"end":{"line":48,"column":null}},"5":{"start":{"line":10,"column":12},"end":{"line":10,"column":25}},"6":{"start":{"line":11,"column":21},"end":{"line":11,"column":39}},"7":{"start":{"line":12,"column":21},"end":{"line":12,"column":45}},"8":{"start":{"line":16,"column":21},"end":{"line":16,"column":50}},"9":{"start":{"line":18,"column":4},"end":{"line":27,"column":null}},"10":{"start":{"line":19,"column":6},"end":{"line":19,"column":64}},"11":{"start":{"line":21,"column":6},"end":{"line":26,"column":8}},"12":{"start":{"line":29,"column":4},"end":{"line":29,"column":25}},"13":{"start":{"line":33,"column":21},"end":{"line":33,"column":41}},"14":{"start":{"line":35,"column":4},"end":{"line":44,"column":null}},"15":{"start":{"line":36,"column":6},"end":{"line":36,"column":64}},"16":{"start":{"line":38,"column":6},"end":{"line":43,"column":8}},"17":{"start":{"line":46,"column":4},"end":{"line":46,"column":25}},"18":{"start":{"line":8,"column":13},"end":{"line":48,"column":null}},"19":{"start":{"line":8,"column":13},"end":{"line":8,"column":31}}},"fnMap":{"0":{"name":"(anonymous_2)","decl":{"start":{"line":9,"column":2},"end":{"line":9,"column":null}},"loc":{"start":{"line":12,"column":63},"end":{"line":13,"column":6}}},"1":{"name":"(anonymous_3)","decl":{"start":{"line":15,"column":2},"end":{"line":15,"column":7}},"loc":{"start":{"line":15,"column":15},"end":{"line":30,"column":3}}},"2":{"name":"(anonymous_4)","decl":{"start":{"line":32,"column":2},"end":{"line":32,"column":7}},"loc":{"start":{"line":32,"column":19},"end":{"line":47,"column":3}}}},"branchMap":{},"s":{"0":3,"1":3,"2":3,"3":3,"4":3,"5":5,"6":5,"7":5,"8":2,"9":2,"10":2,"11":1,"12":1,"13":2,"14":2,"15":2,"16":1,"17":1,"18":3,"19":3},"f":{"0":5,"1":2,"2":2},"b":{}}
,"C:\\Users\\markb\\OneDrive\\Documents\\GitHub\\Avalanche\\zacr\\src\\graph-format\\graph-format.service.ts": {"path":"C:\\Users\\markb\\OneDrive\\Documents\\GitHub\\Avalanche\\zacr\\src\\graph-format\\graph-format.service.ts","statementMap":{"0":{"start":{"line":1,"column":0},"end":{"line":1,"column":44}},"1":{"start":{"line":4,"column":7},"end":{"line":255,"column":null}},"2":{"start":{"line":22,"column":20},"end":{"line":22,"column":78}},"3":{"start":{"line":23,"column":4},"end":{"line":34,"column":null}},"4":{"start":{"line":24,"column":19},"end":{"line":24,"column":42}},"5":{"start":{"line":25,"column":6},"end":{"line":31,"column":null}},"6":{"start":{"line":26,"column":8},"end":{"line":26,"column":78}},"7":{"start":{"line":27,"column":13},"end":{"line":31,"column":null}},"8":{"start":{"line":28,"column":8},"end":{"line":28,"column":77}},"9":{"start":{"line":30,"column":8},"end":{"line":30,"column":73}},"10":{"start":{"line":33,"column":6},"end":{"line":33,"column":43}},"11":{"start":{"line":38,"column":20},"end":{"line":38,"column":78}},"12":{"start":{"line":39,"column":4},"end":{"line":70,"column":null}},"13":{"start":{"line":40,"column":19},"end":{"line":40,"column":42}},"14":{"start":{"line":41,"column":6},"end":{"line":67,"column":null}},"15":{"start":{"line":42,"column":26},"end":{"line":42,"column":33}},"16":{"start":{"line":43,"column":25},"end":{"line":43,"column":32}},"17":{"start":{"line":44,"column":23},"end":{"line":44,"column":30}},"18":{"start":{"line":45,"column":23},"end":{"line":45,"column":25}},"19":{"start":{"line":46,"column":25},"end":{"line":46,"column":27}},"20":{"start":{"line":48,"column":8},"end":{"line":59,"column":11}},"21":{"start":{"line":49,"column":10},"end":{"line":51,"column":null}},"22":{"start":{"line":50,"column":12},"end":{"line":50,"column":41}},"23":{"start":{"line":52,"column":10},"end":{"line":57,"column":null}},"24":{"start":{"line":53,"column":12},"end":{"line":56,"column":14}},"25":{"start":{"line":58,"column":10},"end":{"line":58,"column":62}},"26":{"start":{"line":61,"column":8},"end":{"line":64,"column":11}},"27":{"start":{"line":66,"column":8},"end":{"line":66,"column":73}},"28":{"start":{"line":69,"column":6},"end":{"line":69,"column":43}},"29":{"start":{"line":74,"column":20},"end":{"line":74,"column":66}},"30":{"start":{"line":75,"column":4},"end":{"line":89,"column":null}},"31":{"start":{"line":76,"column":19},"end":{"line":76,"column":42}},"32":{"start":{"line":77,"column":6},"end":{"line":86,"column":null}},"33":{"start":{"line":78,"column":8},"end":{"line":83,"column":10}},"34":{"start":{"line":85,"column":8},"end":{"line":85,"column":73}},"35":{"start":{"line":88,"column":6},"end":{"line":88,"column":43}},"36":{"start":{"line":93,"column":20},"end":{"line":93,"column":66}},"37":{"start":{"line":94,"column":4},"end":{"line":105,"column":null}},"38":{"start":{"line":95,"column":19},"end":{"line":95,"column":42}},"39":{"start":{"line":96,"column":6},"end":{"line":102,"column":null}},"40":{"start":{"line":97,"column":8},"end":{"line":97,"column":76}},"41":{"start":{"line":98,"column":13},"end":{"line":102,"column":null}},"42":{"start":{"line":99,"column":8},"end":{"line":99,"column":66}},"43":{"start":{"line":101,"column":8},"end":{"line":101,"column":73}},"44":{"start":{"line":104,"column":6},"end":{"line":104,"column":43}},"45":{"start":{"line":109,"column":20},"end":{"line":109,"column":44}},"46":{"start":{"line":110,"column":4},"end":{"line":122,"column":null}},"47":{"start":{"line":111,"column":19},"end":{"line":111,"column":42}},"48":{"start":{"line":112,"column":6},"end":{"line":119,"column":null}},"49":{"start":{"line":113,"column":27},"end":{"line":113,"column":78}},"50":{"start":{"line":114,"column":8},"end":{"line":114,"column":72}},"51":{"start":{"line":116,"column":8},"end":{"line":118,"column":10}},"52":{"start":{"line":121,"column":6},"end":{"line":121,"column":43}},"53":{"start":{"line":126,"column":20},"end":{"line":126,"column":75}},"54":{"start":{"line":127,"column":4},"end":{"line":143,"column":null}},"55":{"start":{"line":128,"column":19},"end":{"line":128,"column":42}},"56":{"start":{"line":129,"column":6},"end":{"line":140,"column":null}},"57":{"start":{"line":130,"column":8},"end":{"line":135,"column":10}},"58":{"start":{"line":137,"column":8},"end":{"line":139,"column":10}},"59":{"start":{"line":142,"column":6},"end":{"line":142,"column":43}},"60":{"start":{"line":147,"column":4},"end":{"line":147,"column":22}},"61":{"start":{"line":148,"column":20},"end":{"line":148,"column":75}},"62":{"start":{"line":149,"column":4},"end":{"line":167,"column":null}},"63":{"start":{"line":150,"column":19},"end":{"line":150,"column":42}},"64":{"start":{"line":151,"column":6},"end":{"line":164,"column":null}},"65":{"start":{"line":152,"column":8},"end":{"line":157,"column":10}},"66":{"start":{"line":158,"column":13},"end":{"line":164,"column":null}},"67":{"start":{"line":159,"column":8},"end":{"line":159,"column":75}},"68":{"start":{"line":161,"column":8},"end":{"line":163,"column":10}},"69":{"start":{"line":166,"column":6},"end":{"line":166,"column":43}},"70":{"start":{"line":176,"column":20},"end":{"line":176,"column":57}},"71":{"start":{"line":177,"column":21},"end":{"line":177,"column":28}},"72":{"start":{"line":178,"column":19},"end":{"line":178,"column":26}},"73":{"start":{"line":179,"column":19},"end":{"line":179,"column":21}},"74":{"start":{"line":180,"column":21},"end":{"line":180,"column":23}},"75":{"start":{"line":182,"column":4},"end":{"line":193,"column":7}},"76":{"start":{"line":183,"column":6},"end":{"line":185,"column":null}},"77":{"start":{"line":184,"column":8},"end":{"line":184,"column":37}},"78":{"start":{"line":186,"column":6},"end":{"line":191,"column":null}},"79":{"start":{"line":187,"column":8},"end":{"line":190,"column":10}},"80":{"start":{"line":192,"column":6},"end":{"line":192,"column":47}},"81":{"start":{"line":195,"column":4},"end":{"line":198,"column":7}},"82":{"start":{"line":202,"column":20},"end":{"line":202,"column":57}},"83":{"start":{"line":203,"column":22},"end":{"line":203,"column":29}},"84":{"start":{"line":204,"column":21},"end":{"line":204,"column":28}},"85":{"start":{"line":205,"column":19},"end":{"line":205,"column":26}},"86":{"start":{"line":206,"column":19},"end":{"line":206,"column":21}},"87":{"start":{"line":207,"column":21},"end":{"line":207,"column":23}},"88":{"start":{"line":209,"column":4},"end":{"line":220,"column":7}},"89":{"start":{"line":210,"column":6},"end":{"line":212,"column":null}},"90":{"start":{"line":211,"column":8},"end":{"line":211,"column":37}},"91":{"start":{"line":213,"column":6},"end":{"line":218,"column":null}},"92":{"start":{"line":214,"column":8},"end":{"line":217,"column":10}},"93":{"start":{"line":219,"column":6},"end":{"line":219,"column":58}},"94":{"start":{"line":222,"column":4},"end":{"line":225,"column":7}},"95":{"start":{"line":229,"column":20},"end":{"line":229,"column":57}},"96":{"start":{"line":230,"column":22},"end":{"line":230,"column":29}},"97":{"start":{"line":231,"column":21},"end":{"line":231,"column":28}},"98":{"start":{"line":232,"column":23},"end":{"line":232,"column":30}},"99":{"start":{"line":233,"column":19},"end":{"line":233,"column":26}},"100":{"start":{"line":234,"column":19},"end":{"line":234,"column":21}},"101":{"start":{"line":235,"column":21},"end":{"line":235,"column":23}},"102":{"start":{"line":237,"column":4},"end":{"line":248,"column":7}},"103":{"start":{"line":238,"column":6},"end":{"line":240,"column":null}},"104":{"start":{"line":239,"column":8},"end":{"line":239,"column":37}},"105":{"start":{"line":241,"column":6},"end":{"line":246,"column":null}},"106":{"start":{"line":242,"column":8},"end":{"line":245,"column":10}},"107":{"start":{"line":247,"column":6},"end":{"line":247,"column":58}},"108":{"start":{"line":250,"column":4},"end":{"line":253,"column":7}},"109":{"start":{"line":4,"column":13},"end":{"line":255,"column":null}},"110":{"start":{"line":4,"column":13},"end":{"line":4,"column":31}}},"fnMap":{"0":{"name":"(anonymous_1)","decl":{"start":{"line":21,"column":2},"end":{"line":21,"column":7}},"loc":{"start":{"line":21,"column":39},"end":{"line":35,"column":3}}},"1":{"name":"(anonymous_2)","decl":{"start":{"line":37,"column":2},"end":{"line":37,"column":7}},"loc":{"start":{"line":37,"column":46},"end":{"line":71,"column":3}}},"2":{"name":"(anonymous_3)","decl":{"start":{"line":48,"column":24},"end":{"line":48,"column":25}},"loc":{"start":{"line":48,"column":34},"end":{"line":59,"column":9}}},"3":{"name":"(anonymous_4)","decl":{"start":{"line":73,"column":2},"end":{"line":73,"column":7}},"loc":{"start":{"line":73,"column":38},"end":{"line":90,"column":3}}},"4":{"name":"(anonymous_5)","decl":{"start":{"line":92,"column":2},"end":{"line":92,"column":7}},"loc":{"start":{"line":92,"column":38},"end":{"line":106,"column":3}}},"5":{"name":"(anonymous_6)","decl":{"start":{"line":108,"column":2},"end":{"line":108,"column":7}},"loc":{"start":{"line":108,"column":45},"end":{"line":123,"column":3}}},"6":{"name":"(anonymous_7)","decl":{"start":{"line":125,"column":2},"end":{"line":125,"column":7}},"loc":{"start":{"line":125,"column":47},"end":{"line":144,"column":3}}},"7":{"name":"(anonymous_8)","decl":{"start":{"line":146,"column":2},"end":{"line":146,"column":7}},"loc":{"start":{"line":146,"column":39},"end":{"line":168,"column":3}}},"8":{"name":"(anonymous_9)","decl":{"start":{"line":170,"column":2},"end":{"line":170,"column":18}},"loc":{"start":{"line":174,"column":17},"end":{"line":199,"column":3}}},"9":{"name":"(anonymous_10)","decl":{"start":{"line":182,"column":20},"end":{"line":182,"column":21}},"loc":{"start":{"line":182,"column":30},"end":{"line":193,"column":5}}},"10":{"name":"(anonymous_11)","decl":{"start":{"line":201,"column":2},"end":{"line":201,"column":20}},"loc":{"start":{"line":201,"column":63},"end":{"line":226,"column":3}}},"11":{"name":"(anonymous_12)","decl":{"start":{"line":209,"column":20},"end":{"line":209,"column":21}},"loc":{"start":{"line":209,"column":30},"end":{"line":220,"column":5}}},"12":{"name":"(anonymous_13)","decl":{"start":{"line":228,"column":2},"end":{"line":228,"column":19}},"loc":{"start":{"line":228,"column":62},"end":{"line":254,"column":3}}},"13":{"name":"(anonymous_14)","decl":{"start":{"line":237,"column":20},"end":{"line":237,"column":21}},"loc":{"start":{"line":237,"column":30},"end":{"line":248,"column":5}}}},"branchMap":{"0":{"loc":{"start":{"line":23,"column":4},"end":{"line":34,"column":null}},"type":"if","locations":[{"start":{"line":23,"column":4},"end":{"line":34,"column":null}},{"start":{"line":32,"column":11},"end":{"line":34,"column":null}}]},"1":{"loc":{"start":{"line":25,"column":6},"end":{"line":31,"column":null}},"type":"if","locations":[{"start":{"line":25,"column":6},"end":{"line":31,"column":null}},{"start":{"line":27,"column":13},"end":{"line":31,"column":null}}]},"2":{"loc":{"start":{"line":27,"column":13},"end":{"line":31,"column":null}},"type":"if","locations":[{"start":{"line":27,"column":13},"end":{"line":31,"column":null}},{"start":{"line":29,"column":13},"end":{"line":31,"column":null}}]},"3":{"loc":{"start":{"line":39,"column":4},"end":{"line":70,"column":null}},"type":"if","locations":[{"start":{"line":39,"column":4},"end":{"line":70,"column":null}},{"start":{"line":68,"column":11},"end":{"line":70,"column":null}}]},"4":{"loc":{"start":{"line":41,"column":6},"end":{"line":67,"column":null}},"type":"if","locations":[{"start":{"line":41,"column":6},"end":{"line":67,"column":null}},{"start":{"line":65,"column":13},"end":{"line":67,"column":null}}]},"5":{"loc":{"start":{"line":49,"column":10},"end":{"line":51,"column":null}},"type":"if","locations":[{"start":{"line":49,"column":10},"end":{"line":51,"column":null}}]},"6":{"loc":{"start":{"line":52,"column":10},"end":{"line":57,"column":null}},"type":"if","locations":[{"start":{"line":52,"column":10},"end":{"line":57,"column":null}}]},"7":{"loc":{"start":{"line":75,"column":4},"end":{"line":89,"column":null}},"type":"if","locations":[{"start":{"line":75,"column":4},"end":{"line":89,"column":null}},{"start":{"line":87,"column":11},"end":{"line":89,"column":null}}]},"8":{"loc":{"start":{"line":77,"column":6},"end":{"line":86,"column":null}},"type":"if","locations":[{"start":{"line":77,"column":6},"end":{"line":86,"column":null}},{"start":{"line":84,"column":13},"end":{"line":86,"column":null}}]},"9":{"loc":{"start":{"line":94,"column":4},"end":{"line":105,"column":null}},"type":"if","locations":[{"start":{"line":94,"column":4},"end":{"line":105,"column":null}},{"start":{"line":103,"column":11},"end":{"line":105,"column":null}}]},"10":{"loc":{"start":{"line":96,"column":6},"end":{"line":102,"column":null}},"type":"if","locations":[{"start":{"line":96,"column":6},"end":{"line":102,"column":null}},{"start":{"line":98,"column":13},"end":{"line":102,"column":null}}]},"11":{"loc":{"start":{"line":98,"column":13},"end":{"line":102,"column":null}},"type":"if","locations":[{"start":{"line":98,"column":13},"end":{"line":102,"column":null}},{"start":{"line":100,"column":13},"end":{"line":102,"column":null}}]},"12":{"loc":{"start":{"line":110,"column":4},"end":{"line":122,"column":null}},"type":"if","locations":[{"start":{"line":110,"column":4},"end":{"line":122,"column":null}},{"start":{"line":120,"column":11},"end":{"line":122,"column":null}}]},"13":{"loc":{"start":{"line":112,"column":6},"end":{"line":119,"column":null}},"type":"if","locations":[{"start":{"line":112,"column":6},"end":{"line":119,"column":null}},{"start":{"line":115,"column":13},"end":{"line":119,"column":null}}]},"14":{"loc":{"start":{"line":127,"column":4},"end":{"line":143,"column":null}},"type":"if","locations":[{"start":{"line":127,"column":4},"end":{"line":143,"column":null}},{"start":{"line":141,"column":11},"end":{"line":143,"column":null}}]},"15":{"loc":{"start":{"line":129,"column":6},"end":{"line":140,"column":null}},"type":"if","locations":[{"start":{"line":129,"column":6},"end":{"line":140,"column":null}},{"start":{"line":136,"column":13},"end":{"line":140,"column":null}}]},"16":{"loc":{"start":{"line":149,"column":4},"end":{"line":167,"column":null}},"type":"if","locations":[{"start":{"line":149,"column":4},"end":{"line":167,"column":null}},{"start":{"line":165,"column":11},"end":{"line":167,"column":null}}]},"17":{"loc":{"start":{"line":151,"column":6},"end":{"line":164,"column":null}},"type":"if","locations":[{"start":{"line":151,"column":6},"end":{"line":164,"column":null}},{"start":{"line":158,"column":13},"end":{"line":164,"column":null}}]},"18":{"loc":{"start":{"line":158,"column":13},"end":{"line":164,"column":null}},"type":"if","locations":[{"start":{"line":158,"column":13},"end":{"line":164,"column":null}},{"start":{"line":160,"column":13},"end":{"line":164,"column":null}}]},"19":{"loc":{"start":{"line":183,"column":6},"end":{"line":185,"column":null}},"type":"if","locations":[{"start":{"line":183,"column":6},"end":{"line":185,"column":null}}]},"20":{"loc":{"start":{"line":186,"column":6},"end":{"line":191,"column":null}},"type":"if","locations":[{"start":{"line":186,"column":6},"end":{"line":191,"column":null}}]},"21":{"loc":{"start":{"line":210,"column":6},"end":{"line":212,"column":null}},"type":"if","locations":[{"start":{"line":210,"column":6},"end":{"line":212,"column":null}}]},"22":{"loc":{"start":{"line":213,"column":6},"end":{"line":218,"column":null}},"type":"if","locations":[{"start":{"line":213,"column":6},"end":{"line":218,"column":null}}]},"23":{"loc":{"start":{"line":238,"column":6},"end":{"line":240,"column":null}},"type":"if","locations":[{"start":{"line":238,"column":6},"end":{"line":240,"column":null}}]},"24":{"loc":{"start":{"line":241,"column":6},"end":{"line":246,"column":null}},"type":"if","locations":[{"start":{"line":241,"column":6},"end":{"line":246,"column":null}}]}},"s":{"0":9,"1":9,"2":3,"3":3,"4":2,"5":2,"6":1,"7":1,"8":1,"9":0,"10":1,"11":2,"12":2,"13":1,"14":1,"15":1,"16":1,"17":1,"18":1,"19":1,"20":1,"21":6,"22":3,"23":6,"24":1,"25":6,"26":1,"27":0,"28":1,"29":2,"30":2,"31":1,"32":1,"33":1,"34":0,"35":1,"36":3,"37":3,"38":2,"39":2,"40":1,"41":1,"42":1,"43":0,"44":1,"45":2,"46":2,"47":1,"48":1,"49":1,"50":1,"51":0,"52":1,"53":2,"54":2,"55":1,"56":1,"57":1,"58":0,"59":1,"60":3,"61":3,"62":3,"63":2,"64":2,"65":1,"66":1,"67":1,"68":0,"69":1,"70":5,"71":5,"72":5,"73":5,"74":5,"75":5,"76":13,"77":13,"78":13,"79":5,"80":13,"81":5,"82":3,"83":3,"84":3,"85":3,"86":3,"87":3,"88":3,"89":7,"90":4,"91":7,"92":5,"93":7,"94":3,"95":1,"96":1,"97":1,"98":1,"99":1,"100":1,"101":1,"102":1,"103":6,"104":3,"105":6,"106":2,"107":6,"108":1,"109":9,"110":9},"f":{"0":3,"1":2,"2":6,"3":2,"4":3,"5":2,"6":2,"7":3,"8":5,"9":13,"10":3,"11":7,"12":1,"13":6},"b":{"0":[2,1],"1":[1,1],"2":[1,0],"3":[1,1],"4":[1,0],"5":[3],"6":[1],"7":[1,1],"8":[1,0],"9":[2,1],"10":[1,1],"11":[1,0],"12":[1,1],"13":[1,0],"14":[1,1],"15":[1,0],"16":[2,1],"17":[1,1],"18":[1,0],"19":[13],"20":[5],"21":[4],"22":[5],"23":[3],"24":[2]}}
,"C:\\Users\\markb\\OneDrive\\Documents\\GitHub\\Avalanche\\zacr\\src\\marketShare\\marketShare.service.ts": {"path":"C:\\Users\\markb\\OneDrive\\Documents\\GitHub\\Avalanche\\zacr\\src\\marketShare\\marketShare.service.ts","statementMap":{"0":{"start":{"line":1,"column":0},"end":{"line":1,"column":52}},"1":{"start":{"line":2,"column":0},"end":{"line":2,"column":28}},"2":{"start":{"line":3,"column":0},"end":{"line":3,"column":41}},"3":{"start":{"line":4,"column":0},"end":{"line":4,"column":66}},"4":{"start":{"line":5,"column":0},"end":{"line":5,"column":74}},"5":{"start":{"line":8,"column":7},"end":{"line":107,"column":null}},"6":{"start":{"line":10,"column":12},"end":{"line":10,"column":24}},"7":{"start":{"line":11,"column":38},"end":{"line":11,"column":45}},"8":{"start":{"line":12,"column":21},"end":{"line":12,"column":39}},"9":{"start":{"line":13,"column":21},"end":{"line":13,"column":45}},"10":{"start":{"line":17,"column":4},"end":{"line":66,"column":null}},"11":{"start":{"line":18,"column":6},"end":{"line":18,"column":53}},"12":{"start":{"line":20,"column":6},"end":{"line":20,"column":40}},"13":{"start":{"line":21,"column":6},"end":{"line":21,"column":27}},"14":{"start":{"line":22,"column":23},"end":{"line":22,"column":55}},"15":{"start":{"line":24,"column":26},"end":{"line":24,"column":65}},"16":{"start":{"line":26,"column":6},"end":{"line":48,"column":null}},"17":{"start":{"line":28,"column":8},"end":{"line":37,"column":null}},"18":{"start":{"line":29,"column":10},"end":{"line":29,"column":68}},"19":{"start":{"line":31,"column":10},"end":{"line":36,"column":12}},"20":{"start":{"line":38,"column":8},"end":{"line":40,"column":10}},"21":{"start":{"line":42,"column":8},"end":{"line":47,"column":10}},"22":{"start":{"line":49,"column":6},"end":{"line":58,"column":8}},"23":{"start":{"line":60,"column":6},"end":{"line":65,"column":8}},"24":{"start":{"line":70,"column":15},"end":{"line":70,"column":30}},"25":{"start":{"line":71,"column":4},"end":{"line":75,"column":null}},"26":{"start":{"line":72,"column":6},"end":{"line":72,"column":73}},"27":{"start":{"line":74,"column":6},"end":{"line":74,"column":16}},"28":{"start":{"line":77,"column":20},"end":{"line":77,"column":40}},"29":{"start":{"line":78,"column":4},"end":{"line":89,"column":null}},"30":{"start":{"line":79,"column":6},"end":{"line":86,"column":null}},"31":{"start":{"line":80,"column":23},"end":{"line":80,"column":25}},"32":{"start":{"line":81,"column":8},"end":{"line":83,"column":null}},"33":{"start":{"line":82,"column":10},"end":{"line":82,"column":25}},"34":{"start":{"line":84,"column":8},"end":{"line":84,"column":38}},"35":{"start":{"line":85,"column":8},"end":{"line":85,"column":48}},"36":{"start":{"line":88,"column":6},"end":{"line":88,"column":43}},"37":{"start":{"line":91,"column":15},"end":{"line":91,"column":30}},"38":{"start":{"line":92,"column":4},"end":{"line":103,"column":null}},"39":{"start":{"line":93,"column":6},"end":{"line":99,"column":null}},"40":{"start":{"line":94,"column":24},"end":{"line":94,"column":26}},"41":{"start":{"line":95,"column":8},"end":{"line":97,"column":null}},"42":{"start":{"line":96,"column":10},"end":{"line":96,"column":26}},"43":{"start":{"line":98,"column":8},"end":{"line":98,"column":34}},"44":{"start":{"line":100,"column":6},"end":{"line":100,"column":27}},"45":{"start":{"line":102,"column":6},"end":{"line":102,"column":30}},"46":{"start":{"line":105,"column":4},"end":{"line":105,"column":65}},"47":{"start":{"line":8,"column":13},"end":{"line":107,"column":null}},"48":{"start":{"line":8,"column":13},"end":{"line":8,"column":31}}},"fnMap":{"0":{"name":"(anonymous_4)","decl":{"start":{"line":9,"column":2},"end":{"line":9,"column":null}},"loc":{"start":{"line":13,"column":63},"end":{"line":14,"column":6}}},"1":{"name":"(anonymous_5)","decl":{"start":{"line":16,"column":2},"end":{"line":16,"column":7}},"loc":{"start":{"line":16,"column":54},"end":{"line":67,"column":3}}},"2":{"name":"(anonymous_6)","decl":{"start":{"line":69,"column":2},"end":{"line":69,"column":22}},"loc":{"start":{"line":69,"column":35},"end":{"line":106,"column":3}}}},"branchMap":{"0":{"loc":{"start":{"line":26,"column":6},"end":{"line":48,"column":null}},"type":"if","locations":[{"start":{"line":26,"column":6},"end":{"line":48,"column":null}}]},"1":{"loc":{"start":{"line":71,"column":4},"end":{"line":75,"column":null}},"type":"if","locations":[{"start":{"line":71,"column":4},"end":{"line":75,"column":null}},{"start":{"line":73,"column":11},"end":{"line":75,"column":null}}]},"2":{"loc":{"start":{"line":78,"column":4},"end":{"line":89,"column":null}},"type":"if","locations":[{"start":{"line":78,"column":4},"end":{"line":89,"column":null}},{"start":{"line":87,"column":11},"end":{"line":89,"column":null}}]},"3":{"loc":{"start":{"line":79,"column":6},"end":{"line":86,"column":null}},"type":"if","locations":[{"start":{"line":79,"column":6},"end":{"line":86,"column":null}}]},"4":{"loc":{"start":{"line":92,"column":4},"end":{"line":103,"column":null}},"type":"if","locations":[{"start":{"line":92,"column":4},"end":{"line":103,"column":null}},{"start":{"line":101,"column":11},"end":{"line":103,"column":null}}]},"5":{"loc":{"start":{"line":93,"column":6},"end":{"line":99,"column":null}},"type":"if","locations":[{"start":{"line":93,"column":6},"end":{"line":99,"column":null}}]}},"s":{"0":3,"1":3,"2":3,"3":3,"4":3,"5":3,"6":4,"7":4,"8":4,"9":4,"10":2,"11":2,"12":2,"13":2,"14":2,"15":2,"16":2,"17":1,"18":1,"19":0,"20":1,"21":1,"22":2,"23":0,"24":4,"25":4,"26":1,"27":3,"28":4,"29":4,"30":1,"31":1,"32":1,"33":1,"34":1,"35":1,"36":3,"37":4,"38":4,"39":1,"40":1,"41":1,"42":1,"43":1,"44":1,"45":3,"46":4,"47":3,"48":3},"f":{"0":4,"1":2,"2":4},"b":{"0":[1],"1":[1,3],"2":[1,3],"3":[1],"4":[1,3],"5":[1]}}
,"C:\\Users\\markb\\OneDrive\\Documents\\GitHub\\Avalanche\\zacr\\src\\movement\\movement.service.ts": {"path":"C:\\Users\\markb\\OneDrive\\Documents\\GitHub\\Avalanche\\zacr\\src\\movement\\movement.service.ts","statementMap":{"0":{"start":{"line":1,"column":0},"end":{"line":1,"column":52}},"1":{"start":{"line":2,"column":0},"end":{"line":2,"column":28}},"2":{"start":{"line":3,"column":0},"end":{"line":3,"column":41}},"3":{"start":{"line":4,"column":0},"end":{"line":4,"column":66}},"4":{"start":{"line":6,"column":0},"end":{"line":6,"column":63}},"5":{"start":{"line":7,"column":0},"end":{"line":7,"column":74}},"6":{"start":{"line":10,"column":7},"end":{"line":154,"column":null}},"7":{"start":{"line":12,"column":12},"end":{"line":12,"column":24}},"8":{"start":{"line":13,"column":38},"end":{"line":13,"column":45}},"9":{"start":{"line":14,"column":21},"end":{"line":14,"column":39}},"10":{"start":{"line":15,"column":21},"end":{"line":15,"column":49}},"11":{"start":{"line":16,"column":21},"end":{"line":16,"column":45}},"12":{"start":{"line":20,"column":4},"end":{"line":73,"column":null}},"13":{"start":{"line":21,"column":6},"end":{"line":21,"column":53}},"14":{"start":{"line":23,"column":6},"end":{"line":23,"column":40}},"15":{"start":{"line":24,"column":6},"end":{"line":24,"column":27}},"16":{"start":{"line":25,"column":23},"end":{"line":25,"column":64}},"17":{"start":{"line":27,"column":26},"end":{"line":27,"column":65}},"18":{"start":{"line":29,"column":6},"end":{"line":52,"column":null}},"19":{"start":{"line":31,"column":8},"end":{"line":40,"column":null}},"20":{"start":{"line":32,"column":10},"end":{"line":32,"column":68}},"21":{"start":{"line":34,"column":10},"end":{"line":39,"column":12}},"22":{"start":{"line":42,"column":8},"end":{"line":44,"column":10}},"23":{"start":{"line":46,"column":8},"end":{"line":51,"column":10}},"24":{"start":{"line":54,"column":6},"end":{"line":54,"column":36}},"25":{"start":{"line":56,"column":6},"end":{"line":65,"column":8}},"26":{"start":{"line":67,"column":6},"end":{"line":72,"column":8}},"27":{"start":{"line":77,"column":20},"end":{"line":77,"column":40}},"28":{"start":{"line":78,"column":4},"end":{"line":88,"column":null}},"29":{"start":{"line":79,"column":6},"end":{"line":85,"column":null}},"30":{"start":{"line":80,"column":23},"end":{"line":80,"column":25}},"31":{"start":{"line":81,"column":8},"end":{"line":83,"column":null}},"32":{"start":{"line":82,"column":10},"end":{"line":82,"column":25}},"33":{"start":{"line":84,"column":8},"end":{"line":84,"column":44}},"34":{"start":{"line":87,"column":6},"end":{"line":87,"column":36}},"35":{"start":{"line":90,"column":15},"end":{"line":90,"column":30}},"36":{"start":{"line":91,"column":4},"end":{"line":102,"column":null}},"37":{"start":{"line":92,"column":6},"end":{"line":98,"column":null}},"38":{"start":{"line":93,"column":24},"end":{"line":93,"column":26}},"39":{"start":{"line":94,"column":8},"end":{"line":96,"column":null}},"40":{"start":{"line":95,"column":10},"end":{"line":95,"column":26}},"41":{"start":{"line":97,"column":8},"end":{"line":97,"column":34}},"42":{"start":{"line":99,"column":6},"end":{"line":99,"column":28}},"43":{"start":{"line":101,"column":6},"end":{"line":101,"column":42}},"44":{"start":{"line":105,"column":4},"end":{"line":116,"column":null}},"45":{"start":{"line":106,"column":6},"end":{"line":106,"column":28}},"46":{"start":{"line":107,"column":6},"end":{"line":107,"column":58}},"47":{"start":{"line":108,"column":6},"end":{"line":108,"column":51}},"48":{"start":{"line":110,"column":6},"end":{"line":110,"column":47}},"49":{"start":{"line":111,"column":18},"end":{"line":111,"column":44}},"50":{"start":{"line":112,"column":6},"end":{"line":112,"column":47}},"51":{"start":{"line":113,"column":16},"end":{"line":113,"column":37}},"52":{"start":{"line":114,"column":6},"end":{"line":114,"column":39}},"53":{"start":{"line":115,"column":6},"end":{"line":115,"column":69}},"54":{"start":{"line":119,"column":4},"end":{"line":130,"column":null}},"55":{"start":{"line":120,"column":6},"end":{"line":120,"column":26}},"56":{"start":{"line":121,"column":6},"end":{"line":121,"column":54}},"57":{"start":{"line":122,"column":6},"end":{"line":122,"column":47}},"58":{"start":{"line":124,"column":6},"end":{"line":124,"column":43}},"59":{"start":{"line":125,"column":18},"end":{"line":125,"column":42}},"60":{"start":{"line":126,"column":6},"end":{"line":126,"column":47}},"61":{"start":{"line":127,"column":16},"end":{"line":127,"column":35}},"62":{"start":{"line":128,"column":6},"end":{"line":128,"column":39}},"63":{"start":{"line":129,"column":6},"end":{"line":129,"column":65}},"64":{"start":{"line":132,"column":22},"end":{"line":132,"column":32}},"65":{"start":{"line":133,"column":19},"end":{"line":133,"column":41}},"66":{"start":{"line":135,"column":4},"end":{"line":141,"column":null}},"67":{"start":{"line":136,"column":6},"end":{"line":136,"column":30}},"68":{"start":{"line":137,"column":11},"end":{"line":141,"column":null}},"69":{"start":{"line":138,"column":6},"end":{"line":138,"column":30}},"70":{"start":{"line":139,"column":11},"end":{"line":141,"column":null}},"71":{"start":{"line":140,"column":6},"end":{"line":140,"column":29}},"72":{"start":{"line":143,"column":4},"end":{"line":152,"column":6}},"73":{"start":{"line":10,"column":13},"end":{"line":154,"column":null}},"74":{"start":{"line":10,"column":13},"end":{"line":10,"column":28}}},"fnMap":{"0":{"name":"(anonymous_4)","decl":{"start":{"line":11,"column":2},"end":{"line":11,"column":null}},"loc":{"start":{"line":16,"column":63},"end":{"line":17,"column":6}}},"1":{"name":"(anonymous_5)","decl":{"start":{"line":19,"column":2},"end":{"line":19,"column":7}},"loc":{"start":{"line":19,"column":56},"end":{"line":74,"column":3}}},"2":{"name":"(anonymous_6)","decl":{"start":{"line":76,"column":2},"end":{"line":76,"column":22}},"loc":{"start":{"line":76,"column":35},"end":{"line":153,"column":3}}}},"branchMap":{"0":{"loc":{"start":{"line":29,"column":6},"end":{"line":52,"column":null}},"type":"if","locations":[{"start":{"line":29,"column":6},"end":{"line":52,"column":null}}]},"1":{"loc":{"start":{"line":78,"column":4},"end":{"line":88,"column":null}},"type":"if","locations":[{"start":{"line":78,"column":4},"end":{"line":88,"column":null}},{"start":{"line":86,"column":11},"end":{"line":88,"column":null}}]},"2":{"loc":{"start":{"line":79,"column":6},"end":{"line":85,"column":null}},"type":"if","locations":[{"start":{"line":79,"column":6},"end":{"line":85,"column":null}}]},"3":{"loc":{"start":{"line":91,"column":4},"end":{"line":102,"column":null}},"type":"if","locations":[{"start":{"line":91,"column":4},"end":{"line":102,"column":null}},{"start":{"line":100,"column":11},"end":{"line":102,"column":null}}]},"4":{"loc":{"start":{"line":92,"column":6},"end":{"line":98,"column":null}},"type":"if","locations":[{"start":{"line":92,"column":6},"end":{"line":98,"column":null}}]},"5":{"loc":{"start":{"line":105,"column":4},"end":{"line":116,"column":null}},"type":"if","locations":[{"start":{"line":105,"column":4},"end":{"line":116,"column":null}},{"start":{"line":109,"column":11},"end":{"line":116,"column":null}}]},"6":{"loc":{"start":{"line":112,"column":14},"end":{"line":112,"column":46}},"type":"cond-expr","locations":[{"start":{"line":112,"column":27},"end":{"line":112,"column":38}},{"start":{"line":112,"column":41},"end":{"line":112,"column":46}}]},"7":{"loc":{"start":{"line":114,"column":12},"end":{"line":114,"column":38}},"type":"cond-expr","locations":[{"start":{"line":114,"column":23},"end":{"line":114,"column":32}},{"start":{"line":114,"column":35},"end":{"line":114,"column":38}}]},"8":{"loc":{"start":{"line":119,"column":4},"end":{"line":130,"column":null}},"type":"if","locations":[{"start":{"line":119,"column":4},"end":{"line":130,"column":null}},{"start":{"line":123,"column":11},"end":{"line":130,"column":null}}]},"9":{"loc":{"start":{"line":126,"column":14},"end":{"line":126,"column":46}},"type":"cond-expr","locations":[{"start":{"line":126,"column":27},"end":{"line":126,"column":38}},{"start":{"line":126,"column":41},"end":{"line":126,"column":46}}]},"10":{"loc":{"start":{"line":128,"column":12},"end":{"line":128,"column":38}},"type":"cond-expr","locations":[{"start":{"line":128,"column":23},"end":{"line":128,"column":32}},{"start":{"line":128,"column":35},"end":{"line":128,"column":38}}]},"11":{"loc":{"start":{"line":135,"column":4},"end":{"line":141,"column":null}},"type":"if","locations":[{"start":{"line":135,"column":4},"end":{"line":141,"column":null}},{"start":{"line":137,"column":11},"end":{"line":141,"column":null}}]},"12":{"loc":{"start":{"line":137,"column":11},"end":{"line":141,"column":null}},"type":"if","locations":[{"start":{"line":137,"column":11},"end":{"line":141,"column":null}},{"start":{"line":139,"column":11},"end":{"line":141,"column":null}}]},"13":{"loc":{"start":{"line":139,"column":11},"end":{"line":141,"column":null}},"type":"if","locations":[{"start":{"line":139,"column":11},"end":{"line":141,"column":null}}]}},"s":{"0":3,"1":3,"2":3,"3":3,"4":3,"5":3,"6":3,"7":12,"8":12,"9":12,"10":12,"11":12,"12":4,"13":4,"14":4,"15":4,"16":4,"17":4,"18":4,"19":3,"20":3,"21":1,"22":2,"23":1,"24":2,"25":2,"26":1,"27":12,"28":12,"29":3,"30":3,"31":3,"32":6,"33":3,"34":9,"35":12,"36":12,"37":3,"38":3,"39":3,"40":6,"41":3,"42":3,"43":9,"44":12,"45":9,"46":9,"47":9,"48":3,"49":3,"50":3,"51":3,"52":3,"53":3,"54":12,"55":9,"56":9,"57":9,"58":3,"59":3,"60":3,"61":3,"62":3,"63":3,"64":12,"65":12,"66":12,"67":2,"68":10,"69":1,"70":9,"71":1,"72":12,"73":3,"74":3},"f":{"0":12,"1":4,"2":12},"b":{"0":[3],"1":[3,9],"2":[3],"3":[3,9],"4":[3],"5":[9,3],"6":[3,0],"7":[3,0],"8":[9,3],"9":[0,3],"10":[0,3],"11":[2,10],"12":[1,9],"13":[1]}}
,"C:\\Users\\markb\\OneDrive\\Documents\\GitHub\\Avalanche\\zacr\\src\\registrarName\\registrarName.service.ts": {"path":"C:\\Users\\markb\\OneDrive\\Documents\\GitHub\\Avalanche\\zacr\\src\\registrarName\\registrarName.service.ts","statementMap":{"0":{"start":{"line":1,"column":0},"end":{"line":1,"column":44}},"1":{"start":{"line":2,"column":0},"end":{"line":2,"column":66}},"2":{"start":{"line":5,"column":7},"end":{"line":33,"column":null}},"3":{"start":{"line":6,"column":31},"end":{"line":6,"column":49}},"4":{"start":{"line":9,"column":21},"end":{"line":11,"column":44}},"5":{"start":{"line":14,"column":4},"end":{"line":23,"column":null}},"6":{"start":{"line":15,"column":6},"end":{"line":15,"column":64}},"7":{"start":{"line":17,"column":6},"end":{"line":22,"column":8}},"8":{"start":{"line":25,"column":4},"end":{"line":31,"column":6}},"9":{"start":{"line":5,"column":13},"end":{"line":33,"column":null}},"10":{"start":{"line":5,"column":13},"end":{"line":5,"column":33}}},"fnMap":{"0":{"name":"(anonymous_2)","decl":{"start":{"line":6,"column":2},"end":{"line":6,"column":31}},"loc":{"start":{"line":6,"column":65},"end":{"line":6,"column":69}}},"1":{"name":"(anonymous_3)","decl":{"start":{"line":8,"column":2},"end":{"line":8,"column":7}},"loc":{"start":{"line":8,"column":31},"end":{"line":32,"column":3}}}},"branchMap":{},"s":{"0":3,"1":3,"2":3,"3":2,"4":2,"5":2,"6":2,"7":1,"8":1,"9":3,"10":3},"f":{"0":2,"1":2},"b":{}}
,"C:\\Users\\markb\\OneDrive\\Documents\\GitHub\\Avalanche\\zacr\\src\\snowflake\\snowflake.service.ts": {"path":"C:\\Users\\markb\\OneDrive\\Documents\\GitHub\\Avalanche\\zacr\\src\\snowflake\\snowflake.service.ts","statementMap":{"0":{"start":{"line":2,"column":0},"end":{"line":2,"column":52}},"1":{"start":{"line":12,"column":7},"end":{"line":39,"column":null}},"2":{"start":{"line":14,"column":53},"end":{"line":14,"column":null}},"3":{"start":{"line":22,"column":4},"end":{"line":37,"column":7}},"4":{"start":{"line":23,"column":6},"end":{"line":36,"column":9}},"5":{"start":{"line":26,"column":10},"end":{"line":34,"column":null}},"6":{"start":{"line":30,"column":12},"end":{"line":30,"column":24}},"7":{"start":{"line":32,"column":12},"end":{"line":32,"column":60}},"8":{"start":{"line":33,"column":12},"end":{"line":33,"column":26}},"9":{"start":{"line":12,"column":13},"end":{"line":39,"column":null}},"10":{"start":{"line":12,"column":13},"end":{"line":12,"column":29}}},"fnMap":{"0":{"name":"(anonymous_4)","decl":{"start":{"line":13,"column":2},"end":{"line":13,"column":null}},"loc":{"start":{"line":14,"column":72},"end":{"line":15,"column":6}}},"1":{"name":"(anonymous_5)","decl":{"start":{"line":21,"column":2},"end":{"line":21,"column":9}},"loc":{"start":{"line":21,"column":23},"end":{"line":38,"column":3}}},"2":{"name":"(anonymous_6)","decl":{"start":{"line":22,"column":23},"end":{"line":22,"column":24}},"loc":{"start":{"line":22,"column":43},"end":{"line":37,"column":5}}},"3":{"name":"(anonymous_7)","decl":{"start":{"line":25,"column":18},"end":{"line":25,"column":19}},"loc":{"start":{"line":25,"column":38},"end":{"line":35,"column":9}}}},"branchMap":{"0":{"loc":{"start":{"line":26,"column":10},"end":{"line":34,"column":null}},"type":"if","locations":[{"start":{"line":26,"column":10},"end":{"line":34,"column":null}},{"start":{"line":31,"column":17},"end":{"line":34,"column":null}}]}},"s":{"0":10,"1":10,"2":9,"3":8,"4":8,"5":8,"6":4,"7":4,"8":4,"9":10,"10":10},"f":{"0":9,"1":8,"2":8,"3":8},"b":{"0":[4,4]}}
,"C:\\Users\\markb\\OneDrive\\Documents\\GitHub\\Avalanche\\zacr\\src\\transactions\\transactions.service.ts": {"path":"C:\\Users\\markb\\OneDrive\\Documents\\GitHub\\Avalanche\\zacr\\src\\transactions\\transactions.service.ts","statementMap":{"0":{"start":{"line":1,"column":0},"end":{"line":1,"column":52}},"1":{"start":{"line":2,"column":0},"end":{"line":2,"column":28}},"2":{"start":{"line":3,"column":0},"end":{"line":3,"column":41}},"3":{"start":{"line":4,"column":0},"end":{"line":4,"column":66}},"4":{"start":{"line":6,"column":0},"end":{"line":6,"column":63}},"5":{"start":{"line":7,"column":0},"end":{"line":7,"column":74}},"6":{"start":{"line":10,"column":7},"end":{"line":192,"column":null}},"7":{"start":{"line":12,"column":12},"end":{"line":12,"column":24}},"8":{"start":{"line":13,"column":38},"end":{"line":13,"column":45}},"9":{"start":{"line":14,"column":21},"end":{"line":14,"column":39}},"10":{"start":{"line":15,"column":21},"end":{"line":15,"column":49}},"11":{"start":{"line":16,"column":21},"end":{"line":16,"column":45}},"12":{"start":{"line":20,"column":4},"end":{"line":71,"column":null}},"13":{"start":{"line":21,"column":6},"end":{"line":21,"column":61}},"14":{"start":{"line":23,"column":6},"end":{"line":23,"column":40}},"15":{"start":{"line":24,"column":6},"end":{"line":24,"column":27}},"16":{"start":{"line":25,"column":23},"end":{"line":25,"column":67}},"17":{"start":{"line":27,"column":26},"end":{"line":27,"column":65}},"18":{"start":{"line":29,"column":6},"end":{"line":52,"column":null}},"19":{"start":{"line":32,"column":8},"end":{"line":41,"column":null}},"20":{"start":{"line":33,"column":10},"end":{"line":33,"column":68}},"21":{"start":{"line":35,"column":10},"end":{"line":40,"column":12}},"22":{"start":{"line":43,"column":8},"end":{"line":45,"column":10}},"23":{"start":{"line":46,"column":8},"end":{"line":51,"column":10}},"24":{"start":{"line":54,"column":6},"end":{"line":63,"column":8}},"25":{"start":{"line":65,"column":6},"end":{"line":70,"column":8}},"26":{"start":{"line":75,"column":4},"end":{"line":128,"column":null}},"27":{"start":{"line":76,"column":6},"end":{"line":76,"column":60}},"28":{"start":{"line":77,"column":6},"end":{"line":77,"column":29}},"29":{"start":{"line":78,"column":24},"end":{"line":78,"column":59}},"30":{"start":{"line":79,"column":6},"end":{"line":79,"column":33}},"31":{"start":{"line":80,"column":6},"end":{"line":80,"column":42}},"32":{"start":{"line":81,"column":6},"end":{"line":81,"column":27}},"33":{"start":{"line":82,"column":23},"end":{"line":82,"column":67}},"34":{"start":{"line":84,"column":26},"end":{"line":84,"column":65}},"35":{"start":{"line":86,"column":6},"end":{"line":110,"column":null}},"36":{"start":{"line":88,"column":8},"end":{"line":97,"column":null}},"37":{"start":{"line":89,"column":10},"end":{"line":89,"column":68}},"38":{"start":{"line":91,"column":10},"end":{"line":96,"column":12}},"39":{"start":{"line":99,"column":8},"end":{"line":102,"column":12}},"40":{"start":{"line":104,"column":8},"end":{"line":109,"column":10}},"41":{"start":{"line":111,"column":6},"end":{"line":120,"column":8}},"42":{"start":{"line":122,"column":6},"end":{"line":127,"column":8}},"43":{"start":{"line":133,"column":4},"end":{"line":144,"column":null}},"44":{"start":{"line":134,"column":6},"end":{"line":134,"column":28}},"45":{"start":{"line":135,"column":6},"end":{"line":135,"column":58}},"46":{"start":{"line":136,"column":6},"end":{"line":136,"column":51}},"47":{"start":{"line":138,"column":6},"end":{"line":138,"column":47}},"48":{"start":{"line":139,"column":18},"end":{"line":139,"column":44}},"49":{"start":{"line":140,"column":6},"end":{"line":140,"column":47}},"50":{"start":{"line":141,"column":16},"end":{"line":141,"column":37}},"51":{"start":{"line":142,"column":6},"end":{"line":142,"column":39}},"52":{"start":{"line":143,"column":6},"end":{"line":143,"column":69}},"53":{"start":{"line":147,"column":4},"end":{"line":158,"column":null}},"54":{"start":{"line":148,"column":6},"end":{"line":148,"column":26}},"55":{"start":{"line":149,"column":6},"end":{"line":149,"column":54}},"56":{"start":{"line":150,"column":6},"end":{"line":150,"column":47}},"57":{"start":{"line":152,"column":6},"end":{"line":152,"column":43}},"58":{"start":{"line":153,"column":18},"end":{"line":153,"column":42}},"59":{"start":{"line":154,"column":6},"end":{"line":154,"column":47}},"60":{"start":{"line":155,"column":16},"end":{"line":155,"column":35}},"61":{"start":{"line":156,"column":6},"end":{"line":156,"column":39}},"62":{"start":{"line":157,"column":6},"end":{"line":157,"column":65}},"63":{"start":{"line":160,"column":22},"end":{"line":160,"column":31}},"64":{"start":{"line":161,"column":19},"end":{"line":161,"column":41}},"65":{"start":{"line":163,"column":4},"end":{"line":169,"column":null}},"66":{"start":{"line":164,"column":6},"end":{"line":164,"column":29}},"67":{"start":{"line":165,"column":11},"end":{"line":169,"column":null}},"68":{"start":{"line":166,"column":6},"end":{"line":166,"column":29}},"69":{"start":{"line":167,"column":11},"end":{"line":169,"column":null}},"70":{"start":{"line":168,"column":6},"end":{"line":168,"column":28}},"71":{"start":{"line":171,"column":15},"end":{"line":171,"column":30}},"72":{"start":{"line":172,"column":4},"end":{"line":176,"column":null}},"73":{"start":{"line":173,"column":6},"end":{"line":173,"column":28}},"74":{"start":{"line":175,"column":6},"end":{"line":175,"column":42}},"75":{"start":{"line":178,"column":14},"end":{"line":178,"column":16}},"76":{"start":{"line":179,"column":16},"end":{"line":179,"column":32}},"77":{"start":{"line":180,"column":4},"end":{"line":187,"column":null}},"78":{"start":{"line":181,"column":6},"end":{"line":181,"column":29}},"79":{"start":{"line":182,"column":6},"end":{"line":182,"column":30}},"80":{"start":{"line":183,"column":6},"end":{"line":183,"column":43}},"81":{"start":{"line":184,"column":6},"end":{"line":186,"column":null}},"82":{"start":{"line":185,"column":8},"end":{"line":185,"column":62}},"83":{"start":{"line":188,"column":4},"end":{"line":190,"column":6}},"84":{"start":{"line":10,"column":13},"end":{"line":192,"column":null}},"85":{"start":{"line":10,"column":13},"end":{"line":10,"column":31}}},"fnMap":{"0":{"name":"(anonymous_4)","decl":{"start":{"line":11,"column":2},"end":{"line":11,"column":null}},"loc":{"start":{"line":16,"column":63},"end":{"line":17,"column":6}}},"1":{"name":"(anonymous_5)","decl":{"start":{"line":19,"column":2},"end":{"line":19,"column":7}},"loc":{"start":{"line":19,"column":55},"end":{"line":72,"column":3}}},"2":{"name":"(anonymous_6)","decl":{"start":{"line":74,"column":2},"end":{"line":74,"column":7}},"loc":{"start":{"line":74,"column":59},"end":{"line":129,"column":3}}},"3":{"name":"(anonymous_7)","decl":{"start":{"line":131,"column":2},"end":{"line":131,"column":23}},"loc":{"start":{"line":131,"column":53},"end":{"line":191,"column":3}}}},"branchMap":{"0":{"loc":{"start":{"line":29,"column":6},"end":{"line":52,"column":null}},"type":"if","locations":[{"start":{"line":29,"column":6},"end":{"line":52,"column":null}}]},"1":{"loc":{"start":{"line":86,"column":6},"end":{"line":110,"column":null}},"type":"if","locations":[{"start":{"line":86,"column":6},"end":{"line":110,"column":null}}]},"2":{"loc":{"start":{"line":133,"column":4},"end":{"line":144,"column":null}},"type":"if","locations":[{"start":{"line":133,"column":4},"end":{"line":144,"column":null}},{"start":{"line":137,"column":11},"end":{"line":144,"column":null}}]},"3":{"loc":{"start":{"line":140,"column":14},"end":{"line":140,"column":46}},"type":"cond-expr","locations":[{"start":{"line":140,"column":27},"end":{"line":140,"column":38}},{"start":{"line":140,"column":41},"end":{"line":140,"column":46}}]},"4":{"loc":{"start":{"line":142,"column":12},"end":{"line":142,"column":38}},"type":"cond-expr","locations":[{"start":{"line":142,"column":23},"end":{"line":142,"column":32}},{"start":{"line":142,"column":35},"end":{"line":142,"column":38}}]},"5":{"loc":{"start":{"line":147,"column":4},"end":{"line":158,"column":null}},"type":"if","locations":[{"start":{"line":147,"column":4},"end":{"line":158,"column":null}},{"start":{"line":151,"column":11},"end":{"line":158,"column":null}}]},"6":{"loc":{"start":{"line":154,"column":14},"end":{"line":154,"column":46}},"type":"cond-expr","locations":[{"start":{"line":154,"column":27},"end":{"line":154,"column":38}},{"start":{"line":154,"column":41},"end":{"line":154,"column":46}}]},"7":{"loc":{"start":{"line":156,"column":12},"end":{"line":156,"column":38}},"type":"cond-expr","locations":[{"start":{"line":156,"column":23},"end":{"line":156,"column":32}},{"start":{"line":156,"column":35},"end":{"line":156,"column":38}}]},"8":{"loc":{"start":{"line":163,"column":4},"end":{"line":169,"column":null}},"type":"if","locations":[{"start":{"line":163,"column":4},"end":{"line":169,"column":null}},{"start":{"line":165,"column":11},"end":{"line":169,"column":null}}]},"9":{"loc":{"start":{"line":165,"column":11},"end":{"line":169,"column":null}},"type":"if","locations":[{"start":{"line":165,"column":11},"end":{"line":169,"column":null}},{"start":{"line":167,"column":11},"end":{"line":169,"column":null}}]},"10":{"loc":{"start":{"line":167,"column":11},"end":{"line":169,"column":null}},"type":"if","locations":[{"start":{"line":167,"column":11},"end":{"line":169,"column":null}}]},"11":{"loc":{"start":{"line":172,"column":4},"end":{"line":176,"column":null}},"type":"if","locations":[{"start":{"line":172,"column":4},"end":{"line":176,"column":null}},{"start":{"line":174,"column":11},"end":{"line":176,"column":null}}]},"12":{"loc":{"start":{"line":180,"column":4},"end":{"line":187,"column":null}},"type":"if","locations":[{"start":{"line":180,"column":4},"end":{"line":187,"column":null}}]},"13":{"loc":{"start":{"line":184,"column":6},"end":{"line":186,"column":null}},"type":"if","locations":[{"start":{"line":184,"column":6},"end":{"line":186,"column":null}}]},"14":{"loc":{"start":{"line":184,"column":10},"end":{"line":184,"column":41}},"type":"cond-expr","locations":[{"start":{"line":184,"column":33},"end":{"line":184,"column":35}},{"start":{"line":184,"column":33},"end":{"line":184,"column":41}}]},"15":{"loc":{"start":{"line":184,"column":10},"end":{"line":184,"column":35}},"type":"binary-expr","locations":[{"start":{"line":184,"column":10},"end":{"line":184,"column":35}},{"start":{"line":184,"column":33},"end":{"line":184,"column":35}}]}},"s":{"0":3,"1":3,"2":3,"3":3,"4":3,"5":3,"6":3,"7":12,"8":12,"9":12,"10":12,"11":12,"12":4,"13":4,"14":4,"15":4,"16":4,"17":4,"18":4,"19":3,"20":3,"21":1,"22":2,"23":2,"24":3,"25":3,"26":4,"27":4,"28":4,"29":4,"30":4,"31":4,"32":4,"33":4,"34":4,"35":4,"36":3,"37":3,"38":1,"39":2,"40":2,"41":3,"42":1,"43":12,"44":9,"45":9,"46":9,"47":3,"48":3,"49":3,"50":3,"51":3,"52":3,"53":12,"54":11,"55":11,"56":11,"57":1,"58":1,"59":1,"60":1,"61":1,"62":1,"63":12,"64":12,"65":12,"66":1,"67":11,"68":1,"69":10,"70":1,"71":12,"72":12,"73":3,"74":9,"75":12,"76":12,"77":12,"78":7,"79":7,"80":7,"81":7,"82":0,"83":12,"84":3,"85":3},"f":{"0":12,"1":4,"2":4,"3":12},"b":{"0":[3],"1":[3],"2":[9,3],"3":[3,0],"4":[0,3],"5":[11,1],"6":[1,0],"7":[0,1],"8":[1,11],"9":[1,10],"10":[1],"11":[3,9],"12":[7],"13":[0],"14":[7,0],"15":[7,7]}}
}
