TN:
SF:src/app.controller.ts
FN:13,(anonymous_2)
FN:22,(anonymous_3)
FN:37,(anonymous_4)
FN:52,(anonymous_5)
FN:66,(anonymous_6)
FN:80,(anonymous_7)
FN:94,(anonymous_8)
FN:111,(anonymous_9)
FN:129,(anonymous_10)
FN:143,(anonymous_11)
FN:157,(anonymous_12)
FNF:11
FNH:11
FNDA:20,(anonymous_2)
FNDA:2,(anonymous_3)
FNDA:2,(anonymous_4)
FNDA:2,(anonymous_5)
FNDA:2,(anonymous_6)
FNDA:2,(anonymous_7)
FNDA:2,(anonymous_8)
FNDA:2,(anonymous_9)
FNDA:2,(anonymous_10)
FNDA:2,(anonymous_11)
FNDA:2,(anonymous_12)
DA:2,2
DA:3,2
DA:4,2
DA:5,2
DA:6,2
DA:7,2
DA:8,2
DA:9,2
DA:10,2
DA:12,2
DA:13,20
DA:14,20
DA:15,20
DA:16,20
DA:17,20
DA:18,20
DA:19,20
DA:22,2
DA:23,2
DA:24,2
DA:25,2
DA:26,1
DA:33,1
DA:37,2
DA:38,2
DA:39,2
DA:40,2
DA:41,1
DA:48,1
DA:52,2
DA:53,2
DA:54,2
DA:55,1
DA:62,1
DA:66,2
DA:67,2
DA:68,2
DA:69,1
DA:76,1
DA:80,2
DA:81,2
DA:82,2
DA:83,1
DA:90,1
DA:94,2
DA:95,2
DA:99,2
DA:100,1
DA:107,1
DA:111,2
DA:112,2
DA:117,2
DA:118,1
DA:125,1
DA:129,2
DA:130,2
DA:131,2
DA:132,1
DA:139,1
DA:143,2
DA:144,2
DA:145,2
DA:146,1
DA:153,1
DA:157,2
DA:158,2
DA:159,2
DA:160,1
DA:167,1
LF:69
LH:69
BRDA:25,0,0,1
BRDA:40,1,0,1
BRDA:54,2,0,1
BRDA:68,3,0,1
BRDA:82,4,0,1
BRDA:99,5,0,1
BRDA:117,6,0,1
BRDA:131,7,0,1
BRDA:145,8,0,1
BRDA:159,9,0,1
BRF:10
BRH:10
end_of_record
TN:
SF:src/main.ts
FN:6,bootstrap
FNF:1
FNH:1
FNDA:1,bootstrap
DA:2,1
DA:3,1
DA:4,1
DA:7,1
DA:14,1
DA:16,1
LF:6
LH:6
BRDA:10,0,0,1
BRDA:10,0,1,1
BRF:2
BRH:2
end_of_record
TN:
SF:src/redis.provider.ts
FN:8,(anonymous_0)
FNF:1
FNH:1
FNDA:2,(anonymous_0)
DA:3,3
DA:4,3
DA:6,3
DA:9,2
DA:10,2
DA:11,1
DA:13,1
LF:7
LH:7
BRDA:10,0,0,1
BRF:1
BRH:1
end_of_record
TN:
SF:src/age/age.service.ts
FN:12,(anonymous_4)
FN:20,(anonymous_5)
FN:70,(anonymous_6)
FNF:3
FNH:0
FNDA:0,(anonymous_4)
FNDA:0,(anonymous_5)
FNDA:0,(anonymous_6)
DA:1,2
DA:2,2
DA:3,2
DA:4,2
DA:6,2
DA:7,2
DA:11,2
DA:13,0
DA:14,0
DA:15,0
DA:16,0
DA:17,0
DA:21,0
DA:22,0
DA:23,0
DA:24,0
DA:25,0
DA:27,0
DA:29,0
DA:32,0
DA:33,0
DA:35,0
DA:43,0
DA:47,0
DA:55,0
DA:61,0
DA:71,0
DA:72,0
DA:73,0
DA:75,0
DA:77,0
DA:78,0
DA:79,0
DA:80,0
DA:81,0
DA:82,0
DA:83,0
DA:84,0
DA:85,0
DA:86,0
DA:87,0
DA:89,0
LF:42
LH:7
BRDA:29,0,0,0
BRDA:72,1,0,0
BRDA:72,1,1,0
BRDA:80,2,0,0
BRDA:80,2,1,0
BRDA:80,3,0,0
BRDA:80,3,1,0
BRDA:82,4,0,0
BRDA:82,4,1,0
BRDA:82,5,0,0
BRDA:82,5,1,0
BRDA:84,6,0,0
BRDA:84,6,1,0
BRDA:84,7,0,0
BRDA:84,7,1,0
BRDA:86,8,0,0
BRDA:86,9,0,0
BRDA:86,9,1,0
BRF:18
BRH:0
end_of_record
TN:
SF:src/analysis/analysis.service.ts
FN:6,(anonymous_1)
FN:23,(anonymous_2)
FN:27,(anonymous_3)
FN:33,(anonymous_4)
FN:42,(anonymous_5)
FN:57,(anonymous_6)
FN:58,(anonymous_7)
FNF:7
FNH:7
FNDA:4,(anonymous_1)
FNDA:2,(anonymous_2)
FNDA:2,(anonymous_3)
FNDA:2,(anonymous_4)
FNDA:2,(anonymous_5)
FNDA:2,(anonymous_6)
FNDA:2,(anonymous_7)
DA:1,4
DA:2,4
DA:5,4
DA:7,4
DA:8,1
DA:11,3
DA:12,3
DA:13,1
DA:17,2
DA:19,2
DA:21,2
DA:22,2
DA:23,2
DA:24,2
DA:27,2
DA:28,2
DA:32,2
DA:33,2
DA:35,2
DA:38,2
DA:39,2
DA:40,2
DA:42,2
DA:47,2
DA:53,2
DA:54,2
DA:58,2
DA:59,2
DA:60,2
DA:61,2
LF:30
LH:30
BRDA:7,0,0,1
BRDA:7,1,0,4
BRDA:7,1,1,4
BRDA:7,1,2,4
BRDA:12,2,0,1
BRDA:17,3,0,2
BRDA:17,3,1,0
BRDA:60,4,0,2
BRDA:60,4,1,2
BRF:9
BRH:8
end_of_record
TN:
SF:src/data-format/data-format.service.ts
FN:7,(anonymous_1)
FNF:1
FNH:1
FNDA:2,(anonymous_1)
DA:2,2
DA:3,2
DA:6,2
DA:8,2
DA:10,2
DA:11,1
DA:15,1
LF:7
LH:7
BRF:0
BRH:0
end_of_record
TN:
SF:src/domainNameAnalysis/domain-name-analysis.service.ts
FN:10,(anonymous_4)
FN:17,(anonymous_5)
FN:85,(anonymous_6)
FN:137,(anonymous_7)
FNF:4
FNH:0
FNDA:0,(anonymous_4)
FNDA:0,(anonymous_5)
FNDA:0,(anonymous_6)
FNDA:0,(anonymous_7)
DA:1,2
DA:2,2
DA:3,2
DA:4,2
DA:5,2
DA:6,2
DA:9,2
DA:11,0
DA:12,0
DA:13,0
DA:14,0
DA:18,0
DA:19,0
DA:20,0
DA:21,0
DA:22,0
DA:23,0
DA:25,0
DA:26,0
DA:27,0
DA:29,0
DA:31,0
DA:32,0
DA:34,0
DA:41,0
DA:42,0
DA:43,0
DA:44,0
DA:48,0
DA:49,0
DA:50,0
DA:54,0
DA:62,0
DA:76,0
DA:86,0
DA:87,0
DA:89,0
DA:90,0
DA:91,0
DA:93,0
DA:95,0
DA:98,0
DA:99,0
DA:101,0
DA:111,0
DA:115,0
DA:122,0
DA:128,0
DA:138,0
DA:139,0
DA:140,0
DA:141,0
DA:142,0
DA:143,0
DA:145,0
DA:146,0
DA:149,0
DA:152,0
DA:153,0
DA:154,0
DA:155,0
DA:156,0
DA:157,0
DA:159,0
DA:161,0
DA:163,0
DA:167,0
DA:168,0
DA:169,0
DA:170,0
DA:172,0
DA:173,0
DA:174,0
DA:175,0
DA:176,0
DA:177,0
DA:181,0
DA:182,0
DA:183,0
DA:184,0
DA:186,0
DA:187,0
DA:188,0
DA:189,0
DA:190,0
DA:191,0
DA:194,0
LF:87
LH:7
BRDA:29,0,0,0
BRDA:95,1,0,0
BRDA:139,2,0,0
BRDA:139,2,1,0
BRDA:140,3,0,0
BRDA:153,4,0,0
BRDA:153,4,1,0
BRDA:154,5,0,0
BRDA:167,6,0,0
BRDA:167,6,1,0
BRDA:174,7,0,0
BRDA:174,7,1,0
BRDA:176,8,0,0
BRDA:176,8,1,0
BRDA:181,9,0,0
BRDA:181,9,1,0
BRDA:188,10,0,0
BRDA:188,10,1,0
BRDA:190,11,0,0
BRDA:190,11,1,0
BRF:20
BRH:0
end_of_record
TN:
SF:src/domainWatch/domain-watch-analysis.service.ts
FN:9,(anonymous_2)
FN:15,(anonymous_3)
FN:32,(anonymous_4)
FNF:3
FNH:0
FNDA:0,(anonymous_2)
FNDA:0,(anonymous_3)
FNDA:0,(anonymous_4)
DA:1,2
DA:2,2
DA:4,2
DA:5,2
DA:8,2
DA:10,0
DA:11,0
DA:12,0
DA:16,0
DA:18,0
DA:19,0
DA:21,0
DA:28,0
DA:29,0
DA:33,0
DA:35,0
DA:36,0
DA:38,0
DA:45,0
DA:46,0
LF:20
LH:5
BRF:0
BRH:0
end_of_record
TN:
SF:src/graph-format/graph-format.service.ts
FN:21,(anonymous_1)
FN:37,(anonymous_2)
FN:48,(anonymous_3)
FN:73,(anonymous_4)
FN:92,(anonymous_5)
FN:108,(anonymous_6)
FN:125,(anonymous_7)
FN:146,(anonymous_8)
FN:170,(anonymous_9)
FN:182,(anonymous_10)
FN:201,(anonymous_11)
FN:209,(anonymous_12)
FN:228,(anonymous_13)
FN:237,(anonymous_14)
FNF:14
FNH:9
FNDA:3,(anonymous_1)
FNDA:0,(anonymous_2)
FNDA:0,(anonymous_3)
FNDA:2,(anonymous_4)
FNDA:3,(anonymous_5)
FNDA:0,(anonymous_6)
FNDA:0,(anonymous_7)
FNDA:0,(anonymous_8)
FNDA:2,(anonymous_9)
FNDA:10,(anonymous_10)
FNDA:2,(anonymous_11)
FNDA:6,(anonymous_12)
FNDA:1,(anonymous_13)
FNDA:6,(anonymous_14)
DA:1,5
DA:4,5
DA:22,3
DA:23,2
DA:24,2
DA:25,2
DA:26,1
DA:27,1
DA:28,1
DA:30,0
DA:33,0
DA:38,0
DA:39,0
DA:40,0
DA:41,0
DA:42,0
DA:43,0
DA:44,0
DA:45,0
DA:46,0
DA:48,0
DA:49,0
DA:50,0
DA:52,0
DA:53,0
DA:58,0
DA:61,0
DA:66,0
DA:69,0
DA:74,2
DA:75,1
DA:76,1
DA:77,1
DA:78,1
DA:85,0
DA:88,0
DA:93,3
DA:94,2
DA:95,2
DA:96,2
DA:97,1
DA:98,1
DA:99,1
DA:101,0
DA:104,0
DA:109,0
DA:110,0
DA:111,0
DA:112,0
DA:113,0
DA:114,0
DA:116,0
DA:121,0
DA:126,0
DA:127,0
DA:128,0
DA:129,0
DA:130,0
DA:137,0
DA:142,0
DA:147,0
DA:148,0
DA:149,0
DA:150,0
DA:151,0
DA:152,0
DA:158,0
DA:159,0
DA:161,0
DA:166,0
DA:176,2
DA:177,2
DA:178,2
DA:179,2
DA:180,2
DA:182,2
DA:183,10
DA:184,10
DA:186,10
DA:187,2
DA:192,10
DA:195,2
DA:202,2
DA:203,2
DA:204,2
DA:205,2
DA:206,2
DA:207,2
DA:209,2
DA:210,6
DA:211,3
DA:213,6
DA:214,4
DA:219,6
DA:222,2
DA:229,1
DA:230,1
DA:231,1
DA:232,1
DA:233,1
DA:234,1
DA:235,1
DA:237,1
DA:238,6
DA:239,3
DA:241,6
DA:242,2
DA:247,6
DA:250,1
LF:109
LH:60
BRDA:23,0,0,2
BRDA:23,0,1,0
BRDA:25,1,0,1
BRDA:25,1,1,1
BRDA:27,2,0,1
BRDA:27,2,1,0
BRDA:39,3,0,0
BRDA:39,3,1,0
BRDA:41,4,0,0
BRDA:41,4,1,0
BRDA:49,5,0,0
BRDA:52,6,0,0
BRDA:75,7,0,1
BRDA:75,7,1,0
BRDA:77,8,0,1
BRDA:77,8,1,0
BRDA:94,9,0,2
BRDA:94,9,1,0
BRDA:96,10,0,1
BRDA:96,10,1,1
BRDA:98,11,0,1
BRDA:98,11,1,0
BRDA:110,12,0,0
BRDA:110,12,1,0
BRDA:112,13,0,0
BRDA:112,13,1,0
BRDA:127,14,0,0
BRDA:127,14,1,0
BRDA:129,15,0,0
BRDA:129,15,1,0
BRDA:149,16,0,0
BRDA:149,16,1,0
BRDA:151,17,0,0
BRDA:151,17,1,0
BRDA:158,18,0,0
BRDA:158,18,1,0
BRDA:183,19,0,10
BRDA:186,20,0,2
BRDA:210,21,0,3
BRDA:213,22,0,4
BRDA:238,23,0,3
BRDA:241,24,0,2
BRF:42
BRH:16
end_of_record
TN:
SF:src/marketShare/marketShare.service.ts
FN:9,(anonymous_4)
FN:16,(anonymous_5)
FN:67,(anonymous_6)
FNF:3
FNH:0
FNDA:0,(anonymous_4)
FNDA:0,(anonymous_5)
FNDA:0,(anonymous_6)
DA:1,3
DA:2,3
DA:3,3
DA:4,3
DA:5,3
DA:8,3
DA:10,0
DA:11,0
DA:12,0
DA:13,0
DA:17,0
DA:18,0
DA:20,0
DA:21,0
DA:22,0
DA:24,0
DA:26,0
DA:28,0
DA:29,0
DA:31,0
DA:38,0
DA:42,0
DA:49,0
DA:58,0
DA:68,0
DA:69,0
DA:70,0
DA:73,0
DA:74,0
DA:75,0
DA:76,0
DA:77,0
DA:78,0
DA:80,0
DA:81,0
DA:84,0
DA:87,0
DA:88,0
DA:89,0
DA:90,0
DA:91,0
DA:92,0
DA:94,0
DA:96,0
DA:98,0
DA:101,0
LF:46
LH:6
BRDA:26,0,0,0
BRDA:69,1,0,0
BRDA:74,2,0,0
BRDA:74,2,1,0
BRDA:75,3,0,0
BRDA:88,4,0,0
BRDA:88,4,1,0
BRDA:89,5,0,0
BRF:8
BRH:0
end_of_record
TN:
SF:src/movement/movement.service.ts
FN:11,(anonymous_4)
FN:19,(anonymous_5)
FN:71,(anonymous_6)
FNF:3
FNH:0
FNDA:0,(anonymous_4)
FNDA:0,(anonymous_5)
FNDA:0,(anonymous_6)
DA:1,2
DA:2,2
DA:3,2
DA:4,2
DA:6,2
DA:7,2
DA:10,2
DA:12,0
DA:13,0
DA:14,0
DA:15,0
DA:16,0
DA:20,0
DA:21,0
DA:23,0
DA:24,0
DA:25,0
DA:27,0
DA:29,0
DA:31,0
DA:32,0
DA:34,0
DA:42,0
DA:46,0
DA:54,0
DA:56,0
DA:62,0
DA:72,0
DA:73,0
DA:74,0
DA:75,0
DA:76,0
DA:77,0
DA:79,0
DA:82,0
DA:85,0
DA:86,0
DA:87,0
DA:88,0
DA:89,0
DA:90,0
DA:92,0
DA:94,0
DA:96,0
DA:100,0
DA:101,0
DA:102,0
DA:103,0
DA:105,0
DA:106,0
DA:107,0
DA:108,0
DA:109,0
DA:110,0
DA:114,0
DA:115,0
DA:116,0
DA:117,0
DA:119,0
DA:120,0
DA:121,0
DA:122,0
DA:123,0
DA:124,0
DA:127,0
DA:128,0
DA:130,0
DA:131,0
DA:132,0
DA:133,0
DA:134,0
DA:135,0
DA:138,0
LF:73
LH:7
BRDA:29,0,0,0
BRDA:73,1,0,0
BRDA:73,1,1,0
BRDA:74,2,0,0
BRDA:86,3,0,0
BRDA:86,3,1,0
BRDA:87,4,0,0
BRDA:100,5,0,0
BRDA:100,5,1,0
BRDA:107,6,0,0
BRDA:107,6,1,0
BRDA:109,7,0,0
BRDA:109,7,1,0
BRDA:114,8,0,0
BRDA:114,8,1,0
BRDA:121,9,0,0
BRDA:121,9,1,0
BRDA:123,10,0,0
BRDA:123,10,1,0
BRDA:130,11,0,0
BRDA:130,11,1,0
BRDA:132,12,0,0
BRDA:132,12,1,0
BRDA:134,13,0,0
BRF:24
BRH:0
end_of_record
TN:
SF:src/registrarName/registrarName.service.ts
FN:6,(anonymous_2)
FN:8,(anonymous_3)
FNF:2
FNH:0
FNDA:0,(anonymous_2)
FNDA:0,(anonymous_3)
DA:1,2
DA:2,2
DA:5,2
DA:6,0
DA:9,0
DA:10,0
DA:15,0
DA:16,0
DA:18,0
DA:26,0
DA:34,0
LF:11
LH:3
BRF:0
BRH:0
end_of_record
TN:
SF:src/snowflake/snowflake.service.ts
FN:13,(anonymous_4)
FN:21,(anonymous_5)
FN:22,(anonymous_6)
FN:25,(anonymous_7)
FNF:4
FNH:4
FNDA:9,(anonymous_4)
FNDA:8,(anonymous_5)
FNDA:8,(anonymous_6)
FNDA:8,(anonymous_7)
DA:2,5
DA:12,5
DA:14,9
DA:22,8
DA:23,8
DA:26,8
DA:27,4
DA:30,4
DA:32,4
DA:33,4
LF:10
LH:10
BRDA:26,0,0,4
BRDA:26,0,1,4
BRF:2
BRH:2
end_of_record
TN:
SF:src/transactions/transactions.service.ts
FN:11,(anonymous_4)
FN:19,(anonymous_5)
FN:74,(anonymous_6)
FN:130,(anonymous_7)
FNF:4
FNH:4
FNDA:11,(anonymous_4)
FNDA:3,(anonymous_5)
FNDA:4,(anonymous_6)
FNDA:11,(anonymous_7)
DA:1,3
DA:2,3
DA:3,3
DA:4,3
DA:6,3
DA:7,3
DA:10,3
DA:12,11
DA:13,11
DA:14,11
DA:15,11
DA:16,11
DA:20,3
DA:21,3
DA:23,3
DA:24,3
DA:25,3
DA:27,3
DA:29,3
DA:32,2
DA:33,2
DA:35,1
DA:43,1
DA:46,1
DA:54,2
DA:65,2
DA:75,4
DA:76,4
DA:77,4
DA:78,4
DA:79,4
DA:80,4
DA:81,4
DA:83,4
DA:85,4
DA:87,3
DA:88,3
DA:90,1
DA:97,2
DA:98,2
DA:103,2
DA:110,3
DA:121,1
DA:132,11
DA:133,8
DA:134,8
DA:135,8
DA:137,3
DA:138,3
DA:139,3
DA:140,3
DA:141,3
DA:142,3
DA:146,11
DA:147,10
DA:148,10
DA:149,10
DA:151,1
DA:152,1
DA:153,1
DA:154,1
DA:155,1
DA:156,1
DA:159,11
DA:160,11
DA:162,11
DA:163,1
DA:164,10
DA:165,1
DA:166,9
DA:167,1
DA:170,11
DA:171,11
DA:172,3
DA:174,8
DA:177,11
DA:178,11
DA:179,7
DA:181,11
LF:79
LH:79
BRDA:29,0,0,2
BRDA:85,1,0,3
BRDA:132,2,0,8
BRDA:132,2,1,3
BRDA:139,3,0,3
BRDA:139,3,1,0
BRDA:141,4,0,0
BRDA:141,4,1,3
BRDA:146,5,0,10
BRDA:146,5,1,1
BRDA:153,6,0,1
BRDA:153,6,1,0
BRDA:155,7,0,0
BRDA:155,7,1,1
BRDA:162,8,0,1
BRDA:162,8,1,10
BRDA:164,9,0,1
BRDA:164,9,1,9
BRDA:166,10,0,1
BRDA:171,11,0,3
BRDA:171,11,1,8
BRDA:178,12,0,7
BRF:22
BRH:18
end_of_record
