TN:
SF:src\app.controller.ts
FN:13,(anonymous_2)
FN:22,(anonymous_3)
FN:37,(anonymous_4)
FN:52,(anonymous_5)
FN:66,(anonymous_6)
FN:80,(anonymous_7)
FN:94,(anonymous_8)
FN:111,(anonymous_9)
FN:129,(anonymous_10)
FN:143,(anonymous_11)
FN:157,(anonymous_12)
FNF:11
FNH:11
FNDA:20,(anonymous_2)
FNDA:2,(anonymous_3)
FNDA:2,(anonymous_4)
FNDA:2,(anonymous_5)
FNDA:2,(anonymous_6)
FNDA:2,(anonymous_7)
FNDA:2,(anonymous_8)
FNDA:2,(anonymous_9)
FNDA:2,(anonymous_10)
FNDA:2,(anonymous_11)
FNDA:2,(anonymous_12)
DA:2,2
DA:3,2
DA:4,2
DA:5,2
DA:6,2
DA:7,2
DA:8,2
DA:9,2
DA:10,2
DA:12,2
DA:13,20
DA:14,20
DA:15,20
DA:16,20
DA:17,20
DA:18,20
DA:19,20
DA:22,2
DA:23,2
DA:24,2
DA:25,2
DA:26,1
DA:33,1
DA:37,2
DA:38,2
DA:39,2
DA:40,2
DA:41,1
DA:48,1
DA:52,2
DA:53,2
DA:54,2
DA:55,1
DA:62,1
DA:66,2
DA:67,2
DA:68,2
DA:69,1
DA:76,1
DA:80,2
DA:81,2
DA:82,2
DA:83,1
DA:90,1
DA:94,2
DA:95,2
DA:99,2
DA:100,1
DA:107,1
DA:111,2
DA:112,2
DA:117,2
DA:118,1
DA:125,1
DA:129,2
DA:130,2
DA:131,2
DA:132,1
DA:139,1
DA:143,2
DA:144,2
DA:145,2
DA:146,1
DA:153,1
DA:157,2
DA:158,2
DA:159,2
DA:160,1
DA:167,1
LF:69
LH:69
BRDA:25,0,0,1
BRDA:40,1,0,1
BRDA:54,2,0,1
BRDA:68,3,0,1
BRDA:82,4,0,1
BRDA:99,5,0,1
BRDA:117,6,0,1
BRDA:131,7,0,1
BRDA:145,8,0,1
BRDA:159,9,0,1
BRF:10
BRH:10
end_of_record
TN:
SF:src\main.ts
FN:6,bootstrap
FNF:1
FNH:1
FNDA:1,bootstrap
DA:2,1
DA:3,1
DA:4,1
DA:7,1
DA:14,1
DA:16,1
LF:6
LH:6
BRDA:10,0,0,1
BRDA:10,0,1,1
BRF:2
BRH:2
end_of_record
TN:
SF:src\redis.provider.ts
FN:8,(anonymous_0)
FNF:1
FNH:1
FNDA:2,(anonymous_0)
DA:3,3
DA:4,3
DA:6,3
DA:9,2
DA:10,2
DA:11,1
DA:13,1
LF:7
LH:7
BRDA:10,0,0,1
BRF:1
BRH:1
end_of_record
TN:
SF:src\age\age.service.ts
FN:12,(anonymous_4)
FN:20,(anonymous_5)
FN:75,(anonymous_6)
FNF:3
FNH:3
FNDA:11,(anonymous_4)
FNDA:4,(anonymous_5)
FNDA:11,(anonymous_6)
DA:1,3
DA:2,3
DA:3,3
DA:4,3
DA:6,3
DA:7,3
DA:11,3
DA:13,11
DA:14,11
DA:15,11
DA:16,11
DA:17,11
DA:21,4
DA:22,4
DA:23,4
DA:24,4
DA:25,4
DA:27,4
DA:29,4
DA:32,3
DA:33,3
DA:35,1
DA:43,2
DA:47,2
DA:55,3
DA:66,1
DA:76,11
DA:77,11
DA:78,2
DA:80,9
DA:82,11
DA:83,11
DA:84,11
DA:85,11
DA:86,1
DA:87,10
DA:88,1
DA:89,9
DA:90,2
DA:91,7
DA:92,1
DA:94,11
LF:42
LH:42
BRDA:29,0,0,3
BRDA:77,1,0,2
BRDA:77,1,1,9
BRDA:85,2,0,1
BRDA:85,2,1,10
BRDA:85,3,0,11
BRDA:85,3,1,3
BRDA:87,4,0,1
BRDA:87,4,1,9
BRDA:87,5,0,10
BRDA:87,5,1,2
BRDA:89,6,0,2
BRDA:89,6,1,7
BRDA:89,7,0,9
BRDA:89,7,1,2
BRDA:91,8,0,1
BRDA:91,9,0,7
BRDA:91,9,1,1
BRF:18
BRH:18
end_of_record
TN:
SF:src\analysis\analysis.service.ts
FN:6,(anonymous_1)
FN:23,(anonymous_2)
FN:27,(anonymous_3)
FN:33,(anonymous_4)
FN:42,(anonymous_5)
FN:57,(anonymous_6)
FN:58,(anonymous_7)
FNF:7
FNH:7
FNDA:5,(anonymous_1)
FNDA:3,(anonymous_2)
FNDA:3,(anonymous_3)
FNDA:3,(anonymous_4)
FNDA:3,(anonymous_5)
FNDA:2,(anonymous_6)
FNDA:2,(anonymous_7)
DA:1,6
DA:2,6
DA:5,6
DA:7,5
DA:8,1
DA:11,4
DA:12,4
DA:13,1
DA:17,3
DA:19,3
DA:21,3
DA:22,3
DA:23,3
DA:24,3
DA:27,3
DA:28,3
DA:32,3
DA:33,3
DA:35,3
DA:38,3
DA:39,3
DA:40,3
DA:42,3
DA:47,3
DA:53,3
DA:54,3
DA:58,2
DA:59,2
DA:60,2
DA:61,2
LF:30
LH:30
BRDA:7,0,0,1
BRDA:7,1,0,5
BRDA:7,1,1,5
BRDA:7,1,2,5
BRDA:12,2,0,1
BRDA:17,3,0,2
BRDA:17,3,1,1
BRDA:60,4,0,2
BRDA:60,4,1,2
BRF:9
BRH:9
end_of_record
TN:
SF:src\data-format\data-format.service.ts
FN:7,(anonymous_1)
FNF:1
FNH:1
FNDA:2,(anonymous_1)
DA:2,2
DA:3,2
DA:6,2
DA:8,2
DA:10,2
DA:11,1
DA:15,1
LF:7
LH:7
BRF:0
BRH:0
end_of_record
TN:
SF:src\domainNameAnalysis\domain-name-analysis.service.ts
FN:10,(anonymous_4)
FN:17,(anonymous_5)
FN:87,(anonymous_6)
FN:144,(anonymous_7)
FNF:4
FNH:4
FNDA:13,(anonymous_4)
FNDA:4,(anonymous_5)
FNDA:4,(anonymous_6)
FNDA:9,(anonymous_7)
DA:1,3
DA:2,3
DA:3,3
DA:4,3
DA:5,3
DA:6,3
DA:9,3
DA:11,13
DA:12,13
DA:13,13
DA:14,13
DA:18,4
DA:19,4
DA:20,4
DA:21,4
DA:22,4
DA:23,4
DA:25,4
DA:26,4
DA:27,4
DA:29,4
DA:31,3
DA:32,3
DA:34,1
DA:41,2
DA:42,2
DA:43,2
DA:44,2
DA:48,2
DA:49,2
DA:50,2
DA:54,1
DA:62,2
DA:78,1
DA:88,4
DA:89,4
DA:91,4
DA:92,4
DA:93,4
DA:95,4
DA:97,3
DA:100,2
DA:101,2
DA:103,1
DA:113,1
DA:117,1
DA:124,1
DA:135,2
DA:145,9
DA:146,9
DA:147,3
DA:148,3
DA:149,3
DA:150,6
DA:152,3
DA:153,3
DA:156,6
DA:159,9
DA:160,9
DA:161,2
DA:162,2
DA:163,2
DA:164,5
DA:166,2
DA:168,2
DA:170,7
DA:174,9
DA:175,6
DA:176,6
DA:177,6
DA:179,3
DA:180,3
DA:181,3
DA:182,3
DA:183,3
DA:184,3
DA:188,9
DA:189,6
DA:190,6
DA:191,6
DA:193,3
DA:194,3
DA:195,3
DA:196,3
DA:197,3
DA:198,3
DA:201,9
LF:87
LH:87
BRDA:29,0,0,3
BRDA:97,1,0,2
BRDA:146,2,0,3
BRDA:146,2,1,6
BRDA:147,3,0,3
BRDA:160,4,0,2
BRDA:160,4,1,7
BRDA:161,5,0,2
BRDA:174,6,0,6
BRDA:174,6,1,3
BRDA:181,7,0,3
BRDA:181,7,1,0
BRDA:183,8,0,3
BRDA:183,8,1,0
BRDA:188,9,0,6
BRDA:188,9,1,3
BRDA:195,10,0,1
BRDA:195,10,1,2
BRDA:197,11,0,0
BRDA:197,11,1,3
BRF:20
BRH:17
end_of_record
TN:
SF:src\domainWatch\domain-watch-analysis.service.ts
FN:9,(anonymous_2)
FN:15,(anonymous_3)
FN:32,(anonymous_4)
FNF:3
FNH:3
FNDA:5,(anonymous_2)
FNDA:2,(anonymous_3)
FNDA:2,(anonymous_4)
DA:1,3
DA:2,3
DA:4,3
DA:5,3
DA:8,3
DA:10,5
DA:11,5
DA:12,5
DA:16,2
DA:18,2
DA:19,2
DA:21,1
DA:29,1
DA:33,2
DA:35,2
DA:36,2
DA:38,1
DA:46,1
LF:18
LH:18
BRF:0
BRH:0
end_of_record
TN:
SF:src\graph-format\graph-format.service.ts
FN:21,(anonymous_1)
FN:37,(anonymous_2)
FN:48,(anonymous_3)
FN:73,(anonymous_4)
FN:92,(anonymous_5)
FN:108,(anonymous_6)
FN:125,(anonymous_7)
FN:146,(anonymous_8)
FN:170,(anonymous_9)
FN:182,(anonymous_10)
FN:201,(anonymous_11)
FN:209,(anonymous_12)
FN:228,(anonymous_13)
FN:237,(anonymous_14)
FNF:14
FNH:14
FNDA:3,(anonymous_1)
FNDA:2,(anonymous_2)
FNDA:6,(anonymous_3)
FNDA:2,(anonymous_4)
FNDA:3,(anonymous_5)
FNDA:2,(anonymous_6)
FNDA:2,(anonymous_7)
FNDA:3,(anonymous_8)
FNDA:5,(anonymous_9)
FNDA:13,(anonymous_10)
FNDA:3,(anonymous_11)
FNDA:7,(anonymous_12)
FNDA:1,(anonymous_13)
FNDA:6,(anonymous_14)
DA:1,9
DA:4,9
DA:22,3
DA:23,3
DA:24,2
DA:25,2
DA:26,1
DA:27,1
DA:28,1
DA:30,0
DA:33,1
DA:38,2
DA:39,2
DA:40,1
DA:41,1
DA:42,1
DA:43,1
DA:44,1
DA:45,1
DA:46,1
DA:48,1
DA:49,6
DA:50,3
DA:52,6
DA:53,1
DA:58,6
DA:61,1
DA:66,0
DA:69,1
DA:74,2
DA:75,2
DA:76,1
DA:77,1
DA:78,1
DA:85,0
DA:88,1
DA:93,3
DA:94,3
DA:95,2
DA:96,2
DA:97,1
DA:98,1
DA:99,1
DA:101,0
DA:104,1
DA:109,2
DA:110,2
DA:111,1
DA:112,1
DA:113,1
DA:114,1
DA:116,0
DA:121,1
DA:126,2
DA:127,2
DA:128,1
DA:129,1
DA:130,1
DA:137,0
DA:142,1
DA:147,3
DA:148,3
DA:149,3
DA:150,2
DA:151,2
DA:152,1
DA:158,1
DA:159,1
DA:161,0
DA:166,1
DA:176,5
DA:177,5
DA:178,5
DA:179,5
DA:180,5
DA:182,5
DA:183,13
DA:184,13
DA:186,13
DA:187,5
DA:192,13
DA:195,5
DA:202,3
DA:203,3
DA:204,3
DA:205,3
DA:206,3
DA:207,3
DA:209,3
DA:210,7
DA:211,4
DA:213,7
DA:214,5
DA:219,7
DA:222,3
DA:229,1
DA:230,1
DA:231,1
DA:232,1
DA:233,1
DA:234,1
DA:235,1
DA:237,1
DA:238,6
DA:239,3
DA:241,6
DA:242,2
DA:247,6
DA:250,1
LF:109
LH:102
BRDA:23,0,0,2
BRDA:23,0,1,1
BRDA:25,1,0,1
BRDA:25,1,1,1
BRDA:27,2,0,1
BRDA:27,2,1,0
BRDA:39,3,0,1
BRDA:39,3,1,1
BRDA:41,4,0,1
BRDA:41,4,1,0
BRDA:49,5,0,3
BRDA:52,6,0,1
BRDA:75,7,0,1
BRDA:75,7,1,1
BRDA:77,8,0,1
BRDA:77,8,1,0
BRDA:94,9,0,2
BRDA:94,9,1,1
BRDA:96,10,0,1
BRDA:96,10,1,1
BRDA:98,11,0,1
BRDA:98,11,1,0
BRDA:110,12,0,1
BRDA:110,12,1,1
BRDA:112,13,0,1
BRDA:112,13,1,0
BRDA:127,14,0,1
BRDA:127,14,1,1
BRDA:129,15,0,1
BRDA:129,15,1,0
BRDA:149,16,0,2
BRDA:149,16,1,1
BRDA:151,17,0,1
BRDA:151,17,1,1
BRDA:158,18,0,1
BRDA:158,18,1,0
BRDA:183,19,0,13
BRDA:186,20,0,5
BRDA:210,21,0,4
BRDA:213,22,0,5
BRDA:238,23,0,3
BRDA:241,24,0,2
BRF:42
BRH:35
end_of_record
TN:
SF:src\marketShare\marketShare.service.ts
FN:9,(anonymous_4)
FN:16,(anonymous_5)
FN:69,(anonymous_6)
FNF:3
FNH:3
FNDA:4,(anonymous_4)
FNDA:2,(anonymous_5)
FNDA:4,(anonymous_6)
DA:1,3
DA:2,3
DA:3,3
DA:4,3
DA:5,3
DA:8,3
DA:10,4
DA:11,4
DA:12,4
DA:13,4
DA:17,2
DA:18,2
DA:20,2
DA:21,2
DA:22,2
DA:24,2
DA:26,2
DA:28,1
DA:29,1
DA:31,0
DA:38,1
DA:42,1
DA:49,2
DA:60,0
DA:70,4
DA:71,4
DA:72,1
DA:74,3
DA:77,4
DA:78,4
DA:79,1
DA:80,1
DA:81,1
DA:82,1
DA:84,1
DA:85,1
DA:88,3
DA:91,4
DA:92,4
DA:93,1
DA:94,1
DA:95,1
DA:96,1
DA:98,1
DA:100,1
DA:102,3
DA:105,4
LF:47
LH:45
BRDA:26,0,0,1
BRDA:71,1,0,1
BRDA:71,1,1,3
BRDA:78,2,0,1
BRDA:78,2,1,3
BRDA:79,3,0,1
BRDA:92,4,0,1
BRDA:92,4,1,3
BRDA:93,5,0,1
BRF:9
BRH:9
end_of_record
TN:
SF:src\movement\movement.service.ts
FN:11,(anonymous_4)
FN:19,(anonymous_5)
FN:76,(anonymous_6)
FNF:3
FNH:3
FNDA:12,(anonymous_4)
FNDA:4,(anonymous_5)
FNDA:12,(anonymous_6)
DA:1,3
DA:2,3
DA:3,3
DA:4,3
DA:6,3
DA:7,3
DA:10,3
DA:12,12
DA:13,12
DA:14,12
DA:15,12
DA:16,12
DA:20,4
DA:21,4
DA:23,4
DA:24,4
DA:25,4
DA:27,4
DA:29,4
DA:31,3
DA:32,3
DA:34,1
DA:42,2
DA:46,1
DA:54,2
DA:56,2
DA:67,1
DA:77,12
DA:78,12
DA:79,3
DA:80,3
DA:81,3
DA:82,6
DA:84,3
DA:87,9
DA:90,12
DA:91,12
DA:92,3
DA:93,3
DA:94,3
DA:95,6
DA:97,3
DA:99,3
DA:101,9
DA:105,12
DA:106,9
DA:107,9
DA:108,9
DA:110,3
DA:111,3
DA:112,3
DA:113,3
DA:114,3
DA:115,3
DA:119,12
DA:120,9
DA:121,9
DA:122,9
DA:124,3
DA:125,3
DA:126,3
DA:127,3
DA:128,3
DA:129,3
DA:132,12
DA:133,12
DA:135,12
DA:136,2
DA:137,10
DA:138,1
DA:139,9
DA:140,1
DA:143,12
LF:73
LH:73
BRDA:29,0,0,3
BRDA:78,1,0,3
BRDA:78,1,1,9
BRDA:79,2,0,3
BRDA:91,3,0,3
BRDA:91,3,1,9
BRDA:92,4,0,3
BRDA:105,5,0,9
BRDA:105,5,1,3
BRDA:112,6,0,3
BRDA:112,6,1,0
BRDA:114,7,0,3
BRDA:114,7,1,0
BRDA:119,8,0,9
BRDA:119,8,1,3
BRDA:126,9,0,0
BRDA:126,9,1,3
BRDA:128,10,0,0
BRDA:128,10,1,3
BRDA:135,11,0,2
BRDA:135,11,1,10
BRDA:137,12,0,1
BRDA:137,12,1,9
BRDA:139,13,0,1
BRF:24
BRH:20
end_of_record
TN:
SF:src\registrarName\registrarName.service.ts
FN:6,(anonymous_2)
FN:8,(anonymous_3)
FNF:2
FNH:2
FNDA:2,(anonymous_2)
FNDA:2,(anonymous_3)
DA:1,3
DA:2,3
DA:5,3
DA:6,2
DA:9,2
DA:14,2
DA:15,2
DA:17,1
DA:25,1
LF:9
LH:9
BRF:0
BRH:0
end_of_record
TN:
SF:src\snowflake\snowflake.service.ts
FN:13,(anonymous_4)
FN:21,(anonymous_5)
FN:22,(anonymous_6)
FN:25,(anonymous_7)
FNF:4
FNH:4
FNDA:9,(anonymous_4)
FNDA:8,(anonymous_5)
FNDA:8,(anonymous_6)
FNDA:8,(anonymous_7)
DA:2,10
DA:12,10
DA:14,9
DA:22,8
DA:23,8
DA:26,8
DA:30,4
DA:32,4
DA:33,4
LF:9
LH:9
BRDA:26,0,0,4
BRDA:26,0,1,4
BRF:2
BRH:2
end_of_record
TN:
SF:src\transactions\transactions.service.ts
FN:11,(anonymous_4)
FN:19,(anonymous_5)
FN:74,(anonymous_6)
FN:131,(anonymous_7)
FNF:4
FNH:4
FNDA:12,(anonymous_4)
FNDA:4,(anonymous_5)
FNDA:4,(anonymous_6)
FNDA:12,(anonymous_7)
DA:1,3
DA:2,3
DA:3,3
DA:4,3
DA:6,3
DA:7,3
DA:10,3
DA:12,12
DA:13,12
DA:14,12
DA:15,12
DA:16,12
DA:20,4
DA:21,4
DA:23,4
DA:24,4
DA:25,4
DA:27,4
DA:29,4
DA:32,3
DA:33,3
DA:35,1
DA:43,2
DA:46,2
DA:54,3
DA:65,3
DA:75,4
DA:76,4
DA:77,4
DA:78,4
DA:79,4
DA:80,4
DA:81,4
DA:82,4
DA:84,4
DA:86,4
DA:88,3
DA:89,3
DA:91,1
DA:99,2
DA:104,2
DA:111,3
DA:122,1
DA:133,12
DA:134,9
DA:135,9
DA:136,9
DA:138,3
DA:139,3
DA:140,3
DA:141,3
DA:142,3
DA:143,3
DA:147,12
DA:148,11
DA:149,11
DA:150,11
DA:152,1
DA:153,1
DA:154,1
DA:155,1
DA:156,1
DA:157,1
DA:160,12
DA:161,12
DA:163,12
DA:164,1
DA:165,11
DA:166,1
DA:167,10
DA:168,1
DA:171,12
DA:172,12
DA:173,3
DA:175,9
DA:178,12
DA:179,12
DA:180,12
DA:181,7
DA:182,7
DA:183,7
DA:184,7
DA:185,0
DA:188,12
LF:84
LH:83
BRDA:29,0,0,3
BRDA:86,1,0,3
BRDA:133,2,0,9
BRDA:133,2,1,3
BRDA:140,3,0,3
BRDA:140,3,1,0
BRDA:142,4,0,0
BRDA:142,4,1,3
BRDA:147,5,0,11
BRDA:147,5,1,1
BRDA:154,6,0,1
BRDA:154,6,1,0
BRDA:156,7,0,0
BRDA:156,7,1,1
BRDA:163,8,0,1
BRDA:163,8,1,11
BRDA:165,9,0,1
BRDA:165,9,1,10
BRDA:167,10,0,1
BRDA:172,11,0,3
BRDA:172,11,1,9
BRDA:180,12,0,7
BRDA:184,13,0,0
BRDA:184,14,0,7
BRDA:184,14,1,0
BRDA:184,15,0,7
BRDA:184,15,1,7
BRF:27
BRH:21
end_of_record
