<?xml version="1.0" encoding="UTF-8"?>
<coverage generated="1690746223529" clover="3.2.0">
  <project timestamp="1690746223530" name="All files">
    <metrics statements="693" coveredstatements="486" conditionals="269" coveredconditionals="155" methods="124" coveredmethods="97" elements="1086" coveredelements="738" complexity="0" loc="693" ncloc="693" packages="6" files="12" classes="12"/>
    <package name="src">
      <metrics statements="42" coveredstatements="36" conditionals="17" coveredconditionals="15" methods="3" coveredmethods="3"/>
      <file name="jwt-middleware.middleware.ts" path="C:\Users\markb\OneDrive\Documents\GitHub\Avalanche\gateway\src\jwt-middleware.middleware.ts">
        <metrics statements="35" coveredstatements="29" conditionals="16" coveredconditionals="14" methods="2" coveredmethods="2"/>
        <line num="2" count="5" type="stmt"/>
        <line num="4" count="5" type="stmt"/>
        <line num="7" count="5" type="stmt"/>
        <line num="8" count="11" type="stmt"/>
        <line num="11" count="81" type="stmt"/>
        <line num="13" count="81" type="stmt"/>
        <line num="14" count="81" type="cond" truecount="3" falsecount="1"/>
        <line num="15" count="81" type="stmt"/>
        <line num="18" count="81" type="stmt"/>
        <line num="19" count="81" type="stmt"/>
        <line num="20" count="81" type="stmt"/>
        <line num="22" count="0" type="stmt"/>
        <line num="25" count="81" type="cond" truecount="2" falsecount="0"/>
        <line num="26" count="17" type="stmt"/>
        <line num="29" count="64" type="cond" truecount="3" falsecount="0"/>
        <line num="30" count="1" type="stmt"/>
        <line num="32" count="64" type="cond" truecount="5" falsecount="0"/>
        <line num="33" count="62" type="stmt"/>
        <line num="34" count="62" type="stmt"/>
        <line num="35" count="62" type="stmt"/>
        <line num="36" count="62" type="stmt"/>
        <line num="37" count="62" type="cond" truecount="1" falsecount="1"/>
        <line num="38" count="62" type="stmt"/>
        <line num="39" count="62" type="stmt"/>
        <line num="40" count="62" type="stmt"/>
        <line num="41" count="62" type="stmt"/>
        <line num="42" count="62" type="stmt"/>
        <line num="44" count="0" type="stmt"/>
        <line num="45" count="0" type="stmt"/>
        <line num="46" count="0" type="stmt"/>
        <line num="47" count="0" type="stmt"/>
        <line num="50" count="2" type="stmt"/>
        <line num="51" count="2" type="stmt"/>
        <line num="52" count="2" type="stmt"/>
        <line num="56" count="0" type="stmt"/>
      </file>
      <file name="redis.provider.ts" path="C:\Users\markb\OneDrive\Documents\GitHub\Avalanche\gateway\src\redis.provider.ts">
        <metrics statements="7" coveredstatements="7" conditionals="1" coveredconditionals="1" methods="1" coveredmethods="1"/>
        <line num="3" count="6" type="stmt"/>
        <line num="4" count="6" type="stmt"/>
        <line num="6" count="6" type="stmt"/>
        <line num="9" count="7" type="stmt"/>
        <line num="10" count="7" type="cond" truecount="1" falsecount="0"/>
        <line num="11" count="1" type="stmt"/>
        <line num="13" count="6" type="stmt"/>
      </file>
    </package>
    <package name="src.africa">
      <metrics statements="98" coveredstatements="76" conditionals="40" coveredconditionals="24" methods="18" coveredmethods="15"/>
      <file name="africa.controller.ts" path="C:\Users\markb\OneDrive\Documents\GitHub\Avalanche\gateway\src\africa\africa.controller.ts">
        <metrics statements="86" coveredstatements="66" conditionals="40" coveredconditionals="24" methods="9" coveredmethods="8"/>
        <line num="2" count="5" type="stmt"/>
        <line num="3" count="5" type="stmt"/>
        <line num="4" count="5" type="stmt"/>
        <line num="7" count="5" type="stmt"/>
        <line num="8" count="12" type="stmt"/>
        <line num="11" count="5" type="stmt"/>
        <line num="12" count="6" type="stmt"/>
        <line num="13" count="6" type="stmt"/>
        <line num="14" count="6" type="stmt"/>
        <line num="15" count="6" type="stmt"/>
        <line num="16" count="6" type="stmt"/>
        <line num="17" count="1" type="stmt"/>
        <line num="19" count="5" type="stmt"/>
        <line num="20" count="5" type="cond" truecount="1" falsecount="0"/>
        <line num="21" count="5" type="cond" truecount="3" falsecount="1"/>
        <line num="23" count="0" type="stmt"/>
        <line num="28" count="5" type="stmt"/>
        <line num="29" count="4" type="stmt"/>
        <line num="30" count="4" type="stmt"/>
        <line num="31" count="4" type="stmt"/>
        <line num="32" count="4" type="stmt"/>
        <line num="33" count="1" type="stmt"/>
        <line num="35" count="3" type="stmt"/>
        <line num="36" count="3" type="cond" truecount="1" falsecount="0"/>
        <line num="37" count="3" type="cond" truecount="3" falsecount="1"/>
        <line num="39" count="0" type="stmt"/>
        <line num="44" count="5" type="stmt"/>
        <line num="45" count="4" type="stmt"/>
        <line num="46" count="4" type="stmt"/>
        <line num="47" count="4" type="stmt"/>
        <line num="48" count="4" type="stmt"/>
        <line num="49" count="1" type="stmt"/>
        <line num="51" count="3" type="stmt"/>
        <line num="52" count="3" type="cond" truecount="1" falsecount="0"/>
        <line num="53" count="3" type="cond" truecount="3" falsecount="1"/>
        <line num="55" count="0" type="stmt"/>
        <line num="60" count="5" type="stmt"/>
        <line num="61" count="4" type="stmt"/>
        <line num="62" count="4" type="stmt"/>
        <line num="63" count="4" type="stmt"/>
        <line num="64" count="4" type="stmt"/>
        <line num="65" count="1" type="stmt"/>
        <line num="67" count="3" type="stmt"/>
        <line num="68" count="3" type="cond" truecount="1" falsecount="0"/>
        <line num="69" count="3" type="cond" truecount="3" falsecount="1"/>
        <line num="71" count="0" type="stmt"/>
        <line num="76" count="5" type="stmt"/>
        <line num="77" count="1" type="stmt"/>
        <line num="78" count="1" type="stmt"/>
        <line num="79" count="1" type="stmt"/>
        <line num="80" count="1" type="stmt"/>
        <line num="81" count="1" type="stmt"/>
        <line num="83" count="0" type="stmt"/>
        <line num="84" count="0" type="cond" truecount="0" falsecount="1"/>
        <line num="85" count="0" type="cond" truecount="0" falsecount="4"/>
        <line num="87" count="0" type="stmt"/>
        <line num="92" count="5" type="stmt"/>
        <line num="93" count="4" type="stmt"/>
        <line num="94" count="4" type="stmt"/>
        <line num="95" count="4" type="stmt"/>
        <line num="96" count="4" type="stmt"/>
        <line num="97" count="1" type="stmt"/>
        <line num="99" count="3" type="stmt"/>
        <line num="100" count="3" type="cond" truecount="1" falsecount="0"/>
        <line num="101" count="3" type="cond" truecount="3" falsecount="1"/>
        <line num="103" count="0" type="stmt"/>
        <line num="108" count="5" type="stmt"/>
        <line num="109" count="3" type="stmt"/>
        <line num="110" count="3" type="stmt"/>
        <line num="111" count="3" type="stmt"/>
        <line num="112" count="3" type="stmt"/>
        <line num="113" count="0" type="stmt"/>
        <line num="115" count="3" type="stmt"/>
        <line num="116" count="3" type="cond" truecount="1" falsecount="0"/>
        <line num="117" count="3" type="cond" truecount="3" falsecount="1"/>
        <line num="119" count="0" type="stmt"/>
        <line num="124" count="5" type="stmt"/>
        <line num="125" count="0" type="stmt"/>
        <line num="126" count="0" type="stmt"/>
        <line num="127" count="0" type="stmt"/>
        <line num="128" count="0" type="stmt"/>
        <line num="129" count="0" type="stmt"/>
        <line num="131" count="0" type="stmt"/>
        <line num="132" count="0" type="cond" truecount="0" falsecount="1"/>
        <line num="133" count="0" type="cond" truecount="0" falsecount="4"/>
        <line num="135" count="0" type="stmt"/>
      </file>
      <file name="africa.service.ts" path="C:\Users\markb\OneDrive\Documents\GitHub\Avalanche\gateway\src\africa\africa.service.ts">
        <metrics statements="12" coveredstatements="10" conditionals="0" coveredconditionals="0" methods="9" coveredmethods="7"/>
        <line num="2" count="5" type="stmt"/>
        <line num="3" count="5" type="stmt"/>
        <line num="6" count="5" type="stmt"/>
        <line num="8" count="12" type="stmt"/>
        <line num="12" count="1" type="stmt"/>
        <line num="16" count="1" type="stmt"/>
        <line num="20" count="1" type="stmt"/>
        <line num="24" count="1" type="stmt"/>
        <line num="28" count="1" type="stmt"/>
        <line num="32" count="1" type="stmt"/>
        <line num="36" count="0" type="stmt"/>
        <line num="40" count="0" type="stmt"/>
      </file>
    </package>
    <package name="src.domain-watch">
      <metrics statements="52" coveredstatements="23" conditionals="2" coveredconditionals="0" methods="12" coveredmethods="4"/>
      <file name="domain-watch.controller.ts" path="C:\Users\markb\OneDrive\Documents\GitHub\Avalanche\gateway\src\domain-watch\domain-watch.controller.ts">
        <metrics statements="16" coveredstatements="10" conditionals="0" coveredconditionals="0" methods="5" coveredmethods="2"/>
        <line num="2" count="5" type="stmt"/>
        <line num="3" count="5" type="stmt"/>
        <line num="6" count="5" type="stmt"/>
        <line num="7" count="7" type="stmt"/>
        <line num="10" count="5" type="stmt"/>
        <line num="11" count="1" type="stmt"/>
        <line num="12" count="1" type="stmt"/>
        <line num="16" count="5" type="stmt"/>
        <line num="17" count="0" type="stmt"/>
        <line num="18" count="0" type="stmt"/>
        <line num="21" count="5" type="stmt"/>
        <line num="22" count="0" type="stmt"/>
        <line num="23" count="0" type="stmt"/>
        <line num="27" count="5" type="stmt"/>
        <line num="28" count="0" type="stmt"/>
        <line num="29" count="0" type="stmt"/>
      </file>
      <file name="domain-watch.service.ts" path="C:\Users\markb\OneDrive\Documents\GitHub\Avalanche\gateway\src\domain-watch\domain-watch.service.ts">
        <metrics statements="36" coveredstatements="13" conditionals="2" coveredconditionals="0" methods="7" coveredmethods="2"/>
        <line num="1" count="7" type="stmt"/>
        <line num="2" count="7" type="stmt"/>
        <line num="3" count="7" type="stmt"/>
        <line num="4" count="7" type="stmt"/>
        <line num="5" count="7" type="stmt"/>
        <line num="8" count="7" type="stmt"/>
        <line num="9" count="8" type="stmt"/>
        <line num="12" count="2" type="stmt"/>
        <line num="13" count="2" type="stmt"/>
        <line num="17" count="2" type="stmt"/>
        <line num="18" count="2" type="stmt"/>
        <line num="22" count="7" type="stmt"/>
        <line num="23" count="0" type="stmt"/>
        <line num="24" count="0" type="stmt"/>
        <line num="27" count="0" type="stmt"/>
        <line num="28" count="0" type="stmt"/>
        <line num="31" count="0" type="stmt"/>
        <line num="32" count="0" type="stmt"/>
        <line num="33" count="0" type="stmt"/>
        <line num="36" count="0" type="stmt"/>
        <line num="40" count="7" type="stmt"/>
        <line num="41" count="0" type="stmt"/>
        <line num="42" count="0" type="stmt"/>
        <line num="45" count="0" type="stmt"/>
        <line num="46" count="0" type="stmt"/>
        <line num="49" count="0" type="stmt"/>
        <line num="50" count="0" type="stmt"/>
        <line num="53" count="0" type="stmt"/>
        <line num="54" count="0" type="stmt"/>
        <line num="61" count="0" type="stmt"/>
        <line num="64" count="0" type="stmt"/>
        <line num="68" count="0" type="stmt"/>
        <line num="69" count="0" type="stmt"/>
        <line num="70" count="0" type="cond" truecount="0" falsecount="2"/>
        <line num="71" count="0" type="stmt"/>
        <line num="73" count="0" type="stmt"/>
      </file>
    </package>
    <package name="src.ryce">
      <metrics statements="97" coveredstatements="75" conditionals="40" coveredconditionals="24" methods="18" coveredmethods="15"/>
      <file name="ryce.controller.ts" path="C:\Users\markb\OneDrive\Documents\GitHub\Avalanche\gateway\src\ryce\ryce.controller.ts">
        <metrics statements="85" coveredstatements="65" conditionals="40" coveredconditionals="24" methods="9" coveredmethods="8"/>
        <line num="2" count="5" type="stmt"/>
        <line num="3" count="5" type="stmt"/>
        <line num="4" count="5" type="stmt"/>
        <line num="7" count="5" type="stmt"/>
        <line num="8" count="12" type="stmt"/>
        <line num="11" count="5" type="stmt"/>
        <line num="12" count="6" type="stmt"/>
        <line num="13" count="6" type="stmt"/>
        <line num="14" count="6" type="stmt"/>
        <line num="15" count="6" type="stmt"/>
        <line num="16" count="1" type="stmt"/>
        <line num="18" count="5" type="stmt"/>
        <line num="19" count="5" type="cond" truecount="1" falsecount="0"/>
        <line num="20" count="5" type="cond" truecount="3" falsecount="1"/>
        <line num="22" count="0" type="stmt"/>
        <line num="27" count="5" type="stmt"/>
        <line num="28" count="4" type="stmt"/>
        <line num="29" count="4" type="stmt"/>
        <line num="30" count="4" type="stmt"/>
        <line num="31" count="4" type="stmt"/>
        <line num="32" count="1" type="stmt"/>
        <line num="34" count="3" type="stmt"/>
        <line num="35" count="3" type="cond" truecount="1" falsecount="0"/>
        <line num="36" count="3" type="cond" truecount="3" falsecount="1"/>
        <line num="38" count="0" type="stmt"/>
        <line num="43" count="5" type="stmt"/>
        <line num="44" count="4" type="stmt"/>
        <line num="45" count="4" type="stmt"/>
        <line num="46" count="4" type="stmt"/>
        <line num="47" count="4" type="stmt"/>
        <line num="48" count="1" type="stmt"/>
        <line num="50" count="3" type="stmt"/>
        <line num="51" count="3" type="cond" truecount="1" falsecount="0"/>
        <line num="52" count="3" type="cond" truecount="3" falsecount="1"/>
        <line num="54" count="0" type="stmt"/>
        <line num="59" count="5" type="stmt"/>
        <line num="60" count="4" type="stmt"/>
        <line num="61" count="4" type="stmt"/>
        <line num="62" count="4" type="stmt"/>
        <line num="63" count="4" type="stmt"/>
        <line num="64" count="1" type="stmt"/>
        <line num="66" count="3" type="stmt"/>
        <line num="67" count="3" type="cond" truecount="1" falsecount="0"/>
        <line num="68" count="3" type="cond" truecount="3" falsecount="1"/>
        <line num="70" count="0" type="stmt"/>
        <line num="75" count="5" type="stmt"/>
        <line num="76" count="1" type="stmt"/>
        <line num="77" count="1" type="stmt"/>
        <line num="78" count="1" type="stmt"/>
        <line num="79" count="1" type="stmt"/>
        <line num="80" count="1" type="stmt"/>
        <line num="82" count="0" type="stmt"/>
        <line num="83" count="0" type="cond" truecount="0" falsecount="1"/>
        <line num="84" count="0" type="cond" truecount="0" falsecount="4"/>
        <line num="86" count="0" type="stmt"/>
        <line num="91" count="5" type="stmt"/>
        <line num="92" count="4" type="stmt"/>
        <line num="93" count="4" type="stmt"/>
        <line num="94" count="4" type="stmt"/>
        <line num="95" count="4" type="stmt"/>
        <line num="96" count="1" type="stmt"/>
        <line num="98" count="3" type="stmt"/>
        <line num="99" count="3" type="cond" truecount="1" falsecount="0"/>
        <line num="100" count="3" type="cond" truecount="3" falsecount="1"/>
        <line num="102" count="0" type="stmt"/>
        <line num="107" count="5" type="stmt"/>
        <line num="108" count="3" type="stmt"/>
        <line num="109" count="3" type="stmt"/>
        <line num="110" count="3" type="stmt"/>
        <line num="111" count="3" type="stmt"/>
        <line num="112" count="0" type="stmt"/>
        <line num="114" count="3" type="stmt"/>
        <line num="115" count="3" type="cond" truecount="1" falsecount="0"/>
        <line num="116" count="3" type="cond" truecount="3" falsecount="1"/>
        <line num="118" count="0" type="stmt"/>
        <line num="123" count="5" type="stmt"/>
        <line num="124" count="0" type="stmt"/>
        <line num="125" count="0" type="stmt"/>
        <line num="126" count="0" type="stmt"/>
        <line num="127" count="0" type="stmt"/>
        <line num="128" count="0" type="stmt"/>
        <line num="130" count="0" type="stmt"/>
        <line num="131" count="0" type="cond" truecount="0" falsecount="1"/>
        <line num="132" count="0" type="cond" truecount="0" falsecount="4"/>
        <line num="134" count="0" type="stmt"/>
      </file>
      <file name="ryce.service.ts" path="C:\Users\markb\OneDrive\Documents\GitHub\Avalanche\gateway\src\ryce\ryce.service.ts">
        <metrics statements="12" coveredstatements="10" conditionals="0" coveredconditionals="0" methods="9" coveredmethods="7"/>
        <line num="2" count="5" type="stmt"/>
        <line num="3" count="5" type="stmt"/>
        <line num="6" count="5" type="stmt"/>
        <line num="8" count="12" type="stmt"/>
        <line num="12" count="1" type="stmt"/>
        <line num="16" count="1" type="stmt"/>
        <line num="20" count="1" type="stmt"/>
        <line num="24" count="1" type="stmt"/>
        <line num="28" count="1" type="stmt"/>
        <line num="32" count="1" type="stmt"/>
        <line num="36" count="0" type="stmt"/>
        <line num="40" count="0" type="stmt"/>
      </file>
    </package>
    <package name="src.user-management">
      <metrics statements="307" coveredstatements="192" conditionals="130" coveredconditionals="64" methods="55" coveredmethods="43"/>
      <file name="user-management.service.ts" path="C:\Users\markb\OneDrive\Documents\GitHub\Avalanche\gateway\src\user-management\user-management.service.ts">
        <metrics statements="32" coveredstatements="31" conditionals="0" coveredconditionals="0" methods="27" coveredmethods="26"/>
        <line num="4" count="5" type="stmt"/>
        <line num="5" count="5" type="stmt"/>
        <line num="8" count="5" type="stmt"/>
        <line num="10" count="31" type="stmt"/>
        <line num="13" count="1" type="stmt"/>
        <line num="14" count="1" type="stmt"/>
        <line num="17" count="1" type="stmt"/>
        <line num="20" count="1" type="stmt"/>
        <line num="23" count="1" type="stmt"/>
        <line num="26" count="1" type="stmt"/>
        <line num="29" count="1" type="stmt"/>
        <line num="32" count="1" type="stmt"/>
        <line num="33" count="1" type="stmt"/>
        <line num="36" count="1" type="stmt"/>
        <line num="39" count="1" type="stmt"/>
        <line num="42" count="1" type="stmt"/>
        <line num="45" count="1" type="stmt"/>
        <line num="48" count="1" type="stmt"/>
        <line num="51" count="1" type="stmt"/>
        <line num="54" count="1" type="stmt"/>
        <line num="57" count="1" type="stmt"/>
        <line num="60" count="1" type="stmt"/>
        <line num="63" count="1" type="stmt"/>
        <line num="66" count="1" type="stmt"/>
        <line num="69" count="1" type="stmt"/>
        <line num="72" count="1" type="stmt"/>
        <line num="75" count="1" type="stmt"/>
        <line num="78" count="1" type="stmt"/>
        <line num="81" count="1" type="stmt"/>
        <line num="84" count="1" type="stmt"/>
        <line num="87" count="1" type="stmt"/>
        <line num="90" count="0" type="stmt"/>
      </file>
      <file name="user-mangement.controller.ts" path="C:\Users\markb\OneDrive\Documents\GitHub\Avalanche\gateway\src\user-management\user-mangement.controller.ts">
        <metrics statements="275" coveredstatements="161" conditionals="130" coveredconditionals="64" methods="28" coveredmethods="17"/>
        <line num="2" count="5" type="stmt"/>
        <line num="3" count="5" type="stmt"/>
        <line num="5" count="5" type="stmt"/>
        <line num="7" count="5" type="stmt"/>
        <line num="10" count="5" type="stmt"/>
        <line num="11" count="38" type="stmt"/>
        <line num="12" count="5" type="stmt"/>
        <line num="14" count="0" type="stmt"/>
        <line num="15" count="0" type="stmt"/>
        <line num="20" count="0" type="stmt"/>
        <line num="950" count="0" type="stmt"/>
        <line num="953" count="0" type="stmt"/>
        <line num="954" count="0" type="stmt"/>
        <line num="958" count="5" type="stmt"/>
        <line num="959" count="3" type="stmt"/>
        <line num="960" count="3" type="stmt"/>
        <line num="961" count="3" type="stmt"/>
        <line num="962" count="3" type="stmt"/>
        <line num="963" count="1" type="stmt"/>
        <line num="965" count="2" type="stmt"/>
        <line num="966" count="2" type="cond" truecount="1" falsecount="0"/>
        <line num="967" count="2" type="cond" truecount="3" falsecount="1"/>
        <line num="969" count="0" type="stmt"/>
        <line num="973" count="5" type="stmt"/>
        <line num="974" count="2" type="stmt"/>
        <line num="975" count="2" type="stmt"/>
        <line num="976" count="2" type="stmt"/>
        <line num="977" count="2" type="stmt"/>
        <line num="978" count="1" type="stmt"/>
        <line num="980" count="1" type="stmt"/>
        <line num="981" count="1" type="cond" truecount="1" falsecount="0"/>
        <line num="982" count="1" type="cond" truecount="3" falsecount="1"/>
        <line num="984" count="0" type="stmt"/>
        <line num="988" count="5" type="stmt"/>
        <line num="989" count="2" type="stmt"/>
        <line num="990" count="2" type="stmt"/>
        <line num="991" count="2" type="stmt"/>
        <line num="992" count="2" type="stmt"/>
        <line num="993" count="1" type="stmt"/>
        <line num="995" count="1" type="stmt"/>
        <line num="996" count="1" type="cond" truecount="1" falsecount="0"/>
        <line num="997" count="1" type="cond" truecount="3" falsecount="1"/>
        <line num="999" count="0" type="stmt"/>
        <line num="1003" count="5" type="stmt"/>
        <line num="1004" count="12" type="stmt"/>
        <line num="1005" count="12" type="stmt"/>
        <line num="1006" count="12" type="stmt"/>
        <line num="1007" count="12" type="stmt"/>
        <line num="1008" count="1" type="stmt"/>
        <line num="1010" count="11" type="stmt"/>
        <line num="1011" count="11" type="cond" truecount="1" falsecount="0"/>
        <line num="1012" count="11" type="cond" truecount="3" falsecount="1"/>
        <line num="1014" count="0" type="stmt"/>
        <line num="1018" count="5" type="stmt"/>
        <line num="1019" count="0" type="stmt"/>
        <line num="1020" count="0" type="stmt"/>
        <line num="1021" count="0" type="stmt"/>
        <line num="1022" count="0" type="stmt"/>
        <line num="1023" count="0" type="stmt"/>
        <line num="1024" count="0" type="stmt"/>
        <line num="1026" count="0" type="stmt"/>
        <line num="1027" count="0" type="cond" truecount="0" falsecount="1"/>
        <line num="1028" count="0" type="cond" truecount="0" falsecount="4"/>
        <line num="1030" count="0" type="stmt"/>
        <line num="1035" count="5" type="stmt"/>
        <line num="1036" count="0" type="stmt"/>
        <line num="1037" count="0" type="stmt"/>
        <line num="1038" count="0" type="stmt"/>
        <line num="1039" count="0" type="stmt"/>
        <line num="1040" count="0" type="stmt"/>
        <line num="1042" count="0" type="stmt"/>
        <line num="1043" count="0" type="cond" truecount="0" falsecount="1"/>
        <line num="1044" count="0" type="cond" truecount="0" falsecount="4"/>
        <line num="1046" count="0" type="stmt"/>
        <line num="1050" count="5" type="stmt"/>
        <line num="1051" count="0" type="stmt"/>
        <line num="1052" count="0" type="stmt"/>
        <line num="1053" count="0" type="stmt"/>
        <line num="1054" count="0" type="stmt"/>
        <line num="1055" count="0" type="stmt"/>
        <line num="1056" count="0" type="stmt"/>
        <line num="1058" count="0" type="stmt"/>
        <line num="1059" count="0" type="cond" truecount="0" falsecount="1"/>
        <line num="1060" count="0" type="cond" truecount="0" falsecount="4"/>
        <line num="1062" count="0" type="stmt"/>
        <line num="1066" count="5" type="stmt"/>
        <line num="1067" count="0" type="stmt"/>
        <line num="1068" count="0" type="stmt"/>
        <line num="1069" count="0" type="stmt"/>
        <line num="1070" count="0" type="stmt"/>
        <line num="1071" count="0" type="stmt"/>
        <line num="1073" count="0" type="stmt"/>
        <line num="1074" count="0" type="cond" truecount="0" falsecount="1"/>
        <line num="1075" count="0" type="cond" truecount="0" falsecount="4"/>
        <line num="1077" count="0" type="stmt"/>
        <line num="1081" count="5" type="stmt"/>
        <line num="1082" count="0" type="stmt"/>
        <line num="1083" count="0" type="stmt"/>
        <line num="1084" count="0" type="stmt"/>
        <line num="1085" count="0" type="stmt"/>
        <line num="1086" count="0" type="stmt"/>
        <line num="1088" count="0" type="stmt"/>
        <line num="1089" count="0" type="cond" truecount="0" falsecount="1"/>
        <line num="1090" count="0" type="cond" truecount="0" falsecount="4"/>
        <line num="1092" count="0" type="stmt"/>
        <line num="1096" count="5" type="stmt"/>
        <line num="1097" count="0" type="stmt"/>
        <line num="1098" count="0" type="stmt"/>
        <line num="1099" count="0" type="stmt"/>
        <line num="1100" count="0" type="stmt"/>
        <line num="1101" count="0" type="stmt"/>
        <line num="1103" count="0" type="stmt"/>
        <line num="1104" count="0" type="cond" truecount="0" falsecount="1"/>
        <line num="1105" count="0" type="cond" truecount="0" falsecount="4"/>
        <line num="1107" count="0" type="stmt"/>
        <line num="1111" count="5" type="stmt"/>
        <line num="1112" count="0" type="stmt"/>
        <line num="1113" count="0" type="stmt"/>
        <line num="1114" count="0" type="stmt"/>
        <line num="1115" count="0" type="stmt"/>
        <line num="1116" count="0" type="stmt"/>
        <line num="1118" count="0" type="stmt"/>
        <line num="1119" count="0" type="cond" truecount="0" falsecount="1"/>
        <line num="1120" count="0" type="cond" truecount="0" falsecount="4"/>
        <line num="1122" count="0" type="stmt"/>
        <line num="1126" count="5" type="stmt"/>
        <line num="1127" count="2" type="stmt"/>
        <line num="1128" count="2" type="stmt"/>
        <line num="1129" count="2" type="stmt"/>
        <line num="1130" count="2" type="stmt"/>
        <line num="1131" count="1" type="stmt"/>
        <line num="1133" count="1" type="stmt"/>
        <line num="1134" count="1" type="cond" truecount="1" falsecount="0"/>
        <line num="1135" count="1" type="cond" truecount="3" falsecount="1"/>
        <line num="1137" count="0" type="stmt"/>
        <line num="1141" count="5" type="stmt"/>
        <line num="1142" count="2" type="stmt"/>
        <line num="1143" count="2" type="stmt"/>
        <line num="1144" count="2" type="stmt"/>
        <line num="1145" count="2" type="stmt"/>
        <line num="1146" count="1" type="stmt"/>
        <line num="1148" count="1" type="stmt"/>
        <line num="1149" count="1" type="cond" truecount="1" falsecount="0"/>
        <line num="1150" count="1" type="cond" truecount="3" falsecount="1"/>
        <line num="1152" count="0" type="stmt"/>
        <line num="1156" count="5" type="stmt"/>
        <line num="1157" count="2" type="stmt"/>
        <line num="1158" count="2" type="stmt"/>
        <line num="1159" count="2" type="stmt"/>
        <line num="1160" count="2" type="stmt"/>
        <line num="1161" count="1" type="stmt"/>
        <line num="1163" count="1" type="stmt"/>
        <line num="1164" count="1" type="cond" truecount="1" falsecount="0"/>
        <line num="1165" count="1" type="cond" truecount="3" falsecount="1"/>
        <line num="1167" count="0" type="stmt"/>
        <line num="1172" count="5" type="stmt"/>
        <line num="1173" count="2" type="stmt"/>
        <line num="1174" count="2" type="stmt"/>
        <line num="1175" count="2" type="stmt"/>
        <line num="1176" count="2" type="stmt"/>
        <line num="1177" count="1" type="stmt"/>
        <line num="1179" count="1" type="stmt"/>
        <line num="1180" count="1" type="cond" truecount="1" falsecount="0"/>
        <line num="1181" count="1" type="cond" truecount="3" falsecount="1"/>
        <line num="1183" count="0" type="stmt"/>
        <line num="1187" count="5" type="stmt"/>
        <line num="1188" count="2" type="stmt"/>
        <line num="1189" count="2" type="stmt"/>
        <line num="1190" count="2" type="stmt"/>
        <line num="1191" count="2" type="stmt"/>
        <line num="1192" count="1" type="stmt"/>
        <line num="1194" count="1" type="stmt"/>
        <line num="1195" count="1" type="cond" truecount="1" falsecount="0"/>
        <line num="1196" count="1" type="cond" truecount="3" falsecount="1"/>
        <line num="1198" count="0" type="stmt"/>
        <line num="1202" count="5" type="stmt"/>
        <line num="1203" count="2" type="stmt"/>
        <line num="1204" count="2" type="stmt"/>
        <line num="1205" count="2" type="stmt"/>
        <line num="1206" count="2" type="stmt"/>
        <line num="1207" count="1" type="stmt"/>
        <line num="1209" count="1" type="stmt"/>
        <line num="1210" count="1" type="cond" truecount="1" falsecount="0"/>
        <line num="1211" count="1" type="cond" truecount="3" falsecount="1"/>
        <line num="1213" count="0" type="stmt"/>
        <line num="1217" count="5" type="stmt"/>
        <line num="1218" count="2" type="stmt"/>
        <line num="1219" count="2" type="stmt"/>
        <line num="1220" count="2" type="stmt"/>
        <line num="1221" count="2" type="stmt"/>
        <line num="1222" count="1" type="stmt"/>
        <line num="1224" count="1" type="stmt"/>
        <line num="1225" count="1" type="cond" truecount="1" falsecount="0"/>
        <line num="1226" count="1" type="cond" truecount="3" falsecount="1"/>
        <line num="1228" count="0" type="stmt"/>
        <line num="1233" count="5" type="stmt"/>
        <line num="1234" count="2" type="stmt"/>
        <line num="1235" count="2" type="stmt"/>
        <line num="1236" count="2" type="stmt"/>
        <line num="1237" count="2" type="stmt"/>
        <line num="1238" count="1" type="stmt"/>
        <line num="1240" count="1" type="stmt"/>
        <line num="1241" count="1" type="cond" truecount="1" falsecount="0"/>
        <line num="1242" count="1" type="cond" truecount="3" falsecount="1"/>
        <line num="1244" count="0" type="stmt"/>
        <line num="1248" count="5" type="stmt"/>
        <line num="1249" count="2" type="stmt"/>
        <line num="1250" count="2" type="stmt"/>
        <line num="1251" count="2" type="stmt"/>
        <line num="1252" count="2" type="stmt"/>
        <line num="1253" count="1" type="stmt"/>
        <line num="1255" count="1" type="stmt"/>
        <line num="1256" count="1" type="cond" truecount="1" falsecount="0"/>
        <line num="1257" count="1" type="cond" truecount="3" falsecount="1"/>
        <line num="1259" count="0" type="stmt"/>
        <line num="1263" count="5" type="stmt"/>
        <line num="1264" count="2" type="stmt"/>
        <line num="1265" count="2" type="stmt"/>
        <line num="1266" count="2" type="stmt"/>
        <line num="1267" count="2" type="stmt"/>
        <line num="1268" count="1" type="stmt"/>
        <line num="1270" count="1" type="stmt"/>
        <line num="1271" count="1" type="cond" truecount="1" falsecount="0"/>
        <line num="1272" count="1" type="cond" truecount="3" falsecount="1"/>
        <line num="1274" count="0" type="stmt"/>
        <line num="1278" count="5" type="stmt"/>
        <line num="1279" count="2" type="stmt"/>
        <line num="1280" count="2" type="stmt"/>
        <line num="1281" count="2" type="stmt"/>
        <line num="1282" count="2" type="stmt"/>
        <line num="1283" count="1" type="stmt"/>
        <line num="1285" count="1" type="stmt"/>
        <line num="1286" count="1" type="cond" truecount="1" falsecount="0"/>
        <line num="1287" count="1" type="cond" truecount="3" falsecount="1"/>
        <line num="1289" count="0" type="stmt"/>
        <line num="1293" count="5" type="stmt"/>
        <line num="1294" count="2" type="stmt"/>
        <line num="1295" count="2" type="stmt"/>
        <line num="1296" count="2" type="stmt"/>
        <line num="1297" count="2" type="stmt"/>
        <line num="1298" count="1" type="stmt"/>
        <line num="1300" count="1" type="stmt"/>
        <line num="1301" count="1" type="cond" truecount="1" falsecount="0"/>
        <line num="1302" count="1" type="cond" truecount="3" falsecount="1"/>
        <line num="1304" count="0" type="stmt"/>
        <line num="1308" count="5" type="stmt"/>
        <line num="1309" count="0" type="stmt"/>
        <line num="1310" count="0" type="stmt"/>
        <line num="1311" count="0" type="stmt"/>
        <line num="1312" count="0" type="stmt"/>
        <line num="1313" count="0" type="stmt"/>
        <line num="1315" count="0" type="stmt"/>
        <line num="1316" count="0" type="cond" truecount="0" falsecount="1"/>
        <line num="1317" count="0" type="cond" truecount="0" falsecount="4"/>
        <line num="1319" count="0" type="stmt"/>
        <line num="1323" count="5" type="stmt"/>
        <line num="1324" count="0" type="stmt"/>
        <line num="1325" count="0" type="stmt"/>
        <line num="1326" count="0" type="stmt"/>
        <line num="1327" count="0" type="stmt"/>
        <line num="1328" count="0" type="stmt"/>
        <line num="1330" count="0" type="stmt"/>
        <line num="1331" count="0" type="cond" truecount="0" falsecount="1"/>
        <line num="1332" count="0" type="cond" truecount="0" falsecount="4"/>
        <line num="1334" count="0" type="stmt"/>
        <line num="1338" count="5" type="stmt"/>
        <line num="1339" count="0" type="stmt"/>
        <line num="1340" count="0" type="stmt"/>
        <line num="1341" count="0" type="stmt"/>
        <line num="1342" count="0" type="stmt"/>
        <line num="1343" count="0" type="stmt"/>
        <line num="1345" count="0" type="stmt"/>
        <line num="1346" count="0" type="cond" truecount="0" falsecount="1"/>
        <line num="1347" count="0" type="cond" truecount="0" falsecount="4"/>
        <line num="1349" count="0" type="stmt"/>
      </file>
    </package>
    <package name="src.zacr">
      <metrics statements="97" coveredstatements="84" conditionals="40" coveredconditionals="28" methods="18" coveredmethods="17"/>
      <file name="zacr.controller.ts" path="C:\Users\markb\OneDrive\Documents\GitHub\Avalanche\gateway\src\zacr\zacr.controller.ts">
        <metrics statements="85" coveredstatements="73" conditionals="40" coveredconditionals="28" methods="9" coveredmethods="9"/>
        <line num="2" count="5" type="stmt"/>
        <line num="3" count="5" type="stmt"/>
        <line num="4" count="5" type="stmt"/>
        <line num="7" count="5" type="stmt"/>
        <line num="8" count="13" type="stmt"/>
        <line num="11" count="5" type="stmt"/>
        <line num="12" count="6" type="stmt"/>
        <line num="13" count="6" type="stmt"/>
        <line num="14" count="6" type="stmt"/>
        <line num="15" count="6" type="stmt"/>
        <line num="16" count="1" type="stmt"/>
        <line num="18" count="5" type="stmt"/>
        <line num="19" count="5" type="cond" truecount="1" falsecount="0"/>
        <line num="20" count="5" type="cond" truecount="3" falsecount="1"/>
        <line num="22" count="0" type="stmt"/>
        <line num="27" count="5" type="stmt"/>
        <line num="28" count="4" type="stmt"/>
        <line num="29" count="4" type="stmt"/>
        <line num="30" count="4" type="stmt"/>
        <line num="31" count="4" type="stmt"/>
        <line num="32" count="1" type="stmt"/>
        <line num="34" count="3" type="stmt"/>
        <line num="35" count="3" type="cond" truecount="1" falsecount="0"/>
        <line num="36" count="3" type="cond" truecount="3" falsecount="1"/>
        <line num="38" count="0" type="stmt"/>
        <line num="43" count="5" type="stmt"/>
        <line num="44" count="4" type="stmt"/>
        <line num="45" count="4" type="stmt"/>
        <line num="46" count="4" type="stmt"/>
        <line num="47" count="4" type="stmt"/>
        <line num="48" count="1" type="stmt"/>
        <line num="50" count="3" type="stmt"/>
        <line num="51" count="3" type="cond" truecount="1" falsecount="0"/>
        <line num="52" count="3" type="cond" truecount="3" falsecount="1"/>
        <line num="54" count="0" type="stmt"/>
        <line num="59" count="5" type="stmt"/>
        <line num="60" count="4" type="stmt"/>
        <line num="61" count="4" type="stmt"/>
        <line num="62" count="4" type="stmt"/>
        <line num="63" count="4" type="stmt"/>
        <line num="64" count="1" type="stmt"/>
        <line num="66" count="3" type="stmt"/>
        <line num="67" count="3" type="cond" truecount="1" falsecount="0"/>
        <line num="68" count="3" type="cond" truecount="3" falsecount="1"/>
        <line num="70" count="0" type="stmt"/>
        <line num="75" count="5" type="stmt"/>
        <line num="76" count="1" type="stmt"/>
        <line num="77" count="1" type="stmt"/>
        <line num="78" count="1" type="stmt"/>
        <line num="79" count="1" type="stmt"/>
        <line num="80" count="1" type="stmt"/>
        <line num="82" count="0" type="stmt"/>
        <line num="83" count="0" type="cond" truecount="0" falsecount="1"/>
        <line num="84" count="0" type="cond" truecount="0" falsecount="4"/>
        <line num="86" count="0" type="stmt"/>
        <line num="91" count="5" type="stmt"/>
        <line num="92" count="4" type="stmt"/>
        <line num="93" count="4" type="stmt"/>
        <line num="94" count="4" type="stmt"/>
        <line num="95" count="4" type="stmt"/>
        <line num="96" count="1" type="stmt"/>
        <line num="98" count="3" type="stmt"/>
        <line num="99" count="3" type="cond" truecount="1" falsecount="0"/>
        <line num="100" count="3" type="cond" truecount="3" falsecount="1"/>
        <line num="102" count="0" type="stmt"/>
        <line num="107" count="5" type="stmt"/>
        <line num="108" count="3" type="stmt"/>
        <line num="109" count="3" type="stmt"/>
        <line num="110" count="3" type="stmt"/>
        <line num="111" count="3" type="stmt"/>
        <line num="112" count="0" type="stmt"/>
        <line num="114" count="3" type="stmt"/>
        <line num="115" count="3" type="cond" truecount="1" falsecount="0"/>
        <line num="116" count="3" type="cond" truecount="3" falsecount="1"/>
        <line num="118" count="0" type="stmt"/>
        <line num="123" count="5" type="stmt"/>
        <line num="124" count="2" type="stmt"/>
        <line num="125" count="2" type="stmt"/>
        <line num="126" count="2" type="stmt"/>
        <line num="127" count="2" type="stmt"/>
        <line num="128" count="1" type="stmt"/>
        <line num="130" count="1" type="stmt"/>
        <line num="131" count="1" type="cond" truecount="1" falsecount="0"/>
        <line num="132" count="1" type="cond" truecount="3" falsecount="1"/>
        <line num="134" count="0" type="stmt"/>
      </file>
      <file name="zacr.service.ts" path="C:\Users\markb\OneDrive\Documents\GitHub\Avalanche\gateway\src\zacr\zacr.service.ts">
        <metrics statements="12" coveredstatements="11" conditionals="0" coveredconditionals="0" methods="9" coveredmethods="8"/>
        <line num="2" count="6" type="stmt"/>
        <line num="3" count="6" type="stmt"/>
        <line num="6" count="6" type="stmt"/>
        <line num="8" count="15" type="stmt"/>
        <line num="12" count="2" type="stmt"/>
        <line num="16" count="1" type="stmt"/>
        <line num="20" count="1" type="stmt"/>
        <line num="24" count="1" type="stmt"/>
        <line num="28" count="1" type="stmt"/>
        <line num="32" count="1" type="stmt"/>
        <line num="36" count="0" type="stmt"/>
        <line num="40" count="1" type="stmt"/>
      </file>
    </package>
  </project>
</coverage>
