{"/Users/ingeodendaal/Documents/COS301/Capstone/Avalanche 2.0/Avalanche/gateway/src/jwt-middleware.middleware.ts": {"path":"/Users/ingeodendaal/Documents/COS301/Capstone/Avalanche 2.0/Avalanche/gateway/src/jwt-middleware.middleware.ts","statementMap":{"0":{"start":{"line":2,"column":0},"end":{"line":2,"column":68}},"1":{"start":{"line":4,"column":0},"end":{"line":4,"column":32}},"2":{"start":{"line":7,"column":7},"end":{"line":43,"column":null}},"3":{"start":{"line":8,"column":48},"end":{"line":8,"column":55}},"4":{"start":{"line":11,"column":4},"end":{"line":41,"column":null}},"5":{"start":{"line":13,"column":6},"end":{"line":13,"column":31}},"6":{"start":{"line":14,"column":20},"end":{"line":14,"column":60}},"7":{"start":{"line":17,"column":23},"end":{"line":17,"column":50}},"8":{"start":{"line":19,"column":6},"end":{"line":38,"column":null}},"9":{"start":{"line":20,"column":8},"end":{"line":20,"column":111}},"10":{"start":{"line":23,"column":8},"end":{"line":25,"column":null}},"11":{"start":{"line":24,"column":10},"end":{"line":24,"column":17}},"12":{"start":{"line":26,"column":8},"end":{"line":37,"column":null}},"13":{"start":{"line":27,"column":29},"end":{"line":27,"column":47}},"14":{"start":{"line":28,"column":10},"end":{"line":28,"column":36}},"15":{"start":{"line":29,"column":10},"end":{"line":29,"column":45}},"16":{"start":{"line":30,"column":10},"end":{"line":30,"column":42}},"17":{"start":{"line":31,"column":10},"end":{"line":31,"column":32}},"18":{"start":{"line":32,"column":10},"end":{"line":32,"column":17}},"19":{"start":{"line":34,"column":10},"end":{"line":34,"column":33}},"20":{"start":{"line":35,"column":10},"end":{"line":35,"column":32}},"21":{"start":{"line":36,"column":10},"end":{"line":36,"column":17}},"22":{"start":{"line":40,"column":6},"end":{"line":40,"column":109}},"23":{"start":{"line":7,"column":13},"end":{"line":43,"column":null}},"24":{"start":{"line":7,"column":13},"end":{"line":7,"column":26}}},"fnMap":{"0":{"name":"(anonymous_4)","decl":{"start":{"line":8,"column":2},"end":{"line":8,"column":15}},"loc":{"start":{"line":8,"column":60},"end":{"line":8,"column":64}}},"1":{"name":"(anonymous_5)","decl":{"start":{"line":10,"column":2},"end":{"line":10,"column":7}},"loc":{"start":{"line":10,"column":59},"end":{"line":42,"column":3}}}},"branchMap":{"0":{"loc":{"start":{"line":14,"column":20},"end":{"line":14,"column":60}},"type":"cond-expr","locations":[{"start":{"line":14,"column":45},"end":{"line":14,"column":47}},{"start":{"line":14,"column":45},"end":{"line":14,"column":60}}]},"1":{"loc":{"start":{"line":14,"column":20},"end":{"line":14,"column":47}},"type":"binary-expr","locations":[{"start":{"line":14,"column":20},"end":{"line":14,"column":47}},{"start":{"line":14,"column":45},"end":{"line":14,"column":47}}]},"2":{"loc":{"start":{"line":19,"column":6},"end":{"line":38,"column":null}},"type":"if","locations":[{"start":{"line":19,"column":6},"end":{"line":38,"column":null}},{"start":{"line":21,"column":11},"end":{"line":38,"column":null}}]},"3":{"loc":{"start":{"line":23,"column":8},"end":{"line":25,"column":null}},"type":"if","locations":[{"start":{"line":23,"column":8},"end":{"line":25,"column":null}}]},"4":{"loc":{"start":{"line":26,"column":8},"end":{"line":37,"column":null}},"type":"if","locations":[{"start":{"line":26,"column":8},"end":{"line":37,"column":null}},{"start":{"line":33,"column":13},"end":{"line":37,"column":null}}]},"5":{"loc":{"start":{"line":26,"column":11},"end":{"line":26,"column":114}},"type":"binary-expr","locations":[{"start":{"line":26,"column":11},"end":{"line":26,"column":42}},{"start":{"line":26,"column":46},"end":{"line":26,"column":79}},{"start":{"line":26,"column":83},"end":{"line":26,"column":114}}]}},"s":{"0":2,"1":2,"2":2,"3":8,"4":20,"5":20,"6":20,"7":20,"8":20,"9":4,"10":16,"11":1,"12":16,"13":1,"14":1,"15":1,"16":1,"17":1,"18":1,"19":15,"20":15,"21":15,"22":0,"23":2,"24":2},"f":{"0":8,"1":20},"b":{"0":[0,20],"1":[20,20],"2":[4,16],"3":[1],"4":[1,15],"5":[16,15,15]}}
,"/Users/ingeodendaal/Documents/COS301/Capstone/Avalanche 2.0/Avalanche/gateway/src/redis.provider.ts": {"path":"/Users/ingeodendaal/Documents/COS301/Capstone/Avalanche 2.0/Avalanche/gateway/src/redis.provider.ts","statementMap":{"0":{"start":{"line":3,"column":0},"end":{"line":3,"column":47}},"1":{"start":{"line":4,"column":0},"end":{"line":4,"column":28}},"2":{"start":{"line":6,"column":13},"end":{"line":21,"column":2}},"3":{"start":{"line":9,"column":22},"end":{"line":9,"column":61}},"4":{"start":{"line":10,"column":4},"end":{"line":12,"column":null}},"5":{"start":{"line":11,"column":6},"end":{"line":11,"column":67}},"6":{"start":{"line":13,"column":4},"end":{"line":18,"column":7}}},"fnMap":{"0":{"name":"(anonymous_0)","decl":{"start":{"line":8,"column":14},"end":{"line":8,"column":15}},"loc":{"start":{"line":8,"column":54},"end":{"line":19,"column":3}}}},"branchMap":{"0":{"loc":{"start":{"line":10,"column":4},"end":{"line":12,"column":null}},"type":"if","locations":[{"start":{"line":10,"column":4},"end":{"line":12,"column":null}}]}},"s":{"0":3,"1":3,"2":3,"3":4,"4":4,"5":1,"6":3},"f":{"0":4},"b":{"0":[1]}}
,"/Users/ingeodendaal/Documents/COS301/Capstone/Avalanche 2.0/Avalanche/gateway/src/domain-watch/domain-watch.controller.ts": {"path":"/Users/ingeodendaal/Documents/COS301/Capstone/Avalanche 2.0/Avalanche/gateway/src/domain-watch/domain-watch.controller.ts","statementMap":{"0":{"start":{"line":2,"column":0},"end":{"line":2,"column":56}},"1":{"start":{"line":3,"column":0},"end":{"line":3,"column":60}},"2":{"start":{"line":6,"column":7},"end":{"line":14,"column":null}},"3":{"start":{"line":7,"column":31},"end":{"line":7,"column":51}},"4":{"start":{"line":11,"column":19},"end":{"line":11,"column":63}},"5":{"start":{"line":12,"column":4},"end":{"line":12,"column":18}},"6":{"start":{"line":10,"column":8},"end":{"line":13,"column":null}},"7":{"start":{"line":6,"column":13},"end":{"line":14,"column":null}},"8":{"start":{"line":6,"column":13},"end":{"line":6,"column":34}}},"fnMap":{"0":{"name":"(anonymous_4)","decl":{"start":{"line":7,"column":2},"end":{"line":7,"column":31}},"loc":{"start":{"line":7,"column":69},"end":{"line":7,"column":73}}},"1":{"name":"(anonymous_5)","decl":{"start":{"line":10,"column":2},"end":{"line":10,"column":7}},"loc":{"start":{"line":10,"column":34},"end":{"line":13,"column":3}}}},"branchMap":{},"s":{"0":2,"1":2,"2":2,"3":4,"4":1,"5":1,"6":2,"7":2,"8":2},"f":{"0":4,"1":1},"b":{}}
,"/Users/ingeodendaal/Documents/COS301/Capstone/Avalanche 2.0/Avalanche/gateway/src/domain-watch/domain-watch.service.ts": {"path":"/Users/ingeodendaal/Documents/COS301/Capstone/Avalanche 2.0/Avalanche/gateway/src/domain-watch/domain-watch.service.ts","statementMap":{"0":{"start":{"line":2,"column":0},"end":{"line":2,"column":44}},"1":{"start":{"line":3,"column":0},"end":{"line":3,"column":44}},"2":{"start":{"line":4,"column":0},"end":{"line":4,"column":37}},"3":{"start":{"line":7,"column":7},"end":{"line":16,"column":null}},"4":{"start":{"line":8,"column":22},"end":{"line":8,"column":35}},"5":{"start":{"line":11,"column":4},"end":{"line":11,"column":22}},"6":{"start":{"line":12,"column":21},"end":{"line":12,"column":92}},"7":{"start":{"line":13,"column":25},"end":{"line":13,"column":54}},"8":{"start":{"line":14,"column":4},"end":{"line":14,"column":45}},"9":{"start":{"line":7,"column":13},"end":{"line":16,"column":null}},"10":{"start":{"line":7,"column":13},"end":{"line":7,"column":31}}},"fnMap":{"0":{"name":"(anonymous_2)","decl":{"start":{"line":8,"column":2},"end":{"line":8,"column":22}},"loc":{"start":{"line":8,"column":46},"end":{"line":8,"column":51}}},"1":{"name":"(anonymous_3)","decl":{"start":{"line":10,"column":2},"end":{"line":10,"column":7}},"loc":{"start":{"line":10,"column":26},"end":{"line":15,"column":3}}}},"branchMap":{},"s":{"0":4,"1":4,"2":4,"3":4,"4":5,"5":2,"6":2,"7":2,"8":2,"9":4,"10":4},"f":{"0":5,"1":2},"b":{}}
,"/Users/ingeodendaal/Documents/COS301/Capstone/Avalanche 2.0/Avalanche/gateway/src/user-management/user-management.service.ts": {"path":"/Users/ingeodendaal/Documents/COS301/Capstone/Avalanche 2.0/Avalanche/gateway/src/user-management/user-management.service.ts","statementMap":{"0":{"start":{"line":4,"column":0},"end":{"line":4,"column":52}},"1":{"start":{"line":5,"column":0},"end":{"line":5,"column":52}},"2":{"start":{"line":8,"column":7},"end":{"line":61,"column":null}},"3":{"start":{"line":10,"column":56},"end":{"line":10,"column":64}},"4":{"start":{"line":13,"column":4},"end":{"line":13,"column":31}},"5":{"start":{"line":14,"column":4},"end":{"line":14,"column":67}},"6":{"start":{"line":17,"column":4},"end":{"line":17,"column":65}},"7":{"start":{"line":20,"column":4},"end":{"line":20,"column":68}},"8":{"start":{"line":23,"column":6},"end":{"line":23,"column":66}},"9":{"start":{"line":26,"column":4},"end":{"line":26,"column":77}},"10":{"start":{"line":29,"column":4},"end":{"line":29,"column":70}},"11":{"start":{"line":32,"column":4},"end":{"line":32,"column":69}},"12":{"start":{"line":35,"column":4},"end":{"line":35,"column":74}},"13":{"start":{"line":38,"column":4},"end":{"line":38,"column":77}},"14":{"start":{"line":41,"column":4},"end":{"line":41,"column":72}},"15":{"start":{"line":44,"column":4},"end":{"line":44,"column":80}},"16":{"start":{"line":47,"column":4},"end":{"line":47,"column":75}},"17":{"start":{"line":50,"column":4},"end":{"line":50,"column":83}},"18":{"start":{"line":53,"column":4},"end":{"line":53,"column":84}},"19":{"start":{"line":56,"column":4},"end":{"line":56,"column":88}},"20":{"start":{"line":59,"column":4},"end":{"line":59,"column":84}},"21":{"start":{"line":8,"column":13},"end":{"line":61,"column":null}},"22":{"start":{"line":8,"column":13},"end":{"line":8,"column":34}}},"fnMap":{"0":{"name":"(anonymous_4)","decl":{"start":{"line":9,"column":2},"end":{"line":9,"column":null}},"loc":{"start":{"line":10,"column":75},"end":{"line":11,"column":6}}},"1":{"name":"(anonymous_5)","decl":{"start":{"line":12,"column":2},"end":{"line":12,"column":7}},"loc":{"start":{"line":12,"column":26},"end":{"line":15,"column":3}}},"2":{"name":"(anonymous_6)","decl":{"start":{"line":16,"column":2},"end":{"line":16,"column":7}},"loc":{"start":{"line":16,"column":24},"end":{"line":18,"column":3}}},"3":{"name":"(anonymous_7)","decl":{"start":{"line":19,"column":2},"end":{"line":19,"column":7}},"loc":{"start":{"line":19,"column":27},"end":{"line":21,"column":3}}},"4":{"name":"(anonymous_8)","decl":{"start":{"line":22,"column":2},"end":{"line":22,"column":7}},"loc":{"start":{"line":22,"column":23},"end":{"line":24,"column":3}}},"5":{"name":"(anonymous_9)","decl":{"start":{"line":25,"column":2},"end":{"line":25,"column":7}},"loc":{"start":{"line":25,"column":36},"end":{"line":27,"column":3}}},"6":{"name":"(anonymous_10)","decl":{"start":{"line":28,"column":2},"end":{"line":28,"column":7}},"loc":{"start":{"line":28,"column":29},"end":{"line":30,"column":3}}},"7":{"name":"(anonymous_11)","decl":{"start":{"line":31,"column":2},"end":{"line":31,"column":7}},"loc":{"start":{"line":31,"column":28},"end":{"line":33,"column":3}}},"8":{"name":"(anonymous_12)","decl":{"start":{"line":34,"column":2},"end":{"line":34,"column":7}},"loc":{"start":{"line":34,"column":33},"end":{"line":36,"column":3}}},"9":{"name":"(anonymous_13)","decl":{"start":{"line":37,"column":2},"end":{"line":37,"column":7}},"loc":{"start":{"line":37,"column":36},"end":{"line":39,"column":3}}},"10":{"name":"(anonymous_14)","decl":{"start":{"line":40,"column":2},"end":{"line":40,"column":7}},"loc":{"start":{"line":40,"column":31},"end":{"line":42,"column":3}}},"11":{"name":"(anonymous_15)","decl":{"start":{"line":43,"column":2},"end":{"line":43,"column":7}},"loc":{"start":{"line":43,"column":41},"end":{"line":45,"column":3}}},"12":{"name":"(anonymous_16)","decl":{"start":{"line":46,"column":2},"end":{"line":46,"column":7}},"loc":{"start":{"line":46,"column":34},"end":{"line":48,"column":3}}},"13":{"name":"(anonymous_17)","decl":{"start":{"line":49,"column":2},"end":{"line":49,"column":7}},"loc":{"start":{"line":49,"column":44},"end":{"line":51,"column":3}}},"14":{"name":"(anonymous_18)","decl":{"start":{"line":52,"column":2},"end":{"line":52,"column":7}},"loc":{"start":{"line":52,"column":43},"end":{"line":54,"column":3}}},"15":{"name":"(anonymous_19)","decl":{"start":{"line":55,"column":2},"end":{"line":55,"column":7}},"loc":{"start":{"line":55,"column":47},"end":{"line":57,"column":3}}},"16":{"name":"(anonymous_20)","decl":{"start":{"line":58,"column":2},"end":{"line":58,"column":7}},"loc":{"start":{"line":58,"column":43},"end":{"line":60,"column":3}}}},"branchMap":{},"s":{"0":2,"1":2,"2":2,"3":19,"4":1,"5":1,"6":1,"7":1,"8":1,"9":1,"10":1,"11":1,"12":1,"13":1,"14":1,"15":1,"16":1,"17":1,"18":1,"19":1,"20":1,"21":2,"22":2},"f":{"0":19,"1":1,"2":1,"3":1,"4":1,"5":1,"6":1,"7":1,"8":1,"9":1,"10":1,"11":1,"12":1,"13":1,"14":1,"15":1,"16":1},"b":{}}
,"/Users/ingeodendaal/Documents/COS301/Capstone/Avalanche 2.0/Avalanche/gateway/src/user-management/user-mangement.controller.ts": {"path":"/Users/ingeodendaal/Documents/COS301/Capstone/Avalanche 2.0/Avalanche/gateway/src/user-management/user-mangement.controller.ts","statementMap":{"0":{"start":{"line":2,"column":0},"end":{"line":2,"column":79}},"1":{"start":{"line":3,"column":0},"end":{"line":3,"column":66}},"2":{"start":{"line":5,"column":0},"end":{"line":5,"column":37}},"3":{"start":{"line":8,"column":7},"end":{"line":253,"column":null}},"4":{"start":{"line":9,"column":57},"end":{"line":9,"column":65}},"5":{"start":{"line":13,"column":20},"end":{"line":13,"column":39}},"6":{"start":{"line":14,"column":20},"end":{"line":14,"column":24}},"7":{"start":{"line":15,"column":4},"end":{"line":24,"column":null}},"8":{"start":{"line":16,"column":21},"end":{"line":16,"column":76}},"9":{"start":{"line":17,"column":6},"end":{"line":17,"column":20}},"10":{"start":{"line":19,"column":23},"end":{"line":19,"column":28}},"11":{"start":{"line":20,"column":6},"end":{"line":22,"column":null}},"12":{"start":{"line":21,"column":8},"end":{"line":21,"column":108}},"13":{"start":{"line":23,"column":6},"end":{"line":23,"column":18}},"14":{"start":{"line":28,"column":20},"end":{"line":28,"column":37}},"15":{"start":{"line":29,"column":20},"end":{"line":29,"column":24}},"16":{"start":{"line":30,"column":4},"end":{"line":39,"column":null}},"17":{"start":{"line":31,"column":21},"end":{"line":31,"column":76}},"18":{"start":{"line":32,"column":6},"end":{"line":32,"column":20}},"19":{"start":{"line":34,"column":23},"end":{"line":34,"column":28}},"20":{"start":{"line":35,"column":6},"end":{"line":37,"column":null}},"21":{"start":{"line":36,"column":8},"end":{"line":36,"column":108}},"22":{"start":{"line":38,"column":6},"end":{"line":38,"column":18}},"23":{"start":{"line":43,"column":20},"end":{"line":43,"column":40}},"24":{"start":{"line":44,"column":20},"end":{"line":44,"column":24}},"25":{"start":{"line":45,"column":4},"end":{"line":54,"column":null}},"26":{"start":{"line":46,"column":21},"end":{"line":46,"column":76}},"27":{"start":{"line":47,"column":6},"end":{"line":47,"column":20}},"28":{"start":{"line":49,"column":23},"end":{"line":49,"column":28}},"29":{"start":{"line":50,"column":6},"end":{"line":52,"column":null}},"30":{"start":{"line":51,"column":8},"end":{"line":51,"column":108}},"31":{"start":{"line":53,"column":6},"end":{"line":53,"column":18}},"32":{"start":{"line":58,"column":20},"end":{"line":58,"column":36}},"33":{"start":{"line":59,"column":20},"end":{"line":59,"column":24}},"34":{"start":{"line":60,"column":4},"end":{"line":69,"column":null}},"35":{"start":{"line":61,"column":21},"end":{"line":61,"column":76}},"36":{"start":{"line":62,"column":6},"end":{"line":62,"column":20}},"37":{"start":{"line":64,"column":23},"end":{"line":64,"column":28}},"38":{"start":{"line":65,"column":6},"end":{"line":67,"column":null}},"39":{"start":{"line":66,"column":8},"end":{"line":66,"column":108}},"40":{"start":{"line":68,"column":6},"end":{"line":68,"column":18}},"41":{"start":{"line":73,"column":20},"end":{"line":73,"column":42}},"42":{"start":{"line":74,"column":20},"end":{"line":74,"column":24}},"43":{"start":{"line":75,"column":4},"end":{"line":84,"column":null}},"44":{"start":{"line":76,"column":21},"end":{"line":76,"column":76}},"45":{"start":{"line":77,"column":6},"end":{"line":77,"column":20}},"46":{"start":{"line":79,"column":23},"end":{"line":79,"column":28}},"47":{"start":{"line":80,"column":6},"end":{"line":82,"column":null}},"48":{"start":{"line":81,"column":8},"end":{"line":81,"column":108}},"49":{"start":{"line":83,"column":6},"end":{"line":83,"column":18}},"50":{"start":{"line":88,"column":20},"end":{"line":88,"column":41}},"51":{"start":{"line":89,"column":20},"end":{"line":89,"column":24}},"52":{"start":{"line":90,"column":4},"end":{"line":99,"column":null}},"53":{"start":{"line":91,"column":21},"end":{"line":91,"column":76}},"54":{"start":{"line":92,"column":6},"end":{"line":92,"column":20}},"55":{"start":{"line":94,"column":23},"end":{"line":94,"column":28}},"56":{"start":{"line":95,"column":6},"end":{"line":97,"column":null}},"57":{"start":{"line":96,"column":8},"end":{"line":96,"column":108}},"58":{"start":{"line":98,"column":6},"end":{"line":98,"column":18}},"59":{"start":{"line":103,"column":20},"end":{"line":103,"column":49}},"60":{"start":{"line":104,"column":20},"end":{"line":104,"column":24}},"61":{"start":{"line":105,"column":4},"end":{"line":114,"column":null}},"62":{"start":{"line":106,"column":21},"end":{"line":106,"column":76}},"63":{"start":{"line":107,"column":6},"end":{"line":107,"column":20}},"64":{"start":{"line":109,"column":23},"end":{"line":109,"column":28}},"65":{"start":{"line":110,"column":6},"end":{"line":112,"column":null}},"66":{"start":{"line":111,"column":8},"end":{"line":111,"column":108}},"67":{"start":{"line":113,"column":6},"end":{"line":113,"column":18}},"68":{"start":{"line":119,"column":20},"end":{"line":119,"column":46}},"69":{"start":{"line":120,"column":20},"end":{"line":120,"column":24}},"70":{"start":{"line":121,"column":4},"end":{"line":130,"column":null}},"71":{"start":{"line":122,"column":21},"end":{"line":122,"column":76}},"72":{"start":{"line":123,"column":6},"end":{"line":123,"column":20}},"73":{"start":{"line":125,"column":23},"end":{"line":125,"column":28}},"74":{"start":{"line":126,"column":6},"end":{"line":128,"column":null}},"75":{"start":{"line":127,"column":8},"end":{"line":127,"column":108}},"76":{"start":{"line":129,"column":6},"end":{"line":129,"column":18}},"77":{"start":{"line":134,"column":20},"end":{"line":134,"column":49}},"78":{"start":{"line":135,"column":20},"end":{"line":135,"column":24}},"79":{"start":{"line":136,"column":4},"end":{"line":145,"column":null}},"80":{"start":{"line":137,"column":21},"end":{"line":137,"column":76}},"81":{"start":{"line":138,"column":6},"end":{"line":138,"column":20}},"82":{"start":{"line":140,"column":23},"end":{"line":140,"column":28}},"83":{"start":{"line":141,"column":6},"end":{"line":143,"column":null}},"84":{"start":{"line":142,"column":8},"end":{"line":142,"column":108}},"85":{"start":{"line":144,"column":6},"end":{"line":144,"column":18}},"86":{"start":{"line":149,"column":20},"end":{"line":149,"column":44}},"87":{"start":{"line":150,"column":20},"end":{"line":150,"column":24}},"88":{"start":{"line":151,"column":4},"end":{"line":160,"column":null}},"89":{"start":{"line":152,"column":21},"end":{"line":152,"column":76}},"90":{"start":{"line":153,"column":6},"end":{"line":153,"column":20}},"91":{"start":{"line":155,"column":23},"end":{"line":155,"column":28}},"92":{"start":{"line":156,"column":6},"end":{"line":158,"column":null}},"93":{"start":{"line":157,"column":8},"end":{"line":157,"column":108}},"94":{"start":{"line":159,"column":6},"end":{"line":159,"column":18}},"95":{"start":{"line":164,"column":20},"end":{"line":164,"column":54}},"96":{"start":{"line":165,"column":20},"end":{"line":165,"column":24}},"97":{"start":{"line":166,"column":4},"end":{"line":175,"column":null}},"98":{"start":{"line":167,"column":21},"end":{"line":167,"column":76}},"99":{"start":{"line":168,"column":6},"end":{"line":168,"column":20}},"100":{"start":{"line":170,"column":23},"end":{"line":170,"column":28}},"101":{"start":{"line":171,"column":6},"end":{"line":173,"column":null}},"102":{"start":{"line":172,"column":8},"end":{"line":172,"column":108}},"103":{"start":{"line":174,"column":6},"end":{"line":174,"column":18}},"104":{"start":{"line":180,"column":20},"end":{"line":180,"column":47}},"105":{"start":{"line":181,"column":20},"end":{"line":181,"column":24}},"106":{"start":{"line":182,"column":4},"end":{"line":191,"column":null}},"107":{"start":{"line":183,"column":21},"end":{"line":183,"column":76}},"108":{"start":{"line":184,"column":6},"end":{"line":184,"column":20}},"109":{"start":{"line":186,"column":23},"end":{"line":186,"column":28}},"110":{"start":{"line":187,"column":6},"end":{"line":189,"column":null}},"111":{"start":{"line":188,"column":8},"end":{"line":188,"column":108}},"112":{"start":{"line":190,"column":6},"end":{"line":190,"column":18}},"113":{"start":{"line":195,"column":20},"end":{"line":195,"column":57}},"114":{"start":{"line":196,"column":20},"end":{"line":196,"column":24}},"115":{"start":{"line":197,"column":4},"end":{"line":206,"column":null}},"116":{"start":{"line":198,"column":21},"end":{"line":198,"column":76}},"117":{"start":{"line":199,"column":6},"end":{"line":199,"column":20}},"118":{"start":{"line":201,"column":23},"end":{"line":201,"column":28}},"119":{"start":{"line":202,"column":6},"end":{"line":204,"column":null}},"120":{"start":{"line":203,"column":8},"end":{"line":203,"column":108}},"121":{"start":{"line":205,"column":6},"end":{"line":205,"column":18}},"122":{"start":{"line":210,"column":20},"end":{"line":210,"column":56}},"123":{"start":{"line":211,"column":20},"end":{"line":211,"column":24}},"124":{"start":{"line":212,"column":4},"end":{"line":221,"column":null}},"125":{"start":{"line":213,"column":21},"end":{"line":213,"column":76}},"126":{"start":{"line":214,"column":6},"end":{"line":214,"column":20}},"127":{"start":{"line":216,"column":23},"end":{"line":216,"column":28}},"128":{"start":{"line":217,"column":6},"end":{"line":219,"column":null}},"129":{"start":{"line":218,"column":8},"end":{"line":218,"column":108}},"130":{"start":{"line":220,"column":6},"end":{"line":220,"column":18}},"131":{"start":{"line":225,"column":20},"end":{"line":225,"column":60}},"132":{"start":{"line":226,"column":20},"end":{"line":226,"column":24}},"133":{"start":{"line":227,"column":4},"end":{"line":236,"column":null}},"134":{"start":{"line":228,"column":21},"end":{"line":228,"column":76}},"135":{"start":{"line":229,"column":6},"end":{"line":229,"column":20}},"136":{"start":{"line":231,"column":23},"end":{"line":231,"column":28}},"137":{"start":{"line":232,"column":6},"end":{"line":234,"column":null}},"138":{"start":{"line":233,"column":8},"end":{"line":233,"column":108}},"139":{"start":{"line":235,"column":6},"end":{"line":235,"column":18}},"140":{"start":{"line":240,"column":20},"end":{"line":240,"column":56}},"141":{"start":{"line":241,"column":20},"end":{"line":241,"column":24}},"142":{"start":{"line":242,"column":4},"end":{"line":251,"column":null}},"143":{"start":{"line":243,"column":21},"end":{"line":243,"column":76}},"144":{"start":{"line":244,"column":6},"end":{"line":244,"column":20}},"145":{"start":{"line":246,"column":23},"end":{"line":246,"column":28}},"146":{"start":{"line":247,"column":6},"end":{"line":249,"column":null}},"147":{"start":{"line":248,"column":8},"end":{"line":248,"column":108}},"148":{"start":{"line":250,"column":6},"end":{"line":250,"column":18}},"149":{"start":{"line":12,"column":8},"end":{"line":25,"column":null}},"150":{"start":{"line":27,"column":8},"end":{"line":40,"column":null}},"151":{"start":{"line":42,"column":8},"end":{"line":55,"column":null}},"152":{"start":{"line":57,"column":8},"end":{"line":70,"column":null}},"153":{"start":{"line":72,"column":8},"end":{"line":85,"column":null}},"154":{"start":{"line":87,"column":8},"end":{"line":100,"column":null}},"155":{"start":{"line":102,"column":8},"end":{"line":115,"column":null}},"156":{"start":{"line":118,"column":8},"end":{"line":131,"column":null}},"157":{"start":{"line":133,"column":8},"end":{"line":146,"column":null}},"158":{"start":{"line":148,"column":8},"end":{"line":161,"column":null}},"159":{"start":{"line":163,"column":8},"end":{"line":176,"column":null}},"160":{"start":{"line":179,"column":8},"end":{"line":192,"column":null}},"161":{"start":{"line":194,"column":8},"end":{"line":207,"column":null}},"162":{"start":{"line":209,"column":8},"end":{"line":222,"column":null}},"163":{"start":{"line":224,"column":8},"end":{"line":237,"column":null}},"164":{"start":{"line":239,"column":8},"end":{"line":252,"column":null}},"165":{"start":{"line":8,"column":13},"end":{"line":253,"column":null}},"166":{"start":{"line":8,"column":13},"end":{"line":8,"column":37}}},"fnMap":{"0":{"name":"(anonymous_4)","decl":{"start":{"line":9,"column":2},"end":{"line":9,"column":15}},"loc":{"start":{"line":9,"column":76},"end":{"line":9,"column":81}}},"1":{"name":"(anonymous_5)","decl":{"start":{"line":12,"column":2},"end":{"line":12,"column":7}},"loc":{"start":{"line":12,"column":34},"end":{"line":25,"column":3}}},"2":{"name":"(anonymous_6)","decl":{"start":{"line":27,"column":2},"end":{"line":27,"column":7}},"loc":{"start":{"line":27,"column":32},"end":{"line":40,"column":3}}},"3":{"name":"(anonymous_7)","decl":{"start":{"line":42,"column":2},"end":{"line":42,"column":7}},"loc":{"start":{"line":42,"column":35},"end":{"line":55,"column":3}}},"4":{"name":"(anonymous_8)","decl":{"start":{"line":57,"column":2},"end":{"line":57,"column":7}},"loc":{"start":{"line":57,"column":31},"end":{"line":70,"column":3}}},"5":{"name":"(anonymous_9)","decl":{"start":{"line":72,"column":2},"end":{"line":72,"column":7}},"loc":{"start":{"line":72,"column":37},"end":{"line":85,"column":3}}},"6":{"name":"(anonymous_10)","decl":{"start":{"line":87,"column":2},"end":{"line":87,"column":7}},"loc":{"start":{"line":87,"column":37},"end":{"line":100,"column":3}}},"7":{"name":"(anonymous_11)","decl":{"start":{"line":102,"column":2},"end":{"line":102,"column":7}},"loc":{"start":{"line":102,"column":44},"end":{"line":115,"column":3}}},"8":{"name":"(anonymous_12)","decl":{"start":{"line":118,"column":2},"end":{"line":118,"column":7}},"loc":{"start":{"line":118,"column":41},"end":{"line":131,"column":3}}},"9":{"name":"(anonymous_13)","decl":{"start":{"line":133,"column":2},"end":{"line":133,"column":7}},"loc":{"start":{"line":133,"column":44},"end":{"line":146,"column":3}}},"10":{"name":"(anonymous_14)","decl":{"start":{"line":148,"column":2},"end":{"line":148,"column":7}},"loc":{"start":{"line":148,"column":39},"end":{"line":161,"column":3}}},"11":{"name":"(anonymous_15)","decl":{"start":{"line":163,"column":2},"end":{"line":163,"column":7}},"loc":{"start":{"line":163,"column":49},"end":{"line":176,"column":3}}},"12":{"name":"(anonymous_16)","decl":{"start":{"line":179,"column":2},"end":{"line":179,"column":7}},"loc":{"start":{"line":179,"column":42},"end":{"line":192,"column":3}}},"13":{"name":"(anonymous_17)","decl":{"start":{"line":194,"column":2},"end":{"line":194,"column":7}},"loc":{"start":{"line":194,"column":52},"end":{"line":207,"column":3}}},"14":{"name":"(anonymous_18)","decl":{"start":{"line":209,"column":2},"end":{"line":209,"column":7}},"loc":{"start":{"line":209,"column":51},"end":{"line":222,"column":3}}},"15":{"name":"(anonymous_19)","decl":{"start":{"line":224,"column":2},"end":{"line":224,"column":7}},"loc":{"start":{"line":224,"column":55},"end":{"line":237,"column":3}}},"16":{"name":"(anonymous_20)","decl":{"start":{"line":239,"column":2},"end":{"line":239,"column":7}},"loc":{"start":{"line":239,"column":51},"end":{"line":252,"column":3}}}},"branchMap":{"0":{"loc":{"start":{"line":20,"column":6},"end":{"line":22,"column":null}},"type":"if","locations":[{"start":{"line":20,"column":6},"end":{"line":22,"column":null}}]},"1":{"loc":{"start":{"line":21,"column":32},"end":{"line":21,"column":82}},"type":"binary-expr","locations":[{"start":{"line":21,"column":32},"end":{"line":21,"column":48}},{"start":{"line":21,"column":52},"end":{"line":21,"column":82}}]},"2":{"loc":{"start":{"line":21,"column":84},"end":{"line":21,"column":106}},"type":"binary-expr","locations":[{"start":{"line":21,"column":84},"end":{"line":21,"column":99}},{"start":{"line":21,"column":103},"end":{"line":21,"column":106}}]},"3":{"loc":{"start":{"line":35,"column":6},"end":{"line":37,"column":null}},"type":"if","locations":[{"start":{"line":35,"column":6},"end":{"line":37,"column":null}}]},"4":{"loc":{"start":{"line":36,"column":32},"end":{"line":36,"column":82}},"type":"binary-expr","locations":[{"start":{"line":36,"column":32},"end":{"line":36,"column":48}},{"start":{"line":36,"column":52},"end":{"line":36,"column":82}}]},"5":{"loc":{"start":{"line":36,"column":84},"end":{"line":36,"column":106}},"type":"binary-expr","locations":[{"start":{"line":36,"column":84},"end":{"line":36,"column":99}},{"start":{"line":36,"column":103},"end":{"line":36,"column":106}}]},"6":{"loc":{"start":{"line":50,"column":6},"end":{"line":52,"column":null}},"type":"if","locations":[{"start":{"line":50,"column":6},"end":{"line":52,"column":null}}]},"7":{"loc":{"start":{"line":51,"column":32},"end":{"line":51,"column":82}},"type":"binary-expr","locations":[{"start":{"line":51,"column":32},"end":{"line":51,"column":48}},{"start":{"line":51,"column":52},"end":{"line":51,"column":82}}]},"8":{"loc":{"start":{"line":51,"column":84},"end":{"line":51,"column":106}},"type":"binary-expr","locations":[{"start":{"line":51,"column":84},"end":{"line":51,"column":99}},{"start":{"line":51,"column":103},"end":{"line":51,"column":106}}]},"9":{"loc":{"start":{"line":65,"column":6},"end":{"line":67,"column":null}},"type":"if","locations":[{"start":{"line":65,"column":6},"end":{"line":67,"column":null}}]},"10":{"loc":{"start":{"line":66,"column":32},"end":{"line":66,"column":82}},"type":"binary-expr","locations":[{"start":{"line":66,"column":32},"end":{"line":66,"column":48}},{"start":{"line":66,"column":52},"end":{"line":66,"column":82}}]},"11":{"loc":{"start":{"line":66,"column":84},"end":{"line":66,"column":106}},"type":"binary-expr","locations":[{"start":{"line":66,"column":84},"end":{"line":66,"column":99}},{"start":{"line":66,"column":103},"end":{"line":66,"column":106}}]},"12":{"loc":{"start":{"line":80,"column":6},"end":{"line":82,"column":null}},"type":"if","locations":[{"start":{"line":80,"column":6},"end":{"line":82,"column":null}}]},"13":{"loc":{"start":{"line":81,"column":32},"end":{"line":81,"column":82}},"type":"binary-expr","locations":[{"start":{"line":81,"column":32},"end":{"line":81,"column":48}},{"start":{"line":81,"column":52},"end":{"line":81,"column":82}}]},"14":{"loc":{"start":{"line":81,"column":84},"end":{"line":81,"column":106}},"type":"binary-expr","locations":[{"start":{"line":81,"column":84},"end":{"line":81,"column":99}},{"start":{"line":81,"column":103},"end":{"line":81,"column":106}}]},"15":{"loc":{"start":{"line":95,"column":6},"end":{"line":97,"column":null}},"type":"if","locations":[{"start":{"line":95,"column":6},"end":{"line":97,"column":null}}]},"16":{"loc":{"start":{"line":96,"column":32},"end":{"line":96,"column":82}},"type":"binary-expr","locations":[{"start":{"line":96,"column":32},"end":{"line":96,"column":48}},{"start":{"line":96,"column":52},"end":{"line":96,"column":82}}]},"17":{"loc":{"start":{"line":96,"column":84},"end":{"line":96,"column":106}},"type":"binary-expr","locations":[{"start":{"line":96,"column":84},"end":{"line":96,"column":99}},{"start":{"line":96,"column":103},"end":{"line":96,"column":106}}]},"18":{"loc":{"start":{"line":110,"column":6},"end":{"line":112,"column":null}},"type":"if","locations":[{"start":{"line":110,"column":6},"end":{"line":112,"column":null}}]},"19":{"loc":{"start":{"line":111,"column":32},"end":{"line":111,"column":82}},"type":"binary-expr","locations":[{"start":{"line":111,"column":32},"end":{"line":111,"column":48}},{"start":{"line":111,"column":52},"end":{"line":111,"column":82}}]},"20":{"loc":{"start":{"line":111,"column":84},"end":{"line":111,"column":106}},"type":"binary-expr","locations":[{"start":{"line":111,"column":84},"end":{"line":111,"column":99}},{"start":{"line":111,"column":103},"end":{"line":111,"column":106}}]},"21":{"loc":{"start":{"line":126,"column":6},"end":{"line":128,"column":null}},"type":"if","locations":[{"start":{"line":126,"column":6},"end":{"line":128,"column":null}}]},"22":{"loc":{"start":{"line":127,"column":32},"end":{"line":127,"column":82}},"type":"binary-expr","locations":[{"start":{"line":127,"column":32},"end":{"line":127,"column":48}},{"start":{"line":127,"column":52},"end":{"line":127,"column":82}}]},"23":{"loc":{"start":{"line":127,"column":84},"end":{"line":127,"column":106}},"type":"binary-expr","locations":[{"start":{"line":127,"column":84},"end":{"line":127,"column":99}},{"start":{"line":127,"column":103},"end":{"line":127,"column":106}}]},"24":{"loc":{"start":{"line":141,"column":6},"end":{"line":143,"column":null}},"type":"if","locations":[{"start":{"line":141,"column":6},"end":{"line":143,"column":null}}]},"25":{"loc":{"start":{"line":142,"column":32},"end":{"line":142,"column":82}},"type":"binary-expr","locations":[{"start":{"line":142,"column":32},"end":{"line":142,"column":48}},{"start":{"line":142,"column":52},"end":{"line":142,"column":82}}]},"26":{"loc":{"start":{"line":142,"column":84},"end":{"line":142,"column":106}},"type":"binary-expr","locations":[{"start":{"line":142,"column":84},"end":{"line":142,"column":99}},{"start":{"line":142,"column":103},"end":{"line":142,"column":106}}]},"27":{"loc":{"start":{"line":156,"column":6},"end":{"line":158,"column":null}},"type":"if","locations":[{"start":{"line":156,"column":6},"end":{"line":158,"column":null}}]},"28":{"loc":{"start":{"line":157,"column":32},"end":{"line":157,"column":82}},"type":"binary-expr","locations":[{"start":{"line":157,"column":32},"end":{"line":157,"column":48}},{"start":{"line":157,"column":52},"end":{"line":157,"column":82}}]},"29":{"loc":{"start":{"line":157,"column":84},"end":{"line":157,"column":106}},"type":"binary-expr","locations":[{"start":{"line":157,"column":84},"end":{"line":157,"column":99}},{"start":{"line":157,"column":103},"end":{"line":157,"column":106}}]},"30":{"loc":{"start":{"line":171,"column":6},"end":{"line":173,"column":null}},"type":"if","locations":[{"start":{"line":171,"column":6},"end":{"line":173,"column":null}}]},"31":{"loc":{"start":{"line":172,"column":32},"end":{"line":172,"column":82}},"type":"binary-expr","locations":[{"start":{"line":172,"column":32},"end":{"line":172,"column":48}},{"start":{"line":172,"column":52},"end":{"line":172,"column":82}}]},"32":{"loc":{"start":{"line":172,"column":84},"end":{"line":172,"column":106}},"type":"binary-expr","locations":[{"start":{"line":172,"column":84},"end":{"line":172,"column":99}},{"start":{"line":172,"column":103},"end":{"line":172,"column":106}}]},"33":{"loc":{"start":{"line":187,"column":6},"end":{"line":189,"column":null}},"type":"if","locations":[{"start":{"line":187,"column":6},"end":{"line":189,"column":null}}]},"34":{"loc":{"start":{"line":188,"column":32},"end":{"line":188,"column":82}},"type":"binary-expr","locations":[{"start":{"line":188,"column":32},"end":{"line":188,"column":48}},{"start":{"line":188,"column":52},"end":{"line":188,"column":82}}]},"35":{"loc":{"start":{"line":188,"column":84},"end":{"line":188,"column":106}},"type":"binary-expr","locations":[{"start":{"line":188,"column":84},"end":{"line":188,"column":99}},{"start":{"line":188,"column":103},"end":{"line":188,"column":106}}]},"36":{"loc":{"start":{"line":202,"column":6},"end":{"line":204,"column":null}},"type":"if","locations":[{"start":{"line":202,"column":6},"end":{"line":204,"column":null}}]},"37":{"loc":{"start":{"line":203,"column":32},"end":{"line":203,"column":82}},"type":"binary-expr","locations":[{"start":{"line":203,"column":32},"end":{"line":203,"column":48}},{"start":{"line":203,"column":52},"end":{"line":203,"column":82}}]},"38":{"loc":{"start":{"line":203,"column":84},"end":{"line":203,"column":106}},"type":"binary-expr","locations":[{"start":{"line":203,"column":84},"end":{"line":203,"column":99}},{"start":{"line":203,"column":103},"end":{"line":203,"column":106}}]},"39":{"loc":{"start":{"line":217,"column":6},"end":{"line":219,"column":null}},"type":"if","locations":[{"start":{"line":217,"column":6},"end":{"line":219,"column":null}}]},"40":{"loc":{"start":{"line":218,"column":32},"end":{"line":218,"column":82}},"type":"binary-expr","locations":[{"start":{"line":218,"column":32},"end":{"line":218,"column":48}},{"start":{"line":218,"column":52},"end":{"line":218,"column":82}}]},"41":{"loc":{"start":{"line":218,"column":84},"end":{"line":218,"column":106}},"type":"binary-expr","locations":[{"start":{"line":218,"column":84},"end":{"line":218,"column":99}},{"start":{"line":218,"column":103},"end":{"line":218,"column":106}}]},"42":{"loc":{"start":{"line":232,"column":6},"end":{"line":234,"column":null}},"type":"if","locations":[{"start":{"line":232,"column":6},"end":{"line":234,"column":null}}]},"43":{"loc":{"start":{"line":233,"column":32},"end":{"line":233,"column":82}},"type":"binary-expr","locations":[{"start":{"line":233,"column":32},"end":{"line":233,"column":48}},{"start":{"line":233,"column":52},"end":{"line":233,"column":82}}]},"44":{"loc":{"start":{"line":233,"column":84},"end":{"line":233,"column":106}},"type":"binary-expr","locations":[{"start":{"line":233,"column":84},"end":{"line":233,"column":99}},{"start":{"line":233,"column":103},"end":{"line":233,"column":106}}]},"45":{"loc":{"start":{"line":247,"column":6},"end":{"line":249,"column":null}},"type":"if","locations":[{"start":{"line":247,"column":6},"end":{"line":249,"column":null}}]},"46":{"loc":{"start":{"line":248,"column":32},"end":{"line":248,"column":82}},"type":"binary-expr","locations":[{"start":{"line":248,"column":32},"end":{"line":248,"column":48}},{"start":{"line":248,"column":52},"end":{"line":248,"column":82}}]},"47":{"loc":{"start":{"line":248,"column":84},"end":{"line":248,"column":106}},"type":"binary-expr","locations":[{"start":{"line":248,"column":84},"end":{"line":248,"column":99}},{"start":{"line":248,"column":103},"end":{"line":248,"column":106}}]}},"s":{"0":2,"1":2,"2":2,"3":2,"4":35,"5":3,"6":3,"7":3,"8":3,"9":2,"10":1,"11":1,"12":1,"13":0,"14":2,"15":2,"16":2,"17":2,"18":1,"19":1,"20":1,"21":1,"22":0,"23":2,"24":2,"25":2,"26":2,"27":1,"28":1,"29":1,"30":1,"31":0,"32":12,"33":12,"34":12,"35":12,"36":11,"37":1,"38":1,"39":1,"40":0,"41":3,"42":3,"43":3,"44":3,"45":2,"46":1,"47":1,"48":1,"49":0,"50":3,"51":3,"52":3,"53":3,"54":2,"55":1,"56":1,"57":1,"58":0,"59":5,"60":5,"61":5,"62":5,"63":4,"64":1,"65":1,"66":1,"67":0,"68":4,"69":4,"70":4,"71":4,"72":3,"73":1,"74":1,"75":1,"76":0,"77":3,"78":3,"79":3,"80":3,"81":2,"82":1,"83":1,"84":1,"85":0,"86":2,"87":2,"88":2,"89":2,"90":1,"91":1,"92":1,"93":1,"94":0,"95":2,"96":2,"97":2,"98":2,"99":1,"100":1,"101":1,"102":1,"103":0,"104":7,"105":7,"106":7,"107":7,"108":5,"109":2,"110":2,"111":2,"112":0,"113":2,"114":2,"115":2,"116":2,"117":1,"118":1,"119":1,"120":1,"121":0,"122":2,"123":2,"124":2,"125":2,"126":1,"127":1,"128":1,"129":1,"130":0,"131":2,"132":2,"133":2,"134":2,"135":1,"136":1,"137":1,"138":1,"139":0,"140":2,"141":2,"142":2,"143":2,"144":1,"145":1,"146":1,"147":1,"148":0,"149":2,"150":2,"151":2,"152":2,"153":2,"154":2,"155":2,"156":2,"157":2,"158":2,"159":2,"160":2,"161":2,"162":2,"163":2,"164":2,"165":2,"166":2},"f":{"0":35,"1":3,"2":2,"3":2,"4":12,"5":3,"6":3,"7":5,"8":4,"9":3,"10":2,"11":2,"12":7,"13":2,"14":2,"15":2,"16":2},"b":{"0":[1],"1":[1,0],"2":[1,1],"3":[1],"4":[1,0],"5":[1,1],"6":[1],"7":[1,0],"8":[1,1],"9":[1],"10":[1,0],"11":[1,1],"12":[1],"13":[1,0],"14":[1,1],"15":[1],"16":[1,0],"17":[1,1],"18":[1],"19":[1,0],"20":[1,1],"21":[1],"22":[1,0],"23":[1,1],"24":[1],"25":[1,0],"26":[1,1],"27":[1],"28":[1,0],"29":[1,1],"30":[1],"31":[1,0],"32":[1,1],"33":[2],"34":[2,0],"35":[2,1],"36":[1],"37":[1,0],"38":[1,1],"39":[1],"40":[1,0],"41":[1,1],"42":[1],"43":[1,0],"44":[1,1],"45":[1],"46":[1,0],"47":[1,1]}}
,"/Users/ingeodendaal/Documents/COS301/Capstone/Avalanche 2.0/Avalanche/gateway/src/zacr/zacr.controller.ts": {"path":"/Users/ingeodendaal/Documents/COS301/Capstone/Avalanche 2.0/Avalanche/gateway/src/zacr/zacr.controller.ts","statementMap":{"0":{"start":{"line":2,"column":0},"end":{"line":2,"column":64}},"1":{"start":{"line":3,"column":0},"end":{"line":3,"column":52}},"2":{"start":{"line":4,"column":0},"end":{"line":4,"column":37}},"3":{"start":{"line":7,"column":7},"end":{"line":18,"column":null}},"4":{"start":{"line":8,"column":46},"end":{"line":8,"column":54}},"5":{"start":{"line":12,"column":20},"end":{"line":12,"column":43}},"6":{"start":{"line":13,"column":4},"end":{"line":13,"column":null}},"7":{"start":{"line":14,"column":20},"end":{"line":14,"column":24}},"8":{"start":{"line":15,"column":19},"end":{"line":15,"column":74}},"9":{"start":{"line":16,"column":4},"end":{"line":16,"column":18}},"10":{"start":{"line":11,"column":8},"end":{"line":17,"column":null}},"11":{"start":{"line":7,"column":13},"end":{"line":18,"column":null}},"12":{"start":{"line":7,"column":13},"end":{"line":7,"column":27}}},"fnMap":{"0":{"name":"(anonymous_4)","decl":{"start":{"line":8,"column":2},"end":{"line":8,"column":15}},"loc":{"start":{"line":8,"column":65},"end":{"line":8,"column":69}}},"1":{"name":"(anonymous_5)","decl":{"start":{"line":11,"column":2},"end":{"line":11,"column":7}},"loc":{"start":{"line":11,"column":38},"end":{"line":17,"column":3}}}},"branchMap":{},"s":{"0":2,"1":2,"2":2,"3":2,"4":4,"5":1,"6":1,"7":1,"8":1,"9":1,"10":2,"11":2,"12":2},"f":{"0":4,"1":1},"b":{}}
,"/Users/ingeodendaal/Documents/COS301/Capstone/Avalanche 2.0/Avalanche/gateway/src/zacr/zacr.service.ts": {"path":"/Users/ingeodendaal/Documents/COS301/Capstone/Avalanche 2.0/Avalanche/gateway/src/zacr/zacr.service.ts","statementMap":{"0":{"start":{"line":2,"column":0},"end":{"line":2,"column":52}},"1":{"start":{"line":3,"column":0},"end":{"line":3,"column":52}},"2":{"start":{"line":6,"column":7},"end":{"line":14,"column":null}},"3":{"start":{"line":8,"column":45},"end":{"line":8,"column":53}},"4":{"start":{"line":12,"column":4},"end":{"line":12,"column":71}},"5":{"start":{"line":6,"column":13},"end":{"line":14,"column":null}},"6":{"start":{"line":6,"column":13},"end":{"line":6,"column":24}}},"fnMap":{"0":{"name":"(anonymous_4)","decl":{"start":{"line":7,"column":2},"end":{"line":7,"column":null}},"loc":{"start":{"line":8,"column":64},"end":{"line":9,"column":6}}},"1":{"name":"(anonymous_5)","decl":{"start":{"line":11,"column":2},"end":{"line":11,"column":7}},"loc":{"start":{"line":11,"column":30},"end":{"line":13,"column":3}}}},"branchMap":{},"s":{"0":3,"1":3,"2":3,"3":6,"4":2,"5":3,"6":3},"f":{"0":6,"1":2},"b":{}}
}
