{"C:\\Users\\markb\\OneDrive\\Documents\\GitHub\\Avalanche\\gateway\\src\\jwt-middleware.middleware.ts": {"path":"C:\\Users\\markb\\OneDrive\\Documents\\GitHub\\Avalanche\\gateway\\src\\jwt-middleware.middleware.ts","statementMap":{"0":{"start":{"line":2,"column":0},"end":{"line":2,"column":68}},"1":{"start":{"line":4,"column":0},"end":{"line":4,"column":32}},"2":{"start":{"line":7,"column":7},"end":{"line":59,"column":null}},"3":{"start":{"line":8,"column":48},"end":{"line":8,"column":55}},"4":{"start":{"line":11,"column":4},"end":{"line":57,"column":null}},"5":{"start":{"line":13,"column":6},"end":{"line":13,"column":45}},"6":{"start":{"line":14,"column":20},"end":{"line":14,"column":60}},"7":{"start":{"line":15,"column":6},"end":{"line":15,"column":25}},"8":{"start":{"line":18,"column":6},"end":{"line":23,"column":null}},"9":{"start":{"line":19,"column":8},"end":{"line":19,"column":47}},"10":{"start":{"line":20,"column":8},"end":{"line":20,"column":30}},"11":{"start":{"line":22,"column":8},"end":{"line":22,"column":109}},"12":{"start":{"line":25,"column":6},"end":{"line":54,"column":null}},"13":{"start":{"line":26,"column":8},"end":{"line":26,"column":113}},"14":{"start":{"line":29,"column":8},"end":{"line":31,"column":null}},"15":{"start":{"line":30,"column":10},"end":{"line":30,"column":17}},"16":{"start":{"line":32,"column":8},"end":{"line":53,"column":null}},"17":{"start":{"line":33,"column":29},"end":{"line":33,"column":47}},"18":{"start":{"line":34,"column":25},"end":{"line":34,"column":52}},"19":{"start":{"line":35,"column":10},"end":{"line":35,"column":45}},"20":{"start":{"line":36,"column":10},"end":{"line":36,"column":36}},"21":{"start":{"line":37,"column":10},"end":{"line":48,"column":null}},"22":{"start":{"line":38,"column":12},"end":{"line":38,"column":45}},"23":{"start":{"line":39,"column":12},"end":{"line":39,"column":44}},"24":{"start":{"line":40,"column":12},"end":{"line":40,"column":49}},"25":{"start":{"line":41,"column":12},"end":{"line":41,"column":34}},"26":{"start":{"line":42,"column":12},"end":{"line":42,"column":19}},"27":{"start":{"line":44,"column":12},"end":{"line":44,"column":44}},"28":{"start":{"line":45,"column":12},"end":{"line":45,"column":49}},"29":{"start":{"line":46,"column":12},"end":{"line":46,"column":34}},"30":{"start":{"line":47,"column":12},"end":{"line":47,"column":19}},"31":{"start":{"line":50,"column":10},"end":{"line":50,"column":33}},"32":{"start":{"line":51,"column":10},"end":{"line":51,"column":32}},"33":{"start":{"line":52,"column":10},"end":{"line":52,"column":17}},"34":{"start":{"line":56,"column":6},"end":{"line":56,"column":111}},"35":{"start":{"line":7,"column":13},"end":{"line":59,"column":null}},"36":{"start":{"line":7,"column":13},"end":{"line":7,"column":26}}},"fnMap":{"0":{"name":"(anonymous_4)","decl":{"start":{"line":8,"column":2},"end":{"line":8,"column":15}},"loc":{"start":{"line":8,"column":60},"end":{"line":8,"column":65}}},"1":{"name":"(anonymous_5)","decl":{"start":{"line":10,"column":2},"end":{"line":10,"column":7}},"loc":{"start":{"line":10,"column":59},"end":{"line":58,"column":3}}}},"branchMap":{"0":{"loc":{"start":{"line":14,"column":20},"end":{"line":14,"column":60}},"type":"cond-expr","locations":[{"start":{"line":14,"column":45},"end":{"line":14,"column":47}},{"start":{"line":14,"column":45},"end":{"line":14,"column":60}}]},"1":{"loc":{"start":{"line":14,"column":20},"end":{"line":14,"column":47}},"type":"binary-expr","locations":[{"start":{"line":14,"column":20},"end":{"line":14,"column":47}},{"start":{"line":14,"column":45},"end":{"line":14,"column":47}}]},"2":{"loc":{"start":{"line":25,"column":6},"end":{"line":54,"column":null}},"type":"if","locations":[{"start":{"line":25,"column":6},"end":{"line":54,"column":null}},{"start":{"line":27,"column":13},"end":{"line":54,"column":null}}]},"3":{"loc":{"start":{"line":29,"column":8},"end":{"line":31,"column":null}},"type":"if","locations":[{"start":{"line":29,"column":8},"end":{"line":31,"column":null}}]},"4":{"loc":{"start":{"line":29,"column":12},"end":{"line":29,"column":102}},"type":"binary-expr","locations":[{"start":{"line":29,"column":12},"end":{"line":29,"column":51}},{"start":{"line":29,"column":55},"end":{"line":29,"column":102}}]},"5":{"loc":{"start":{"line":32,"column":8},"end":{"line":53,"column":null}},"type":"if","locations":[{"start":{"line":32,"column":8},"end":{"line":53,"column":null}},{"start":{"line":49,"column":15},"end":{"line":53,"column":null}}]},"6":{"loc":{"start":{"line":32,"column":12},"end":{"line":32,"column":115}},"type":"binary-expr","locations":[{"start":{"line":32,"column":12},"end":{"line":32,"column":43}},{"start":{"line":32,"column":47},"end":{"line":32,"column":80}},{"start":{"line":32,"column":84},"end":{"line":32,"column":115}}]},"7":{"loc":{"start":{"line":37,"column":10},"end":{"line":48,"column":null}},"type":"if","locations":[{"start":{"line":37,"column":10},"end":{"line":48,"column":null}},{"start":{"line":43,"column":17},"end":{"line":48,"column":null}}]}},"s":{"0":5,"1":5,"2":5,"3":11,"4":81,"5":81,"6":81,"7":81,"8":81,"9":81,"10":81,"11":0,"12":81,"13":6,"14":75,"15":1,"16":75,"17":62,"18":62,"19":62,"20":62,"21":62,"22":62,"23":62,"24":62,"25":62,"26":62,"27":0,"28":0,"29":0,"30":0,"31":13,"32":13,"33":13,"34":0,"35":5,"36":5},"f":{"0":11,"1":81},"b":{"0":[0,81],"1":[81,81],"2":[6,75],"3":[1],"4":[75,74],"5":[62,13],"6":[75,53,33],"7":[62,0]}}
,"C:\\Users\\markb\\OneDrive\\Documents\\GitHub\\Avalanche\\gateway\\src\\redis.provider.ts": {"path":"C:\\Users\\markb\\OneDrive\\Documents\\GitHub\\Avalanche\\gateway\\src\\redis.provider.ts","statementMap":{"0":{"start":{"line":3,"column":0},"end":{"line":3,"column":47}},"1":{"start":{"line":4,"column":0},"end":{"line":4,"column":28}},"2":{"start":{"line":6,"column":13},"end":{"line":22,"column":2}},"3":{"start":{"line":9,"column":22},"end":{"line":9,"column":61}},"4":{"start":{"line":10,"column":4},"end":{"line":12,"column":null}},"5":{"start":{"line":11,"column":6},"end":{"line":11,"column":67}},"6":{"start":{"line":13,"column":4},"end":{"line":19,"column":7}}},"fnMap":{"0":{"name":"(anonymous_0)","decl":{"start":{"line":8,"column":14},"end":{"line":8,"column":15}},"loc":{"start":{"line":8,"column":54},"end":{"line":20,"column":3}}}},"branchMap":{"0":{"loc":{"start":{"line":10,"column":4},"end":{"line":12,"column":null}},"type":"if","locations":[{"start":{"line":10,"column":4},"end":{"line":12,"column":null}}]}},"s":{"0":6,"1":6,"2":6,"3":7,"4":7,"5":1,"6":6},"f":{"0":7},"b":{"0":[1]}}
,"C:\\Users\\markb\\OneDrive\\Documents\\GitHub\\Avalanche\\gateway\\src\\africa\\africa.controller.ts": {"path":"C:\\Users\\markb\\OneDrive\\Documents\\GitHub\\Avalanche\\gateway\\src\\africa\\africa.controller.ts","statementMap":{"0":{"start":{"line":2,"column":0},"end":{"line":2,"column":79}},"1":{"start":{"line":3,"column":0},"end":{"line":3,"column":52}},"2":{"start":{"line":4,"column":0},"end":{"line":4,"column":37}},"3":{"start":{"line":7,"column":7},"end":{"line":138,"column":null}},"4":{"start":{"line":8,"column":48},"end":{"line":8,"column":56}},"5":{"start":{"line":12,"column":20},"end":{"line":12,"column":43}},"6":{"start":{"line":13,"column":4},"end":{"line":13,"column":null}},"7":{"start":{"line":14,"column":20},"end":{"line":14,"column":24}},"8":{"start":{"line":15,"column":4},"end":{"line":24,"column":null}},"9":{"start":{"line":16,"column":21},"end":{"line":16,"column":76}},"10":{"start":{"line":17,"column":6},"end":{"line":17,"column":20}},"11":{"start":{"line":19,"column":23},"end":{"line":19,"column":28}},"12":{"start":{"line":20,"column":6},"end":{"line":22,"column":null}},"13":{"start":{"line":21,"column":8},"end":{"line":21,"column":108}},"14":{"start":{"line":23,"column":6},"end":{"line":23,"column":18}},"15":{"start":{"line":29,"column":20},"end":{"line":29,"column":51}},"16":{"start":{"line":30,"column":20},"end":{"line":30,"column":24}},"17":{"start":{"line":31,"column":4},"end":{"line":40,"column":null}},"18":{"start":{"line":32,"column":21},"end":{"line":32,"column":76}},"19":{"start":{"line":33,"column":6},"end":{"line":33,"column":20}},"20":{"start":{"line":35,"column":23},"end":{"line":35,"column":28}},"21":{"start":{"line":36,"column":6},"end":{"line":38,"column":null}},"22":{"start":{"line":37,"column":8},"end":{"line":37,"column":108}},"23":{"start":{"line":39,"column":6},"end":{"line":39,"column":18}},"24":{"start":{"line":45,"column":20},"end":{"line":45,"column":42}},"25":{"start":{"line":46,"column":20},"end":{"line":46,"column":24}},"26":{"start":{"line":47,"column":4},"end":{"line":56,"column":null}},"27":{"start":{"line":48,"column":21},"end":{"line":48,"column":76}},"28":{"start":{"line":49,"column":6},"end":{"line":49,"column":20}},"29":{"start":{"line":51,"column":23},"end":{"line":51,"column":28}},"30":{"start":{"line":52,"column":6},"end":{"line":54,"column":null}},"31":{"start":{"line":53,"column":8},"end":{"line":53,"column":108}},"32":{"start":{"line":55,"column":6},"end":{"line":55,"column":18}},"33":{"start":{"line":61,"column":20},"end":{"line":61,"column":34}},"34":{"start":{"line":62,"column":20},"end":{"line":62,"column":24}},"35":{"start":{"line":63,"column":4},"end":{"line":72,"column":null}},"36":{"start":{"line":64,"column":21},"end":{"line":64,"column":76}},"37":{"start":{"line":65,"column":6},"end":{"line":65,"column":20}},"38":{"start":{"line":67,"column":23},"end":{"line":67,"column":28}},"39":{"start":{"line":68,"column":6},"end":{"line":70,"column":null}},"40":{"start":{"line":69,"column":8},"end":{"line":69,"column":108}},"41":{"start":{"line":71,"column":6},"end":{"line":71,"column":18}},"42":{"start":{"line":77,"column":20},"end":{"line":77,"column":55}},"43":{"start":{"line":78,"column":20},"end":{"line":78,"column":24}},"44":{"start":{"line":79,"column":4},"end":{"line":88,"column":null}},"45":{"start":{"line":80,"column":21},"end":{"line":80,"column":76}},"46":{"start":{"line":81,"column":6},"end":{"line":81,"column":20}},"47":{"start":{"line":83,"column":23},"end":{"line":83,"column":28}},"48":{"start":{"line":84,"column":6},"end":{"line":86,"column":null}},"49":{"start":{"line":85,"column":8},"end":{"line":85,"column":108}},"50":{"start":{"line":87,"column":6},"end":{"line":87,"column":18}},"51":{"start":{"line":93,"column":20},"end":{"line":93,"column":56}},"52":{"start":{"line":94,"column":20},"end":{"line":94,"column":24}},"53":{"start":{"line":95,"column":4},"end":{"line":104,"column":null}},"54":{"start":{"line":96,"column":21},"end":{"line":96,"column":76}},"55":{"start":{"line":97,"column":6},"end":{"line":97,"column":20}},"56":{"start":{"line":99,"column":23},"end":{"line":99,"column":28}},"57":{"start":{"line":100,"column":6},"end":{"line":102,"column":null}},"58":{"start":{"line":101,"column":8},"end":{"line":101,"column":108}},"59":{"start":{"line":103,"column":6},"end":{"line":103,"column":18}},"60":{"start":{"line":109,"column":20},"end":{"line":109,"column":48}},"61":{"start":{"line":110,"column":20},"end":{"line":110,"column":24}},"62":{"start":{"line":111,"column":4},"end":{"line":120,"column":null}},"63":{"start":{"line":112,"column":21},"end":{"line":112,"column":76}},"64":{"start":{"line":113,"column":6},"end":{"line":113,"column":20}},"65":{"start":{"line":115,"column":23},"end":{"line":115,"column":28}},"66":{"start":{"line":116,"column":6},"end":{"line":118,"column":null}},"67":{"start":{"line":117,"column":8},"end":{"line":117,"column":108}},"68":{"start":{"line":119,"column":6},"end":{"line":119,"column":18}},"69":{"start":{"line":125,"column":20},"end":{"line":125,"column":49}},"70":{"start":{"line":126,"column":20},"end":{"line":126,"column":24}},"71":{"start":{"line":127,"column":4},"end":{"line":136,"column":null}},"72":{"start":{"line":128,"column":21},"end":{"line":128,"column":76}},"73":{"start":{"line":129,"column":6},"end":{"line":129,"column":20}},"74":{"start":{"line":131,"column":23},"end":{"line":131,"column":28}},"75":{"start":{"line":132,"column":6},"end":{"line":134,"column":null}},"76":{"start":{"line":133,"column":8},"end":{"line":133,"column":108}},"77":{"start":{"line":135,"column":6},"end":{"line":135,"column":18}},"78":{"start":{"line":11,"column":8},"end":{"line":25,"column":null}},"79":{"start":{"line":28,"column":8},"end":{"line":41,"column":null}},"80":{"start":{"line":44,"column":8},"end":{"line":57,"column":null}},"81":{"start":{"line":60,"column":8},"end":{"line":73,"column":null}},"82":{"start":{"line":76,"column":8},"end":{"line":89,"column":null}},"83":{"start":{"line":92,"column":8},"end":{"line":105,"column":null}},"84":{"start":{"line":108,"column":8},"end":{"line":121,"column":null}},"85":{"start":{"line":124,"column":8},"end":{"line":137,"column":null}},"86":{"start":{"line":7,"column":13},"end":{"line":138,"column":null}},"87":{"start":{"line":7,"column":13},"end":{"line":7,"column":29}}},"fnMap":{"0":{"name":"(anonymous_4)","decl":{"start":{"line":8,"column":2},"end":{"line":8,"column":15}},"loc":{"start":{"line":8,"column":67},"end":{"line":8,"column":71}}},"1":{"name":"(anonymous_5)","decl":{"start":{"line":11,"column":2},"end":{"line":11,"column":7}},"loc":{"start":{"line":11,"column":38},"end":{"line":25,"column":3}}},"2":{"name":"(anonymous_6)","decl":{"start":{"line":28,"column":2},"end":{"line":28,"column":7}},"loc":{"start":{"line":28,"column":44},"end":{"line":41,"column":3}}},"3":{"name":"(anonymous_7)","decl":{"start":{"line":44,"column":2},"end":{"line":44,"column":7}},"loc":{"start":{"line":44,"column":37},"end":{"line":57,"column":3}}},"4":{"name":"(anonymous_8)","decl":{"start":{"line":60,"column":2},"end":{"line":60,"column":7}},"loc":{"start":{"line":60,"column":29},"end":{"line":73,"column":3}}},"5":{"name":"(anonymous_9)","decl":{"start":{"line":76,"column":2},"end":{"line":76,"column":7}},"loc":{"start":{"line":76,"column":49},"end":{"line":89,"column":3}}},"6":{"name":"(anonymous_10)","decl":{"start":{"line":92,"column":2},"end":{"line":92,"column":7}},"loc":{"start":{"line":92,"column":50},"end":{"line":105,"column":3}}},"7":{"name":"(anonymous_11)","decl":{"start":{"line":108,"column":2},"end":{"line":108,"column":7}},"loc":{"start":{"line":108,"column":42},"end":{"line":121,"column":3}}},"8":{"name":"(anonymous_12)","decl":{"start":{"line":124,"column":2},"end":{"line":124,"column":7}},"loc":{"start":{"line":124,"column":44},"end":{"line":137,"column":3}}}},"branchMap":{"0":{"loc":{"start":{"line":20,"column":6},"end":{"line":22,"column":null}},"type":"if","locations":[{"start":{"line":20,"column":6},"end":{"line":22,"column":null}}]},"1":{"loc":{"start":{"line":21,"column":32},"end":{"line":21,"column":82}},"type":"binary-expr","locations":[{"start":{"line":21,"column":32},"end":{"line":21,"column":48}},{"start":{"line":21,"column":52},"end":{"line":21,"column":82}}]},"2":{"loc":{"start":{"line":21,"column":84},"end":{"line":21,"column":106}},"type":"binary-expr","locations":[{"start":{"line":21,"column":84},"end":{"line":21,"column":99}},{"start":{"line":21,"column":103},"end":{"line":21,"column":106}}]},"3":{"loc":{"start":{"line":36,"column":6},"end":{"line":38,"column":null}},"type":"if","locations":[{"start":{"line":36,"column":6},"end":{"line":38,"column":null}}]},"4":{"loc":{"start":{"line":37,"column":32},"end":{"line":37,"column":82}},"type":"binary-expr","locations":[{"start":{"line":37,"column":32},"end":{"line":37,"column":48}},{"start":{"line":37,"column":52},"end":{"line":37,"column":82}}]},"5":{"loc":{"start":{"line":37,"column":84},"end":{"line":37,"column":106}},"type":"binary-expr","locations":[{"start":{"line":37,"column":84},"end":{"line":37,"column":99}},{"start":{"line":37,"column":103},"end":{"line":37,"column":106}}]},"6":{"loc":{"start":{"line":52,"column":6},"end":{"line":54,"column":null}},"type":"if","locations":[{"start":{"line":52,"column":6},"end":{"line":54,"column":null}}]},"7":{"loc":{"start":{"line":53,"column":32},"end":{"line":53,"column":82}},"type":"binary-expr","locations":[{"start":{"line":53,"column":32},"end":{"line":53,"column":48}},{"start":{"line":53,"column":52},"end":{"line":53,"column":82}}]},"8":{"loc":{"start":{"line":53,"column":84},"end":{"line":53,"column":106}},"type":"binary-expr","locations":[{"start":{"line":53,"column":84},"end":{"line":53,"column":99}},{"start":{"line":53,"column":103},"end":{"line":53,"column":106}}]},"9":{"loc":{"start":{"line":68,"column":6},"end":{"line":70,"column":null}},"type":"if","locations":[{"start":{"line":68,"column":6},"end":{"line":70,"column":null}}]},"10":{"loc":{"start":{"line":69,"column":32},"end":{"line":69,"column":82}},"type":"binary-expr","locations":[{"start":{"line":69,"column":32},"end":{"line":69,"column":48}},{"start":{"line":69,"column":52},"end":{"line":69,"column":82}}]},"11":{"loc":{"start":{"line":69,"column":84},"end":{"line":69,"column":106}},"type":"binary-expr","locations":[{"start":{"line":69,"column":84},"end":{"line":69,"column":99}},{"start":{"line":69,"column":103},"end":{"line":69,"column":106}}]},"12":{"loc":{"start":{"line":84,"column":6},"end":{"line":86,"column":null}},"type":"if","locations":[{"start":{"line":84,"column":6},"end":{"line":86,"column":null}}]},"13":{"loc":{"start":{"line":85,"column":32},"end":{"line":85,"column":82}},"type":"binary-expr","locations":[{"start":{"line":85,"column":32},"end":{"line":85,"column":48}},{"start":{"line":85,"column":52},"end":{"line":85,"column":82}}]},"14":{"loc":{"start":{"line":85,"column":84},"end":{"line":85,"column":106}},"type":"binary-expr","locations":[{"start":{"line":85,"column":84},"end":{"line":85,"column":99}},{"start":{"line":85,"column":103},"end":{"line":85,"column":106}}]},"15":{"loc":{"start":{"line":100,"column":6},"end":{"line":102,"column":null}},"type":"if","locations":[{"start":{"line":100,"column":6},"end":{"line":102,"column":null}}]},"16":{"loc":{"start":{"line":101,"column":32},"end":{"line":101,"column":82}},"type":"binary-expr","locations":[{"start":{"line":101,"column":32},"end":{"line":101,"column":48}},{"start":{"line":101,"column":52},"end":{"line":101,"column":82}}]},"17":{"loc":{"start":{"line":101,"column":84},"end":{"line":101,"column":106}},"type":"binary-expr","locations":[{"start":{"line":101,"column":84},"end":{"line":101,"column":99}},{"start":{"line":101,"column":103},"end":{"line":101,"column":106}}]},"18":{"loc":{"start":{"line":116,"column":6},"end":{"line":118,"column":null}},"type":"if","locations":[{"start":{"line":116,"column":6},"end":{"line":118,"column":null}}]},"19":{"loc":{"start":{"line":117,"column":32},"end":{"line":117,"column":82}},"type":"binary-expr","locations":[{"start":{"line":117,"column":32},"end":{"line":117,"column":48}},{"start":{"line":117,"column":52},"end":{"line":117,"column":82}}]},"20":{"loc":{"start":{"line":117,"column":84},"end":{"line":117,"column":106}},"type":"binary-expr","locations":[{"start":{"line":117,"column":84},"end":{"line":117,"column":99}},{"start":{"line":117,"column":103},"end":{"line":117,"column":106}}]},"21":{"loc":{"start":{"line":132,"column":6},"end":{"line":134,"column":null}},"type":"if","locations":[{"start":{"line":132,"column":6},"end":{"line":134,"column":null}}]},"22":{"loc":{"start":{"line":133,"column":32},"end":{"line":133,"column":82}},"type":"binary-expr","locations":[{"start":{"line":133,"column":32},"end":{"line":133,"column":48}},{"start":{"line":133,"column":52},"end":{"line":133,"column":82}}]},"23":{"loc":{"start":{"line":133,"column":84},"end":{"line":133,"column":106}},"type":"binary-expr","locations":[{"start":{"line":133,"column":84},"end":{"line":133,"column":99}},{"start":{"line":133,"column":103},"end":{"line":133,"column":106}}]}},"s":{"0":5,"1":5,"2":5,"3":5,"4":12,"5":6,"6":6,"7":6,"8":6,"9":6,"10":6,"11":0,"12":0,"13":0,"14":0,"15":4,"16":4,"17":4,"18":4,"19":4,"20":0,"21":0,"22":0,"23":0,"24":4,"25":4,"26":4,"27":4,"28":4,"29":0,"30":0,"31":0,"32":0,"33":4,"34":4,"35":4,"36":4,"37":4,"38":0,"39":0,"40":0,"41":0,"42":1,"43":1,"44":1,"45":1,"46":1,"47":0,"48":0,"49":0,"50":0,"51":4,"52":4,"53":4,"54":4,"55":4,"56":0,"57":0,"58":0,"59":0,"60":3,"61":3,"62":3,"63":3,"64":3,"65":0,"66":0,"67":0,"68":0,"69":0,"70":0,"71":0,"72":0,"73":0,"74":0,"75":0,"76":0,"77":0,"78":5,"79":5,"80":5,"81":5,"82":5,"83":5,"84":5,"85":5,"86":5,"87":5},"f":{"0":12,"1":6,"2":4,"3":4,"4":4,"5":1,"6":4,"7":3,"8":0},"b":{"0":[0],"1":[0,0],"2":[0,0],"3":[0],"4":[0,0],"5":[0,0],"6":[0],"7":[0,0],"8":[0,0],"9":[0],"10":[0,0],"11":[0,0],"12":[0],"13":[0,0],"14":[0,0],"15":[0],"16":[0,0],"17":[0,0],"18":[0],"19":[0,0],"20":[0,0],"21":[0],"22":[0,0],"23":[0,0]}}
,"C:\\Users\\markb\\OneDrive\\Documents\\GitHub\\Avalanche\\gateway\\src\\africa\\africa.service.ts": {"path":"C:\\Users\\markb\\OneDrive\\Documents\\GitHub\\Avalanche\\gateway\\src\\africa\\africa.service.ts","statementMap":{"0":{"start":{"line":2,"column":0},"end":{"line":2,"column":52}},"1":{"start":{"line":3,"column":0},"end":{"line":3,"column":52}},"2":{"start":{"line":6,"column":7},"end":{"line":42,"column":null}},"3":{"start":{"line":8,"column":47},"end":{"line":8,"column":55}},"4":{"start":{"line":12,"column":4},"end":{"line":12,"column":71}},"5":{"start":{"line":16,"column":4},"end":{"line":16,"column":79}},"6":{"start":{"line":20,"column":4},"end":{"line":20,"column":70}},"7":{"start":{"line":24,"column":4},"end":{"line":24,"column":62}},"8":{"start":{"line":28,"column":4},"end":{"line":28,"column":83}},"9":{"start":{"line":32,"column":4},"end":{"line":32,"column":84}},"10":{"start":{"line":36,"column":4},"end":{"line":36,"column":76}},"11":{"start":{"line":40,"column":4},"end":{"line":40,"column":77}},"12":{"start":{"line":6,"column":13},"end":{"line":42,"column":null}},"13":{"start":{"line":6,"column":13},"end":{"line":6,"column":26}}},"fnMap":{"0":{"name":"(anonymous_4)","decl":{"start":{"line":7,"column":2},"end":{"line":7,"column":null}},"loc":{"start":{"line":8,"column":66},"end":{"line":9,"column":6}}},"1":{"name":"(anonymous_5)","decl":{"start":{"line":11,"column":2},"end":{"line":11,"column":7}},"loc":{"start":{"line":11,"column":30},"end":{"line":13,"column":3}}},"2":{"name":"(anonymous_6)","decl":{"start":{"line":15,"column":2},"end":{"line":15,"column":7}},"loc":{"start":{"line":15,"column":37},"end":{"line":17,"column":3}}},"3":{"name":"(anonymous_7)","decl":{"start":{"line":19,"column":2},"end":{"line":19,"column":7}},"loc":{"start":{"line":19,"column":29},"end":{"line":21,"column":3}}},"4":{"name":"(anonymous_8)","decl":{"start":{"line":23,"column":2},"end":{"line":23,"column":7}},"loc":{"start":{"line":23,"column":21},"end":{"line":25,"column":3}}},"5":{"name":"(anonymous_9)","decl":{"start":{"line":27,"column":2},"end":{"line":27,"column":7}},"loc":{"start":{"line":27,"column":41},"end":{"line":29,"column":3}}},"6":{"name":"(anonymous_10)","decl":{"start":{"line":31,"column":2},"end":{"line":31,"column":7}},"loc":{"start":{"line":31,"column":42},"end":{"line":33,"column":3}}},"7":{"name":"(anonymous_11)","decl":{"start":{"line":35,"column":2},"end":{"line":35,"column":7}},"loc":{"start":{"line":35,"column":34},"end":{"line":37,"column":3}}},"8":{"name":"(anonymous_12)","decl":{"start":{"line":39,"column":2},"end":{"line":39,"column":7}},"loc":{"start":{"line":39,"column":36},"end":{"line":41,"column":3}}}},"branchMap":{},"s":{"0":5,"1":5,"2":5,"3":12,"4":1,"5":1,"6":1,"7":1,"8":1,"9":1,"10":0,"11":0,"12":5,"13":5},"f":{"0":12,"1":1,"2":1,"3":1,"4":1,"5":1,"6":1,"7":0,"8":0},"b":{}}
,"C:\\Users\\markb\\OneDrive\\Documents\\GitHub\\Avalanche\\gateway\\src\\domain-watch\\domain-watch.controller.ts": {"path":"C:\\Users\\markb\\OneDrive\\Documents\\GitHub\\Avalanche\\gateway\\src\\domain-watch\\domain-watch.controller.ts","statementMap":{"0":{"start":{"line":2,"column":0},"end":{"line":2,"column":61}},"1":{"start":{"line":3,"column":0},"end":{"line":3,"column":60}},"2":{"start":{"line":6,"column":7},"end":{"line":31,"column":null}},"3":{"start":{"line":7,"column":31},"end":{"line":7,"column":51}},"4":{"start":{"line":11,"column":19},"end":{"line":11,"column":63}},"5":{"start":{"line":12,"column":4},"end":{"line":12,"column":18}},"6":{"start":{"line":17,"column":19},"end":{"line":17,"column":63}},"7":{"start":{"line":18,"column":4},"end":{"line":18,"column":18}},"8":{"start":{"line":22,"column":19},"end":{"line":22,"column":58}},"9":{"start":{"line":23,"column":4},"end":{"line":23,"column":18}},"10":{"start":{"line":28,"column":19},"end":{"line":28,"column":62}},"11":{"start":{"line":29,"column":4},"end":{"line":29,"column":18}},"12":{"start":{"line":10,"column":8},"end":{"line":13,"column":null}},"13":{"start":{"line":16,"column":8},"end":{"line":19,"column":null}},"14":{"start":{"line":21,"column":8},"end":{"line":24,"column":null}},"15":{"start":{"line":27,"column":8},"end":{"line":30,"column":null}},"16":{"start":{"line":6,"column":13},"end":{"line":31,"column":null}},"17":{"start":{"line":6,"column":13},"end":{"line":6,"column":34}}},"fnMap":{"0":{"name":"(anonymous_4)","decl":{"start":{"line":7,"column":2},"end":{"line":7,"column":31}},"loc":{"start":{"line":7,"column":69},"end":{"line":7,"column":73}}},"1":{"name":"(anonymous_5)","decl":{"start":{"line":10,"column":2},"end":{"line":10,"column":7}},"loc":{"start":{"line":10,"column":34},"end":{"line":13,"column":3}}},"2":{"name":"(anonymous_6)","decl":{"start":{"line":16,"column":2},"end":{"line":16,"column":7}},"loc":{"start":{"line":16,"column":34},"end":{"line":19,"column":3}}},"3":{"name":"(anonymous_7)","decl":{"start":{"line":21,"column":2},"end":{"line":21,"column":7}},"loc":{"start":{"line":21,"column":15},"end":{"line":24,"column":3}}},"4":{"name":"(anonymous_8)","decl":{"start":{"line":27,"column":2},"end":{"line":27,"column":7}},"loc":{"start":{"line":27,"column":19},"end":{"line":30,"column":3}}}},"branchMap":{},"s":{"0":5,"1":5,"2":5,"3":7,"4":1,"5":1,"6":0,"7":0,"8":0,"9":0,"10":0,"11":0,"12":5,"13":5,"14":5,"15":5,"16":5,"17":5},"f":{"0":7,"1":1,"2":0,"3":0,"4":0},"b":{}}
,"C:\\Users\\markb\\OneDrive\\Documents\\GitHub\\Avalanche\\gateway\\src\\domain-watch\\domain-watch.service.ts": {"path":"C:\\Users\\markb\\OneDrive\\Documents\\GitHub\\Avalanche\\gateway\\src\\domain-watch\\domain-watch.service.ts","statementMap":{"0":{"start":{"line":1,"column":0},"end":{"line":1,"column":44}},"1":{"start":{"line":2,"column":0},"end":{"line":2,"column":44}},"2":{"start":{"line":3,"column":0},"end":{"line":3,"column":37}},"3":{"start":{"line":4,"column":0},"end":{"line":4,"column":56}},"4":{"start":{"line":5,"column":0},"end":{"line":5,"column":36}},"5":{"start":{"line":8,"column":7},"end":{"line":78,"column":null}},"6":{"start":{"line":9,"column":22},"end":{"line":9,"column":35}},"7":{"start":{"line":12,"column":4},"end":{"line":12,"column":22}},"8":{"start":{"line":13,"column":21},"end":{"line":15,"column":null}},"9":{"start":{"line":17,"column":25},"end":{"line":17,"column":54}},"10":{"start":{"line":18,"column":4},"end":{"line":18,"column":45}},"11":{"start":{"line":23,"column":4},"end":{"line":23,"column":49}},"12":{"start":{"line":24,"column":21},"end":{"line":26,"column":18}},"13":{"start":{"line":27,"column":21},"end":{"line":27,"column":42}},"14":{"start":{"line":28,"column":23},"end":{"line":30,"column":18}},"15":{"start":{"line":31,"column":23},"end":{"line":31,"column":73}},"16":{"start":{"line":32,"column":18},"end":{"line":32,"column":71}},"17":{"start":{"line":33,"column":21},"end":{"line":35,"column":18}},"18":{"start":{"line":36,"column":4},"end":{"line":36,"column":41}},"19":{"start":{"line":41,"column":4},"end":{"line":41,"column":37}},"20":{"start":{"line":42,"column":23},"end":{"line":44,"column":18}},"21":{"start":{"line":45,"column":23},"end":{"line":45,"column":66}},"22":{"start":{"line":46,"column":21},"end":{"line":48,"column":18}},"23":{"start":{"line":49,"column":21},"end":{"line":49,"column":62}},"24":{"start":{"line":50,"column":21},"end":{"line":52,"column":18}},"25":{"start":{"line":53,"column":21},"end":{"line":53,"column":62}},"26":{"start":{"line":54,"column":18},"end":{"line":60,"column":6}},"27":{"start":{"line":61,"column":21},"end":{"line":63,"column":18}},"28":{"start":{"line":64,"column":4},"end":{"line":64,"column":41}},"29":{"start":{"line":68,"column":4},"end":{"line":76,"column":7}},"30":{"start":{"line":69,"column":6},"end":{"line":75,"column":9}},"31":{"start":{"line":70,"column":8},"end":{"line":74,"column":null}},"32":{"start":{"line":71,"column":10},"end":{"line":71,"column":22}},"33":{"start":{"line":73,"column":10},"end":{"line":73,"column":36}},"34":{"start":{"line":22,"column":8},"end":{"line":37,"column":null}},"35":{"start":{"line":40,"column":8},"end":{"line":65,"column":null}},"36":{"start":{"line":8,"column":13},"end":{"line":78,"column":null}},"37":{"start":{"line":8,"column":13},"end":{"line":8,"column":31}}},"fnMap":{"0":{"name":"(anonymous_2)","decl":{"start":{"line":9,"column":2},"end":{"line":9,"column":22}},"loc":{"start":{"line":9,"column":46},"end":{"line":9,"column":50}}},"1":{"name":"(anonymous_3)","decl":{"start":{"line":11,"column":2},"end":{"line":11,"column":7}},"loc":{"start":{"line":11,"column":26},"end":{"line":19,"column":3}}},"2":{"name":"(anonymous_4)","decl":{"start":{"line":22,"column":2},"end":{"line":22,"column":7}},"loc":{"start":{"line":22,"column":15},"end":{"line":37,"column":3}}},"3":{"name":"(anonymous_5)","decl":{"start":{"line":40,"column":2},"end":{"line":40,"column":7}},"loc":{"start":{"line":40,"column":19},"end":{"line":65,"column":3}}},"4":{"name":"(anonymous_6)","decl":{"start":{"line":67,"column":2},"end":{"line":67,"column":7}},"loc":{"start":{"line":67,"column":26},"end":{"line":77,"column":3}}},"5":{"name":"(anonymous_7)","decl":{"start":{"line":68,"column":23},"end":{"line":68,"column":24}},"loc":{"start":{"line":68,"column":43},"end":{"line":76,"column":5}}},"6":{"name":"(anonymous_8)","decl":{"start":{"line":69,"column":32},"end":{"line":69,"column":42}},"loc":{"start":{"line":69,"column":51},"end":{"line":75,"column":7}}}},"branchMap":{"0":{"loc":{"start":{"line":70,"column":8},"end":{"line":74,"column":null}},"type":"if","locations":[{"start":{"line":70,"column":8},"end":{"line":74,"column":null}},{"start":{"line":72,"column":15},"end":{"line":74,"column":null}}]}},"s":{"0":7,"1":7,"2":7,"3":7,"4":7,"5":7,"6":8,"7":2,"8":2,"9":2,"10":2,"11":0,"12":0,"13":0,"14":0,"15":0,"16":0,"17":0,"18":0,"19":0,"20":0,"21":0,"22":0,"23":0,"24":0,"25":0,"26":0,"27":0,"28":0,"29":0,"30":0,"31":0,"32":0,"33":0,"34":7,"35":7,"36":7,"37":7},"f":{"0":8,"1":2,"2":0,"3":0,"4":0,"5":0,"6":0},"b":{"0":[0,0]}}
,"C:\\Users\\markb\\OneDrive\\Documents\\GitHub\\Avalanche\\gateway\\src\\ryce\\ryce.controller.ts": {"path":"C:\\Users\\markb\\OneDrive\\Documents\\GitHub\\Avalanche\\gateway\\src\\ryce\\ryce.controller.ts","statementMap":{"0":{"start":{"line":2,"column":0},"end":{"line":2,"column":79}},"1":{"start":{"line":3,"column":0},"end":{"line":3,"column":52}},"2":{"start":{"line":4,"column":0},"end":{"line":4,"column":37}},"3":{"start":{"line":7,"column":7},"end":{"line":137,"column":null}},"4":{"start":{"line":8,"column":46},"end":{"line":8,"column":54}},"5":{"start":{"line":12,"column":20},"end":{"line":12,"column":43}},"6":{"start":{"line":13,"column":20},"end":{"line":13,"column":24}},"7":{"start":{"line":14,"column":4},"end":{"line":23,"column":null}},"8":{"start":{"line":15,"column":21},"end":{"line":15,"column":76}},"9":{"start":{"line":16,"column":6},"end":{"line":16,"column":20}},"10":{"start":{"line":18,"column":23},"end":{"line":18,"column":28}},"11":{"start":{"line":19,"column":6},"end":{"line":21,"column":null}},"12":{"start":{"line":20,"column":8},"end":{"line":20,"column":108}},"13":{"start":{"line":22,"column":6},"end":{"line":22,"column":18}},"14":{"start":{"line":28,"column":20},"end":{"line":28,"column":51}},"15":{"start":{"line":29,"column":20},"end":{"line":29,"column":24}},"16":{"start":{"line":30,"column":4},"end":{"line":39,"column":null}},"17":{"start":{"line":31,"column":21},"end":{"line":31,"column":76}},"18":{"start":{"line":32,"column":6},"end":{"line":32,"column":20}},"19":{"start":{"line":34,"column":23},"end":{"line":34,"column":28}},"20":{"start":{"line":35,"column":6},"end":{"line":37,"column":null}},"21":{"start":{"line":36,"column":8},"end":{"line":36,"column":108}},"22":{"start":{"line":38,"column":6},"end":{"line":38,"column":18}},"23":{"start":{"line":44,"column":20},"end":{"line":44,"column":42}},"24":{"start":{"line":45,"column":20},"end":{"line":45,"column":24}},"25":{"start":{"line":46,"column":4},"end":{"line":55,"column":null}},"26":{"start":{"line":47,"column":21},"end":{"line":47,"column":76}},"27":{"start":{"line":48,"column":6},"end":{"line":48,"column":20}},"28":{"start":{"line":50,"column":23},"end":{"line":50,"column":28}},"29":{"start":{"line":51,"column":6},"end":{"line":53,"column":null}},"30":{"start":{"line":52,"column":8},"end":{"line":52,"column":108}},"31":{"start":{"line":54,"column":6},"end":{"line":54,"column":18}},"32":{"start":{"line":60,"column":20},"end":{"line":60,"column":34}},"33":{"start":{"line":61,"column":20},"end":{"line":61,"column":24}},"34":{"start":{"line":62,"column":4},"end":{"line":71,"column":null}},"35":{"start":{"line":63,"column":21},"end":{"line":63,"column":76}},"36":{"start":{"line":64,"column":6},"end":{"line":64,"column":20}},"37":{"start":{"line":66,"column":23},"end":{"line":66,"column":28}},"38":{"start":{"line":67,"column":6},"end":{"line":69,"column":null}},"39":{"start":{"line":68,"column":8},"end":{"line":68,"column":108}},"40":{"start":{"line":70,"column":6},"end":{"line":70,"column":18}},"41":{"start":{"line":76,"column":20},"end":{"line":76,"column":55}},"42":{"start":{"line":77,"column":20},"end":{"line":77,"column":24}},"43":{"start":{"line":78,"column":4},"end":{"line":87,"column":null}},"44":{"start":{"line":79,"column":21},"end":{"line":79,"column":76}},"45":{"start":{"line":80,"column":6},"end":{"line":80,"column":20}},"46":{"start":{"line":82,"column":23},"end":{"line":82,"column":28}},"47":{"start":{"line":83,"column":6},"end":{"line":85,"column":null}},"48":{"start":{"line":84,"column":8},"end":{"line":84,"column":108}},"49":{"start":{"line":86,"column":6},"end":{"line":86,"column":18}},"50":{"start":{"line":92,"column":20},"end":{"line":92,"column":56}},"51":{"start":{"line":93,"column":20},"end":{"line":93,"column":24}},"52":{"start":{"line":94,"column":4},"end":{"line":103,"column":null}},"53":{"start":{"line":95,"column":21},"end":{"line":95,"column":76}},"54":{"start":{"line":96,"column":6},"end":{"line":96,"column":20}},"55":{"start":{"line":98,"column":23},"end":{"line":98,"column":28}},"56":{"start":{"line":99,"column":6},"end":{"line":101,"column":null}},"57":{"start":{"line":100,"column":8},"end":{"line":100,"column":108}},"58":{"start":{"line":102,"column":6},"end":{"line":102,"column":18}},"59":{"start":{"line":108,"column":20},"end":{"line":108,"column":48}},"60":{"start":{"line":109,"column":20},"end":{"line":109,"column":24}},"61":{"start":{"line":110,"column":4},"end":{"line":119,"column":null}},"62":{"start":{"line":111,"column":21},"end":{"line":111,"column":76}},"63":{"start":{"line":112,"column":6},"end":{"line":112,"column":20}},"64":{"start":{"line":114,"column":23},"end":{"line":114,"column":28}},"65":{"start":{"line":115,"column":6},"end":{"line":117,"column":null}},"66":{"start":{"line":116,"column":8},"end":{"line":116,"column":108}},"67":{"start":{"line":118,"column":6},"end":{"line":118,"column":18}},"68":{"start":{"line":124,"column":20},"end":{"line":124,"column":49}},"69":{"start":{"line":125,"column":20},"end":{"line":125,"column":24}},"70":{"start":{"line":126,"column":4},"end":{"line":135,"column":null}},"71":{"start":{"line":127,"column":21},"end":{"line":127,"column":76}},"72":{"start":{"line":128,"column":6},"end":{"line":128,"column":20}},"73":{"start":{"line":130,"column":23},"end":{"line":130,"column":28}},"74":{"start":{"line":131,"column":6},"end":{"line":133,"column":null}},"75":{"start":{"line":132,"column":8},"end":{"line":132,"column":108}},"76":{"start":{"line":134,"column":6},"end":{"line":134,"column":18}},"77":{"start":{"line":11,"column":8},"end":{"line":24,"column":null}},"78":{"start":{"line":27,"column":8},"end":{"line":40,"column":null}},"79":{"start":{"line":43,"column":8},"end":{"line":56,"column":null}},"80":{"start":{"line":59,"column":8},"end":{"line":72,"column":null}},"81":{"start":{"line":75,"column":8},"end":{"line":88,"column":null}},"82":{"start":{"line":91,"column":8},"end":{"line":104,"column":null}},"83":{"start":{"line":107,"column":8},"end":{"line":120,"column":null}},"84":{"start":{"line":123,"column":8},"end":{"line":136,"column":null}},"85":{"start":{"line":7,"column":13},"end":{"line":137,"column":null}},"86":{"start":{"line":7,"column":13},"end":{"line":7,"column":27}}},"fnMap":{"0":{"name":"(anonymous_4)","decl":{"start":{"line":8,"column":2},"end":{"line":8,"column":15}},"loc":{"start":{"line":8,"column":65},"end":{"line":8,"column":69}}},"1":{"name":"(anonymous_5)","decl":{"start":{"line":11,"column":2},"end":{"line":11,"column":7}},"loc":{"start":{"line":11,"column":38},"end":{"line":24,"column":3}}},"2":{"name":"(anonymous_6)","decl":{"start":{"line":27,"column":2},"end":{"line":27,"column":7}},"loc":{"start":{"line":27,"column":44},"end":{"line":40,"column":3}}},"3":{"name":"(anonymous_7)","decl":{"start":{"line":43,"column":2},"end":{"line":43,"column":7}},"loc":{"start":{"line":43,"column":37},"end":{"line":56,"column":3}}},"4":{"name":"(anonymous_8)","decl":{"start":{"line":59,"column":2},"end":{"line":59,"column":7}},"loc":{"start":{"line":59,"column":29},"end":{"line":72,"column":3}}},"5":{"name":"(anonymous_9)","decl":{"start":{"line":75,"column":2},"end":{"line":75,"column":7}},"loc":{"start":{"line":75,"column":49},"end":{"line":88,"column":3}}},"6":{"name":"(anonymous_10)","decl":{"start":{"line":91,"column":2},"end":{"line":91,"column":7}},"loc":{"start":{"line":91,"column":50},"end":{"line":104,"column":3}}},"7":{"name":"(anonymous_11)","decl":{"start":{"line":107,"column":2},"end":{"line":107,"column":7}},"loc":{"start":{"line":107,"column":42},"end":{"line":120,"column":3}}},"8":{"name":"(anonymous_12)","decl":{"start":{"line":123,"column":2},"end":{"line":123,"column":7}},"loc":{"start":{"line":123,"column":44},"end":{"line":136,"column":3}}}},"branchMap":{"0":{"loc":{"start":{"line":19,"column":6},"end":{"line":21,"column":null}},"type":"if","locations":[{"start":{"line":19,"column":6},"end":{"line":21,"column":null}}]},"1":{"loc":{"start":{"line":20,"column":32},"end":{"line":20,"column":82}},"type":"binary-expr","locations":[{"start":{"line":20,"column":32},"end":{"line":20,"column":48}},{"start":{"line":20,"column":52},"end":{"line":20,"column":82}}]},"2":{"loc":{"start":{"line":20,"column":84},"end":{"line":20,"column":106}},"type":"binary-expr","locations":[{"start":{"line":20,"column":84},"end":{"line":20,"column":99}},{"start":{"line":20,"column":103},"end":{"line":20,"column":106}}]},"3":{"loc":{"start":{"line":35,"column":6},"end":{"line":37,"column":null}},"type":"if","locations":[{"start":{"line":35,"column":6},"end":{"line":37,"column":null}}]},"4":{"loc":{"start":{"line":36,"column":32},"end":{"line":36,"column":82}},"type":"binary-expr","locations":[{"start":{"line":36,"column":32},"end":{"line":36,"column":48}},{"start":{"line":36,"column":52},"end":{"line":36,"column":82}}]},"5":{"loc":{"start":{"line":36,"column":84},"end":{"line":36,"column":106}},"type":"binary-expr","locations":[{"start":{"line":36,"column":84},"end":{"line":36,"column":99}},{"start":{"line":36,"column":103},"end":{"line":36,"column":106}}]},"6":{"loc":{"start":{"line":51,"column":6},"end":{"line":53,"column":null}},"type":"if","locations":[{"start":{"line":51,"column":6},"end":{"line":53,"column":null}}]},"7":{"loc":{"start":{"line":52,"column":32},"end":{"line":52,"column":82}},"type":"binary-expr","locations":[{"start":{"line":52,"column":32},"end":{"line":52,"column":48}},{"start":{"line":52,"column":52},"end":{"line":52,"column":82}}]},"8":{"loc":{"start":{"line":52,"column":84},"end":{"line":52,"column":106}},"type":"binary-expr","locations":[{"start":{"line":52,"column":84},"end":{"line":52,"column":99}},{"start":{"line":52,"column":103},"end":{"line":52,"column":106}}]},"9":{"loc":{"start":{"line":67,"column":6},"end":{"line":69,"column":null}},"type":"if","locations":[{"start":{"line":67,"column":6},"end":{"line":69,"column":null}}]},"10":{"loc":{"start":{"line":68,"column":32},"end":{"line":68,"column":82}},"type":"binary-expr","locations":[{"start":{"line":68,"column":32},"end":{"line":68,"column":48}},{"start":{"line":68,"column":52},"end":{"line":68,"column":82}}]},"11":{"loc":{"start":{"line":68,"column":84},"end":{"line":68,"column":106}},"type":"binary-expr","locations":[{"start":{"line":68,"column":84},"end":{"line":68,"column":99}},{"start":{"line":68,"column":103},"end":{"line":68,"column":106}}]},"12":{"loc":{"start":{"line":83,"column":6},"end":{"line":85,"column":null}},"type":"if","locations":[{"start":{"line":83,"column":6},"end":{"line":85,"column":null}}]},"13":{"loc":{"start":{"line":84,"column":32},"end":{"line":84,"column":82}},"type":"binary-expr","locations":[{"start":{"line":84,"column":32},"end":{"line":84,"column":48}},{"start":{"line":84,"column":52},"end":{"line":84,"column":82}}]},"14":{"loc":{"start":{"line":84,"column":84},"end":{"line":84,"column":106}},"type":"binary-expr","locations":[{"start":{"line":84,"column":84},"end":{"line":84,"column":99}},{"start":{"line":84,"column":103},"end":{"line":84,"column":106}}]},"15":{"loc":{"start":{"line":99,"column":6},"end":{"line":101,"column":null}},"type":"if","locations":[{"start":{"line":99,"column":6},"end":{"line":101,"column":null}}]},"16":{"loc":{"start":{"line":100,"column":32},"end":{"line":100,"column":82}},"type":"binary-expr","locations":[{"start":{"line":100,"column":32},"end":{"line":100,"column":48}},{"start":{"line":100,"column":52},"end":{"line":100,"column":82}}]},"17":{"loc":{"start":{"line":100,"column":84},"end":{"line":100,"column":106}},"type":"binary-expr","locations":[{"start":{"line":100,"column":84},"end":{"line":100,"column":99}},{"start":{"line":100,"column":103},"end":{"line":100,"column":106}}]},"18":{"loc":{"start":{"line":115,"column":6},"end":{"line":117,"column":null}},"type":"if","locations":[{"start":{"line":115,"column":6},"end":{"line":117,"column":null}}]},"19":{"loc":{"start":{"line":116,"column":32},"end":{"line":116,"column":82}},"type":"binary-expr","locations":[{"start":{"line":116,"column":32},"end":{"line":116,"column":48}},{"start":{"line":116,"column":52},"end":{"line":116,"column":82}}]},"20":{"loc":{"start":{"line":116,"column":84},"end":{"line":116,"column":106}},"type":"binary-expr","locations":[{"start":{"line":116,"column":84},"end":{"line":116,"column":99}},{"start":{"line":116,"column":103},"end":{"line":116,"column":106}}]},"21":{"loc":{"start":{"line":131,"column":6},"end":{"line":133,"column":null}},"type":"if","locations":[{"start":{"line":131,"column":6},"end":{"line":133,"column":null}}]},"22":{"loc":{"start":{"line":132,"column":32},"end":{"line":132,"column":82}},"type":"binary-expr","locations":[{"start":{"line":132,"column":32},"end":{"line":132,"column":48}},{"start":{"line":132,"column":52},"end":{"line":132,"column":82}}]},"23":{"loc":{"start":{"line":132,"column":84},"end":{"line":132,"column":106}},"type":"binary-expr","locations":[{"start":{"line":132,"column":84},"end":{"line":132,"column":99}},{"start":{"line":132,"column":103},"end":{"line":132,"column":106}}]}},"s":{"0":5,"1":5,"2":5,"3":5,"4":12,"5":6,"6":6,"7":6,"8":6,"9":6,"10":0,"11":0,"12":0,"13":0,"14":4,"15":4,"16":4,"17":4,"18":4,"19":0,"20":0,"21":0,"22":0,"23":4,"24":4,"25":4,"26":4,"27":4,"28":0,"29":0,"30":0,"31":0,"32":4,"33":4,"34":4,"35":4,"36":4,"37":0,"38":0,"39":0,"40":0,"41":1,"42":1,"43":1,"44":1,"45":1,"46":0,"47":0,"48":0,"49":0,"50":4,"51":4,"52":4,"53":4,"54":4,"55":0,"56":0,"57":0,"58":0,"59":3,"60":3,"61":3,"62":3,"63":3,"64":0,"65":0,"66":0,"67":0,"68":0,"69":0,"70":0,"71":0,"72":0,"73":0,"74":0,"75":0,"76":0,"77":5,"78":5,"79":5,"80":5,"81":5,"82":5,"83":5,"84":5,"85":5,"86":5},"f":{"0":12,"1":6,"2":4,"3":4,"4":4,"5":1,"6":4,"7":3,"8":0},"b":{"0":[0],"1":[0,0],"2":[0,0],"3":[0],"4":[0,0],"5":[0,0],"6":[0],"7":[0,0],"8":[0,0],"9":[0],"10":[0,0],"11":[0,0],"12":[0],"13":[0,0],"14":[0,0],"15":[0],"16":[0,0],"17":[0,0],"18":[0],"19":[0,0],"20":[0,0],"21":[0],"22":[0,0],"23":[0,0]}}
,"C:\\Users\\markb\\OneDrive\\Documents\\GitHub\\Avalanche\\gateway\\src\\ryce\\ryce.service.ts": {"path":"C:\\Users\\markb\\OneDrive\\Documents\\GitHub\\Avalanche\\gateway\\src\\ryce\\ryce.service.ts","statementMap":{"0":{"start":{"line":2,"column":0},"end":{"line":2,"column":52}},"1":{"start":{"line":3,"column":0},"end":{"line":3,"column":52}},"2":{"start":{"line":6,"column":7},"end":{"line":42,"column":null}},"3":{"start":{"line":8,"column":45},"end":{"line":8,"column":53}},"4":{"start":{"line":12,"column":4},"end":{"line":12,"column":71}},"5":{"start":{"line":16,"column":4},"end":{"line":16,"column":79}},"6":{"start":{"line":20,"column":4},"end":{"line":20,"column":70}},"7":{"start":{"line":24,"column":4},"end":{"line":24,"column":62}},"8":{"start":{"line":28,"column":4},"end":{"line":28,"column":83}},"9":{"start":{"line":32,"column":4},"end":{"line":32,"column":84}},"10":{"start":{"line":36,"column":4},"end":{"line":36,"column":76}},"11":{"start":{"line":40,"column":4},"end":{"line":40,"column":77}},"12":{"start":{"line":6,"column":13},"end":{"line":42,"column":null}},"13":{"start":{"line":6,"column":13},"end":{"line":6,"column":24}}},"fnMap":{"0":{"name":"(anonymous_4)","decl":{"start":{"line":7,"column":2},"end":{"line":7,"column":null}},"loc":{"start":{"line":8,"column":64},"end":{"line":9,"column":6}}},"1":{"name":"(anonymous_5)","decl":{"start":{"line":11,"column":2},"end":{"line":11,"column":7}},"loc":{"start":{"line":11,"column":30},"end":{"line":13,"column":3}}},"2":{"name":"(anonymous_6)","decl":{"start":{"line":15,"column":2},"end":{"line":15,"column":7}},"loc":{"start":{"line":15,"column":37},"end":{"line":17,"column":3}}},"3":{"name":"(anonymous_7)","decl":{"start":{"line":19,"column":2},"end":{"line":19,"column":7}},"loc":{"start":{"line":19,"column":29},"end":{"line":21,"column":3}}},"4":{"name":"(anonymous_8)","decl":{"start":{"line":23,"column":2},"end":{"line":23,"column":7}},"loc":{"start":{"line":23,"column":21},"end":{"line":25,"column":3}}},"5":{"name":"(anonymous_9)","decl":{"start":{"line":27,"column":2},"end":{"line":27,"column":7}},"loc":{"start":{"line":27,"column":41},"end":{"line":29,"column":3}}},"6":{"name":"(anonymous_10)","decl":{"start":{"line":31,"column":2},"end":{"line":31,"column":7}},"loc":{"start":{"line":31,"column":42},"end":{"line":33,"column":3}}},"7":{"name":"(anonymous_11)","decl":{"start":{"line":35,"column":2},"end":{"line":35,"column":7}},"loc":{"start":{"line":35,"column":34},"end":{"line":37,"column":3}}},"8":{"name":"(anonymous_12)","decl":{"start":{"line":39,"column":2},"end":{"line":39,"column":7}},"loc":{"start":{"line":39,"column":36},"end":{"line":41,"column":3}}}},"branchMap":{},"s":{"0":5,"1":5,"2":5,"3":12,"4":1,"5":1,"6":1,"7":1,"8":1,"9":1,"10":0,"11":0,"12":5,"13":5},"f":{"0":12,"1":1,"2":1,"3":1,"4":1,"5":1,"6":1,"7":0,"8":0},"b":{}}
,"C:\\Users\\markb\\OneDrive\\Documents\\GitHub\\Avalanche\\gateway\\src\\user-management\\user-management.service.ts": {"path":"C:\\Users\\markb\\OneDrive\\Documents\\GitHub\\Avalanche\\gateway\\src\\user-management\\user-management.service.ts","statementMap":{"0":{"start":{"line":4,"column":0},"end":{"line":4,"column":52}},"1":{"start":{"line":5,"column":0},"end":{"line":5,"column":52}},"2":{"start":{"line":8,"column":7},"end":{"line":92,"column":null}},"3":{"start":{"line":10,"column":56},"end":{"line":10,"column":64}},"4":{"start":{"line":13,"column":4},"end":{"line":13,"column":31}},"5":{"start":{"line":14,"column":4},"end":{"line":14,"column":67}},"6":{"start":{"line":17,"column":4},"end":{"line":17,"column":65}},"7":{"start":{"line":20,"column":4},"end":{"line":20,"column":68}},"8":{"start":{"line":23,"column":4},"end":{"line":23,"column":64}},"9":{"start":{"line":26,"column":4},"end":{"line":26,"column":71}},"10":{"start":{"line":29,"column":4},"end":{"line":29,"column":74}},"11":{"start":{"line":32,"column":4},"end":{"line":32,"column":63}},"12":{"start":{"line":33,"column":4},"end":{"line":33,"column":71}},"13":{"start":{"line":36,"column":4},"end":{"line":36,"column":72}},"14":{"start":{"line":39,"column":4},"end":{"line":39,"column":74}},"15":{"start":{"line":42,"column":4},"end":{"line":42,"column":72}},"16":{"start":{"line":45,"column":4},"end":{"line":45,"column":76}},"17":{"start":{"line":48,"column":4},"end":{"line":48,"column":77}},"18":{"start":{"line":51,"column":4},"end":{"line":51,"column":70}},"19":{"start":{"line":54,"column":4},"end":{"line":54,"column":69}},"20":{"start":{"line":57,"column":4},"end":{"line":57,"column":74}},"21":{"start":{"line":60,"column":4},"end":{"line":60,"column":77}},"22":{"start":{"line":63,"column":4},"end":{"line":63,"column":72}},"23":{"start":{"line":66,"column":4},"end":{"line":66,"column":82}},"24":{"start":{"line":69,"column":4},"end":{"line":69,"column":75}},"25":{"start":{"line":72,"column":4},"end":{"line":72,"column":85}},"26":{"start":{"line":75,"column":4},"end":{"line":75,"column":84}},"27":{"start":{"line":78,"column":4},"end":{"line":78,"column":88}},"28":{"start":{"line":81,"column":4},"end":{"line":81,"column":84}},"29":{"start":{"line":84,"column":4},"end":{"line":84,"column":87}},"30":{"start":{"line":87,"column":4},"end":{"line":87,"column":80}},"31":{"start":{"line":90,"column":4},"end":{"line":90,"column":84}},"32":{"start":{"line":8,"column":13},"end":{"line":92,"column":null}},"33":{"start":{"line":8,"column":13},"end":{"line":8,"column":34}}},"fnMap":{"0":{"name":"(anonymous_4)","decl":{"start":{"line":9,"column":2},"end":{"line":9,"column":null}},"loc":{"start":{"line":10,"column":75},"end":{"line":11,"column":7}}},"1":{"name":"(anonymous_5)","decl":{"start":{"line":12,"column":2},"end":{"line":12,"column":7}},"loc":{"start":{"line":12,"column":26},"end":{"line":15,"column":3}}},"2":{"name":"(anonymous_6)","decl":{"start":{"line":16,"column":2},"end":{"line":16,"column":7}},"loc":{"start":{"line":16,"column":24},"end":{"line":18,"column":3}}},"3":{"name":"(anonymous_7)","decl":{"start":{"line":19,"column":2},"end":{"line":19,"column":7}},"loc":{"start":{"line":19,"column":27},"end":{"line":21,"column":3}}},"4":{"name":"(anonymous_8)","decl":{"start":{"line":22,"column":2},"end":{"line":22,"column":7}},"loc":{"start":{"line":22,"column":23},"end":{"line":24,"column":3}}},"5":{"name":"(anonymous_9)","decl":{"start":{"line":25,"column":2},"end":{"line":25,"column":7}},"loc":{"start":{"line":25,"column":30},"end":{"line":27,"column":3}}},"6":{"name":"(anonymous_10)","decl":{"start":{"line":28,"column":2},"end":{"line":28,"column":7}},"loc":{"start":{"line":28,"column":33},"end":{"line":30,"column":3}}},"7":{"name":"(anonymous_11)","decl":{"start":{"line":31,"column":2},"end":{"line":31,"column":7}},"loc":{"start":{"line":31,"column":30},"end":{"line":34,"column":3}}},"8":{"name":"(anonymous_12)","decl":{"start":{"line":35,"column":2},"end":{"line":35,"column":7}},"loc":{"start":{"line":35,"column":31},"end":{"line":37,"column":3}}},"9":{"name":"(anonymous_13)","decl":{"start":{"line":38,"column":2},"end":{"line":38,"column":7}},"loc":{"start":{"line":38,"column":33},"end":{"line":40,"column":3}}},"10":{"name":"(anonymous_14)","decl":{"start":{"line":41,"column":2},"end":{"line":41,"column":7}},"loc":{"start":{"line":41,"column":31},"end":{"line":43,"column":3}}},"11":{"name":"(anonymous_15)","decl":{"start":{"line":44,"column":2},"end":{"line":44,"column":7}},"loc":{"start":{"line":44,"column":35},"end":{"line":46,"column":3}}},"12":{"name":"(anonymous_16)","decl":{"start":{"line":47,"column":2},"end":{"line":47,"column":7}},"loc":{"start":{"line":47,"column":36},"end":{"line":49,"column":3}}},"13":{"name":"(anonymous_17)","decl":{"start":{"line":50,"column":2},"end":{"line":50,"column":7}},"loc":{"start":{"line":50,"column":29},"end":{"line":52,"column":3}}},"14":{"name":"(anonymous_18)","decl":{"start":{"line":53,"column":2},"end":{"line":53,"column":7}},"loc":{"start":{"line":53,"column":28},"end":{"line":55,"column":3}}},"15":{"name":"(anonymous_19)","decl":{"start":{"line":56,"column":2},"end":{"line":56,"column":7}},"loc":{"start":{"line":56,"column":33},"end":{"line":58,"column":3}}},"16":{"name":"(anonymous_20)","decl":{"start":{"line":59,"column":2},"end":{"line":59,"column":7}},"loc":{"start":{"line":59,"column":36},"end":{"line":61,"column":3}}},"17":{"name":"(anonymous_21)","decl":{"start":{"line":62,"column":2},"end":{"line":62,"column":7}},"loc":{"start":{"line":62,"column":31},"end":{"line":64,"column":3}}},"18":{"name":"(anonymous_22)","decl":{"start":{"line":65,"column":2},"end":{"line":65,"column":7}},"loc":{"start":{"line":65,"column":41},"end":{"line":67,"column":3}}},"19":{"name":"(anonymous_23)","decl":{"start":{"line":68,"column":2},"end":{"line":68,"column":7}},"loc":{"start":{"line":68,"column":34},"end":{"line":70,"column":3}}},"20":{"name":"(anonymous_24)","decl":{"start":{"line":71,"column":2},"end":{"line":71,"column":7}},"loc":{"start":{"line":71,"column":44},"end":{"line":73,"column":3}}},"21":{"name":"(anonymous_25)","decl":{"start":{"line":74,"column":2},"end":{"line":74,"column":7}},"loc":{"start":{"line":74,"column":43},"end":{"line":76,"column":3}}},"22":{"name":"(anonymous_26)","decl":{"start":{"line":77,"column":2},"end":{"line":77,"column":7}},"loc":{"start":{"line":77,"column":47},"end":{"line":79,"column":3}}},"23":{"name":"(anonymous_27)","decl":{"start":{"line":80,"column":2},"end":{"line":80,"column":7}},"loc":{"start":{"line":80,"column":43},"end":{"line":82,"column":3}}},"24":{"name":"(anonymous_28)","decl":{"start":{"line":83,"column":2},"end":{"line":83,"column":7}},"loc":{"start":{"line":83,"column":46},"end":{"line":85,"column":3}}},"25":{"name":"(anonymous_29)","decl":{"start":{"line":86,"column":2},"end":{"line":86,"column":7}},"loc":{"start":{"line":86,"column":39},"end":{"line":88,"column":3}}},"26":{"name":"(anonymous_30)","decl":{"start":{"line":89,"column":2},"end":{"line":89,"column":7}},"loc":{"start":{"line":89,"column":43},"end":{"line":91,"column":3}}}},"branchMap":{},"s":{"0":5,"1":5,"2":5,"3":31,"4":1,"5":1,"6":1,"7":1,"8":1,"9":1,"10":1,"11":1,"12":1,"13":1,"14":1,"15":1,"16":1,"17":1,"18":1,"19":1,"20":1,"21":1,"22":1,"23":1,"24":1,"25":1,"26":1,"27":1,"28":1,"29":1,"30":1,"31":0,"32":5,"33":5},"f":{"0":31,"1":1,"2":1,"3":1,"4":1,"5":1,"6":1,"7":1,"8":1,"9":1,"10":1,"11":1,"12":1,"13":1,"14":1,"15":1,"16":1,"17":1,"18":1,"19":1,"20":1,"21":1,"22":1,"23":1,"24":1,"25":1,"26":0},"b":{}}
,"C:\\Users\\markb\\OneDrive\\Documents\\GitHub\\Avalanche\\gateway\\src\\user-management\\user-mangement.controller.ts": {"path":"C:\\Users\\markb\\OneDrive\\Documents\\GitHub\\Avalanche\\gateway\\src\\user-management\\user-mangement.controller.ts","statementMap":{"0":{"start":{"line":2,"column":0},"end":{"line":2,"column":84}},"1":{"start":{"line":3,"column":0},"end":{"line":3,"column":66}},"2":{"start":{"line":5,"column":0},"end":{"line":5,"column":37}},"3":{"start":{"line":7,"column":0},"end":{"line":7,"column":31}},"4":{"start":{"line":10,"column":7},"end":{"line":1352,"column":null}},"5":{"start":{"line":11,"column":57},"end":{"line":11,"column":65}},"6":{"start":{"line":14,"column":4},"end":{"line":955,"column":null}},"7":{"start":{"line":15,"column":23},"end":{"line":15,"column":70}},"8":{"start":{"line":20,"column":19},"end":{"line":947,"column":8}},"9":{"start":{"line":950,"column":6},"end":{"line":950,"column":18}},"10":{"start":{"line":953,"column":6},"end":{"line":953,"column":27}},"11":{"start":{"line":954,"column":6},"end":{"line":954,"column":65}},"12":{"start":{"line":959,"column":20},"end":{"line":959,"column":39}},"13":{"start":{"line":960,"column":20},"end":{"line":960,"column":24}},"14":{"start":{"line":961,"column":4},"end":{"line":970,"column":null}},"15":{"start":{"line":962,"column":21},"end":{"line":962,"column":76}},"16":{"start":{"line":963,"column":6},"end":{"line":963,"column":20}},"17":{"start":{"line":965,"column":23},"end":{"line":965,"column":28}},"18":{"start":{"line":966,"column":6},"end":{"line":968,"column":null}},"19":{"start":{"line":967,"column":8},"end":{"line":967,"column":108}},"20":{"start":{"line":969,"column":6},"end":{"line":969,"column":18}},"21":{"start":{"line":974,"column":20},"end":{"line":974,"column":37}},"22":{"start":{"line":975,"column":20},"end":{"line":975,"column":24}},"23":{"start":{"line":976,"column":4},"end":{"line":985,"column":null}},"24":{"start":{"line":977,"column":21},"end":{"line":977,"column":76}},"25":{"start":{"line":978,"column":6},"end":{"line":978,"column":20}},"26":{"start":{"line":980,"column":23},"end":{"line":980,"column":28}},"27":{"start":{"line":981,"column":6},"end":{"line":983,"column":null}},"28":{"start":{"line":982,"column":8},"end":{"line":982,"column":108}},"29":{"start":{"line":984,"column":6},"end":{"line":984,"column":18}},"30":{"start":{"line":989,"column":20},"end":{"line":989,"column":40}},"31":{"start":{"line":990,"column":20},"end":{"line":990,"column":24}},"32":{"start":{"line":991,"column":4},"end":{"line":1000,"column":null}},"33":{"start":{"line":992,"column":21},"end":{"line":992,"column":76}},"34":{"start":{"line":993,"column":6},"end":{"line":993,"column":20}},"35":{"start":{"line":995,"column":23},"end":{"line":995,"column":28}},"36":{"start":{"line":996,"column":6},"end":{"line":998,"column":null}},"37":{"start":{"line":997,"column":8},"end":{"line":997,"column":108}},"38":{"start":{"line":999,"column":6},"end":{"line":999,"column":18}},"39":{"start":{"line":1004,"column":20},"end":{"line":1004,"column":36}},"40":{"start":{"line":1005,"column":20},"end":{"line":1005,"column":24}},"41":{"start":{"line":1006,"column":4},"end":{"line":1015,"column":null}},"42":{"start":{"line":1007,"column":21},"end":{"line":1007,"column":76}},"43":{"start":{"line":1008,"column":6},"end":{"line":1008,"column":20}},"44":{"start":{"line":1010,"column":23},"end":{"line":1010,"column":28}},"45":{"start":{"line":1011,"column":6},"end":{"line":1013,"column":null}},"46":{"start":{"line":1012,"column":8},"end":{"line":1012,"column":108}},"47":{"start":{"line":1014,"column":6},"end":{"line":1014,"column":18}},"48":{"start":{"line":1019,"column":4},"end":{"line":1019,"column":27}},"49":{"start":{"line":1020,"column":20},"end":{"line":1020,"column":43}},"50":{"start":{"line":1021,"column":20},"end":{"line":1021,"column":24}},"51":{"start":{"line":1022,"column":4},"end":{"line":1031,"column":null}},"52":{"start":{"line":1023,"column":21},"end":{"line":1023,"column":76}},"53":{"start":{"line":1024,"column":6},"end":{"line":1024,"column":20}},"54":{"start":{"line":1026,"column":23},"end":{"line":1026,"column":28}},"55":{"start":{"line":1027,"column":6},"end":{"line":1029,"column":null}},"56":{"start":{"line":1028,"column":8},"end":{"line":1028,"column":108}},"57":{"start":{"line":1030,"column":6},"end":{"line":1030,"column":18}},"58":{"start":{"line":1036,"column":20},"end":{"line":1036,"column":43}},"59":{"start":{"line":1037,"column":20},"end":{"line":1037,"column":24}},"60":{"start":{"line":1038,"column":4},"end":{"line":1047,"column":null}},"61":{"start":{"line":1039,"column":21},"end":{"line":1039,"column":76}},"62":{"start":{"line":1040,"column":6},"end":{"line":1040,"column":20}},"63":{"start":{"line":1042,"column":23},"end":{"line":1042,"column":28}},"64":{"start":{"line":1043,"column":6},"end":{"line":1045,"column":null}},"65":{"start":{"line":1044,"column":8},"end":{"line":1044,"column":108}},"66":{"start":{"line":1046,"column":6},"end":{"line":1046,"column":18}},"67":{"start":{"line":1051,"column":4},"end":{"line":1051,"column":40}},"68":{"start":{"line":1052,"column":20},"end":{"line":1052,"column":43}},"69":{"start":{"line":1053,"column":20},"end":{"line":1053,"column":24}},"70":{"start":{"line":1054,"column":4},"end":{"line":1063,"column":null}},"71":{"start":{"line":1055,"column":21},"end":{"line":1055,"column":76}},"72":{"start":{"line":1056,"column":6},"end":{"line":1056,"column":20}},"73":{"start":{"line":1058,"column":23},"end":{"line":1058,"column":28}},"74":{"start":{"line":1059,"column":6},"end":{"line":1061,"column":null}},"75":{"start":{"line":1060,"column":8},"end":{"line":1060,"column":108}},"76":{"start":{"line":1062,"column":6},"end":{"line":1062,"column":18}},"77":{"start":{"line":1067,"column":20},"end":{"line":1067,"column":44}},"78":{"start":{"line":1068,"column":20},"end":{"line":1068,"column":24}},"79":{"start":{"line":1069,"column":4},"end":{"line":1078,"column":null}},"80":{"start":{"line":1070,"column":21},"end":{"line":1070,"column":76}},"81":{"start":{"line":1071,"column":6},"end":{"line":1071,"column":20}},"82":{"start":{"line":1073,"column":23},"end":{"line":1073,"column":28}},"83":{"start":{"line":1074,"column":6},"end":{"line":1076,"column":null}},"84":{"start":{"line":1075,"column":8},"end":{"line":1075,"column":108}},"85":{"start":{"line":1077,"column":6},"end":{"line":1077,"column":18}},"86":{"start":{"line":1082,"column":20},"end":{"line":1082,"column":46}},"87":{"start":{"line":1083,"column":20},"end":{"line":1083,"column":24}},"88":{"start":{"line":1084,"column":4},"end":{"line":1093,"column":null}},"89":{"start":{"line":1085,"column":21},"end":{"line":1085,"column":76}},"90":{"start":{"line":1086,"column":6},"end":{"line":1086,"column":20}},"91":{"start":{"line":1088,"column":23},"end":{"line":1088,"column":28}},"92":{"start":{"line":1089,"column":6},"end":{"line":1091,"column":null}},"93":{"start":{"line":1090,"column":8},"end":{"line":1090,"column":108}},"94":{"start":{"line":1092,"column":6},"end":{"line":1092,"column":18}},"95":{"start":{"line":1097,"column":20},"end":{"line":1097,"column":44}},"96":{"start":{"line":1098,"column":20},"end":{"line":1098,"column":24}},"97":{"start":{"line":1099,"column":4},"end":{"line":1108,"column":null}},"98":{"start":{"line":1100,"column":21},"end":{"line":1100,"column":76}},"99":{"start":{"line":1101,"column":6},"end":{"line":1101,"column":20}},"100":{"start":{"line":1103,"column":23},"end":{"line":1103,"column":28}},"101":{"start":{"line":1104,"column":6},"end":{"line":1106,"column":null}},"102":{"start":{"line":1105,"column":8},"end":{"line":1105,"column":108}},"103":{"start":{"line":1107,"column":6},"end":{"line":1107,"column":18}},"104":{"start":{"line":1112,"column":20},"end":{"line":1112,"column":48}},"105":{"start":{"line":1113,"column":20},"end":{"line":1113,"column":24}},"106":{"start":{"line":1114,"column":4},"end":{"line":1123,"column":null}},"107":{"start":{"line":1115,"column":21},"end":{"line":1115,"column":76}},"108":{"start":{"line":1116,"column":6},"end":{"line":1116,"column":20}},"109":{"start":{"line":1118,"column":23},"end":{"line":1118,"column":28}},"110":{"start":{"line":1119,"column":6},"end":{"line":1121,"column":null}},"111":{"start":{"line":1120,"column":8},"end":{"line":1120,"column":108}},"112":{"start":{"line":1122,"column":6},"end":{"line":1122,"column":18}},"113":{"start":{"line":1127,"column":20},"end":{"line":1127,"column":42}},"114":{"start":{"line":1128,"column":20},"end":{"line":1128,"column":24}},"115":{"start":{"line":1129,"column":4},"end":{"line":1138,"column":null}},"116":{"start":{"line":1130,"column":21},"end":{"line":1130,"column":76}},"117":{"start":{"line":1131,"column":6},"end":{"line":1131,"column":20}},"118":{"start":{"line":1133,"column":23},"end":{"line":1133,"column":28}},"119":{"start":{"line":1134,"column":6},"end":{"line":1136,"column":null}},"120":{"start":{"line":1135,"column":8},"end":{"line":1135,"column":108}},"121":{"start":{"line":1137,"column":6},"end":{"line":1137,"column":18}},"122":{"start":{"line":1142,"column":20},"end":{"line":1142,"column":41}},"123":{"start":{"line":1143,"column":20},"end":{"line":1143,"column":24}},"124":{"start":{"line":1144,"column":4},"end":{"line":1153,"column":null}},"125":{"start":{"line":1145,"column":21},"end":{"line":1145,"column":76}},"126":{"start":{"line":1146,"column":6},"end":{"line":1146,"column":20}},"127":{"start":{"line":1148,"column":23},"end":{"line":1148,"column":28}},"128":{"start":{"line":1149,"column":6},"end":{"line":1151,"column":null}},"129":{"start":{"line":1150,"column":8},"end":{"line":1150,"column":108}},"130":{"start":{"line":1152,"column":6},"end":{"line":1152,"column":18}},"131":{"start":{"line":1157,"column":20},"end":{"line":1157,"column":49}},"132":{"start":{"line":1158,"column":20},"end":{"line":1158,"column":24}},"133":{"start":{"line":1159,"column":4},"end":{"line":1168,"column":null}},"134":{"start":{"line":1160,"column":21},"end":{"line":1160,"column":76}},"135":{"start":{"line":1161,"column":6},"end":{"line":1161,"column":20}},"136":{"start":{"line":1163,"column":23},"end":{"line":1163,"column":28}},"137":{"start":{"line":1164,"column":6},"end":{"line":1166,"column":null}},"138":{"start":{"line":1165,"column":8},"end":{"line":1165,"column":108}},"139":{"start":{"line":1167,"column":6},"end":{"line":1167,"column":18}},"140":{"start":{"line":1173,"column":20},"end":{"line":1173,"column":46}},"141":{"start":{"line":1174,"column":20},"end":{"line":1174,"column":24}},"142":{"start":{"line":1175,"column":4},"end":{"line":1184,"column":null}},"143":{"start":{"line":1176,"column":21},"end":{"line":1176,"column":76}},"144":{"start":{"line":1177,"column":6},"end":{"line":1177,"column":20}},"145":{"start":{"line":1179,"column":23},"end":{"line":1179,"column":28}},"146":{"start":{"line":1180,"column":6},"end":{"line":1182,"column":null}},"147":{"start":{"line":1181,"column":8},"end":{"line":1181,"column":108}},"148":{"start":{"line":1183,"column":6},"end":{"line":1183,"column":18}},"149":{"start":{"line":1188,"column":20},"end":{"line":1188,"column":49}},"150":{"start":{"line":1189,"column":20},"end":{"line":1189,"column":24}},"151":{"start":{"line":1190,"column":4},"end":{"line":1199,"column":null}},"152":{"start":{"line":1191,"column":21},"end":{"line":1191,"column":76}},"153":{"start":{"line":1192,"column":6},"end":{"line":1192,"column":20}},"154":{"start":{"line":1194,"column":23},"end":{"line":1194,"column":28}},"155":{"start":{"line":1195,"column":6},"end":{"line":1197,"column":null}},"156":{"start":{"line":1196,"column":8},"end":{"line":1196,"column":108}},"157":{"start":{"line":1198,"column":6},"end":{"line":1198,"column":18}},"158":{"start":{"line":1203,"column":20},"end":{"line":1203,"column":44}},"159":{"start":{"line":1204,"column":20},"end":{"line":1204,"column":24}},"160":{"start":{"line":1205,"column":4},"end":{"line":1214,"column":null}},"161":{"start":{"line":1206,"column":21},"end":{"line":1206,"column":76}},"162":{"start":{"line":1207,"column":6},"end":{"line":1207,"column":20}},"163":{"start":{"line":1209,"column":23},"end":{"line":1209,"column":28}},"164":{"start":{"line":1210,"column":6},"end":{"line":1212,"column":null}},"165":{"start":{"line":1211,"column":8},"end":{"line":1211,"column":108}},"166":{"start":{"line":1213,"column":6},"end":{"line":1213,"column":18}},"167":{"start":{"line":1218,"column":20},"end":{"line":1218,"column":54}},"168":{"start":{"line":1219,"column":20},"end":{"line":1219,"column":24}},"169":{"start":{"line":1220,"column":4},"end":{"line":1229,"column":null}},"170":{"start":{"line":1221,"column":21},"end":{"line":1221,"column":76}},"171":{"start":{"line":1222,"column":6},"end":{"line":1222,"column":20}},"172":{"start":{"line":1224,"column":23},"end":{"line":1224,"column":28}},"173":{"start":{"line":1225,"column":6},"end":{"line":1227,"column":null}},"174":{"start":{"line":1226,"column":8},"end":{"line":1226,"column":108}},"175":{"start":{"line":1228,"column":6},"end":{"line":1228,"column":18}},"176":{"start":{"line":1234,"column":20},"end":{"line":1234,"column":47}},"177":{"start":{"line":1235,"column":20},"end":{"line":1235,"column":24}},"178":{"start":{"line":1236,"column":4},"end":{"line":1245,"column":null}},"179":{"start":{"line":1237,"column":21},"end":{"line":1237,"column":76}},"180":{"start":{"line":1238,"column":6},"end":{"line":1238,"column":20}},"181":{"start":{"line":1240,"column":23},"end":{"line":1240,"column":28}},"182":{"start":{"line":1241,"column":6},"end":{"line":1243,"column":null}},"183":{"start":{"line":1242,"column":8},"end":{"line":1242,"column":108}},"184":{"start":{"line":1244,"column":6},"end":{"line":1244,"column":18}},"185":{"start":{"line":1249,"column":20},"end":{"line":1249,"column":57}},"186":{"start":{"line":1250,"column":20},"end":{"line":1250,"column":24}},"187":{"start":{"line":1251,"column":4},"end":{"line":1260,"column":null}},"188":{"start":{"line":1252,"column":21},"end":{"line":1252,"column":76}},"189":{"start":{"line":1253,"column":6},"end":{"line":1253,"column":20}},"190":{"start":{"line":1255,"column":23},"end":{"line":1255,"column":28}},"191":{"start":{"line":1256,"column":6},"end":{"line":1258,"column":null}},"192":{"start":{"line":1257,"column":8},"end":{"line":1257,"column":108}},"193":{"start":{"line":1259,"column":6},"end":{"line":1259,"column":18}},"194":{"start":{"line":1264,"column":20},"end":{"line":1264,"column":56}},"195":{"start":{"line":1265,"column":20},"end":{"line":1265,"column":24}},"196":{"start":{"line":1266,"column":4},"end":{"line":1275,"column":null}},"197":{"start":{"line":1267,"column":21},"end":{"line":1267,"column":76}},"198":{"start":{"line":1268,"column":6},"end":{"line":1268,"column":20}},"199":{"start":{"line":1270,"column":23},"end":{"line":1270,"column":28}},"200":{"start":{"line":1271,"column":6},"end":{"line":1273,"column":null}},"201":{"start":{"line":1272,"column":8},"end":{"line":1272,"column":108}},"202":{"start":{"line":1274,"column":6},"end":{"line":1274,"column":18}},"203":{"start":{"line":1279,"column":20},"end":{"line":1279,"column":60}},"204":{"start":{"line":1280,"column":20},"end":{"line":1280,"column":24}},"205":{"start":{"line":1281,"column":4},"end":{"line":1290,"column":null}},"206":{"start":{"line":1282,"column":21},"end":{"line":1282,"column":76}},"207":{"start":{"line":1283,"column":6},"end":{"line":1283,"column":20}},"208":{"start":{"line":1285,"column":23},"end":{"line":1285,"column":28}},"209":{"start":{"line":1286,"column":6},"end":{"line":1288,"column":null}},"210":{"start":{"line":1287,"column":8},"end":{"line":1287,"column":108}},"211":{"start":{"line":1289,"column":6},"end":{"line":1289,"column":18}},"212":{"start":{"line":1294,"column":20},"end":{"line":1294,"column":56}},"213":{"start":{"line":1295,"column":20},"end":{"line":1295,"column":24}},"214":{"start":{"line":1296,"column":4},"end":{"line":1305,"column":null}},"215":{"start":{"line":1297,"column":21},"end":{"line":1297,"column":76}},"216":{"start":{"line":1298,"column":6},"end":{"line":1298,"column":20}},"217":{"start":{"line":1300,"column":23},"end":{"line":1300,"column":28}},"218":{"start":{"line":1301,"column":6},"end":{"line":1303,"column":null}},"219":{"start":{"line":1302,"column":8},"end":{"line":1302,"column":108}},"220":{"start":{"line":1304,"column":6},"end":{"line":1304,"column":18}},"221":{"start":{"line":1309,"column":20},"end":{"line":1309,"column":59}},"222":{"start":{"line":1310,"column":20},"end":{"line":1310,"column":24}},"223":{"start":{"line":1311,"column":4},"end":{"line":1320,"column":null}},"224":{"start":{"line":1312,"column":21},"end":{"line":1312,"column":76}},"225":{"start":{"line":1313,"column":6},"end":{"line":1313,"column":20}},"226":{"start":{"line":1315,"column":23},"end":{"line":1315,"column":28}},"227":{"start":{"line":1316,"column":6},"end":{"line":1318,"column":null}},"228":{"start":{"line":1317,"column":8},"end":{"line":1317,"column":108}},"229":{"start":{"line":1319,"column":6},"end":{"line":1319,"column":18}},"230":{"start":{"line":1324,"column":20},"end":{"line":1324,"column":52}},"231":{"start":{"line":1325,"column":20},"end":{"line":1325,"column":24}},"232":{"start":{"line":1326,"column":4},"end":{"line":1335,"column":null}},"233":{"start":{"line":1327,"column":21},"end":{"line":1327,"column":76}},"234":{"start":{"line":1328,"column":6},"end":{"line":1328,"column":20}},"235":{"start":{"line":1330,"column":23},"end":{"line":1330,"column":28}},"236":{"start":{"line":1331,"column":6},"end":{"line":1333,"column":null}},"237":{"start":{"line":1332,"column":8},"end":{"line":1332,"column":108}},"238":{"start":{"line":1334,"column":6},"end":{"line":1334,"column":18}},"239":{"start":{"line":1339,"column":20},"end":{"line":1339,"column":56}},"240":{"start":{"line":1340,"column":20},"end":{"line":1340,"column":24}},"241":{"start":{"line":1341,"column":4},"end":{"line":1350,"column":null}},"242":{"start":{"line":1342,"column":21},"end":{"line":1342,"column":76}},"243":{"start":{"line":1343,"column":6},"end":{"line":1343,"column":20}},"244":{"start":{"line":1345,"column":23},"end":{"line":1345,"column":28}},"245":{"start":{"line":1346,"column":6},"end":{"line":1348,"column":null}},"246":{"start":{"line":1347,"column":8},"end":{"line":1347,"column":108}},"247":{"start":{"line":1349,"column":6},"end":{"line":1349,"column":18}},"248":{"start":{"line":12,"column":2},"end":{"line":956,"column":null}},"249":{"start":{"line":958,"column":8},"end":{"line":971,"column":null}},"250":{"start":{"line":973,"column":8},"end":{"line":986,"column":null}},"251":{"start":{"line":988,"column":8},"end":{"line":1001,"column":null}},"252":{"start":{"line":1003,"column":8},"end":{"line":1016,"column":null}},"253":{"start":{"line":1018,"column":8},"end":{"line":1032,"column":null}},"254":{"start":{"line":1035,"column":8},"end":{"line":1048,"column":null}},"255":{"start":{"line":1050,"column":8},"end":{"line":1064,"column":null}},"256":{"start":{"line":1066,"column":8},"end":{"line":1079,"column":null}},"257":{"start":{"line":1081,"column":8},"end":{"line":1094,"column":null}},"258":{"start":{"line":1096,"column":8},"end":{"line":1109,"column":null}},"259":{"start":{"line":1111,"column":8},"end":{"line":1124,"column":null}},"260":{"start":{"line":1126,"column":8},"end":{"line":1139,"column":null}},"261":{"start":{"line":1141,"column":8},"end":{"line":1154,"column":null}},"262":{"start":{"line":1156,"column":8},"end":{"line":1169,"column":null}},"263":{"start":{"line":1172,"column":8},"end":{"line":1185,"column":null}},"264":{"start":{"line":1187,"column":8},"end":{"line":1200,"column":null}},"265":{"start":{"line":1202,"column":8},"end":{"line":1215,"column":null}},"266":{"start":{"line":1217,"column":8},"end":{"line":1230,"column":null}},"267":{"start":{"line":1233,"column":8},"end":{"line":1246,"column":null}},"268":{"start":{"line":1248,"column":8},"end":{"line":1261,"column":null}},"269":{"start":{"line":1263,"column":8},"end":{"line":1276,"column":null}},"270":{"start":{"line":1278,"column":8},"end":{"line":1291,"column":null}},"271":{"start":{"line":1293,"column":8},"end":{"line":1306,"column":null}},"272":{"start":{"line":1308,"column":8},"end":{"line":1321,"column":null}},"273":{"start":{"line":1323,"column":8},"end":{"line":1336,"column":null}},"274":{"start":{"line":1338,"column":8},"end":{"line":1351,"column":null}},"275":{"start":{"line":10,"column":13},"end":{"line":1352,"column":null}},"276":{"start":{"line":10,"column":13},"end":{"line":10,"column":37}}},"fnMap":{"0":{"name":"(anonymous_4)","decl":{"start":{"line":11,"column":2},"end":{"line":11,"column":15}},"loc":{"start":{"line":11,"column":76},"end":{"line":11,"column":81}}},"1":{"name":"(anonymous_5)","decl":{"start":{"line":13,"column":2},"end":{"line":13,"column":13}},"loc":{"start":{"line":13,"column":13},"end":{"line":956,"column":3}}},"2":{"name":"(anonymous_6)","decl":{"start":{"line":958,"column":2},"end":{"line":958,"column":7}},"loc":{"start":{"line":958,"column":34},"end":{"line":971,"column":3}}},"3":{"name":"(anonymous_7)","decl":{"start":{"line":973,"column":2},"end":{"line":973,"column":7}},"loc":{"start":{"line":973,"column":32},"end":{"line":986,"column":3}}},"4":{"name":"(anonymous_8)","decl":{"start":{"line":988,"column":2},"end":{"line":988,"column":7}},"loc":{"start":{"line":988,"column":35},"end":{"line":1001,"column":3}}},"5":{"name":"(anonymous_9)","decl":{"start":{"line":1003,"column":2},"end":{"line":1003,"column":7}},"loc":{"start":{"line":1003,"column":31},"end":{"line":1016,"column":3}}},"6":{"name":"(anonymous_10)","decl":{"start":{"line":1018,"column":2},"end":{"line":1018,"column":7}},"loc":{"start":{"line":1018,"column":38},"end":{"line":1032,"column":3}}},"7":{"name":"(anonymous_11)","decl":{"start":{"line":1035,"column":2},"end":{"line":1035,"column":7}},"loc":{"start":{"line":1035,"column":41},"end":{"line":1048,"column":3}}},"8":{"name":"(anonymous_12)","decl":{"start":{"line":1050,"column":2},"end":{"line":1050,"column":7}},"loc":{"start":{"line":1050,"column":38},"end":{"line":1064,"column":3}}},"9":{"name":"(anonymous_13)","decl":{"start":{"line":1066,"column":2},"end":{"line":1066,"column":7}},"loc":{"start":{"line":1066,"column":39},"end":{"line":1079,"column":3}}},"10":{"name":"(anonymous_14)","decl":{"start":{"line":1081,"column":2},"end":{"line":1081,"column":7}},"loc":{"start":{"line":1081,"column":41},"end":{"line":1094,"column":3}}},"11":{"name":"(anonymous_15)","decl":{"start":{"line":1096,"column":2},"end":{"line":1096,"column":7}},"loc":{"start":{"line":1096,"column":39},"end":{"line":1109,"column":3}}},"12":{"name":"(anonymous_16)","decl":{"start":{"line":1111,"column":2},"end":{"line":1111,"column":7}},"loc":{"start":{"line":1111,"column":43},"end":{"line":1124,"column":3}}},"13":{"name":"(anonymous_17)","decl":{"start":{"line":1126,"column":2},"end":{"line":1126,"column":7}},"loc":{"start":{"line":1126,"column":37},"end":{"line":1139,"column":3}}},"14":{"name":"(anonymous_18)","decl":{"start":{"line":1141,"column":2},"end":{"line":1141,"column":7}},"loc":{"start":{"line":1141,"column":37},"end":{"line":1154,"column":3}}},"15":{"name":"(anonymous_19)","decl":{"start":{"line":1156,"column":2},"end":{"line":1156,"column":7}},"loc":{"start":{"line":1156,"column":44},"end":{"line":1169,"column":3}}},"16":{"name":"(anonymous_20)","decl":{"start":{"line":1172,"column":2},"end":{"line":1172,"column":7}},"loc":{"start":{"line":1172,"column":41},"end":{"line":1185,"column":3}}},"17":{"name":"(anonymous_21)","decl":{"start":{"line":1187,"column":2},"end":{"line":1187,"column":7}},"loc":{"start":{"line":1187,"column":44},"end":{"line":1200,"column":3}}},"18":{"name":"(anonymous_22)","decl":{"start":{"line":1202,"column":2},"end":{"line":1202,"column":7}},"loc":{"start":{"line":1202,"column":39},"end":{"line":1215,"column":3}}},"19":{"name":"(anonymous_23)","decl":{"start":{"line":1217,"column":2},"end":{"line":1217,"column":7}},"loc":{"start":{"line":1217,"column":49},"end":{"line":1230,"column":3}}},"20":{"name":"(anonymous_24)","decl":{"start":{"line":1233,"column":2},"end":{"line":1233,"column":7}},"loc":{"start":{"line":1233,"column":42},"end":{"line":1246,"column":3}}},"21":{"name":"(anonymous_25)","decl":{"start":{"line":1248,"column":2},"end":{"line":1248,"column":7}},"loc":{"start":{"line":1248,"column":52},"end":{"line":1261,"column":3}}},"22":{"name":"(anonymous_26)","decl":{"start":{"line":1263,"column":2},"end":{"line":1263,"column":7}},"loc":{"start":{"line":1263,"column":51},"end":{"line":1276,"column":3}}},"23":{"name":"(anonymous_27)","decl":{"start":{"line":1278,"column":2},"end":{"line":1278,"column":7}},"loc":{"start":{"line":1278,"column":55},"end":{"line":1291,"column":3}}},"24":{"name":"(anonymous_28)","decl":{"start":{"line":1293,"column":2},"end":{"line":1293,"column":7}},"loc":{"start":{"line":1293,"column":51},"end":{"line":1306,"column":3}}},"25":{"name":"(anonymous_29)","decl":{"start":{"line":1308,"column":2},"end":{"line":1308,"column":7}},"loc":{"start":{"lin
[...]
t":{"line":1347,"column":103},"end":{"line":1347,"column":106}}]}},"s":{"0":5,"1":5,"2":5,"3":5,"4":5,"5":38,"6":0,"7":0,"8":0,"9":0,"10":0,"11":0,"12":3,"13":3,"14":3,"15":3,"16":2,"17":1,"18":1,"19":1,"20":0,"21":2,"22":2,"23":2,"24":2,"25":1,"26":1,"27":1,"28":1,"29":0,"30":2,"31":2,"32":2,"33":2,"34":1,"35":1,"36":1,"37":1,"38":0,"39":12,"40":12,"41":12,"42":12,"43":10,"44":2,"45":2,"46":2,"47":0,"48":0,"49":0,"50":0,"51":0,"52":0,"53":0,"54":0,"55":0,"56":0,"57":0,"58":0,"59":0,"60":0,"61":0,"62":0,"63":0,"64":0,"65":0,"66":0,"67":0,"68":0,"69":0,"70":0,"71":0,"72":0,"73":0,"74":0,"75":0,"76":0,"77":0,"78":0,"79":0,"80":0,"81":0,"82":0,"83":0,"84":0,"85":0,"86":0,"87":0,"88":0,"89":0,"90":0,"91":0,"92":0,"93":0,"94":0,"95":0,"96":0,"97":0,"98":0,"99":0,"100":0,"101":0,"102":0,"103":0,"104":0,"105":0,"106":0,"107":0,"108":0,"109":0,"110":0,"111":0,"112":0,"113":3,"114":3,"115":3,"116":3,"117":2,"118":1,"119":1,"120":1,"121":0,"122":3,"123":3,"124":3,"125":3,"126":2,"127":1,"128":1,"129":1,"130":0,"131":4,"132":4,"133":4,"134":4,"135":3,"136":1,"137":1,"138":1,"139":0,"140":4,"141":4,"142":4,"143":4,"144":3,"145":1,"146":1,"147":1,"148":0,"149":3,"150":3,"151":3,"152":3,"153":2,"154":1,"155":1,"156":1,"157":0,"158":2,"159":2,"160":2,"161":2,"162":1,"163":1,"164":1,"165":1,"166":0,"167":2,"168":2,"169":2,"170":2,"171":1,"172":1,"173":1,"174":1,"175":0,"176":6,"177":6,"178":6,"179":6,"180":3,"181":3,"182":3,"183":3,"184":0,"185":2,"186":2,"187":2,"188":2,"189":1,"190":1,"191":1,"192":1,"193":0,"194":2,"195":2,"196":2,"197":2,"198":1,"199":1,"200":1,"201":1,"202":0,"203":2,"204":2,"205":2,"206":2,"207":1,"208":1,"209":1,"210":1,"211":0,"212":2,"213":2,"214":2,"215":2,"216":1,"217":1,"218":1,"219":1,"220":0,"221":0,"222":0,"223":0,"224":0,"225":0,"226":0,"227":0,"228":0,"229":0,"230":0,"231":0,"232":0,"233":0,"234":0,"235":0,"236":0,"237":0,"238":0,"239":0,"240":0,"241":0,"242":0,"243":0,"244":0,"245":0,"246":0,"247":0,"248":5,"249":5,"250":5,"251":5,"252":5,"253":5,"254":5,"255":5,"256":5,"257":5,"258":5,"259":5,"260":5,"261":5,"262":5,"263":5,"264":5,"265":5,"266":5,"267":5,"268":5,"269":5,"270":5,"271":5,"272":5,"273":5,"274":5,"275":5,"276":5},"f":{"0":38,"1":0,"2":3,"3":2,"4":2,"5":12,"6":0,"7":0,"8":0,"9":0,"10":0,"11":0,"12":0,"13":3,"14":3,"15":4,"16":4,"17":3,"18":2,"19":2,"20":6,"21":2,"22":2,"23":2,"24":2,"25":0,"26":0,"27":0},"b":{"0":[1],"1":[1,0],"2":[1,1],"3":[1],"4":[1,0],"5":[1,1],"6":[1],"7":[1,0],"8":[1,1],"9":[2],"10":[2,0],"11":[2,2],"12":[0],"13":[0,0],"14":[0,0],"15":[0],"16":[0,0],"17":[0,0],"18":[0],"19":[0,0],"20":[0,0],"21":[0],"22":[0,0],"23":[0,0],"24":[0],"25":[0,0],"26":[0,0],"27":[0],"28":[0,0],"29":[0,0],"30":[0],"31":[0,0],"32":[0,0],"33":[1],"34":[1,0],"35":[1,1],"36":[1],"37":[1,0],"38":[1,1],"39":[1],"40":[1,0],"41":[1,1],"42":[1],"43":[1,0],"44":[1,1],"45":[1],"46":[1,0],"47":[1,1],"48":[1],"49":[1,0],"50":[1,1],"51":[1],"52":[1,0],"53":[1,1],"54":[3],"55":[3,0],"56":[3,1],"57":[1],"58":[1,0],"59":[1,1],"60":[1],"61":[1,0],"62":[1,1],"63":[1],"64":[1,0],"65":[1,1],"66":[1],"67":[1,0],"68":[1,1],"69":[0],"70":[0,0],"71":[0,0],"72":[0],"73":[0,0],"74":[0,0],"75":[0],"76":[0,0],"77":[0,0]}}
,"C:\\Users\\markb\\OneDrive\\Documents\\GitHub\\Avalanche\\gateway\\src\\zacr\\zacr.controller.ts": {"path":"C:\\Users\\markb\\OneDrive\\Documents\\GitHub\\Avalanche\\gateway\\src\\zacr\\zacr.controller.ts","statementMap":{"0":{"start":{"line":2,"column":0},"end":{"line":2,"column":79}},"1":{"start":{"line":3,"column":0},"end":{"line":3,"column":52}},"2":{"start":{"line":4,"column":0},"end":{"line":4,"column":37}},"3":{"start":{"line":7,"column":7},"end":{"line":137,"column":null}},"4":{"start":{"line":8,"column":46},"end":{"line":8,"column":54}},"5":{"start":{"line":12,"column":20},"end":{"line":12,"column":43}},"6":{"start":{"line":13,"column":20},"end":{"line":13,"column":24}},"7":{"start":{"line":14,"column":4},"end":{"line":23,"column":null}},"8":{"start":{"line":15,"column":21},"end":{"line":15,"column":76}},"9":{"start":{"line":16,"column":6},"end":{"line":16,"column":20}},"10":{"start":{"line":18,"column":23},"end":{"line":18,"column":28}},"11":{"start":{"line":19,"column":6},"end":{"line":21,"column":null}},"12":{"start":{"line":20,"column":8},"end":{"line":20,"column":108}},"13":{"start":{"line":22,"column":6},"end":{"line":22,"column":18}},"14":{"start":{"line":28,"column":20},"end":{"line":28,"column":51}},"15":{"start":{"line":29,"column":20},"end":{"line":29,"column":24}},"16":{"start":{"line":30,"column":4},"end":{"line":39,"column":null}},"17":{"start":{"line":31,"column":21},"end":{"line":31,"column":76}},"18":{"start":{"line":32,"column":6},"end":{"line":32,"column":20}},"19":{"start":{"line":34,"column":23},"end":{"line":34,"column":28}},"20":{"start":{"line":35,"column":6},"end":{"line":37,"column":null}},"21":{"start":{"line":36,"column":8},"end":{"line":36,"column":108}},"22":{"start":{"line":38,"column":6},"end":{"line":38,"column":18}},"23":{"start":{"line":44,"column":20},"end":{"line":44,"column":42}},"24":{"start":{"line":45,"column":20},"end":{"line":45,"column":24}},"25":{"start":{"line":46,"column":4},"end":{"line":55,"column":null}},"26":{"start":{"line":47,"column":21},"end":{"line":47,"column":76}},"27":{"start":{"line":48,"column":6},"end":{"line":48,"column":20}},"28":{"start":{"line":50,"column":23},"end":{"line":50,"column":28}},"29":{"start":{"line":51,"column":6},"end":{"line":53,"column":null}},"30":{"start":{"line":52,"column":8},"end":{"line":52,"column":108}},"31":{"start":{"line":54,"column":6},"end":{"line":54,"column":18}},"32":{"start":{"line":60,"column":20},"end":{"line":60,"column":34}},"33":{"start":{"line":61,"column":20},"end":{"line":61,"column":24}},"34":{"start":{"line":62,"column":4},"end":{"line":71,"column":null}},"35":{"start":{"line":63,"column":21},"end":{"line":63,"column":76}},"36":{"start":{"line":64,"column":6},"end":{"line":64,"column":20}},"37":{"start":{"line":66,"column":23},"end":{"line":66,"column":28}},"38":{"start":{"line":67,"column":6},"end":{"line":69,"column":null}},"39":{"start":{"line":68,"column":8},"end":{"line":68,"column":108}},"40":{"start":{"line":70,"column":6},"end":{"line":70,"column":18}},"41":{"start":{"line":76,"column":20},"end":{"line":76,"column":55}},"42":{"start":{"line":77,"column":20},"end":{"line":77,"column":24}},"43":{"start":{"line":78,"column":4},"end":{"line":87,"column":null}},"44":{"start":{"line":79,"column":21},"end":{"line":79,"column":76}},"45":{"start":{"line":80,"column":6},"end":{"line":80,"column":20}},"46":{"start":{"line":82,"column":23},"end":{"line":82,"column":28}},"47":{"start":{"line":83,"column":6},"end":{"line":85,"column":null}},"48":{"start":{"line":84,"column":8},"end":{"line":84,"column":108}},"49":{"start":{"line":86,"column":6},"end":{"line":86,"column":18}},"50":{"start":{"line":92,"column":20},"end":{"line":92,"column":56}},"51":{"start":{"line":93,"column":20},"end":{"line":93,"column":24}},"52":{"start":{"line":94,"column":4},"end":{"line":103,"column":null}},"53":{"start":{"line":95,"column":21},"end":{"line":95,"column":76}},"54":{"start":{"line":96,"column":6},"end":{"line":96,"column":20}},"55":{"start":{"line":98,"column":23},"end":{"line":98,"column":28}},"56":{"start":{"line":99,"column":6},"end":{"line":101,"column":null}},"57":{"start":{"line":100,"column":8},"end":{"line":100,"column":108}},"58":{"start":{"line":102,"column":6},"end":{"line":102,"column":18}},"59":{"start":{"line":108,"column":20},"end":{"line":108,"column":48}},"60":{"start":{"line":109,"column":20},"end":{"line":109,"column":24}},"61":{"start":{"line":110,"column":4},"end":{"line":119,"column":null}},"62":{"start":{"line":111,"column":21},"end":{"line":111,"column":76}},"63":{"start":{"line":112,"column":6},"end":{"line":112,"column":20}},"64":{"start":{"line":114,"column":23},"end":{"line":114,"column":28}},"65":{"start":{"line":115,"column":6},"end":{"line":117,"column":null}},"66":{"start":{"line":116,"column":8},"end":{"line":116,"column":108}},"67":{"start":{"line":118,"column":6},"end":{"line":118,"column":18}},"68":{"start":{"line":124,"column":20},"end":{"line":124,"column":49}},"69":{"start":{"line":125,"column":20},"end":{"line":125,"column":24}},"70":{"start":{"line":126,"column":4},"end":{"line":135,"column":null}},"71":{"start":{"line":127,"column":21},"end":{"line":127,"column":76}},"72":{"start":{"line":128,"column":6},"end":{"line":128,"column":20}},"73":{"start":{"line":130,"column":23},"end":{"line":130,"column":28}},"74":{"start":{"line":131,"column":6},"end":{"line":133,"column":null}},"75":{"start":{"line":132,"column":8},"end":{"line":132,"column":108}},"76":{"start":{"line":134,"column":6},"end":{"line":134,"column":18}},"77":{"start":{"line":11,"column":8},"end":{"line":24,"column":null}},"78":{"start":{"line":27,"column":8},"end":{"line":40,"column":null}},"79":{"start":{"line":43,"column":8},"end":{"line":56,"column":null}},"80":{"start":{"line":59,"column":8},"end":{"line":72,"column":null}},"81":{"start":{"line":75,"column":8},"end":{"line":88,"column":null}},"82":{"start":{"line":91,"column":8},"end":{"line":104,"column":null}},"83":{"start":{"line":107,"column":8},"end":{"line":120,"column":null}},"84":{"start":{"line":123,"column":8},"end":{"line":136,"column":null}},"85":{"start":{"line":7,"column":13},"end":{"line":137,"column":null}},"86":{"start":{"line":7,"column":13},"end":{"line":7,"column":27}}},"fnMap":{"0":{"name":"(anonymous_4)","decl":{"start":{"line":8,"column":2},"end":{"line":8,"column":15}},"loc":{"start":{"line":8,"column":65},"end":{"line":8,"column":69}}},"1":{"name":"(anonymous_5)","decl":{"start":{"line":11,"column":2},"end":{"line":11,"column":7}},"loc":{"start":{"line":11,"column":38},"end":{"line":24,"column":3}}},"2":{"name":"(anonymous_6)","decl":{"start":{"line":27,"column":2},"end":{"line":27,"column":7}},"loc":{"start":{"line":27,"column":44},"end":{"line":40,"column":3}}},"3":{"name":"(anonymous_7)","decl":{"start":{"line":43,"column":2},"end":{"line":43,"column":7}},"loc":{"start":{"line":43,"column":37},"end":{"line":56,"column":3}}},"4":{"name":"(anonymous_8)","decl":{"start":{"line":59,"column":2},"end":{"line":59,"column":7}},"loc":{"start":{"line":59,"column":29},"end":{"line":72,"column":3}}},"5":{"name":"(anonymous_9)","decl":{"start":{"line":75,"column":2},"end":{"line":75,"column":7}},"loc":{"start":{"line":75,"column":49},"end":{"line":88,"column":3}}},"6":{"name":"(anonymous_10)","decl":{"start":{"line":91,"column":2},"end":{"line":91,"column":7}},"loc":{"start":{"line":91,"column":50},"end":{"line":104,"column":3}}},"7":{"name":"(anonymous_11)","decl":{"start":{"line":107,"column":2},"end":{"line":107,"column":7}},"loc":{"start":{"line":107,"column":42},"end":{"line":120,"column":3}}},"8":{"name":"(anonymous_12)","decl":{"start":{"line":123,"column":2},"end":{"line":123,"column":7}},"loc":{"start":{"line":123,"column":44},"end":{"line":136,"column":3}}}},"branchMap":{"0":{"loc":{"start":{"line":19,"column":6},"end":{"line":21,"column":null}},"type":"if","locations":[{"start":{"line":19,"column":6},"end":{"line":21,"column":null}}]},"1":{"loc":{"start":{"line":20,"column":32},"end":{"line":20,"column":82}},"type":"binary-expr","locations":[{"start":{"line":20,"column":32},"end":{"line":20,"column":48}},{"start":{"line":20,"column":52},"end":{"line":20,"column":82}}]},"2":{"loc":{"start":{"line":20,"column":84},"end":{"line":20,"column":106}},"type":"binary-expr","locations":[{"start":{"line":20,"column":84},"end":{"line":20,"column":99}},{"start":{"line":20,"column":103},"end":{"line":20,"column":106}}]},"3":{"loc":{"start":{"line":35,"column":6},"end":{"line":37,"column":null}},"type":"if","locations":[{"start":{"line":35,"column":6},"end":{"line":37,"column":null}}]},"4":{"loc":{"start":{"line":36,"column":32},"end":{"line":36,"column":82}},"type":"binary-expr","locations":[{"start":{"line":36,"column":32},"end":{"line":36,"column":48}},{"start":{"line":36,"column":52},"end":{"line":36,"column":82}}]},"5":{"loc":{"start":{"line":36,"column":84},"end":{"line":36,"column":106}},"type":"binary-expr","locations":[{"start":{"line":36,"column":84},"end":{"line":36,"column":99}},{"start":{"line":36,"column":103},"end":{"line":36,"column":106}}]},"6":{"loc":{"start":{"line":51,"column":6},"end":{"line":53,"column":null}},"type":"if","locations":[{"start":{"line":51,"column":6},"end":{"line":53,"column":null}}]},"7":{"loc":{"start":{"line":52,"column":32},"end":{"line":52,"column":82}},"type":"binary-expr","locations":[{"start":{"line":52,"column":32},"end":{"line":52,"column":48}},{"start":{"line":52,"column":52},"end":{"line":52,"column":82}}]},"8":{"loc":{"start":{"line":52,"column":84},"end":{"line":52,"column":106}},"type":"binary-expr","locations":[{"start":{"line":52,"column":84},"end":{"line":52,"column":99}},{"start":{"line":52,"column":103},"end":{"line":52,"column":106}}]},"9":{"loc":{"start":{"line":67,"column":6},"end":{"line":69,"column":null}},"type":"if","locations":[{"start":{"line":67,"column":6},"end":{"line":69,"column":null}}]},"10":{"loc":{"start":{"line":68,"column":32},"end":{"line":68,"column":82}},"type":"binary-expr","locations":[{"start":{"line":68,"column":32},"end":{"line":68,"column":48}},{"start":{"line":68,"column":52},"end":{"line":68,"column":82}}]},"11":{"loc":{"start":{"line":68,"column":84},"end":{"line":68,"column":106}},"type":"binary-expr","locations":[{"start":{"line":68,"column":84},"end":{"line":68,"column":99}},{"start":{"line":68,"column":103},"end":{"line":68,"column":106}}]},"12":{"loc":{"start":{"line":83,"column":6},"end":{"line":85,"column":null}},"type":"if","locations":[{"start":{"line":83,"column":6},"end":{"line":85,"column":null}}]},"13":{"loc":{"start":{"line":84,"column":32},"end":{"line":84,"column":82}},"type":"binary-expr","locations":[{"start":{"line":84,"column":32},"end":{"line":84,"column":48}},{"start":{"line":84,"column":52},"end":{"line":84,"column":82}}]},"14":{"loc":{"start":{"line":84,"column":84},"end":{"line":84,"column":106}},"type":"binary-expr","locations":[{"start":{"line":84,"column":84},"end":{"line":84,"column":99}},{"start":{"line":84,"column":103},"end":{"line":84,"column":106}}]},"15":{"loc":{"start":{"line":99,"column":6},"end":{"line":101,"column":null}},"type":"if","locations":[{"start":{"line":99,"column":6},"end":{"line":101,"column":null}}]},"16":{"loc":{"start":{"line":100,"column":32},"end":{"line":100,"column":82}},"type":"binary-expr","locations":[{"start":{"line":100,"column":32},"end":{"line":100,"column":48}},{"start":{"line":100,"column":52},"end":{"line":100,"column":82}}]},"17":{"loc":{"start":{"line":100,"column":84},"end":{"line":100,"column":106}},"type":"binary-expr","locations":[{"start":{"line":100,"column":84},"end":{"line":100,"column":99}},{"start":{"line":100,"column":103},"end":{"line":100,"column":106}}]},"18":{"loc":{"start":{"line":115,"column":6},"end":{"line":117,"column":null}},"type":"if","locations":[{"start":{"line":115,"column":6},"end":{"line":117,"column":null}}]},"19":{"loc":{"start":{"line":116,"column":32},"end":{"line":116,"column":82}},"type":"binary-expr","locations":[{"start":{"line":116,"column":32},"end":{"line":116,"column":48}},{"start":{"line":116,"column":52},"end":{"line":116,"column":82}}]},"20":{"loc":{"start":{"line":116,"column":84},"end":{"line":116,"column":106}},"type":"binary-expr","locations":[{"start":{"line":116,"column":84},"end":{"line":116,"column":99}},{"start":{"line":116,"column":103},"end":{"line":116,"column":106}}]},"21":{"loc":{"start":{"line":131,"column":6},"end":{"line":133,"column":null}},"type":"if","locations":[{"start":{"line":131,"column":6},"end":{"line":133,"column":null}}]},"22":{"loc":{"start":{"line":132,"column":32},"end":{"line":132,"column":82}},"type":"binary-expr","locations":[{"start":{"line":132,"column":32},"end":{"line":132,"column":48}},{"start":{"line":132,"column":52},"end":{"line":132,"column":82}}]},"23":{"loc":{"start":{"line":132,"column":84},"end":{"line":132,"column":106}},"type":"binary-expr","locations":[{"start":{"line":132,"column":84},"end":{"line":132,"column":99}},{"start":{"line":132,"column":103},"end":{"line":132,"column":106}}]}},"s":{"0":5,"1":5,"2":5,"3":5,"4":13,"5":6,"6":6,"7":6,"8":6,"9":6,"10":0,"11":0,"12":0,"13":0,"14":4,"15":4,"16":4,"17":4,"18":1,"19":3,"20":3,"21":3,"22":0,"23":4,"24":4,"25":4,"26":4,"27":4,"28":0,"29":0,"30":0,"31":0,"32":4,"33":4,"34":4,"35":4,"36":4,"37":0,"38":0,"39":0,"40":0,"41":1,"42":1,"43":1,"44":1,"45":1,"46":0,"47":0,"48":0,"49":0,"50":4,"51":4,"52":4,"53":4,"54":4,"55":0,"56":0,"57":0,"58":0,"59":3,"60":3,"61":3,"62":3,"63":3,"64":0,"65":0,"66":0,"67":0,"68":2,"69":2,"70":2,"71":2,"72":2,"73":0,"74":0,"75":0,"76":0,"77":5,"78":5,"79":5,"80":5,"81":5,"82":5,"83":5,"84":5,"85":5,"86":5},"f":{"0":13,"1":6,"2":4,"3":4,"4":4,"5":1,"6":4,"7":3,"8":2},"b":{"0":[0],"1":[0,0],"2":[0,0],"3":[3],"4":[3,0],"5":[3,0],"6":[0],"7":[0,0],"8":[0,0],"9":[0],"10":[0,0],"11":[0,0],"12":[0],"13":[0,0],"14":[0,0],"15":[0],"16":[0,0],"17":[0,0],"18":[0],"19":[0,0],"20":[0,0],"21":[0],"22":[0,0],"23":[0,0]}}
,"C:\\Users\\markb\\OneDrive\\Documents\\GitHub\\Avalanche\\gateway\\src\\zacr\\zacr.service.ts": {"path":"C:\\Users\\markb\\OneDrive\\Documents\\GitHub\\Avalanche\\gateway\\src\\zacr\\zacr.service.ts","statementMap":{"0":{"start":{"line":2,"column":0},"end":{"line":2,"column":52}},"1":{"start":{"line":3,"column":0},"end":{"line":3,"column":52}},"2":{"start":{"line":6,"column":7},"end":{"line":42,"column":null}},"3":{"start":{"line":8,"column":45},"end":{"line":8,"column":53}},"4":{"start":{"line":12,"column":4},"end":{"line":12,"column":71}},"5":{"start":{"line":16,"column":4},"end":{"line":16,"column":79}},"6":{"start":{"line":20,"column":4},"end":{"line":20,"column":70}},"7":{"start":{"line":24,"column":4},"end":{"line":24,"column":62}},"8":{"start":{"line":28,"column":4},"end":{"line":28,"column":83}},"9":{"start":{"line":32,"column":4},"end":{"line":32,"column":84}},"10":{"start":{"line":36,"column":4},"end":{"line":36,"column":76}},"11":{"start":{"line":40,"column":4},"end":{"line":40,"column":76}},"12":{"start":{"line":6,"column":13},"end":{"line":42,"column":null}},"13":{"start":{"line":6,"column":13},"end":{"line":6,"column":24}}},"fnMap":{"0":{"name":"(anonymous_4)","decl":{"start":{"line":7,"column":2},"end":{"line":7,"column":null}},"loc":{"start":{"line":8,"column":64},"end":{"line":9,"column":6}}},"1":{"name":"(anonymous_5)","decl":{"start":{"line":11,"column":2},"end":{"line":11,"column":7}},"loc":{"start":{"line":11,"column":30},"end":{"line":13,"column":3}}},"2":{"name":"(anonymous_6)","decl":{"start":{"line":15,"column":2},"end":{"line":15,"column":7}},"loc":{"start":{"line":15,"column":37},"end":{"line":17,"column":3}}},"3":{"name":"(anonymous_7)","decl":{"start":{"line":19,"column":2},"end":{"line":19,"column":7}},"loc":{"start":{"line":19,"column":29},"end":{"line":21,"column":3}}},"4":{"name":"(anonymous_8)","decl":{"start":{"line":23,"column":2},"end":{"line":23,"column":7}},"loc":{"start":{"line":23,"column":21},"end":{"line":25,"column":3}}},"5":{"name":"(anonymous_9)","decl":{"start":{"line":27,"column":2},"end":{"line":27,"column":7}},"loc":{"start":{"line":27,"column":41},"end":{"line":29,"column":3}}},"6":{"name":"(anonymous_10)","decl":{"start":{"line":31,"column":2},"end":{"line":31,"column":7}},"loc":{"start":{"line":31,"column":42},"end":{"line":33,"column":3}}},"7":{"name":"(anonymous_11)","decl":{"start":{"line":35,"column":2},"end":{"line":35,"column":7}},"loc":{"start":{"line":35,"column":34},"end":{"line":37,"column":3}}},"8":{"name":"(anonymous_12)","decl":{"start":{"line":39,"column":2},"end":{"line":39,"column":7}},"loc":{"start":{"line":39,"column":36},"end":{"line":41,"column":3}}}},"branchMap":{},"s":{"0":6,"1":6,"2":6,"3":15,"4":2,"5":1,"6":1,"7":1,"8":1,"9":1,"10":0,"11":1,"12":6,"13":6},"f":{"0":15,"1":2,"2":1,"3":1,"4":1,"5":1,"6":1,"7":0,"8":1},"b":{}}
}
