TN:
SF:src/jwt-middleware.middleware.ts
FN:8,(anonymous_4)
FN:10,(anonymous_5)
FNF:2
FNH:2
FNDA:8,(anonymous_4)
FNDA:20,(anonymous_5)
DA:2,2
DA:4,2
DA:7,2
DA:8,8
DA:11,20
DA:13,20
DA:14,20
DA:17,20
DA:19,20
DA:20,4
DA:23,16
DA:24,1
DA:26,16
DA:27,1
DA:28,1
DA:29,1
DA:30,1
DA:31,1
DA:32,1
DA:34,15
DA:35,15
DA:36,15
DA:40,0
LF:23
LH:22
BRDA:14,0,0,0
BRDA:14,0,1,20
BRDA:14,1,0,20
BRDA:14,1,1,20
BRDA:19,2,0,4
BRDA:19,2,1,16
BRDA:23,3,0,1
BRDA:26,4,0,1
BRDA:26,4,1,15
BRDA:26,5,0,16
BRDA:26,5,1,15
BRDA:26,5,2,15
BRF:12
BRH:11
end_of_record
TN:
SF:src/redis.provider.ts
FN:8,(anonymous_0)
FNF:1
FNH:1
FNDA:4,(anonymous_0)
DA:3,3
DA:4,3
DA:6,3
DA:9,4
DA:10,4
DA:11,1
DA:13,3
LF:7
LH:7
BRDA:10,0,0,1
BRF:1
BRH:1
end_of_record
TN:
SF:src/domain-watch/domain-watch.controller.ts
FN:7,(anonymous_4)
FN:10,(anonymous_5)
FNF:2
FNH:2
FNDA:4,(anonymous_4)
FNDA:1,(anonymous_5)
DA:2,2
DA:3,2
DA:6,2
DA:7,4
DA:10,2
DA:11,1
DA:12,1
LF:7
LH:7
BRF:0
BRH:0
end_of_record
TN:
SF:src/domain-watch/domain-watch.service.ts
FN:8,(anonymous_2)
FN:10,(anonymous_3)
FNF:2
FNH:2
FNDA:5,(anonymous_2)
FNDA:2,(anonymous_3)
DA:2,4
DA:3,4
DA:4,4
DA:7,4
DA:8,5
DA:11,2
DA:12,2
DA:13,2
DA:14,2
LF:9
LH:9
BRF:0
BRH:0
end_of_record
TN:
SF:src/user-management/user-management.service.ts
FN:9,(anonymous_4)
FN:12,(anonymous_5)
FN:16,(anonymous_6)
FN:19,(anonymous_7)
FN:22,(anonymous_8)
FN:25,(anonymous_9)
FN:28,(anonymous_10)
FN:31,(anonymous_11)
FN:34,(anonymous_12)
FN:37,(anonymous_13)
FN:40,(anonymous_14)
FN:43,(anonymous_15)
FN:46,(anonymous_16)
FN:49,(anonymous_17)
FN:52,(anonymous_18)
FN:55,(anonymous_19)
FN:58,(anonymous_20)
FNF:17
FNH:17
FNDA:19,(anonymous_4)
FNDA:1,(anonymous_5)
FNDA:1,(anonymous_6)
FNDA:1,(anonymous_7)
FNDA:1,(anonymous_8)
FNDA:1,(anonymous_9)
FNDA:1,(anonymous_10)
FNDA:1,(anonymous_11)
FNDA:1,(anonymous_12)
FNDA:1,(anonymous_13)
FNDA:1,(anonymous_14)
FNDA:1,(anonymous_15)
FNDA:1,(anonymous_16)
FNDA:1,(anonymous_17)
FNDA:1,(anonymous_18)
FNDA:1,(anonymous_19)
FNDA:1,(anonymous_20)
DA:4,2
DA:5,2
DA:8,2
DA:10,19
DA:13,1
DA:14,1
DA:17,1
DA:20,1
DA:23,1
DA:26,1
DA:29,1
DA:32,1
DA:35,1
DA:38,1
DA:41,1
DA:44,1
DA:47,1
DA:50,1
DA:53,1
DA:56,1
DA:59,1
LF:21
LH:21
BRF:0
BRH:0
end_of_record
TN:
SF:src/user-management/user-mangement.controller.ts
FN:9,(anonymous_4)
FN:12,(anonymous_5)
FN:27,(anonymous_6)
FN:42,(anonymous_7)
FN:57,(anonymous_8)
FN:72,(anonymous_9)
FN:87,(anonymous_10)
FN:102,(anonymous_11)
FN:118,(anonymous_12)
FN:133,(anonymous_13)
FN:148,(anonymous_14)
FN:163,(anonymous_15)
FN:179,(anonymous_16)
FN:194,(anonymous_17)
FN:209,(anonymous_18)
FN:224,(anonymous_19)
FN:239,(anonymous_20)
FNF:17
FNH:17
FNDA:35,(anonymous_4)
FNDA:3,(anonymous_5)
FNDA:2,(anonymous_6)
FNDA:2,(anonymous_7)
FNDA:12,(anonymous_8)
FNDA:3,(anonymous_9)
FNDA:3,(anonymous_10)
FNDA:5,(anonymous_11)
FNDA:4,(anonymous_12)
FNDA:3,(anonymous_13)
FNDA:2,(anonymous_14)
FNDA:2,(anonymous_15)
FNDA:7,(anonymous_16)
FNDA:2,(anonymous_17)
FNDA:2,(anonymous_18)
FNDA:2,(anonymous_19)
FNDA:2,(anonymous_20)
DA:2,2
DA:3,2
DA:5,2
DA:8,2
DA:9,35
DA:12,2
DA:13,3
DA:14,3
DA:15,3
DA:16,3
DA:17,2
DA:19,1
DA:20,1
DA:21,1
DA:23,0
DA:27,2
DA:28,2
DA:29,2
DA:30,2
DA:31,2
DA:32,1
DA:34,1
DA:35,1
DA:36,1
DA:38,0
DA:42,2
DA:43,2
DA:44,2
DA:45,2
DA:46,2
DA:47,1
DA:49,1
DA:50,1
DA:51,1
DA:53,0
DA:57,2
DA:58,12
DA:59,12
DA:60,12
DA:61,12
DA:62,11
DA:64,1
DA:65,1
DA:66,1
DA:68,0
DA:72,2
DA:73,3
DA:74,3
DA:75,3
DA:76,3
DA:77,2
DA:79,1
DA:80,1
DA:81,1
DA:83,0
DA:87,2
DA:88,3
DA:89,3
DA:90,3
DA:91,3
DA:92,2
DA:94,1
DA:95,1
DA:96,1
DA:98,0
DA:102,2
DA:103,5
DA:104,5
DA:105,5
DA:106,5
DA:107,4
DA:109,1
DA:110,1
DA:111,1
DA:113,0
DA:118,2
DA:119,4
DA:120,4
DA:121,4
DA:122,4
DA:123,3
DA:125,1
DA:126,1
DA:127,1
DA:129,0
DA:133,2
DA:134,3
DA:135,3
DA:136,3
DA:137,3
DA:138,2
DA:140,1
DA:141,1
DA:142,1
DA:144,0
DA:148,2
DA:149,2
DA:150,2
DA:151,2
DA:152,2
DA:153,1
DA:155,1
DA:156,1
DA:157,1
DA:159,0
DA:163,2
DA:164,2
DA:165,2
DA:166,2
DA:167,2
DA:168,1
DA:170,1
DA:171,1
DA:172,1
DA:174,0
DA:179,2
DA:180,7
DA:181,7
DA:182,7
DA:183,7
DA:184,5
DA:186,2
DA:187,2
DA:188,2
DA:190,0
DA:194,2
DA:195,2
DA:196,2
DA:197,2
DA:198,2
DA:199,1
DA:201,1
DA:202,1
DA:203,1
DA:205,0
DA:209,2
DA:210,2
DA:211,2
DA:212,2
DA:213,2
DA:214,1
DA:216,1
DA:217,1
DA:218,1
DA:220,0
DA:224,2
DA:225,2
DA:226,2
DA:227,2
DA:228,2
DA:229,1
DA:231,1
DA:232,1
DA:233,1
DA:235,0
DA:239,2
DA:240,2
DA:241,2
DA:242,2
DA:243,2
DA:244,1
DA:246,1
DA:247,1
DA:248,1
DA:250,0
LF:165
LH:149
BRDA:20,0,0,1
BRDA:21,1,0,1
BRDA:21,1,1,0
BRDA:21,2,0,1
BRDA:21,2,1,1
BRDA:35,3,0,1
BRDA:36,4,0,1
BRDA:36,4,1,0
BRDA:36,5,0,1
BRDA:36,5,1,1
BRDA:50,6,0,1
BRDA:51,7,0,1
BRDA:51,7,1,0
BRDA:51,8,0,1
BRDA:51,8,1,1
BRDA:65,9,0,1
BRDA:66,10,0,1
BRDA:66,10,1,0
BRDA:66,11,0,1
BRDA:66,11,1,1
BRDA:80,12,0,1
BRDA:81,13,0,1
BRDA:81,13,1,0
BRDA:81,14,0,1
BRDA:81,14,1,1
BRDA:95,15,0,1
BRDA:96,16,0,1
BRDA:96,16,1,0
BRDA:96,17,0,1
BRDA:96,17,1,1
BRDA:110,18,0,1
BRDA:111,19,0,1
BRDA:111,19,1,0
BRDA:111,20,0,1
BRDA:111,20,1,1
BRDA:126,21,0,1
BRDA:127,22,0,1
BRDA:127,22,1,0
BRDA:127,23,0,1
BRDA:127,23,1,1
BRDA:141,24,0,1
BRDA:142,25,0,1
BRDA:142,25,1,0
BRDA:142,26,0,1
BRDA:142,26,1,1
BRDA:156,27,0,1
BRDA:157,28,0,1
BRDA:157,28,1,0
BRDA:157,29,0,1
BRDA:157,29,1,1
BRDA:171,30,0,1
BRDA:172,31,0,1
BRDA:172,31,1,0
BRDA:172,32,0,1
BRDA:172,32,1,1
BRDA:187,33,0,2
BRDA:188,34,0,2
BRDA:188,34,1,0
BRDA:188,35,0,2
BRDA:188,35,1,1
BRDA:202,36,0,1
BRDA:203,37,0,1
BRDA:203,37,1,0
BRDA:203,38,0,1
BRDA:203,38,1,1
BRDA:217,39,0,1
BRDA:218,40,0,1
BRDA:218,40,1,0
BRDA:218,41,0,1
BRDA:218,41,1,1
BRDA:232,42,0,1
BRDA:233,43,0,1
BRDA:233,43,1,0
BRDA:233,44,0,1
BRDA:233,44,1,1
BRDA:247,45,0,1
BRDA:248,46,0,1
BRDA:248,46,1,0
BRDA:248,47,0,1
BRDA:248,47,1,1
BRF:80
BRH:64
end_of_record
TN:
SF:src/zacr/zacr.controller.ts
FN:8,(anonymous_4)
FN:11,(anonymous_5)
FNF:2
FNH:2
FNDA:4,(anonymous_4)
FNDA:1,(anonymous_5)
DA:2,2
DA:3,2
DA:4,2
DA:7,2
DA:8,4
DA:11,2
DA:12,1
DA:13,1
DA:14,1
DA:15,1
DA:16,1
LF:11
LH:11
BRF:0
BRH:0
end_of_record
TN:
SF:src/zacr/zacr.service.ts
FN:7,(anonymous_4)
FN:11,(anonymous_5)
FNF:2
FNH:2
FNDA:6,(anonymous_4)
FNDA:2,(anonymous_5)
DA:2,3
DA:3,3
DA:6,3
DA:8,6
DA:12,2
LF:5
LH:5
BRF:0
BRH:0
end_of_record
