<?xml version="1.0" encoding="UTF-8"?>
<testsuite xmlns:xsi="http://www.w3.org/2001/XMLSchema-instance" xsi:noNamespaceSchemaLocation="https://maven.apache.org/surefire/maven-surefire-plugin/xsd/surefire-test-report.xsd" name="avalanche.DistanceCalculators.SoundexCalculatorTest" time="3.511" tests="10" errors="0" skipped="0" failures="0">
  <properties>
[...]
</properties>
  <testcase name="eitherStringNullShouldReturn0" classname="avalanche.DistanceCalculators.SoundexCalculatorTest" time="0.115"/>
  <testcase name="testWithNoTokeniserDictionaryShouldAllTreatedAsOneWord" classname="avalanche.DistanceCalculators.SoundexCalculatorTest" time="1.884"/>
  <testcase name="chatDomainTests" classname="avalanche.DistanceCalculators.SoundexCalculatorTest" time="0"/>
  <testcase name="nonExitstentWords" classname="avalanche.DistanceCalculators.SoundexCalculatorTest" time="0"/>
  <testcase name="similarWordsShouldBe3" classname="avalanche.DistanceCalculators.SoundexCalculatorTest" time="0"/>
  <testcase name="similarPhrasesShouldBeHigh" classname="avalanche.DistanceCalculators.SoundexCalculatorTest" time="0"/>
  <testcase name="sameWordShouldBe4" classname="avalanche.DistanceCalculators.SoundexCalculatorTest" time="0"/>
  <testcase name="homophonesShouldBe4" classname="avalanche.DistanceCalculators.SoundexCalculatorTest" time="0"/>
  <testcase name="testWithErroneousTokeniserDictionaryShouldAllTreatedAsOneWord" classname="avalanche.DistanceCalculators.SoundexCalculatorTest" time="1.508"/>
  <testcase name="selborneToSlo" classname="avalanche.DistanceCalculators.SoundexCalculatorTest" time="0"/>
</testsuite>