<?xml version="1.0" encoding="UTF-8"?>
<testsuite xmlns:xsi="http://www.w3.org/2001/XMLSchema-instance" xsi:noNamespaceSchemaLocation="https://maven.apache.org/surefire/maven-surefire-plugin/xsd/surefire-test-report.xsd" name="avalanche.Network.HandlerStrategy.RunningStrategies.HandleLoadDomainsTest" time="1.734" tests="4" errors="0" skipped="0" failures="0">
  <properties>
[...]
</properties>
  <testcase name="requestWithInvalidObjectShouldError" classname="avalanche.Network.HandlerStrategy.RunningStrategies.HandleLoadDomainsTest" time="0.001"/>
  <testcase name="requestWithNoRegistryDomainsShouldReturnError" classname="avalanche.Network.HandlerStrategy.RunningStrategies.HandleLoadDomainsTest" time="0.39"/>
  <testcase name="requestWithNoDomainsShouldReturnError" classname="avalanche.Network.HandlerStrategy.RunningStrategies.HandleLoadDomainsTest" time="0.556"/>
  <testcase name="validRequestShouldNotReturnError4" classname="avalanche.Network.HandlerStrategy.RunningStrategies.HandleLoadDomainsTest" time="0.783"/>
</testsuite>